mode: set
github.com/bartvanbenthem/stackit-compute-operator/internal/stackit/client.go:19.43,21.2 1 0
github.com/bartvanbenthem/stackit-compute-operator/internal/stackit/client.go:25.45,27.2 1 0
github.com/bartvanbenthem/stackit-compute-operator/internal/stackit/clusters.go:15.93,21.29 2 1
github.com/bartvanbenthem/stackit-compute-operator/internal/stackit/clusters.go:21.29,32.3 1 1
github.com/bartvanbenthem/stackit-compute-operator/internal/stackit/clusters.go:34.2,34.16 1 1
github.com/bartvanbenthem/stackit-compute-operator/internal/stackit/clusters.go:37.74,39.27 2 1
github.com/bartvanbenthem/stackit-compute-operator/internal/stackit/clusters.go:39.27,56.27 2 1
github.com/bartvanbenthem/stackit-compute-operator/internal/stackit/clusters.go:56.27,58.4 1 1
github.com/bartvanbenthem/stackit-compute-operator/internal/stackit/clusters.go:59.3,59.38 1 1
github.com/bartvanbenthem/stackit-compute-operator/internal/stackit/clusters.go:59.38,61.4 1 1
github.com/bartvanbenthem/stackit-compute-operator/internal/stackit/clusters.go:62.3,62.25 1 1
github.com/bartvanbenthem/stackit-compute-operator/internal/stackit/clusters.go:62.25,65.4 2 1
github.com/bartvanbenthem/stackit-compute-operator/internal/stackit/clusters.go:66.3,66.38 1 1
github.com/bartvanbenthem/stackit-compute-operator/internal/stackit/clusters.go:68.2,68.18 1 1
github.com/bartvanbenthem/stackit-compute-operator/internal/stackit/clusters.go:75.175,77.2 1 1
github.com/bartvanbenthem/stackit-compute-operator/internal/stackit/clusters.go:80.122,82.2 1 1
github.com/bartvanbenthem/stackit-compute-operator/internal/stackit/clusters.go:85.109,88.2 2 1
github.com/bartvanbenthem/stackit-compute-operator/internal/stackit/errors.go:13.33,15.30 2 1
github.com/bartvanbenthem/stackit-compute-operator/internal/stackit/errors.go:15.30,17.3 1 1
github.com/bartvanbenthem/stackit-compute-operator/internal/stackit/errors.go:18.2,18.14 1 1
github.com/bartvanbenthem/stackit-compute-operator/internal/stackit/errors.go:25.33,27.30 2 0
github.com/bartvanbenthem/stackit-compute-operator/internal/stackit/errors.go:27.30,29.3 1 0
github.com/bartvanbenthem/stackit-compute-operator/internal/stackit/errors.go:30.2,30.14 1 0
github.com/bartvanbenthem/stackit-compute-operator/internal/stackit/errors.go:46.43,48.30 2 1
github.com/bartvanbenthem/stackit-compute-operator/internal/stackit/errors.go:48.30,52.3 1 1
github.com/bartvanbenthem/stackit-compute-operator/internal/stackit/errors.go:53.2,53.14 1 1
github.com/bartvanbenthem/stackit-compute-operator/internal/stackit/images.go:14.99,20.26 2 1
github.com/bartvanbenthem/stackit-compute-operator/internal/stackit/images.go:20.26,22.3 1 1
github.com/bartvanbenthem/stackit-compute-operator/internal/stackit/images.go:23.2,23.21 1 1
github.com/bartvanbenthem/stackit-compute-operator/internal/stackit/images.go:23.21,25.3 1 1
github.com/bartvanbenthem/stackit-compute-operator/internal/stackit/images.go:26.2,26.27 1 1
github.com/bartvanbenthem/stackit-compute-operator/internal/stackit/images.go:26.27,28.3 1 1
github.com/bartvanbenthem/stackit-compute-operator/internal/stackit/images.go:29.2,29.26 1 1
github.com/bartvanbenthem/stackit-compute-operator/internal/stackit/images.go:29.26,31.3 1 1
github.com/bartvanbenthem/stackit-compute-operator/internal/stackit/images.go:32.2,32.26 1 1
github.com/bartvanbenthem/stackit-compute-operator/internal/stackit/images.go:32.26,37.3 1 1
github.com/bartvanbenthem/stackit-compute-operator/internal/stackit/images.go:38.2,38.24 1 1
github.com/bartvanbenthem/stackit-compute-operator/internal/stackit/images.go:38.24,40.3 1 1
github.com/bartvanbenthem/stackit-compute-operator/internal/stackit/images.go:42.2,42.16 1 1
github.com/bartvanbenthem/stackit-compute-operator/internal/stackit/images.go:48.86,50.21 2 1
github.com/bartvanbenthem/stackit-compute-operator/internal/stackit/images.go:50.21,52.3 1 1
github.com/bartvanbenthem/stackit-compute-operator/internal/stackit/images.go:53.2,53.27 1 1
github.com/bartvanbenthem/stackit-compute-operator/internal/stackit/images.go:53.27,55.3 1 1
github.com/bartvanbenthem/stackit-compute-operator/internal/stackit/images.go:56.2,56.26 1 1
github.com/bartvanbenthem/stackit-compute-operator/internal/stackit/images.go:56.26,58.3 1 0
github.com/bartvanbenthem/stackit-compute-operator/internal/stackit/images.go:59.2,59.21 1 1
github.com/bartvanbenthem/stackit-compute-operator/internal/stackit/images.go:59.21,61.3 1 0
github.com/bartvanbenthem/stackit-compute-operator/internal/stackit/images.go:62.2,62.27 1 1
github.com/bartvanbenthem/stackit-compute-operator/internal/stackit/images.go:62.27,64.3 1 0
github.com/bartvanbenthem/stackit-compute-operator/internal/stackit/images.go:65.2,65.26 1 1
github.com/bartvanbenthem/stackit-compute-operator/internal/stackit/images.go:65.26,67.3 1 0
github.com/bartvanbenthem/stackit-compute-operator/internal/stackit/images.go:68.2,68.24 1 1
github.com/bartvanbenthem/stackit-compute-operator/internal/stackit/images.go:68.24,70.3 1 0
github.com/bartvanbenthem/stackit-compute-operator/internal/stackit/images.go:71.2,71.16 1 1
github.com/bartvanbenthem/stackit-compute-operator/internal/stackit/images.go:76.77,83.29 2 1
github.com/bartvanbenthem/stackit-compute-operator/internal/stackit/images.go:83.29,85.3 1 1
github.com/bartvanbenthem/stackit-compute-operator/internal/stackit/images.go:86.2,86.32 1 1
github.com/bartvanbenthem/stackit-compute-operator/internal/stackit/images.go:86.32,88.3 1 1
github.com/bartvanbenthem/stackit-compute-operator/internal/stackit/images.go:89.2,89.25 1 1
github.com/bartvanbenthem/stackit-compute-operator/internal/stackit/images.go:89.25,91.3 1 0
github.com/bartvanbenthem/stackit-compute-operator/internal/stackit/images.go:92.2,92.24 1 1
github.com/bartvanbenthem/stackit-compute-operator/internal/stackit/images.go:92.24,94.3 1 1
github.com/bartvanbenthem/stackit-compute-operator/internal/stackit/images.go:95.2,95.25 1 1
github.com/bartvanbenthem/stackit-compute-operator/internal/stackit/images.go:95.25,97.3 1 0
github.com/bartvanbenthem/stackit-compute-operator/internal/stackit/images.go:98.2,98.38 1 1
github.com/bartvanbenthem/stackit-compute-operator/internal/stackit/images.go:98.38,100.3 1 0
github.com/bartvanbenthem/stackit-compute-operator/internal/stackit/images.go:101.2,101.39 1 1
github.com/bartvanbenthem/stackit-compute-operator/internal/stackit/images.go:101.39,103.3 1 0
github.com/bartvanbenthem/stackit-compute-operator/internal/stackit/images.go:104.2,104.26 1 1
github.com/bartvanbenthem/stackit-compute-operator/internal/stackit/images.go:104.26,106.3 1 0
github.com/bartvanbenthem/stackit-compute-operator/internal/stackit/images.go:107.2,107.29 1 1
github.com/bartvanbenthem/stackit-compute-operator/internal/stackit/images.go:107.29,109.3 1 0
github.com/bartvanbenthem/stackit-compute-operator/internal/stackit/images.go:110.2,110.27 1 1
github.com/bartvanbenthem/stackit-compute-operator/internal/stackit/images.go:110.27,112.3 1 0
github.com/bartvanbenthem/stackit-compute-operator/internal/stackit/images.go:113.2,113.12 1 1
github.com/bartvanbenthem/stackit-compute-operator/internal/stackit/images.go:118.157,120.2 1 1
github.com/bartvanbenthem/stackit-compute-operator/internal/stackit/images.go:123.116,125.2 1 1
github.com/bartvanbenthem/stackit-compute-operator/internal/stackit/images.go:128.152,130.2 1 1
github.com/bartvanbenthem/stackit-compute-operator/internal/stackit/images.go:133.104,135.2 1 1
github.com/bartvanbenthem/stackit-compute-operator/internal/stackit/networks.go:14.105,19.22 2 1
github.com/bartvanbenthem/stackit-compute-operator/internal/stackit/networks.go:19.22,21.3 1 1
github.com/bartvanbenthem/stackit-compute-operator/internal/stackit/networks.go:22.2,22.24 1 1
github.com/bartvanbenthem/stackit-compute-operator/internal/stackit/networks.go:22.24,24.3 1 1
github.com/bartvanbenthem/stackit-compute-operator/internal/stackit/networks.go:25.2,25.31 1 1
github.com/bartvanbenthem/stackit-compute-operator/internal/stackit/networks.go:25.31,27.3 1 1
github.com/bartvanbenthem/stackit-compute-operator/internal/stackit/networks.go:28.2,28.22 1 1
github.com/bartvanbenthem/stackit-compute-operator/internal/stackit/networks.go:28.22,30.3 1 1
github.com/bartvanbenthem/stackit-compute-operator/internal/stackit/networks.go:31.2,31.22 1 1
github.com/bartvanbenthem/stackit-compute-operator/internal/stackit/networks.go:31.22,36.40 2 1
github.com/bartvanbenthem/stackit-compute-operator/internal/stackit/networks.go:36.40,38.4 1 0
github.com/bartvanbenthem/stackit-compute-operator/internal/stackit/networks.go:39.3,39.23 1 1
github.com/bartvanbenthem/stackit-compute-operator/internal/stackit/networks.go:41.2,41.22 1 1
github.com/bartvanbenthem/stackit-compute-operator/internal/stackit/networks.go:41.22,46.40 2 1
github.com/bartvanbenthem/stackit-compute-operator/internal/stackit/networks.go:46.40,48.4 1 0
github.com/bartvanbenthem/stackit-compute-operator/internal/stackit/networks.go:49.3,49.23 1 1
github.com/bartvanbenthem/stackit-compute-operator/internal/stackit/networks.go:51.2,51.26 1 1
github.com/bartvanbenthem/stackit-compute-operator/internal/stackit/networks.go:51.26,53.3 1 1
github.com/bartvanbenthem/stackit-compute-operator/internal/stackit/networks.go:55.2,55.16 1 1
github.com/bartvanbenthem/stackit-compute-operator/internal/stackit/networks.go:60.147,62.16 2 1
github.com/bartvanbenthem/stackit-compute-operator/internal/stackit/networks.go:62.16,64.3 1 1
github.com/bartvanbenthem/stackit-compute-operator/internal/stackit/networks.go:65.2,65.17 1 1
github.com/bartvanbenthem/stackit-compute-operator/internal/stackit/networks.go:65.17,67.3 1 1
github.com/bartvanbenthem/stackit-compute-operator/internal/stackit/networks.go:68.2,68.19 1 1
github.com/bartvanbenthem/stackit-compute-operator/internal/stackit/networks.go:68.19,70.3 1 1
github.com/bartvanbenthem/stackit-compute-operator/internal/stackit/networks.go:71.2,71.26 1 1
github.com/bartvanbenthem/stackit-compute-operator/internal/stackit/networks.go:71.26,73.3 1 1
github.com/bartvanbenthem/stackit-compute-operator/internal/stackit/networks.go:74.2,74.19 1 1
github.com/bartvanbenthem/stackit-compute-operator/internal/stackit/networks.go:74.19,76.3 1 1
github.com/bartvanbenthem/stackit-compute-operator/internal/stackit/networks.go:77.2,77.16 1 1
github.com/bartvanbenthem/stackit-compute-operator/internal/stackit/networks.go:82.149,84.2 1 1
github.com/bartvanbenthem/stackit-compute-operator/internal/stackit/networks.go:87.122,89.2 1 1
github.com/bartvanbenthem/stackit-compute-operator/internal/stackit/networks.go:95.150,97.2 1 1
github.com/bartvanbenthem/stackit-compute-operator/internal/stackit/networks.go:100.108,102.2 1 1
github.com/bartvanbenthem/stackit-compute-operator/internal/stackit/servers.go:22.161,32.27 2 1
github.com/bartvanbenthem/stackit-compute-operator/internal/stackit/servers.go:32.27,34.3 1 1
github.com/bartvanbenthem/stackit-compute-operator/internal/stackit/servers.go:36.2,36.33 1 1
github.com/bartvanbenthem/stackit-compute-operator/internal/stackit/servers.go:36.33,38.3 1 1
github.com/bartvanbenthem/stackit-compute-operator/internal/stackit/servers.go:39.2,39.28 1 1
github.com/bartvanbenthem/stackit-compute-operator/internal/stackit/servers.go:39.28,41.3 1 1
github.com/bartvanbenthem/stackit-compute-operator/internal/stackit/servers.go:42.2,42.25 1 1
github.com/bartvanbenthem/stackit-compute-operator/internal/stackit/servers.go:42.25,45.3 1 1
github.com/bartvanbenthem/stackit-compute-operator/internal/stackit/servers.go:46.2,46.34 1 1
github.com/bartvanbenthem/stackit-compute-operator/internal/stackit/servers.go:46.34,48.3 1 1
github.com/bartvanbenthem/stackit-compute-operator/internal/stackit/servers.go:49.2,49.39 1 1
github.com/bartvanbenthem/stackit-compute-operator/internal/stackit/servers.go:49.39,51.3 1 1
github.com/bartvanbenthem/stackit-compute-operator/internal/stackit/servers.go:52.2,52.26 1 1
github.com/bartvanbenthem/stackit-compute-operator/internal/stackit/servers.go:52.26,54.3 1 1
github.com/bartvanbenthem/stackit-compute-operator/internal/stackit/servers.go:56.2,56.9 1 1
github.com/bartvanbenthem/stackit-compute-operator/internal/stackit/servers.go:57.34,64.4 1 1
github.com/bartvanbenthem/stackit-compute-operator/internal/stackit/servers.go:65.120,73.31 2 1
github.com/bartvanbenthem/stackit-compute-operator/internal/stackit/servers.go:73.31,75.4 1 1
github.com/bartvanbenthem/stackit-compute-operator/internal/stackit/servers.go:76.3,76.45 1 1
github.com/bartvanbenthem/stackit-compute-operator/internal/stackit/servers.go:76.45,78.4 1 1
github.com/bartvanbenthem/stackit-compute-operator/internal/stackit/servers.go:79.3,79.34 1 1
github.com/bartvanbenthem/stackit-compute-operator/internal/stackit/servers.go:82.2,82.16 1 1
github.com/bartvanbenthem/stackit-compute-operator/internal/stackit/servers.go:88.89,90.16 2 1
github.com/bartvanbenthem/stackit-compute-operator/internal/stackit/servers.go:90.16,92.3 1 1
github.com/bartvanbenthem/stackit-compute-operator/internal/stackit/servers.go:93.2,93.19 1 1
github.com/bartvanbenthem/stackit-compute-operator/internal/stackit/servers.go:93.19,95.3 1 1
github.com/bartvanbenthem/stackit-compute-operator/internal/stackit/servers.go:96.2,96.16 1 1
github.com/bartvanbenthem/stackit-compute-operator/internal/stackit/servers.go:99.66,101.23 2 1
github.com/bartvanbenthem/stackit-compute-operator/internal/stackit/servers.go:101.23,103.3 1 1
github.com/bartvanbenthem/stackit-compute-operator/internal/stackit/servers.go:104.2,104.12 1 1
github.com/bartvanbenthem/stackit-compute-operator/internal/stackit/servers.go:109.146,111.2 1 1
github.com/bartvanbenthem/stackit-compute-operator/internal/stackit/servers.go:114.119,116.2 1 1
github.com/bartvanbenthem/stackit-compute-operator/internal/stackit/servers.go:119.156,121.2 1 1
github.com/bartvanbenthem/stackit-compute-operator/internal/stackit/servers.go:124.119,127.2 2 1
github.com/bartvanbenthem/stackit-compute-operator/internal/stackit/servers.go:130.105,132.2 1 1
github.com/bartvanbenthem/stackit-compute-operator/internal/stackit/servers.go:135.104,137.2 1 1
github.com/bartvanbenthem/stackit-compute-operator/internal/stackit/servers.go:140.106,142.2 1 1
github.com/bartvanbenthem/stackit-compute-operator/internal/stackit/volumes.go:14.102,20.19 2 1
github.com/bartvanbenthem/stackit-compute-operator/internal/stackit/volumes.go:20.19,22.3 1 1
github.com/bartvanbenthem/stackit-compute-operator/internal/stackit/volumes.go:23.2,23.33 1 1
github.com/bartvanbenthem/stackit-compute-operator/internal/stackit/volumes.go:23.33,25.3 1 1
github.com/bartvanbenthem/stackit-compute-operator/internal/stackit/volumes.go:26.2,26.26 1 1
github.com/bartvanbenthem/stackit-compute-operator/internal/stackit/volumes.go:26.26,28.3 1 1
github.com/bartvanbenthem/stackit-compute-operator/internal/stackit/volumes.go:29.2,29.28 1 1
github.com/bartvanbenthem/stackit-compute-operator/internal/stackit/volumes.go:29.28,31.3 1 1
github.com/bartvanbenthem/stackit-compute-operator/internal/stackit/volumes.go:32.2,32.24 1 1
github.com/bartvanbenthem/stackit-compute-operator/internal/stackit/volumes.go:32.24,37.3 1 1
github.com/bartvanbenthem/stackit-compute-operator/internal/stackit/volumes.go:38.2,38.26 1 1
github.com/bartvanbenthem/stackit-compute-operator/internal/stackit/volumes.go:38.26,40.3 1 1
github.com/bartvanbenthem/stackit-compute-operator/internal/stackit/volumes.go:42.2,42.16 1 1
github.com/bartvanbenthem/stackit-compute-operator/internal/stackit/volumes.go:48.131,50.16 2 1
github.com/bartvanbenthem/stackit-compute-operator/internal/stackit/volumes.go:50.16,52.3 1 1
github.com/bartvanbenthem/stackit-compute-operator/internal/stackit/volumes.go:53.2,53.23 1 1
github.com/bartvanbenthem/stackit-compute-operator/internal/stackit/volumes.go:53.23,55.3 1 1
github.com/bartvanbenthem/stackit-compute-operator/internal/stackit/volumes.go:56.2,56.21 1 1
github.com/bartvanbenthem/stackit-compute-operator/internal/stackit/volumes.go:56.21,58.3 1 1
github.com/bartvanbenthem/stackit-compute-operator/internal/stackit/volumes.go:59.2,59.19 1 1
github.com/bartvanbenthem/stackit-compute-operator/internal/stackit/volumes.go:59.19,61.3 1 1
github.com/bartvanbenthem/stackit-compute-operator/internal/stackit/volumes.go:62.2,62.16 1 1
github.com/bartvanbenthem/stackit-compute-operator/internal/stackit/volumes.go:67.146,69.2 1 1
github.com/bartvanbenthem/stackit-compute-operator/internal/stackit/volumes.go:72.119,74.2 1 1
github.com/bartvanbenthem/stackit-compute-operator/internal/stackit/volumes.go:77.156,79.2 1 1
github.com/bartvanbenthem/stackit-compute-operator/internal/stackit/volumes.go:82.118,85.2 2 1
github.com/bartvanbenthem/stackit-compute-operator/internal/stackit/volumes.go:88.106,90.2 1 1
github.com/bartvanbenthem/stackit-compute-operator/api/v1alpha1/cluster_types.go:212.13,214.2 1 0
github.com/bartvanbenthem/stackit-compute-operator/api/v1alpha1/image_types.go:212.13,214.2 1 0
github.com/bartvanbenthem/stackit-compute-operator/api/v1alpha1/network_types.go:157.13,159.2 1 0
github.com/bartvanbenthem/stackit-compute-operator/api/v1alpha1/server_types.go:202.13,204.2 1 0
github.com/bartvanbenthem/stackit-compute-operator/api/v1alpha1/volume_types.go:134.13,136.2 1 0
github.com/bartvanbenthem/stackit-compute-operator/api/v1alpha1/zz_generated.deepcopy.go:13.61,15.35 2 0
github.com/bartvanbenthem/stackit-compute-operator/api/v1alpha1/zz_generated.deepcopy.go:15.35,19.3 3 0
github.com/bartvanbenthem/stackit-compute-operator/api/v1alpha1/zz_generated.deepcopy.go:23.54,24.15 1 0
github.com/bartvanbenthem/stackit-compute-operator/api/v1alpha1/zz_generated.deepcopy.go:24.15,26.3 1 0
github.com/bartvanbenthem/stackit-compute-operator/api/v1alpha1/zz_generated.deepcopy.go:27.2,29.12 3 0
github.com/bartvanbenthem/stackit-compute-operator/api/v1alpha1/zz_generated.deepcopy.go:33.47,39.2 5 0
github.com/bartvanbenthem/stackit-compute-operator/api/v1alpha1/zz_generated.deepcopy.go:42.40,43.15 1 0
github.com/bartvanbenthem/stackit-compute-operator/api/v1alpha1/zz_generated.deepcopy.go:43.15,45.3 1 0
github.com/bartvanbenthem/stackit-compute-operator/api/v1alpha1/zz_generated.deepcopy.go:46.2,48.12 3 0
github.com/bartvanbenthem/stackit-compute-operator/api/v1alpha1/zz_generated.deepcopy.go:52.52,53.34 1 0
github.com/bartvanbenthem/stackit-compute-operator/api/v1alpha1/zz_generated.deepcopy.go:53.34,55.3 1 0
github.com/bartvanbenthem/stackit-compute-operator/api/v1alpha1/zz_generated.deepcopy.go:56.2,56.12 1 0
github.com/bartvanbenthem/stackit-compute-operator/api/v1alpha1/zz_generated.deepcopy.go:60.55,64.21 4 0
github.com/bartvanbenthem/stackit-compute-operator/api/v1alpha1/zz_generated.deepcopy.go:64.21,67.22 3 0
github.com/bartvanbenthem/stackit-compute-operator/api/v1alpha1/zz_generated.deepcopy.go:67.22,69.4 1 0
github.com/bartvanbenthem/stackit-compute-operator/api/v1alpha1/zz_generated.deepcopy.go:74.48,75.15 1 0
github.com/bartvanbenthem/stackit-compute-operator/api/v1alpha1/zz_generated.deepcopy.go:75.15,77.3 1 0
github.com/bartvanbenthem/stackit-compute-operator/api/v1alpha1/zz_generated.deepcopy.go:78.2,80.12 3 0
github.com/bartvanbenthem/stackit-compute-operator/api/v1alpha1/zz_generated.deepcopy.go:84.56,85.34 1 0
github.com/bartvanbenthem/stackit-compute-operator/api/v1alpha1/zz_generated.deepcopy.go:85.34,87.3 1 0
github.com/bartvanbenthem/stackit-compute-operator/api/v1alpha1/zz_generated.deepcopy.go:88.2,88.12 1 0
github.com/bartvanbenthem/stackit-compute-operator/api/v1alpha1/zz_generated.deepcopy.go:92.77,94.43 2 0
github.com/bartvanbenthem/stackit-compute-operator/api/v1alpha1/zz_generated.deepcopy.go:94.43,98.3 3 0
github.com/bartvanbenthem/stackit-compute-operator/api/v1alpha1/zz_generated.deepcopy.go:99.2,99.45 1 0
github.com/bartvanbenthem/stackit-compute-operator/api/v1alpha1/zz_generated.deepcopy.go:99.45,103.3 3 0
github.com/bartvanbenthem/stackit-compute-operator/api/v1alpha1/zz_generated.deepcopy.go:104.2,105.31 2 0
github.com/bartvanbenthem/stackit-compute-operator/api/v1alpha1/zz_generated.deepcopy.go:109.70,110.15 1 0
github.com/bartvanbenthem/stackit-compute-operator/api/v1alpha1/zz_generated.deepcopy.go:110.15,112.3 1 0
github.com/bartvanbenthem/stackit-compute-operator/api/v1alpha1/zz_generated.deepcopy.go:113.2,115.12 3 0
github.com/bartvanbenthem/stackit-compute-operator/api/v1alpha1/zz_generated.deepcopy.go:119.55,121.25 2 0
github.com/bartvanbenthem/stackit-compute-operator/api/v1alpha1/zz_generated.deepcopy.go:121.25,124.22 3 0
github.com/bartvanbenthem/stackit-compute-operator/api/v1alpha1/zz_generated.deepcopy.go:124.22,126.4 1 0
github.com/bartvanbenthem/stackit-compute-operator/api/v1alpha1/zz_generated.deepcopy.go:128.2,128.27 1 0
github.com/bartvanbenthem/stackit-compute-operator/api/v1alpha1/zz_generated.deepcopy.go:128.27,132.3 3 0
github.com/bartvanbenthem/stackit-compute-operator/api/v1alpha1/zz_generated.deepcopy.go:133.2,133.35 1 0
github.com/bartvanbenthem/stackit-compute-operator/api/v1alpha1/zz_generated.deepcopy.go:133.35,137.3 3 0
github.com/bartvanbenthem/stackit-compute-operator/api/v1alpha1/zz_generated.deepcopy.go:141.48,142.15 1 0
github.com/bartvanbenthem/stackit-compute-operator/api/v1alpha1/zz_generated.deepcopy.go:142.15,144.3 1 0
github.com/bartvanbenthem/stackit-compute-operator/api/v1alpha1/zz_generated.deepcopy.go:145.2,147.12 3 0
github.com/bartvanbenthem/stackit-compute-operator/api/v1alpha1/zz_generated.deepcopy.go:151.59,153.32 2 0
github.com/bartvanbenthem/stackit-compute-operator/api/v1alpha1/zz_generated.deepcopy.go:153.32,157.3 3 0
github.com/bartvanbenthem/stackit-compute-operator/api/v1alpha1/zz_generated.deepcopy.go:158.2,158.35 1 0
github.com/bartvanbenthem/stackit-compute-operator/api/v1alpha1/zz_generated.deepcopy.go:158.35,162.3 3 0
github.com/bartvanbenthem/stackit-compute-operator/api/v1alpha1/zz_generated.deepcopy.go:163.2,163.22 1 0
github.com/bartvanbenthem/stackit-compute-operator/api/v1alpha1/zz_generated.deepcopy.go:163.22,167.3 3 0
github.com/bartvanbenthem/stackit-compute-operator/api/v1alpha1/zz_generated.deepcopy.go:168.2,168.26 1 0
github.com/bartvanbenthem/stackit-compute-operator/api/v1alpha1/zz_generated.deepcopy.go:168.26,171.22 3 0
github.com/bartvanbenthem/stackit-compute-operator/api/v1alpha1/zz_generated.deepcopy.go:171.22,173.4 1 0
github.com/bartvanbenthem/stackit-compute-operator/api/v1alpha1/zz_generated.deepcopy.go:178.52,179.15 1 0
github.com/bartvanbenthem/stackit-compute-operator/api/v1alpha1/zz_generated.deepcopy.go:179.15,181.3 1 0
github.com/bartvanbenthem/stackit-compute-operator/api/v1alpha1/zz_generated.deepcopy.go:182.2,184.12 3 0
github.com/bartvanbenthem/stackit-compute-operator/api/v1alpha1/zz_generated.deepcopy.go:188.43,194.2 5 0
github.com/bartvanbenthem/stackit-compute-operator/api/v1alpha1/zz_generated.deepcopy.go:197.36,198.15 1 0
github.com/bartvanbenthem/stackit-compute-operator/api/v1alpha1/zz_generated.deepcopy.go:198.15,200.3 1 0
github.com/bartvanbenthem/stackit-compute-operator/api/v1alpha1/zz_generated.deepcopy.go:201.2,203.12 3 0
github.com/bartvanbenthem/stackit-compute-operator/api/v1alpha1/zz_generated.deepcopy.go:207.50,208.34 1 0
github.com/bartvanbenthem/stackit-compute-operator/api/v1alpha1/zz_generated.deepcopy.go:208.34,210.3 1 0
github.com/bartvanbenthem/stackit-compute-operator/api/v1alpha1/zz_generated.deepcopy.go:211.2,211.12 1 0
github.com/bartvanbenthem/stackit-compute-operator/api/v1alpha1/zz_generated.deepcopy.go:215.67,217.2 1 0
github.com/bartvanbenthem/stackit-compute-operator/api/v1alpha1/zz_generated.deepcopy.go:220.60,221.15 1 0
github.com/bartvanbenthem/stackit-compute-operator/api/v1alpha1/zz_generated.deepcopy.go:221.15,223.3 1 0
github.com/bartvanbenthem/stackit-compute-operator/api/v1alpha1/zz_generated.deepcopy.go:224.2,226.12 3 0
github.com/bartvanbenthem/stackit-compute-operator/api/v1alpha1/zz_generated.deepcopy.go:230.63,232.24 2 0
github.com/bartvanbenthem/stackit-compute-operator/api/v1alpha1/zz_generated.deepcopy.go:232.24,236.3 3 0
github.com/bartvanbenthem/stackit-compute-operator/api/v1alpha1/zz_generated.deepcopy.go:237.2,237.26 1 0
github.com/bartvanbenthem/stackit-compute-operator/api/v1alpha1/zz_generated.deepcopy.go:237.26,241.3 3 0
github.com/bartvanbenthem/stackit-compute-operator/api/v1alpha1/zz_generated.deepcopy.go:242.2,242.20 1 0
github.com/bartvanbenthem/stackit-compute-operator/api/v1alpha1/zz_generated.deepcopy.go:242.20,246.3 3 0
github.com/bartvanbenthem/stackit-compute-operator/api/v1alpha1/zz_generated.deepcopy.go:247.2,247.26 1 0
github.com/bartvanbenthem/stackit-compute-operator/api/v1alpha1/zz_generated.deepcopy.go:247.26,251.3 3 0
github.com/bartvanbenthem/stackit-compute-operator/api/v1alpha1/zz_generated.deepcopy.go:255.56,256.15 1 0
github.com/bartvanbenthem/stackit-compute-operator/api/v1alpha1/zz_generated.deepcopy.go:256.15,258.3 1 0
github.com/bartvanbenthem/stackit-compute-operator/api/v1alpha1/zz_generated.deepcopy.go:259.2,261.12 3 0
github.com/bartvanbenthem/stackit-compute-operator/api/v1alpha1/zz_generated.deepcopy.go:265.51,269.21 4 0
github.com/bartvanbenthem/stackit-compute-operator/api/v1alpha1/zz_generated.deepcopy.go:269.21,272.22 3 0
github.com/bartvanbenthem/stackit-compute-operator/api/v1alpha1/zz_generated.deepcopy.go:272.22,274.4 1 0
github.com/bartvanbenthem/stackit-compute-operator/api/v1alpha1/zz_generated.deepcopy.go:279.44,280.15 1 0
github.com/bartvanbenthem/stackit-compute-operator/api/v1alpha1/zz_generated.deepcopy.go:280.15,282.3 1 0
github.com/bartvanbenthem/stackit-compute-operator/api/v1alpha1/zz_generated.deepcopy.go:283.2,285.12 3 0
github.com/bartvanbenthem/stackit-compute-operator/api/v1alpha1/zz_generated.deepcopy.go:289.54,290.34 1 0
github.com/bartvanbenthem/stackit-compute-operator/api/v1alpha1/zz_generated.deepcopy.go:290.34,292.3 1 0
github.com/bartvanbenthem/stackit-compute-operator/api/v1alpha1/zz_generated.deepcopy.go:293.2,293.12 1 0
github.com/bartvanbenthem/stackit-compute-operator/api/v1alpha1/zz_generated.deepcopy.go:297.51,299.25 2 0
github.com/bartvanbenthem/stackit-compute-operator/api/v1alpha1/zz_generated.deepcopy.go:299.25,303.3 3 0
github.com/bartvanbenthem/stackit-compute-operator/api/v1alpha1/zz_generated.deepcopy.go:304.2,304.22 1 0
github.com/bartvanbenthem/stackit-compute-operator/api/v1alpha1/zz_generated.deepcopy.go:304.22,307.29 3 0
github.com/bartvanbenthem/stackit-compute-operator/api/v1alpha1/zz_generated.deepcopy.go:307.29,309.4 1 0
github.com/bartvanbenthem/stackit-compute-operator/api/v1alpha1/zz_generated.deepcopy.go:311.2,311.24 1 0
github.com/bartvanbenthem/stackit-compute-operator/api/v1alpha1/zz_generated.deepcopy.go:311.24,315.3 3 0
github.com/bartvanbenthem/stackit-compute-operator/api/v1alpha1/zz_generated.deepcopy.go:316.2,316.22 1 0
github.com/bartvanbenthem/stackit-compute-operator/api/v1alpha1/zz_generated.deepcopy.go:316.22,320.3 3 0
github.com/bartvanbenthem/stackit-compute-operator/api/v1alpha1/zz_generated.deepcopy.go:321.2,321.26 1 0
github.com/bartvanbenthem/stackit-compute-operator/api/v1alpha1/zz_generated.deepcopy.go:321.26,325.3 3 0
github.com/bartvanbenthem/stackit-compute-operator/api/v1alpha1/zz_generated.deepcopy.go:329.44,330.15 1 0
github.com/bartvanbenthem/stackit-compute-operator/api/v1alpha1/zz_generated.deepcopy.go:330.15,332.3 1 0
github.com/bartvanbenthem/stackit-compute-operator/api/v1alpha1/zz_generated.deepcopy.go:333.2,335.12 3 0
github.com/bartvanbenthem/stackit-compute-operator/api/v1alpha1/zz_generated.deepcopy.go:339.55,341.26 2 0
github.com/bartvanbenthem/stackit-compute-operator/api/v1alpha1/zz_generated.deepcopy.go:341.26,344.22 3 0
github.com/bartvanbenthem/stackit-compute-operator/api/v1alpha1/zz_generated.deepcopy.go:344.22,346.4 1 0
github.com/bartvanbenthem/stackit-compute-operator/api/v1alpha1/zz_generated.deepcopy.go:351.48,352.15 1 0
github.com/bartvanbenthem/stackit-compute-operator/api/v1alpha1/zz_generated.deepcopy.go:352.15,354.3 1 0
github.com/bartvanbenthem/stackit-compute-operator/api/v1alpha1/zz_generated.deepcopy.go:355.2,357.12 3 0
github.com/bartvanbenthem/stackit-compute-operator/api/v1alpha1/zz_generated.deepcopy.go:361.73,363.2 1 0
github.com/bartvanbenthem/stackit-compute-operator/api/v1alpha1/zz_generated.deepcopy.go:366.66,367.15 1 0
github.com/bartvanbenthem/stackit-compute-operator/api/v1alpha1/zz_generated.deepcopy.go:367.15,369.3 1 0
github.com/bartvanbenthem/stackit-compute-operator/api/v1alpha1/zz_generated.deepcopy.go:370.2,372.12 3 0
github.com/bartvanbenthem/stackit-compute-operator/api/v1alpha1/zz_generated.deepcopy.go:376.47,382.2 5 0
github.com/bartvanbenthem/stackit-compute-operator/api/v1alpha1/zz_generated.deepcopy.go:385.40,386.15 1 0
github.com/bartvanbenthem/stackit-compute-operator/api/v1alpha1/zz_generated.deepcopy.go:386.15,388.3 1 0
github.com/bartvanbenthem/stackit-compute-operator/api/v1alpha1/zz_generated.deepcopy.go:389.2,391.12 3 0
github.com/bartvanbenthem/stackit-compute-operator/api/v1alpha1/zz_generated.deepcopy.go:395.52,396.34 1 0
github.com/bartvanbenthem/stackit-compute-operator/api/v1alpha1/zz_generated.deepcopy.go:396.34,398.3 1 0
github.com/bartvanbenthem/stackit-compute-operator/api/v1alpha1/zz_generated.deepcopy.go:399.2,399.12 1 0
github.com/bartvanbenthem/stackit-compute-operator/api/v1alpha1/zz_generated.deepcopy.go:403.63,405.27 2 0
github.com/bartvanbenthem/stackit-compute-operator/api/v1alpha1/zz_generated.deepcopy.go:405.27,409.3 3 0
github.com/bartvanbenthem/stackit-compute-operator/api/v1alpha1/zz_generated.deepcopy.go:413.56,414.15 1 0
github.com/bartvanbenthem/stackit-compute-operator/api/v1alpha1/zz_generated.deepcopy.go:414.15,416.3 1 0
github.com/bartvanbenthem/stackit-compute-operator/api/v1alpha1/zz_generated.deepcopy.go:417.2,419.12 3 0
github.com/bartvanbenthem/stackit-compute-operator/api/v1alpha1/zz_generated.deepcopy.go:423.63,425.27 2 0
github.com/bartvanbenthem/stackit-compute-operator/api/v1alpha1/zz_generated.deepcopy.go:425.27,429.3 3 0
github.com/bartvanbenthem/stackit-compute-operator/api/v1alpha1/zz_generated.deepcopy.go:433.56,434.15 1 0
github.com/bartvanbenthem/stackit-compute-operator/api/v1alpha1/zz_generated.deepcopy.go:434.15,436.3 1 0
github.com/bartvanbenthem/stackit-compute-operator/api/v1alpha1/zz_generated.deepcopy.go:437.2,439.12 3 0
github.com/bartvanbenthem/stackit-compute-operator/api/v1alpha1/zz_generated.deepcopy.go:443.55,447.21 4 0
github.com/bartvanbenthem/stackit-compute-operator/api/v1alpha1/zz_generated.deepcopy.go:447.21,450.22 3 0
github.com/bartvanbenthem/stackit-compute-operator/api/v1alpha1/zz_generated.deepcopy.go:450.22,452.4 1 0
github.com/bartvanbenthem/stackit-compute-operator/api/v1alpha1/zz_generated.deepcopy.go:457.48,458.15 1 0
github.com/bartvanbenthem/stackit-compute-operator/api/v1alpha1/zz_generated.deepcopy.go:458.15,460.3 1 0
github.com/bartvanbenthem/stackit-compute-operator/api/v1alpha1/zz_generated.deepcopy.go:461.2,463.12 3 0
github.com/bartvanbenthem/stackit-compute-operator/api/v1alpha1/zz_generated.deepcopy.go:467.56,468.34 1 0
github.com/bartvanbenthem/stackit-compute-operator/api/v1alpha1/zz_generated.deepcopy.go:468.34,470.3 1 0
github.com/bartvanbenthem/stackit-compute-operator/api/v1alpha1/zz_generated.deepcopy.go:471.2,471.12 1 0
github.com/bartvanbenthem/stackit-compute-operator/api/v1alpha1/zz_generated.deepcopy.go:475.55,477.20 2 0
github.com/bartvanbenthem/stackit-compute-operator/api/v1alpha1/zz_generated.deepcopy.go:477.20,481.3 3 0
github.com/bartvanbenthem/stackit-compute-operator/api/v1alpha1/zz_generated.deepcopy.go:482.2,482.22 1 0
github.com/bartvanbenthem/stackit-compute-operator/api/v1alpha1/zz_generated.deepcopy.go:482.22,486.3 3 0
github.com/bartvanbenthem/stackit-compute-operator/api/v1alpha1/zz_generated.deepcopy.go:487.2,487.20 1 0
github.com/bartvanbenthem/stackit-compute-operator/api/v1alpha1/zz_generated.deepcopy.go:487.20,491.3 3 0
github.com/bartvanbenthem/stackit-compute-operator/api/v1alpha1/zz_generated.deepcopy.go:492.2,492.20 1 0
github.com/bartvanbenthem/stackit-compute-operator/api/v1alpha1/zz_generated.deepcopy.go:492.20,496.3 3 0
github.com/bartvanbenthem/stackit-compute-operator/api/v1alpha1/zz_generated.deepcopy.go:497.2,497.22 1 0
github.com/bartvanbenthem/stackit-compute-operator/api/v1alpha1/zz_generated.deepcopy.go:497.22,500.29 3 0
github.com/bartvanbenthem/stackit-compute-operator/api/v1alpha1/zz_generated.deepcopy.go:500.29,502.4 1 0
github.com/bartvanbenthem/stackit-compute-operator/api/v1alpha1/zz_generated.deepcopy.go:504.2,504.26 1 0
github.com/bartvanbenthem/stackit-compute-operator/api/v1alpha1/zz_generated.deepcopy.go:504.26,508.3 3 0
github.com/bartvanbenthem/stackit-compute-operator/api/v1alpha1/zz_generated.deepcopy.go:512.48,513.15 1 0
github.com/bartvanbenthem/stackit-compute-operator/api/v1alpha1/zz_generated.deepcopy.go:513.15,515.3 1 0
github.com/bartvanbenthem/stackit-compute-operator/api/v1alpha1/zz_generated.deepcopy.go:516.2,518.12 3 0
github.com/bartvanbenthem/stackit-compute-operator/api/v1alpha1/zz_generated.deepcopy.go:522.59,524.28 2 0
github.com/bartvanbenthem/stackit-compute-operator/api/v1alpha1/zz_generated.deepcopy.go:524.28,528.3 3 0
github.com/bartvanbenthem/stackit-compute-operator/api/v1alpha1/zz_generated.deepcopy.go:529.2,529.26 1 0
github.com/bartvanbenthem/stackit-compute-operator/api/v1alpha1/zz_generated.deepcopy.go:529.26,532.22 3 0
github.com/bartvanbenthem/stackit-compute-operator/api/v1alpha1/zz_generated.deepcopy.go:532.22,534.4 1 0
github.com/bartvanbenthem/stackit-compute-operator/api/v1alpha1/zz_generated.deepcopy.go:539.52,540.15 1 0
github.com/bartvanbenthem/stackit-compute-operator/api/v1alpha1/zz_generated.deepcopy.go:540.15,542.3 1 0
github.com/bartvanbenthem/stackit-compute-operator/api/v1alpha1/zz_generated.deepcopy.go:543.2,545.12 3 0
github.com/bartvanbenthem/stackit-compute-operator/api/v1alpha1/zz_generated.deepcopy.go:549.51,551.2 1 0
github.com/bartvanbenthem/stackit-compute-operator/api/v1alpha1/zz_generated.deepcopy.go:554.44,555.15 1 0
github.com/bartvanbenthem/stackit-compute-operator/api/v1alpha1/zz_generated.deepcopy.go:555.15,557.3 1 0
github.com/bartvanbenthem/stackit-compute-operator/api/v1alpha1/zz_generated.deepcopy.go:558.2,560.12 3 0
github.com/bartvanbenthem/stackit-compute-operator/api/v1alpha1/zz_generated.deepcopy.go:564.57,566.33 2 0
github.com/bartvanbenthem/stackit-compute-operator/api/v1alpha1/zz_generated.deepcopy.go:566.33,570.3 3 0
github.com/bartvanbenthem/stackit-compute-operator/api/v1alpha1/zz_generated.deepcopy.go:571.2,572.37 2 0
github.com/bartvanbenthem/stackit-compute-operator/api/v1alpha1/zz_generated.deepcopy.go:572.37,576.3 3 0
github.com/bartvanbenthem/stackit-compute-operator/api/v1alpha1/zz_generated.deepcopy.go:577.2,577.22 1 0
github.com/bartvanbenthem/stackit-compute-operator/api/v1alpha1/zz_generated.deepcopy.go:577.22,580.29 3 0
github.com/bartvanbenthem/stackit-compute-operator/api/v1alpha1/zz_generated.deepcopy.go:580.29,582.4 1 0
github.com/bartvanbenthem/stackit-compute-operator/api/v1alpha1/zz_generated.deepcopy.go:587.50,588.15 1 0
github.com/bartvanbenthem/stackit-compute-operator/api/v1alpha1/zz_generated.deepcopy.go:588.15,590.3 1 0
github.com/bartvanbenthem/stackit-compute-operator/api/v1alpha1/zz_generated.deepcopy.go:591.2,593.12 3 0
github.com/bartvanbenthem/stackit-compute-operator/api/v1alpha1/zz_generated.deepcopy.go:597.69,599.2 1 0
github.com/bartvanbenthem/stackit-compute-operator/api/v1alpha1/zz_generated.deepcopy.go:602.62,603.15 1 0
github.com/bartvanbenthem/stackit-compute-operator/api/v1alpha1/zz_generated.deepcopy.go:603.15,605.3 1 0
github.com/bartvanbenthem/stackit-compute-operator/api/v1alpha1/zz_generated.deepcopy.go:606.2,608.12 3 0
github.com/bartvanbenthem/stackit-compute-operator/api/v1alpha1/zz_generated.deepcopy.go:612.45,618.2 5 0
github.com/bartvanbenthem/stackit-compute-operator/api/v1alpha1/zz_generated.deepcopy.go:621.38,622.15 1 0
github.com/bartvanbenthem/stackit-compute-operator/api/v1alpha1/zz_generated.deepcopy.go:622.15,624.3 1 0
github.com/bartvanbenthem/stackit-compute-operator/api/v1alpha1/zz_generated.deepcopy.go:625.2,627.12 3 0
github.com/bartvanbenthem/stackit-compute-operator/api/v1alpha1/zz_generated.deepcopy.go:631.51,632.34 1 0
github.com/bartvanbenthem/stackit-compute-operator/api/v1alpha1/zz_generated.deepcopy.go:632.34,634.3 1 0
github.com/bartvanbenthem/stackit-compute-operator/api/v1alpha1/zz_generated.deepcopy.go:635.2,635.12 1 0
github.com/bartvanbenthem/stackit-compute-operator/api/v1alpha1/zz_generated.deepcopy.go:639.53,643.21 4 0
github.com/bartvanbenthem/stackit-compute-operator/api/v1alpha1/zz_generated.deepcopy.go:643.21,646.22 3 0
github.com/bartvanbenthem/stackit-compute-operator/api/v1alpha1/zz_generated.deepcopy.go:646.22,648.4 1 0
github.com/bartvanbenthem/stackit-compute-operator/api/v1alpha1/zz_generated.deepcopy.go:653.46,654.15 1 0
github.com/bartvanbenthem/stackit-compute-operator/api/v1alpha1/zz_generated.deepcopy.go:654.15,656.3 1 0
github.com/bartvanbenthem/stackit-compute-operator/api/v1alpha1/zz_generated.deepcopy.go:657.2,659.12 3 0
github.com/bartvanbenthem/stackit-compute-operator/api/v1alpha1/zz_generated.deepcopy.go:663.55,664.34 1 0
github.com/bartvanbenthem/stackit-compute-operator/api/v1alpha1/zz_generated.deepcopy.go:664.34,666.3 1 0
github.com/bartvanbenthem/stackit-compute-operator/api/v1alpha1/zz_generated.deepcopy.go:667.2,667.12 1 0
github.com/bartvanbenthem/stackit-compute-operator/api/v1alpha1/zz_generated.deepcopy.go:671.53,673.24 2 0
github.com/bartvanbenthem/stackit-compute-operator/api/v1alpha1/zz_generated.deepcopy.go:673.24,677.3 3 0
github.com/bartvanbenthem/stackit-compute-operator/api/v1alpha1/zz_generated.deepcopy.go:678.2,679.29 2 0
github.com/bartvanbenthem/stackit-compute-operator/api/v1alpha1/zz_generated.deepcopy.go:679.29,683.3 3 0
github.com/bartvanbenthem/stackit-compute-operator/api/v1alpha1/zz_generated.deepcopy.go:684.2,684.26 1 0
github.com/bartvanbenthem/stackit-compute-operator/api/v1alpha1/zz_generated.deepcopy.go:684.26,688.3 3 0
github.com/bartvanbenthem/stackit-compute-operator/api/v1alpha1/zz_generated.deepcopy.go:689.2,689.30 1 0
github.com/bartvanbenthem/stackit-compute-operator/api/v1alpha1/zz_generated.deepcopy.go:689.30,693.3 3 0
github.com/bartvanbenthem/stackit-compute-operator/api/v1alpha1/zz_generated.deepcopy.go:694.2,694.35 1 0
github.com/bartvanbenthem/stackit-compute-operator/api/v1alpha1/zz_generated.deepcopy.go:694.35,698.3 3 0
github.com/bartvanbenthem/stackit-compute-operator/api/v1alpha1/zz_generated.deepcopy.go:699.2,699.22 1 0
github.com/bartvanbenthem/stackit-compute-operator/api/v1alpha1/zz_generated.deepcopy.go:699.22,702.29 3 0
github.com/bartvanbenthem/stackit-compute-operator/api/v1alpha1/zz_generated.deepcopy.go:702.29,704.4 1 0
github.com/bartvanbenthem/stackit-compute-operator/api/v1alpha1/zz_generated.deepcopy.go:709.46,710.15 1 0
github.com/bartvanbenthem/stackit-compute-operator/api/v1alpha1/zz_generated.deepcopy.go:710.15,712.3 1 0
github.com/bartvanbenthem/stackit-compute-operator/api/v1alpha1/zz_generated.deepcopy.go:713.2,715.12 3 0
github.com/bartvanbenthem/stackit-compute-operator/api/v1alpha1/zz_generated.deepcopy.go:719.57,721.20 2 0
github.com/bartvanbenthem/stackit-compute-operator/api/v1alpha1/zz_generated.deepcopy.go:721.20,725.3 3 0
github.com/bartvanbenthem/stackit-compute-operator/api/v1alpha1/zz_generated.deepcopy.go:726.2,726.26 1 0
github.com/bartvanbenthem/stackit-compute-operator/api/v1alpha1/zz_generated.deepcopy.go:726.26,729.22 3 0
github.com/bartvanbenthem/stackit-compute-operator/api/v1alpha1/zz_generated.deepcopy.go:729.22,731.4 1 0
github.com/bartvanbenthem/stackit-compute-operator/api/v1alpha1/zz_generated.deepcopy.go:736.50,737.15 1 0
github.com/bartvanbenthem/stackit-compute-operator/api/v1alpha1/zz_generated.deepcopy.go:737.15,739.3 1 0
github.com/bartvanbenthem/stackit-compute-operator/api/v1alpha1/zz_generated.deepcopy.go:740.2,742.12 3 0
github.com/bartvanbenthem/stackit-compute-operator/api/v1alpha1/zz_generated.deepcopy.go:746.45,752.2 5 0
github.com/bartvanbenthem/stackit-compute-operator/api/v1alpha1/zz_generated.deepcopy.go:755.38,756.15 1 0
github.com/bartvanbenthem/stackit-compute-operator/api/v1alpha1/zz_generated.deepcopy.go:756.15,758.3 1 0
github.com/bartvanbenthem/stackit-compute-operator/api/v1alpha1/zz_generated.deepcopy.go:759.2,761.12 3 0
github.com/bartvanbenthem/stackit-compute-operator/api/v1alpha1/zz_generated.deepcopy.go:765.51,766.34 1 0
github.com/bartvanbenthem/stackit-compute-operator/api/v1alpha1/zz_generated.deepcopy.go:766.34,768.3 1 0
github.com/bartvanbenthem/stackit-compute-operator/api/v1alpha1/zz_generated.deepcopy.go:769.2,769.12 1 0
github.com/bartvanbenthem/stackit-compute-operator/api/v1alpha1/zz_generated.deepcopy.go:773.53,777.21 4 0
github.com/bartvanbenthem/stackit-compute-operator/api/v1alpha1/zz_generated.deepcopy.go:777.21,780.22 3 0
github.com/bartvanbenthem/stackit-compute-operator/api/v1alpha1/zz_generated.deepcopy.go:780.22,782.4 1 0
github.com/bartvanbenthem/stackit-compute-operator/api/v1alpha1/zz_generated.deepcopy.go:787.46,788.15 1 0
github.com/bartvanbenthem/stackit-compute-operator/api/v1alpha1/zz_generated.deepcopy.go:788.15,790.3 1 0
github.com/bartvanbenthem/stackit-compute-operator/api/v1alpha1/zz_generated.deepcopy.go:791.2,793.12 3 0
github.com/bartvanbenthem/stackit-compute-operator/api/v1alpha1/zz_generated.deepcopy.go:797.55,798.34 1 0
github.com/bartvanbenthem/stackit-compute-operator/api/v1alpha1/zz_generated.deepcopy.go:798.34,800.3 1 0
github.com/bartvanbenthem/stackit-compute-operator/api/v1alpha1/zz_generated.deepcopy.go:801.2,801.12 1 0
github.com/bartvanbenthem/stackit-compute-operator/api/v1alpha1/zz_generated.deepcopy.go:805.65,807.2 1 0
github.com/bartvanbenthem/stackit-compute-operator/api/v1alpha1/zz_generated.deepcopy.go:810.58,811.15 1 0
github.com/bartvanbenthem/stackit-compute-operator/api/v1alpha1/zz_generated.deepcopy.go:811.15,813.3 1 0
github.com/bartvanbenthem/stackit-compute-operator/api/v1alpha1/zz_generated.deepcopy.go:814.2,816.12 3 0
github.com/bartvanbenthem/stackit-compute-operator/api/v1alpha1/zz_generated.deepcopy.go:820.53,822.24 2 0
github.com/bartvanbenthem/stackit-compute-operator/api/v1alpha1/zz_generated.deepcopy.go:822.24,826.3 3 0
github.com/bartvanbenthem/stackit-compute-operator/api/v1alpha1/zz_generated.deepcopy.go:827.2,827.22 1 0
github.com/bartvanbenthem/stackit-compute-operator/api/v1alpha1/zz_generated.deepcopy.go:827.22,831.3 3 0
github.com/bartvanbenthem/stackit-compute-operator/api/v1alpha1/zz_generated.deepcopy.go:832.2,832.22 1 0
github.com/bartvanbenthem/stackit-compute-operator/api/v1alpha1/zz_generated.deepcopy.go:832.22,835.29 3 0
github.com/bartvanbenthem/stackit-compute-operator/api/v1alpha1/zz_generated.deepcopy.go:835.29,837.4 1 0
github.com/bartvanbenthem/stackit-compute-operator/api/v1alpha1/zz_generated.deepcopy.go:839.2,839.26 1 0
github.com/bartvanbenthem/stackit-compute-operator/api/v1alpha1/zz_generated.deepcopy.go:839.26,843.3 3 0
github.com/bartvanbenthem/stackit-compute-operator/api/v1alpha1/zz_generated.deepcopy.go:847.46,848.15 1 0
github.com/bartvanbenthem/stackit-compute-operator/api/v1alpha1/zz_generated.deepcopy.go:848.15,850.3 1 0
github.com/bartvanbenthem/stackit-compute-operator/api/v1alpha1/zz_generated.deepcopy.go:851.2,853.12 3 0
github.com/bartvanbenthem/stackit-compute-operator/api/v1alpha1/zz_generated.deepcopy.go:857.57,859.26 2 0
github.com/bartvanbenthem/stackit-compute-operator/api/v1alpha1/zz_generated.deepcopy.go:859.26,862.22 3 0
github.com/bartvanbenthem/stackit-compute-operator/api/v1alpha1/zz_generated.deepcopy.go:862.22,864.4 1 0
github.com/bartvanbenthem/stackit-compute-operator/api/v1alpha1/zz_generated.deepcopy.go:869.50,870.15 1 0
github.com/bartvanbenthem/stackit-compute-operator/api/v1alpha1/zz_generated.deepcopy.go:870.15,872.3 1 0
github.com/bartvanbenthem/stackit-compute-operator/api/v1alpha1/zz_generated.deepcopy.go:873.2,875.12 3 0
github.com/bartvanbenthem/stackit-compute-operator/cmd/main.go:33.13,36.2 2 0
github.com/bartvanbenthem/stackit-compute-operator/cmd/main.go:38.13,60.16 12 0
github.com/bartvanbenthem/stackit-compute-operator/cmd/main.go:60.16,63.3 2 0
github.com/bartvanbenthem/stackit-compute-operator/cmd/main.go:65.2,66.16 2 0
github.com/bartvanbenthem/stackit-compute-operator/cmd/main.go:66.16,69.3 2 0
github.com/bartvanbenthem/stackit-compute-operator/cmd/main.go:71.2,72.16 2 0
github.com/bartvanbenthem/stackit-compute-operator/cmd/main.go:72.16,75.3 2 0
github.com/bartvanbenthem/stackit-compute-operator/cmd/main.go:77.2,81.39 1 0
github.com/bartvanbenthem/stackit-compute-operator/cmd/main.go:81.39,84.3 2 0
github.com/bartvanbenthem/stackit-compute-operator/cmd/main.go:86.2,90.39 1 0
github.com/bartvanbenthem/stackit-compute-operator/cmd/main.go:90.39,93.3 2 0
github.com/bartvanbenthem/stackit-compute-operator/cmd/main.go:95.2,99.39 1 0
github.com/bartvanbenthem/stackit-compute-operator/cmd/main.go:99.39,102.3 2 0
github.com/bartvanbenthem/stackit-compute-operator/cmd/main.go:104.2,108.39 1 0
github.com/bartvanbenthem/stackit-compute-operator/cmd/main.go:108.39,111.3 2 0
github.com/bartvanbenthem/stackit-compute-operator/cmd/main.go:113.2,117.39 1 0
github.com/bartvanbenthem/stackit-compute-operator/cmd/main.go:117.39,120.3 2 0
github.com/bartvanbenthem/stackit-compute-operator/cmd/main.go:122.2,122.69 1 0
github.com/bartvanbenthem/stackit-compute-operator/cmd/main.go:122.69,125.3 2 0
github.com/bartvanbenthem/stackit-compute-operator/cmd/main.go:126.2,126.67 1 0
github.com/bartvanbenthem/stackit-compute-operator/cmd/main.go:126.67,129.3 2 0
github.com/bartvanbenthem/stackit-compute-operator/cmd/main.go:131.2,132.61 2 0
github.com/bartvanbenthem/stackit-compute-operator/cmd/main.go:132.61,135.3 2 0
github.com/bartvanbenthem/stackit-compute-operator/internal/controller/cluster_controller.go:50.99,52.64 2 1
github.com/bartvanbenthem/stackit-compute-operator/internal/controller/cluster_controller.go:52.64,54.3 1 0
github.com/bartvanbenthem/stackit-compute-operator/internal/controller/cluster_controller.go:56.2,59.51 3 1
github.com/bartvanbenthem/stackit-compute-operator/internal/controller/cluster_controller.go:62.115,63.41 1 1
github.com/bartvanbenthem/stackit-compute-operator/internal/controller/cluster_controller.go:63.41,65.3 1 1
github.com/bartvanbenthem/stackit-compute-operator/internal/controller/cluster_controller.go:67.2,69.14 2 1
github.com/bartvanbenthem/stackit-compute-operator/internal/controller/cluster_controller.go:69.14,71.17 2 1
github.com/bartvanbenthem/stackit-compute-operator/internal/controller/cluster_controller.go:71.17,73.4 1 0
github.com/bartvanbenthem/stackit-compute-operator/internal/controller/cluster_controller.go:74.3,74.12 1 1
github.com/bartvanbenthem/stackit-compute-operator/internal/controller/cluster_controller.go:74.12,76.4 1 0
github.com/bartvanbenthem/stackit-compute-operator/internal/controller/cluster_controller.go:79.2,79.38 1 1
github.com/bartvanbenthem/stackit-compute-operator/internal/controller/cluster_controller.go:79.38,81.3 1 1
github.com/bartvanbenthem/stackit-compute-operator/internal/controller/cluster_controller.go:83.2,83.51 1 1
github.com/bartvanbenthem/stackit-compute-operator/internal/controller/cluster_controller.go:86.135,91.13 4 1
github.com/bartvanbenthem/stackit-compute-operator/internal/controller/cluster_controller.go:91.13,94.17 3 1
github.com/bartvanbenthem/stackit-compute-operator/internal/controller/cluster_controller.go:94.17,95.31 1 1
github.com/bartvanbenthem/stackit-compute-operator/internal/controller/cluster_controller.go:95.31,97.49 2 1
github.com/bartvanbenthem/stackit-compute-operator/internal/controller/cluster_controller.go:97.49,98.72 1 1
github.com/bartvanbenthem/stackit-compute-operator/internal/controller/cluster_controller.go:98.72,100.7 1 0
github.com/bartvanbenthem/stackit-compute-operator/internal/controller/cluster_controller.go:102.5,102.57 1 1
github.com/bartvanbenthem/stackit-compute-operator/internal/controller/cluster_controller.go:104.4,104.74 1 0
github.com/bartvanbenthem/stackit-compute-operator/internal/controller/cluster_controller.go:106.3,108.47 3 1
github.com/bartvanbenthem/stackit-compute-operator/internal/controller/cluster_controller.go:108.47,109.58 1 1
github.com/bartvanbenthem/stackit-compute-operator/internal/controller/cluster_controller.go:109.58,111.5 1 0
github.com/bartvanbenthem/stackit-compute-operator/internal/controller/cluster_controller.go:113.3,114.41 2 1
github.com/bartvanbenthem/stackit-compute-operator/internal/controller/cluster_controller.go:117.2,121.16 4 1
github.com/bartvanbenthem/stackit-compute-operator/internal/controller/cluster_controller.go:121.16,123.47 2 0
github.com/bartvanbenthem/stackit-compute-operator/internal/controller/cluster_controller.go:123.47,124.70 1 0
github.com/bartvanbenthem/stackit-compute-operator/internal/controller/cluster_controller.go:124.70,126.5 1 0
github.com/bartvanbenthem/stackit-compute-operator/internal/controller/cluster_controller.go:128.3,128.64 1 0
github.com/bartvanbenthem/stackit-compute-operator/internal/controller/cluster_controller.go:131.2,134.46 4 1
github.com/bartvanbenthem/stackit-compute-operator/internal/controller/cluster_controller.go:134.46,135.57 1 1
github.com/bartvanbenthem/stackit-compute-operator/internal/controller/cluster_controller.go:135.57,137.4 1 0
github.com/bartvanbenthem/stackit-compute-operator/internal/controller/cluster_controller.go:140.2,141.53 2 1
github.com/bartvanbenthem/stackit-compute-operator/internal/controller/cluster_controller.go:144.137,150.16 5 1
github.com/bartvanbenthem/stackit-compute-operator/internal/controller/cluster_controller.go:150.16,151.30 1 0
github.com/bartvanbenthem/stackit-compute-operator/internal/controller/cluster_controller.go:151.30,152.15 1 0
github.com/bartvanbenthem/stackit-compute-operator/internal/controller/cluster_controller.go:152.15,155.49 3 0
github.com/bartvanbenthem/stackit-compute-operator/internal/controller/cluster_controller.go:155.49,156.72 1 0
github.com/bartvanbenthem/stackit-compute-operator/internal/controller/cluster_controller.go:156.72,158.7 1 0
github.com/bartvanbenthem/stackit-compute-operator/internal/controller/cluster_controller.go:160.5,160.57 1 0
github.com/bartvanbenthem/stackit-compute-operator/internal/controller/cluster_controller.go:162.4,165.48 4 0
github.com/bartvanbenthem/stackit-compute-operator/internal/controller/cluster_controller.go:165.48,166.71 1 0
github.com/bartvanbenthem/stackit-compute-operator/internal/controller/cluster_controller.go:166.71,168.6 1 0
github.com/bartvanbenthem/stackit-compute-operator/internal/controller/cluster_controller.go:170.4,170.42 1 0
github.com/bartvanbenthem/stackit-compute-operator/internal/controller/cluster_controller.go:172.3,172.64 1 0
github.com/bartvanbenthem/stackit-compute-operator/internal/controller/cluster_controller.go:175.2,178.9 3 1
github.com/bartvanbenthem/stackit-compute-operator/internal/controller/cluster_controller.go:179.40,181.47 2 1
github.com/bartvanbenthem/stackit-compute-operator/internal/controller/cluster_controller.go:181.47,182.58 1 1
github.com/bartvanbenthem/stackit-compute-operator/internal/controller/cluster_controller.go:182.58,184.5 1 0
github.com/bartvanbenthem/stackit-compute-operator/internal/controller/cluster_controller.go:186.3,186.54 1 1
github.com/bartvanbenthem/stackit-compute-operator/internal/controller/cluster_controller.go:188.34,190.47 2 1
github.com/bartvanbenthem/stackit-compute-operator/internal/controller/cluster_controller.go:190.47,191.58 1 1
github.com/bartvanbenthem/stackit-compute-operator/internal/controller/cluster_controller.go:191.58,193.5 1 0
github.com/bartvanbenthem/stackit-compute-operator/internal/controller/cluster_controller.go:195.3,195.55 1 1
github.com/bartvanbenthem/stackit-compute-operator/internal/controller/cluster_controller.go:198.2,198.14 1 1
github.com/bartvanbenthem/stackit-compute-operator/internal/controller/cluster_controller.go:198.14,199.76 1 1
github.com/bartvanbenthem/stackit-compute-operator/internal/controller/cluster_controller.go:199.76,201.4 1 0
github.com/bartvanbenthem/stackit-compute-operator/internal/controller/cluster_controller.go:201.9,201.23 1 1
github.com/bartvanbenthem/stackit-compute-operator/internal/controller/cluster_controller.go:201.23,203.4 1 1
github.com/bartvanbenthem/stackit-compute-operator/internal/controller/cluster_controller.go:206.2,207.15 2 1
github.com/bartvanbenthem/stackit-compute-operator/internal/controller/cluster_controller.go:208.23,209.55 1 1
github.com/bartvanbenthem/stackit-compute-operator/internal/controller/cluster_controller.go:210.26,211.58 1 0
github.com/bartvanbenthem/stackit-compute-operator/internal/controller/cluster_controller.go:213.2,214.46 2 1
github.com/bartvanbenthem/stackit-compute-operator/internal/controller/cluster_controller.go:214.46,215.57 1 1
github.com/bartvanbenthem/stackit-compute-operator/internal/controller/cluster_controller.go:215.57,217.4 1 0
github.com/bartvanbenthem/stackit-compute-operator/internal/controller/cluster_controller.go:220.2,220.53 1 1
github.com/bartvanbenthem/stackit-compute-operator/internal/controller/cluster_controller.go:229.135,237.62 6 1
github.com/bartvanbenthem/stackit-compute-operator/internal/controller/cluster_controller.go:237.62,242.114 3 1
github.com/bartvanbenthem/stackit-compute-operator/internal/controller/cluster_controller.go:242.114,244.4 1 0
github.com/bartvanbenthem/stackit-compute-operator/internal/controller/cluster_controller.go:245.3,245.19 1 1
github.com/bartvanbenthem/stackit-compute-operator/internal/controller/cluster_controller.go:248.2,248.19 1 1
github.com/bartvanbenthem/stackit-compute-operator/internal/controller/cluster_controller.go:251.121,254.66 2 1
github.com/bartvanbenthem/stackit-compute-operator/internal/controller/cluster_controller.go:254.66,256.3 1 1
github.com/bartvanbenthem/stackit-compute-operator/internal/controller/cluster_controller.go:258.2,258.38 1 1
github.com/bartvanbenthem/stackit-compute-operator/internal/controller/cluster_controller.go:258.38,259.92 1 0
github.com/bartvanbenthem/stackit-compute-operator/internal/controller/cluster_controller.go:259.92,261.4 1 0
github.com/bartvanbenthem/stackit-compute-operator/internal/controller/cluster_controller.go:262.3,262.28 1 0
github.com/bartvanbenthem/stackit-compute-operator/internal/controller/cluster_controller.go:265.2,268.16 3 1
github.com/bartvanbenthem/stackit-compute-operator/internal/controller/cluster_controller.go:268.16,269.30 1 0
github.com/bartvanbenthem/stackit-compute-operator/internal/controller/cluster_controller.go:269.30,271.93 2 0
github.com/bartvanbenthem/stackit-compute-operator/internal/controller/cluster_controller.go:271.93,273.5 1 0
github.com/bartvanbenthem/stackit-compute-operator/internal/controller/cluster_controller.go:274.4,274.29 1 0
github.com/bartvanbenthem/stackit-compute-operator/internal/controller/cluster_controller.go:276.3,276.80 1 0
github.com/bartvanbenthem/stackit-compute-operator/internal/controller/cluster_controller.go:279.2,279.57 1 1
github.com/bartvanbenthem/stackit-compute-operator/internal/controller/cluster_controller.go:279.57,280.94 1 1
github.com/bartvanbenthem/stackit-compute-operator/internal/controller/cluster_controller.go:280.94,281.31 1 0
github.com/bartvanbenthem/stackit-compute-operator/internal/controller/cluster_controller.go:281.31,284.5 2 0
github.com/bartvanbenthem/stackit-compute-operator/internal/controller/cluster_controller.go:285.4,285.32 1 0
github.com/bartvanbenthem/stackit-compute-operator/internal/controller/cluster_controller.go:285.32,287.5 1 0
github.com/bartvanbenthem/stackit-compute-operator/internal/controller/cluster_controller.go:289.3,289.65 1 1
github.com/bartvanbenthem/stackit-compute-operator/internal/controller/cluster_controller.go:292.2,292.53 1 1
github.com/bartvanbenthem/stackit-compute-operator/internal/controller/cluster_controller.go:295.104,299.27 3 1
github.com/bartvanbenthem/stackit-compute-operator/internal/controller/cluster_controller.go:299.27,305.43 5 1
github.com/bartvanbenthem/stackit-compute-operator/internal/controller/cluster_controller.go:305.43,307.4 1 0
github.com/bartvanbenthem/stackit-compute-operator/internal/controller/cluster_controller.go:308.3,308.31 1 1
github.com/bartvanbenthem/stackit-compute-operator/internal/controller/cluster_controller.go:311.2,311.56 1 1
github.com/bartvanbenthem/stackit-compute-operator/internal/controller/cluster_controller.go:314.136,322.2 1 1
github.com/bartvanbenthem/stackit-compute-operator/internal/controller/cluster_controller.go:326.58,327.63 1 1
github.com/bartvanbenthem/stackit-compute-operator/internal/controller/cluster_controller.go:327.63,329.3 1 0
github.com/bartvanbenthem/stackit-compute-operator/internal/controller/cluster_controller.go:330.2,330.43 1 1
github.com/bartvanbenthem/stackit-compute-operator/internal/controller/cluster_controller.go:335.59,336.29 1 1
github.com/bartvanbenthem/stackit-compute-operator/internal/controller/cluster_controller.go:336.29,338.3 1 1
github.com/bartvanbenthem/stackit-compute-operator/internal/controller/cluster_controller.go:339.2,339.21 1 1
github.com/bartvanbenthem/stackit-compute-operator/internal/controller/cluster_controller.go:346.90,347.34 1 1
github.com/bartvanbenthem/stackit-compute-operator/internal/controller/cluster_controller.go:347.34,349.3 1 0
github.com/bartvanbenthem/stackit-compute-operator/internal/controller/cluster_controller.go:350.2,351.29 2 1
github.com/bartvanbenthem/stackit-compute-operator/internal/controller/cluster_controller.go:351.29,353.3 1 1
github.com/bartvanbenthem/stackit-compute-operator/internal/controller/cluster_controller.go:354.2,354.31 1 1
github.com/bartvanbenthem/stackit-compute-operator/internal/controller/cluster_controller.go:354.31,356.10 2 1
github.com/bartvanbenthem/stackit-compute-operator/internal/controller/cluster_controller.go:356.10,358.4 1 0
github.com/bartvanbenthem/stackit-compute-operator/internal/controller/cluster_controller.go:359.3,359.43 1 1
github.com/bartvanbenthem/stackit-compute-operator/internal/controller/cluster_controller.go:359.43,361.4 1 0
github.com/bartvanbenthem/stackit-compute-operator/internal/controller/cluster_controller.go:362.3,362.111 1 1
github.com/bartvanbenthem/stackit-compute-operator/internal/controller/cluster_controller.go:362.111,364.4 1 0
github.com/bartvanbenthem/stackit-compute-operator/internal/controller/cluster_controller.go:365.3,365.79 1 1
github.com/bartvanbenthem/stackit-compute-operator/internal/controller/cluster_controller.go:365.79,367.4 1 0
github.com/bartvanbenthem/stackit-compute-operator/internal/controller/cluster_controller.go:368.3,368.49 1 1
github.com/bartvanbenthem/stackit-compute-operator/internal/controller/cluster_controller.go:368.49,370.4 1 0
github.com/bartvanbenthem/stackit-compute-operator/internal/controller/cluster_controller.go:371.3,371.81 1 1
github.com/bartvanbenthem/stackit-compute-operator/internal/controller/cluster_controller.go:371.81,373.4 1 0
github.com/bartvanbenthem/stackit-compute-operator/internal/controller/cluster_controller.go:374.3,374.81 1 1
github.com/bartvanbenthem/stackit-compute-operator/internal/controller/cluster_controller.go:374.81,376.4 1 0
github.com/bartvanbenthem/stackit-compute-operator/internal/controller/cluster_controller.go:378.2,378.13 1 1
github.com/bartvanbenthem/stackit-compute-operator/internal/controller/cluster_controller.go:387.103,388.20 1 1
github.com/bartvanbenthem/stackit-compute-operator/internal/controller/cluster_controller.go:388.20,390.3 1 1
github.com/bartvanbenthem/stackit-compute-operator/internal/controller/cluster_controller.go:391.2,391.20 1 0
github.com/bartvanbenthem/stackit-compute-operator/internal/controller/cluster_controller.go:391.20,393.3 1 0
github.com/bartvanbenthem/stackit-compute-operator/internal/controller/cluster_controller.go:394.2,394.103 1 0
github.com/bartvanbenthem/stackit-compute-operator/internal/controller/cluster_controller.go:394.103,396.3 1 0
github.com/bartvanbenthem/stackit-compute-operator/internal/controller/cluster_controller.go:397.2,397.107 1 0
github.com/bartvanbenthem/stackit-compute-operator/internal/controller/cluster_controller.go:397.107,399.3 1 0
github.com/bartvanbenthem/stackit-compute-operator/internal/controller/cluster_controller.go:400.2,400.126 1 0
github.com/bartvanbenthem/stackit-compute-operator/internal/controller/cluster_controller.go:400.126,402.3 1 0
github.com/bartvanbenthem/stackit-compute-operator/internal/controller/cluster_controller.go:403.2,403.13 1 0
github.com/bartvanbenthem/stackit-compute-operator/internal/controller/cluster_controller.go:412.41,416.2 3 0
github.com/bartvanbenthem/stackit-compute-operator/internal/controller/cluster_controller.go:418.53,419.22 1 1
github.com/bartvanbenthem/stackit-compute-operator/internal/controller/cluster_controller.go:419.22,421.3 1 0
github.com/bartvanbenthem/stackit-compute-operator/internal/controller/cluster_controller.go:422.2,423.22 2 1
github.com/bartvanbenthem/stackit-compute-operator/internal/controller/cluster_controller.go:423.22,425.3 1 1
github.com/bartvanbenthem/stackit-compute-operator/internal/controller/cluster_controller.go:426.2,426.22 1 1
github.com/bartvanbenthem/stackit-compute-operator/internal/controller/cluster_controller.go:426.22,428.3 1 1
github.com/bartvanbenthem/stackit-compute-operator/internal/controller/cluster_controller.go:429.2,429.27 1 1
github.com/bartvanbenthem/stackit-compute-operator/internal/controller/cluster_controller.go:429.27,430.13 1 1
github.com/bartvanbenthem/stackit-compute-operator/internal/controller/cluster_controller.go:430.13,432.4 1 0
github.com/bartvanbenthem/stackit-compute-operator/internal/controller/cluster_controller.go:434.2,434.13 1 1
github.com/bartvanbenthem/stackit-compute-operator/internal/controller/cluster_controller.go:438.70,443.2 1 0
github.com/bartvanbenthem/stackit-compute-operator/internal/controller/image_controller.go:45.97,47.62 2 1
github.com/bartvanbenthem/stackit-compute-operator/internal/controller/image_controller.go:47.62,49.3 1 0
github.com/bartvanbenthem/stackit-compute-operator/internal/controller/image_controller.go:51.2,54.51 3 1
github.com/bartvanbenthem/stackit-compute-operator/internal/controller/image_controller.go:57.109,58.39 1 1
github.com/bartvanbenthem/stackit-compute-operator/internal/controller/image_controller.go:58.39,60.3 1 1
github.com/bartvanbenthem/stackit-compute-operator/internal/controller/image_controller.go:62.2,64.14 2 1
github.com/bartvanbenthem/stackit-compute-operator/internal/controller/image_controller.go:64.14,66.17 2 1
github.com/bartvanbenthem/stackit-compute-operator/internal/controller/image_controller.go:66.17,68.4 1 0
github.com/bartvanbenthem/stackit-compute-operator/internal/controller/image_controller.go:69.3,69.12 1 1
github.com/bartvanbenthem/stackit-compute-operator/internal/controller/image_controller.go:69.12,71.4 1 0
github.com/bartvanbenthem/stackit-compute-operator/internal/controller/image_controller.go:74.2,74.32 1 1
github.com/bartvanbenthem/stackit-compute-operator/internal/controller/image_controller.go:74.32,76.3 1 1
github.com/bartvanbenthem/stackit-compute-operator/internal/controller/image_controller.go:78.2,78.49 1 1
github.com/bartvanbenthem/stackit-compute-operator/internal/controller/image_controller.go:81.129,86.13 4 1
github.com/bartvanbenthem/stackit-compute-operator/internal/controller/image_controller.go:86.13,89.17 3 1
github.com/bartvanbenthem/stackit-compute-operator/internal/controller/image_controller.go:89.17,90.31 1 1
github.com/bartvanbenthem/stackit-compute-operator/internal/controller/image_controller.go:90.31,92.47 2 1
github.com/bartvanbenthem/stackit-compute-operator/internal/controller/image_controller.go:92.47,93.70 1 1
github.com/bartvanbenthem/stackit-compute-operator/internal/controller/image_controller.go:93.70,95.7 1 0
github.com/bartvanbenthem/stackit-compute-operator/internal/controller/image_controller.go:97.5,97.57 1 1
github.com/bartvanbenthem/stackit-compute-operator/internal/controller/image_controller.go:99.4,99.72 1 0
github.com/bartvanbenthem/stackit-compute-operator/internal/controller/image_controller.go:101.3,103.45 3 1
github.com/bartvanbenthem/stackit-compute-operator/internal/controller/image_controller.go:103.45,104.56 1 1
github.com/bartvanbenthem/stackit-compute-operator/internal/controller/image_controller.go:104.56,106.5 1 0
github.com/bartvanbenthem/stackit-compute-operator/internal/controller/image_controller.go:108.3,109.41 2 1
github.com/bartvanbenthem/stackit-compute-operator/internal/controller/image_controller.go:112.2,116.16 4 1
github.com/bartvanbenthem/stackit-compute-operator/internal/controller/image_controller.go:116.16,118.45 2 0
github.com/bartvanbenthem/stackit-compute-operator/internal/controller/image_controller.go:118.45,119.68 1 0
github.com/bartvanbenthem/stackit-compute-operator/internal/controller/image_controller.go:119.68,121.5 1 0
github.com/bartvanbenthem/stackit-compute-operator/internal/controller/image_controller.go:123.3,123.62 1 0
github.com/bartvanbenthem/stackit-compute-operator/internal/controller/image_controller.go:126.2,130.44 5 1
github.com/bartvanbenthem/stackit-compute-operator/internal/controller/image_controller.go:130.44,131.55 1 1
github.com/bartvanbenthem/stackit-compute-operator/internal/controller/image_controller.go:131.55,133.4 1 0
github.com/bartvanbenthem/stackit-compute-operator/internal/controller/image_controller.go:136.2,137.54 2 1
github.com/bartvanbenthem/stackit-compute-operator/internal/controller/image_controller.go:140.131,146.16 5 1
github.com/bartvanbenthem/stackit-compute-operator/internal/controller/image_controller.go:146.16,147.30 1 0
github.com/bartvanbenthem/stackit-compute-operator/internal/controller/image_controller.go:147.30,148.15 1 0
github.com/bartvanbenthem/stackit-compute-operator/internal/controller/image_controller.go:148.15,151.47 3 0
github.com/bartvanbenthem/stackit-compute-operator/internal/controller/image_controller.go:151.47,152.70 1 0
github.com/bartvanbenthem/stackit-compute-operator/internal/controller/image_controller.go:152.70,154.7 1 0
github.com/bartvanbenthem/stackit-compute-operator/internal/controller/image_controller.go:156.5,156.57 1 0
github.com/bartvanbenthem/stackit-compute-operator/internal/controller/image_controller.go:158.4,161.46 4 0
github.com/bartvanbenthem/stackit-compute-operator/internal/controller/image_controller.go:161.46,162.69 1 0
github.com/bartvanbenthem/stackit-compute-operator/internal/controller/image_controller.go:162.69,164.6 1 0
github.com/bartvanbenthem/stackit-compute-operator/internal/controller/image_controller.go:166.4,166.42 1 0
github.com/bartvanbenthem/stackit-compute-operator/internal/controller/image_controller.go:168.3,168.62 1 0
github.com/bartvanbenthem/stackit-compute-operator/internal/controller/image_controller.go:171.2,174.15 3 1
github.com/bartvanbenthem/stackit-compute-operator/internal/controller/image_controller.go:175.18,180.45 2 1
github.com/bartvanbenthem/stackit-compute-operator/internal/controller/image_controller.go:180.45,181.56 1 1
github.com/bartvanbenthem/stackit-compute-operator/internal/controller/image_controller.go:181.56,183.5 1 0
github.com/bartvanbenthem/stackit-compute-operator/internal/controller/image_controller.go:185.3,185.55 1 1
github.com/bartvanbenthem/stackit-compute-operator/internal/controller/image_controller.go:187.18,189.45 2 0
github.com/bartvanbenthem/stackit-compute-operator/internal/controller/image_controller.go:189.45,190.56 1 0
github.com/bartvanbenthem/stackit-compute-operator/internal/controller/image_controller.go:190.56,192.5 1 0
github.com/bartvanbenthem/stackit-compute-operator/internal/controller/image_controller.go:194.3,194.54 1 0
github.com/bartvanbenthem/stackit-compute-operator/internal/controller/image_controller.go:196.15,198.45 2 0
github.com/bartvanbenthem/stackit-compute-operator/internal/controller/image_controller.go:198.45,199.56 1 0
github.com/bartvanbenthem/stackit-compute-operator/internal/controller/image_controller.go:199.56,201.5 1 0
github.com/bartvanbenthem/stackit-compute-operator/internal/controller/image_controller.go:203.3,203.55 1 0
github.com/bartvanbenthem/stackit-compute-operator/internal/controller/image_controller.go:206.2,206.14 1 1
github.com/bartvanbenthem/stackit-compute-operator/internal/controller/image_controller.go:206.14,207.74 1 1
github.com/bartvanbenthem/stackit-compute-operator/internal/controller/image_controller.go:207.74,209.4 1 0
github.com/bartvanbenthem/stackit-compute-operator/internal/controller/image_controller.go:209.9,209.23 1 1
github.com/bartvanbenthem/stackit-compute-operator/internal/controller/image_controller.go:209.23,211.4 1 1
github.com/bartvanbenthem/stackit-compute-operator/internal/controller/image_controller.go:214.2,215.15 2 1
github.com/bartvanbenthem/stackit-compute-operator/internal/controller/image_controller.go:216.19,217.57 1 1
github.com/bartvanbenthem/stackit-compute-operator/internal/controller/image_controller.go:218.21,219.25 1 0
github.com/bartvanbenthem/stackit-compute-operator/internal/controller/image_controller.go:221.2,222.44 2 1
github.com/bartvanbenthem/stackit-compute-operator/internal/controller/image_controller.go:222.44,223.55 1 1
github.com/bartvanbenthem/stackit-compute-operator/internal/controller/image_controller.go:223.55,225.4 1 0
github.com/bartvanbenthem/stackit-compute-operator/internal/controller/image_controller.go:228.2,228.53 1 1
github.com/bartvanbenthem/stackit-compute-operator/internal/controller/image_controller.go:237.128,249.114 10 1
github.com/bartvanbenthem/stackit-compute-operator/internal/controller/image_controller.go:249.114,257.107 5 1
github.com/bartvanbenthem/stackit-compute-operator/internal/controller/image_controller.go:257.107,259.4 1 0
github.com/bartvanbenthem/stackit-compute-operator/internal/controller/image_controller.go:260.3,260.19 1 1
github.com/bartvanbenthem/stackit-compute-operator/internal/controller/image_controller.go:263.2,263.19 1 1
github.com/bartvanbenthem/stackit-compute-operator/internal/controller/image_controller.go:266.115,269.62 2 1
github.com/bartvanbenthem/stackit-compute-operator/internal/controller/image_controller.go:269.62,271.3 1 1
github.com/bartvanbenthem/stackit-compute-operator/internal/controller/image_controller.go:273.2,273.32 1 1
github.com/bartvanbenthem/stackit-compute-operator/internal/controller/image_controller.go:273.32,274.88 1 0
github.com/bartvanbenthem/stackit-compute-operator/internal/controller/image_controller.go:274.88,276.4 1 0
github.com/bartvanbenthem/stackit-compute-operator/internal/controller/image_controller.go:277.3,277.28 1 0
github.com/bartvanbenthem/stackit-compute-operator/internal/controller/image_controller.go:280.2,283.16 3 1
github.com/bartvanbenthem/stackit-compute-operator/internal/controller/image_controller.go:283.16,284.30 1 0
github.com/bartvanbenthem/stackit-compute-operator/internal/controller/image_controller.go:284.30,286.89 2 0
github.com/bartvanbenthem/stackit-compute-operator/internal/controller/image_controller.go:286.89,288.5 1 0
github.com/bartvanbenthem/stackit-compute-operator/internal/controller/image_controller.go:289.4,289.29 1 0
github.com/bartvanbenthem/stackit-compute-operator/internal/controller/image_controller.go:291.3,291.78 1 0
github.com/bartvanbenthem/stackit-compute-operator/internal/controller/image_controller.go:294.2,294.47 1 1
github.com/bartvanbenthem/stackit-compute-operator/internal/controller/image_controller.go:294.47,295.123 1 1
github.com/bartvanbenthem/stackit-compute-operator/internal/controller/image_controller.go:295.123,297.4 1 0
github.com/bartvanbenthem/stackit-compute-operator/internal/controller/image_controller.go:298.3,298.62 1 1
github.com/bartvanbenthem/stackit-compute-operator/internal/controller/image_controller.go:301.2,301.53 1 1
github.com/bartvanbenthem/stackit-compute-operator/internal/controller/image_controller.go:307.95,312.2 4 1
github.com/bartvanbenthem/stackit-compute-operator/internal/controller/image_controller.go:314.130,322.2 1 1
github.com/bartvanbenthem/stackit-compute-operator/internal/controller/image_controller.go:326.53,327.27 1 1
github.com/bartvanbenthem/stackit-compute-operator/internal/controller/image_controller.go:327.27,329.3 1 1
github.com/bartvanbenthem/stackit-compute-operator/internal/controller/image_controller.go:330.2,330.19 1 1
github.com/bartvanbenthem/stackit-compute-operator/internal/controller/image_controller.go:334.68,339.2 1 0
github.com/bartvanbenthem/stackit-compute-operator/internal/controller/lifecycle.go:18.41,20.2 1 1
github.com/bartvanbenthem/stackit-compute-operator/internal/controller/lifecycle.go:22.33,23.14 1 1
github.com/bartvanbenthem/stackit-compute-operator/internal/controller/lifecycle.go:23.14,25.3 1 1
github.com/bartvanbenthem/stackit-compute-operator/internal/controller/lifecycle.go:26.2,26.11 1 1
github.com/bartvanbenthem/stackit-compute-operator/internal/controller/lifecycle.go:29.30,30.14 1 1
github.com/bartvanbenthem/stackit-compute-operator/internal/controller/lifecycle.go:30.14,32.3 1 1
github.com/bartvanbenthem/stackit-compute-operator/internal/controller/lifecycle.go:33.2,33.11 1 1
github.com/bartvanbenthem/stackit-compute-operator/internal/controller/lifecycle.go:38.49,39.14 1 1
github.com/bartvanbenthem/stackit-compute-operator/internal/controller/lifecycle.go:39.14,41.3 1 0
github.com/bartvanbenthem/stackit-compute-operator/internal/controller/lifecycle.go:42.2,42.11 1 1
github.com/bartvanbenthem/stackit-compute-operator/internal/controller/lifecycle.go:47.111,48.54 1 1
github.com/bartvanbenthem/stackit-compute-operator/internal/controller/lifecycle.go:48.54,50.3 1 1
github.com/bartvanbenthem/stackit-compute-operator/internal/controller/lifecycle.go:51.2,52.43 2 1
github.com/bartvanbenthem/stackit-compute-operator/internal/controller/lifecycle.go:52.43,54.3 1 0
github.com/bartvanbenthem/stackit-compute-operator/internal/controller/lifecycle.go:55.2,55.18 1 1
github.com/bartvanbenthem/stackit-compute-operator/internal/controller/lifecycle.go:60.112,61.55 1 0
github.com/bartvanbenthem/stackit-compute-operator/internal/controller/lifecycle.go:61.55,63.3 1 0
github.com/bartvanbenthem/stackit-compute-operator/internal/controller/lifecycle.go:64.2,65.27 2 0
github.com/bartvanbenthem/stackit-compute-operator/internal/controller/lifecycle.go:75.104,76.54 1 1
github.com/bartvanbenthem/stackit-compute-operator/internal/controller/lifecycle.go:76.54,78.3 1 1
github.com/bartvanbenthem/stackit-compute-operator/internal/controller/lifecycle.go:79.2,80.53 2 0
github.com/bartvanbenthem/stackit-compute-operator/internal/controller/lifecycle.go:88.54,90.2 1 1
github.com/bartvanbenthem/stackit-compute-operator/internal/controller/network_controller.go:46.99,48.64 2 1
github.com/bartvanbenthem/stackit-compute-operator/internal/controller/network_controller.go:48.64,50.3 1 0
github.com/bartvanbenthem/stackit-compute-operator/internal/controller/network_controller.go:52.2,55.51 3 1
github.com/bartvanbenthem/stackit-compute-operator/internal/controller/network_controller.go:58.115,59.41 1 1
github.com/bartvanbenthem/stackit-compute-operator/internal/controller/network_controller.go:59.41,61.3 1 1
github.com/bartvanbenthem/stackit-compute-operator/internal/controller/network_controller.go:63.2,65.14 2 1
github.com/bartvanbenthem/stackit-compute-operator/internal/controller/network_controller.go:65.14,67.17 2 1
github.com/bartvanbenthem/stackit-compute-operator/internal/controller/network_controller.go:67.17,69.4 1 0
github.com/bartvanbenthem/stackit-compute-operator/internal/controller/network_controller.go:70.3,70.12 1 1
github.com/bartvanbenthem/stackit-compute-operator/internal/controller/network_controller.go:70.12,72.4 1 0
github.com/bartvanbenthem/stackit-compute-operator/internal/controller/network_controller.go:75.2,75.36 1 1
github.com/bartvanbenthem/stackit-compute-operator/internal/controller/network_controller.go:75.36,77.3 1 1
github.com/bartvanbenthem/stackit-compute-operator/internal/controller/network_controller.go:79.2,79.51 1 1
github.com/bartvanbenthem/stackit-compute-operator/internal/controller/network_controller.go:82.135,87.13 4 1
github.com/bartvanbenthem/stackit-compute-operator/internal/controller/network_controller.go:87.13,90.17 3 1
github.com/bartvanbenthem/stackit-compute-operator/internal/controller/network_controller.go:90.17,91.31 1 1
github.com/bartvanbenthem/stackit-compute-operator/internal/controller/network_controller.go:91.31,93.49 2 1
github.com/bartvanbenthem/stackit-compute-operator/internal/controller/network_controller.go:93.49,94.72 1 1
github.com/bartvanbenthem/stackit-compute-operator/internal/controller/network_controller.go:94.72,96.7 1 0
github.com/bartvanbenthem/stackit-compute-operator/internal/controller/network_controller.go:98.5,98.57 1 1
github.com/bartvanbenthem/stackit-compute-operator/internal/controller/network_controller.go:100.4,100.74 1 0
github.com/bartvanbenthem/stackit-compute-operator/internal/controller/network_controller.go:102.3,104.47 3 1
github.com/bartvanbenthem/stackit-compute-operator/internal/controller/network_controller.go:104.47,105.58 1 1
github.com/bartvanbenthem/stackit-compute-operator/internal/controller/network_controller.go:105.58,107.5 1 0
github.com/bartvanbenthem/stackit-compute-operator/internal/controller/network_controller.go:109.3,110.41 2 1
github.com/bartvanbenthem/stackit-compute-operator/internal/controller/network_controller.go:113.2,117.16 4 1
github.com/bartvanbenthem/stackit-compute-operator/internal/controller/network_controller.go:117.16,119.47 2 0
github.com/bartvanbenthem/stackit-compute-operator/internal/controller/network_controller.go:119.47,120.70 1 0
github.com/bartvanbenthem/stackit-compute-operator/internal/controller/network_controller.go:120.70,122.5 1 0
github.com/bartvanbenthem/stackit-compute-operator/internal/controller/network_controller.go:124.3,124.64 1 0
github.com/bartvanbenthem/stackit-compute-operator/internal/controller/network_controller.go:127.2,130.46 4 1
github.com/bartvanbenthem/stackit-compute-operator/internal/controller/network_controller.go:130.46,131.57 1 1
github.com/bartvanbenthem/stackit-compute-operator/internal/controller/network_controller.go:131.57,133.4 1 0
github.com/bartvanbenthem/stackit-compute-operator/internal/controller/network_controller.go:136.2,137.53 2 1
github.com/bartvanbenthem/stackit-compute-operator/internal/controller/network_controller.go:140.137,146.16 5 1
github.com/bartvanbenthem/stackit-compute-operator/internal/controller/network_controller.go:146.16,147.30 1 0
github.com/bartvanbenthem/stackit-compute-operator/internal/controller/network_controller.go:147.30,148.15 1 0
github.com/bartvanbenthem/stackit-compute-operator/internal/controller/network_controller.go:148.15,151.49 3 0
github.com/bartvanbenthem/stackit-compute-operator/internal/controller/network_controller.go:151.49,152.72 1 0
github.com/bartvanbenthem/stackit-compute-operator/internal/controller/network_controller.go:152.72,154.7 1 0
github.com/bartvanbenthem/stackit-compute-operator/internal/controller/network_controller.go:156.5,156.57 1 0
github.com/bartvanbenthem/stackit-compute-operator/internal/controller/network_controller.go:158.4,161.48 4 0
github.com/bartvanbenthem/stackit-compute-operator/internal/controller/network_controller.go:161.48,162.71 1 0
github.com/bartvanbenthem/stackit-compute-operator/internal/controller/network_controller.go:162.71,164.6 1 0
github.com/bartvanbenthem/stackit-compute-operator/internal/controller/network_controller.go:166.4,166.42 1 0
github.com/bartvanbenthem/stackit-compute-operator/internal/controller/network_controller.go:168.3,168.64 1 0
[...]
github.com/bartvanbenthem/stackit-compute-operator/internal/controller/server_controller.go:275.24,277.46 2 1
github.com/bartvanbenthem/stackit-compute-operator/internal/controller/server_controller.go:277.46,278.57 1 1
github.com/bartvanbenthem/stackit-compute-operator/internal/controller/server_controller.go:278.57,280.5 1 0
github.com/bartvanbenthem/stackit-compute-operator/internal/controller/server_controller.go:282.3,282.55 1 1
github.com/bartvanbenthem/stackit-compute-operator/internal/controller/server_controller.go:285.2,285.74 1 1
github.com/bartvanbenthem/stackit-compute-operator/internal/controller/server_controller.go:285.74,287.3 1 0
github.com/bartvanbenthem/stackit-compute-operator/internal/controller/server_controller.go:287.8,287.22 1 1
github.com/bartvanbenthem/stackit-compute-operator/internal/controller/server_controller.go:287.22,289.3 1 1
github.com/bartvanbenthem/stackit-compute-operator/internal/controller/server_controller.go:291.2,292.15 2 1
github.com/bartvanbenthem/stackit-compute-operator/internal/controller/server_controller.go:293.16,294.54 1 1
github.com/bartvanbenthem/stackit-compute-operator/internal/controller/server_controller.go:295.18,296.56 1 0
github.com/bartvanbenthem/stackit-compute-operator/internal/controller/server_controller.go:298.2,299.45 2 1
github.com/bartvanbenthem/stackit-compute-operator/internal/controller/server_controller.go:299.45,300.56 1 1
github.com/bartvanbenthem/stackit-compute-operator/internal/controller/server_controller.go:300.56,302.4 1 0
github.com/bartvanbenthem/stackit-compute-operator/internal/controller/server_controller.go:305.2,305.53 1 1
github.com/bartvanbenthem/stackit-compute-operator/internal/controller/server_controller.go:312.132,316.85 3 1
github.com/bartvanbenthem/stackit-compute-operator/internal/controller/server_controller.go:316.85,318.122 2 1
github.com/bartvanbenthem/stackit-compute-operator/internal/controller/server_controller.go:318.122,320.4 1 0
github.com/bartvanbenthem/stackit-compute-operator/internal/controller/server_controller.go:321.3,321.19 1 1
github.com/bartvanbenthem/stackit-compute-operator/internal/controller/server_controller.go:324.2,325.24 2 1
github.com/bartvanbenthem/stackit-compute-operator/internal/controller/server_controller.go:325.24,327.3 1 1
github.com/bartvanbenthem/stackit-compute-operator/internal/controller/server_controller.go:328.2,329.9 2 1
github.com/bartvanbenthem/stackit-compute-operator/internal/controller/server_controller.go:330.86,332.95 2 1
github.com/bartvanbenthem/stackit-compute-operator/internal/controller/server_controller.go:332.95,334.4 1 0
github.com/bartvanbenthem/stackit-compute-operator/internal/controller/server_controller.go:335.3,335.19 1 1
github.com/bartvanbenthem/stackit-compute-operator/internal/controller/server_controller.go:336.84,338.96 2 1
github.com/bartvanbenthem/stackit-compute-operator/internal/controller/server_controller.go:338.96,340.4 1 0
github.com/bartvanbenthem/stackit-compute-operator/internal/controller/server_controller.go:341.3,341.19 1 1
github.com/bartvanbenthem/stackit-compute-operator/internal/controller/server_controller.go:344.2,347.34 4 1
github.com/bartvanbenthem/stackit-compute-operator/internal/controller/server_controller.go:347.34,349.18 2 1
github.com/bartvanbenthem/stackit-compute-operator/internal/controller/server_controller.go:349.18,351.4 1 1
github.com/bartvanbenthem/stackit-compute-operator/internal/controller/server_controller.go:352.3,353.20 2 1
github.com/bartvanbenthem/stackit-compute-operator/internal/controller/server_controller.go:353.20,355.4 1 1
github.com/bartvanbenthem/stackit-compute-operator/internal/controller/server_controller.go:356.3,358.109 3 1
github.com/bartvanbenthem/stackit-compute-operator/internal/controller/server_controller.go:358.109,360.4 1 0
github.com/bartvanbenthem/stackit-compute-operator/internal/controller/server_controller.go:361.3,361.19 1 1
github.com/bartvanbenthem/stackit-compute-operator/internal/controller/server_controller.go:364.2,364.19 1 1
github.com/bartvanbenthem/stackit-compute-operator/internal/controller/server_controller.go:367.118,370.64 2 1
github.com/bartvanbenthem/stackit-compute-operator/internal/controller/server_controller.go:370.64,372.3 1 1
github.com/bartvanbenthem/stackit-compute-operator/internal/controller/server_controller.go:374.2,374.34 1 1
github.com/bartvanbenthem/stackit-compute-operator/internal/controller/server_controller.go:374.34,376.47 2 1
github.com/bartvanbenthem/stackit-compute-operator/internal/controller/server_controller.go:376.47,378.4 1 0
github.com/bartvanbenthem/stackit-compute-operator/internal/controller/server_controller.go:379.3,379.28 1 1
github.com/bartvanbenthem/stackit-compute-operator/internal/controller/server_controller.go:382.2,385.16 3 1
github.com/bartvanbenthem/stackit-compute-operator/internal/controller/server_controller.go:385.16,386.30 1 1
github.com/bartvanbenthem/stackit-compute-operator/internal/controller/server_controller.go:386.30,389.60 3 1
github.com/bartvanbenthem/stackit-compute-operator/internal/controller/server_controller.go:389.60,391.5 1 0
github.com/bartvanbenthem/stackit-compute-operator/internal/controller/server_controller.go:392.4,392.29 1 1
github.com/bartvanbenthem/stackit-compute-operator/internal/controller/server_controller.go:394.3,394.79 1 1
github.com/bartvanbenthem/stackit-compute-operator/internal/controller/server_controller.go:397.2,397.47 1 1
github.com/bartvanbenthem/stackit-compute-operator/internal/controller/server_controller.go:397.47,398.125 1 1
github.com/bartvanbenthem/stackit-compute-operator/internal/controller/server_controller.go:398.125,400.4 1 1
github.com/bartvanbenthem/stackit-compute-operator/internal/controller/server_controller.go:401.3,401.65 1 1
github.com/bartvanbenthem/stackit-compute-operator/internal/controller/server_controller.go:404.2,404.53 1 1
github.com/bartvanbenthem/stackit-compute-operator/internal/controller/server_controller.go:407.100,414.35 6 1
github.com/bartvanbenthem/stackit-compute-operator/internal/controller/server_controller.go:414.35,421.3 1 1
github.com/bartvanbenthem/stackit-compute-operator/internal/controller/server_controller.go:422.2,422.27 1 1
github.com/bartvanbenthem/stackit-compute-operator/internal/controller/server_controller.go:425.133,433.2 1 1
github.com/bartvanbenthem/stackit-compute-operator/internal/controller/server_controller.go:437.56,438.28 1 1
github.com/bartvanbenthem/stackit-compute-operator/internal/controller/server_controller.go:438.28,440.3 1 1
github.com/bartvanbenthem/stackit-compute-operator/internal/controller/server_controller.go:441.2,441.20 1 1
github.com/bartvanbenthem/stackit-compute-operator/internal/controller/server_controller.go:444.36,445.14 1 1
github.com/bartvanbenthem/stackit-compute-operator/internal/controller/server_controller.go:445.14,447.3 1 1
github.com/bartvanbenthem/stackit-compute-operator/internal/controller/server_controller.go:448.2,448.11 1 1
github.com/bartvanbenthem/stackit-compute-operator/internal/controller/server_controller.go:454.82,455.28 1 1
github.com/bartvanbenthem/stackit-compute-operator/internal/controller/server_controller.go:455.28,457.10 2 1
github.com/bartvanbenthem/stackit-compute-operator/internal/controller/server_controller.go:457.10,459.4 1 1
github.com/bartvanbenthem/stackit-compute-operator/internal/controller/server_controller.go:460.3,460.33 1 1
github.com/bartvanbenthem/stackit-compute-operator/internal/controller/server_controller.go:460.33,462.4 1 1
github.com/bartvanbenthem/stackit-compute-operator/internal/controller/server_controller.go:464.2,464.13 1 1
github.com/bartvanbenthem/stackit-compute-operator/internal/controller/server_controller.go:468.69,473.2 1 0
github.com/bartvanbenthem/stackit-compute-operator/internal/controller/volume_controller.go:49.98,51.63 2 1
github.com/bartvanbenthem/stackit-compute-operator/internal/controller/volume_controller.go:51.63,53.3 1 0
github.com/bartvanbenthem/stackit-compute-operator/internal/controller/volume_controller.go:55.2,58.51 3 1
github.com/bartvanbenthem/stackit-compute-operator/internal/controller/volume_controller.go:61.112,62.40 1 1
github.com/bartvanbenthem/stackit-compute-operator/internal/controller/volume_controller.go:62.40,64.3 1 1
github.com/bartvanbenthem/stackit-compute-operator/internal/controller/volume_controller.go:66.2,68.14 2 1
github.com/bartvanbenthem/stackit-compute-operator/internal/controller/volume_controller.go:68.14,70.17 2 1
github.com/bartvanbenthem/stackit-compute-operator/internal/controller/volume_controller.go:70.17,72.4 1 0
github.com/bartvanbenthem/stackit-compute-operator/internal/controller/volume_controller.go:73.3,73.12 1 1
github.com/bartvanbenthem/stackit-compute-operator/internal/controller/volume_controller.go:73.12,75.4 1 1
github.com/bartvanbenthem/stackit-compute-operator/internal/controller/volume_controller.go:78.2,78.34 1 1
github.com/bartvanbenthem/stackit-compute-operator/internal/controller/volume_controller.go:78.34,80.3 1 1
github.com/bartvanbenthem/stackit-compute-operator/internal/controller/volume_controller.go:82.2,82.50 1 1
github.com/bartvanbenthem/stackit-compute-operator/internal/controller/volume_controller.go:85.132,90.13 4 1
github.com/bartvanbenthem/stackit-compute-operator/internal/controller/volume_controller.go:90.13,93.17 3 1
github.com/bartvanbenthem/stackit-compute-operator/internal/controller/volume_controller.go:93.17,94.31 1 1
github.com/bartvanbenthem/stackit-compute-operator/internal/controller/volume_controller.go:94.31,96.48 2 1
github.com/bartvanbenthem/stackit-compute-operator/internal/controller/volume_controller.go:96.48,97.71 1 1
github.com/bartvanbenthem/stackit-compute-operator/internal/controller/volume_controller.go:97.71,99.7 1 0
github.com/bartvanbenthem/stackit-compute-operator/internal/controller/volume_controller.go:101.5,101.57 1 1
github.com/bartvanbenthem/stackit-compute-operator/internal/controller/volume_controller.go:103.4,103.73 1 0
github.com/bartvanbenthem/stackit-compute-operator/internal/controller/volume_controller.go:105.3,107.46 3 1
github.com/bartvanbenthem/stackit-compute-operator/internal/controller/volume_controller.go:107.46,108.57 1 1
github.com/bartvanbenthem/stackit-compute-operator/internal/controller/volume_controller.go:108.57,110.5 1 0
github.com/bartvanbenthem/stackit-compute-operator/internal/controller/volume_controller.go:112.3,113.41 2 1
github.com/bartvanbenthem/stackit-compute-operator/internal/controller/volume_controller.go:116.2,120.16 4 1
github.com/bartvanbenthem/stackit-compute-operator/internal/controller/volume_controller.go:120.16,122.46 2 0
github.com/bartvanbenthem/stackit-compute-operator/internal/controller/volume_controller.go:122.46,123.69 1 0
github.com/bartvanbenthem/stackit-compute-operator/internal/controller/volume_controller.go:123.69,125.5 1 0
github.com/bartvanbenthem/stackit-compute-operator/internal/controller/volume_controller.go:127.3,127.63 1 0
github.com/bartvanbenthem/stackit-compute-operator/internal/controller/volume_controller.go:129.2,129.23 1 1
github.com/bartvanbenthem/stackit-compute-operator/internal/controller/volume_controller.go:129.23,131.3 1 0
github.com/bartvanbenthem/stackit-compute-operator/internal/controller/volume_controller.go:133.2,136.45 4 1
github.com/bartvanbenthem/stackit-compute-operator/internal/controller/volume_controller.go:136.45,137.56 1 1
github.com/bartvanbenthem/stackit-compute-operator/internal/controller/volume_controller.go:137.56,139.4 1 0
github.com/bartvanbenthem/stackit-compute-operator/internal/controller/volume_controller.go:142.2,143.53 2 1
github.com/bartvanbenthem/stackit-compute-operator/internal/controller/volume_controller.go:146.134,152.16 5 1
github.com/bartvanbenthem/stackit-compute-operator/internal/controller/volume_controller.go:152.16,153.30 1 0
github.com/bartvanbenthem/stackit-compute-operator/internal/controller/volume_controller.go:153.30,154.15 1 0
github.com/bartvanbenthem/stackit-compute-operator/internal/controller/volume_controller.go:154.15,157.48 3 0
github.com/bartvanbenthem/stackit-compute-operator/internal/controller/volume_controller.go:157.48,158.71 1 0
github.com/bartvanbenthem/stackit-compute-operator/internal/controller/volume_controller.go:158.71,160.7 1 0
github.com/bartvanbenthem/stackit-compute-operator/internal/controller/volume_controller.go:162.5,162.57 1 0
github.com/bartvanbenthem/stackit-compute-operator/internal/controller/volume_controller.go:164.4,167.47 4 0
github.com/bartvanbenthem/stackit-compute-operator/internal/controller/volume_controller.go:167.47,168.70 1 0
github.com/bartvanbenthem/stackit-compute-operator/internal/controller/volume_controller.go:168.70,170.6 1 0
github.com/bartvanbenthem/stackit-compute-operator/internal/controller/volume_controller.go:172.4,172.42 1 0
github.com/bartvanbenthem/stackit-compute-operator/internal/controller/volume_controller.go:174.3,174.63 1 0
github.com/bartvanbenthem/stackit-compute-operator/internal/controller/volume_controller.go:177.2,180.9 3 1
github.com/bartvanbenthem/stackit-compute-operator/internal/controller/volume_controller.go:181.39,183.46 2 1
github.com/bartvanbenthem/stackit-compute-operator/internal/controller/volume_controller.go:183.46,184.57 1 1
github.com/bartvanbenthem/stackit-compute-operator/internal/controller/volume_controller.go:184.57,186.5 1 0
github.com/bartvanbenthem/stackit-compute-operator/internal/controller/volume_controller.go:188.3,188.54 1 1
github.com/bartvanbenthem/stackit-compute-operator/internal/controller/volume_controller.go:190.41,192.46 2 1
github.com/bartvanbenthem/stackit-compute-operator/internal/controller/volume_controller.go:192.46,193.57 1 1
github.com/bartvanbenthem/stackit-compute-operator/internal/controller/volume_controller.go:193.57,195.5 1 0
github.com/bartvanbenthem/stackit-compute-operator/internal/controller/volume_controller.go:197.3,197.55 1 1
github.com/bartvanbenthem/stackit-compute-operator/internal/controller/volume_controller.go:200.2,200.14 1 1
github.com/bartvanbenthem/stackit-compute-operator/internal/controller/volume_controller.go:200.14,201.75 1 1
github.com/bartvanbenthem/stackit-compute-operator/internal/controller/volume_controller.go:201.75,203.4 1 0
github.com/bartvanbenthem/stackit-compute-operator/internal/controller/volume_controller.go:203.9,203.23 1 1
github.com/bartvanbenthem/stackit-compute-operator/internal/controller/volume_controller.go:203.23,205.4 1 1
github.com/bartvanbenthem/stackit-compute-operator/internal/controller/volume_controller.go:208.2,209.15 2 1
github.com/bartvanbenthem/stackit-compute-operator/internal/controller/volume_controller.go:210.19,211.57 1 1
github.com/bartvanbenthem/stackit-compute-operator/internal/controller/volume_controller.go:212.18,213.56 1 0
github.com/bartvanbenthem/stackit-compute-operator/internal/controller/volume_controller.go:215.2,216.45 2 1
github.com/bartvanbenthem/stackit-compute-operator/internal/controller/volume_controller.go:216.45,217.56 1 1
github.com/bartvanbenthem/stackit-compute-operator/internal/controller/volume_controller.go:217.56,219.4 1 0
github.com/bartvanbenthem/stackit-compute-operator/internal/controller/volume_controller.go:222.2,222.53 1 1
github.com/bartvanbenthem/stackit-compute-operator/internal/controller/volume_controller.go:229.132,233.74 3 1
github.com/bartvanbenthem/stackit-compute-operator/internal/controller/volume_controller.go:233.74,235.115 2 1
github.com/bartvanbenthem/stackit-compute-operator/internal/controller/volume_controller.go:235.115,237.4 1 0
github.com/bartvanbenthem/stackit-compute-operator/internal/controller/volume_controller.go:238.3,238.19 1 1
github.com/bartvanbenthem/stackit-compute-operator/internal/controller/volume_controller.go:241.2,247.68 6 1
github.com/bartvanbenthem/stackit-compute-operator/internal/controller/volume_controller.go:247.68,249.18 2 0
github.com/bartvanbenthem/stackit-compute-operator/internal/controller/volume_controller.go:249.18,251.4 1 0
github.com/bartvanbenthem/stackit-compute-operator/internal/controller/volume_controller.go:252.3,252.18 1 0
github.com/bartvanbenthem/stackit-compute-operator/internal/controller/volume_controller.go:252.18,254.4 1 0
github.com/bartvanbenthem/stackit-compute-operator/internal/controller/volume_controller.go:255.3,256.22 2 0
github.com/bartvanbenthem/stackit-compute-operator/internal/controller/volume_controller.go:256.22,258.4 1 0
github.com/bartvanbenthem/stackit-compute-operator/internal/controller/volume_controller.go:259.3,260.20 2 0
github.com/bartvanbenthem/stackit-compute-operator/internal/controller/volume_controller.go:260.20,262.4 1 0
github.com/bartvanbenthem/stackit-compute-operator/internal/controller/volume_controller.go:263.3,265.109 3 0
github.com/bartvanbenthem/stackit-compute-operator/internal/controller/volume_controller.go:265.109,267.4 1 0
github.com/bartvanbenthem/stackit-compute-operator/internal/controller/volume_controller.go:268.3,268.19 1 0
github.com/bartvanbenthem/stackit-compute-operator/internal/controller/volume_controller.go:271.2,271.19 1 1
github.com/bartvanbenthem/stackit-compute-operator/internal/controller/volume_controller.go:274.118,277.64 2 1
github.com/bartvanbenthem/stackit-compute-operator/internal/controller/volume_controller.go:277.64,279.3 1 1
github.com/bartvanbenthem/stackit-compute-operator/internal/controller/volume_controller.go:281.2,281.34 1 1
github.com/bartvanbenthem/stackit-compute-operator/internal/controller/volume_controller.go:281.34,282.90 1 0
github.com/bartvanbenthem/stackit-compute-operator/internal/controller/volume_controller.go:282.90,284.4 1 0
github.com/bartvanbenthem/stackit-compute-operator/internal/controller/volume_controller.go:285.3,285.28 1 0
github.com/bartvanbenthem/stackit-compute-operator/internal/controller/volume_controller.go:288.2,291.16 3 1
github.com/bartvanbenthem/stackit-compute-operator/internal/controller/volume_controller.go:291.16,292.30 1 0
github.com/bartvanbenthem/stackit-compute-operator/internal/controller/volume_controller.go:292.30,294.91 2 0
github.com/bartvanbenthem/stackit-compute-operator/internal/controller/volume_controller.go:294.91,296.5 1 0
github.com/bartvanbenthem/stackit-compute-operator/internal/controller/volume_controller.go:297.4,297.29 1 0
github.com/bartvanbenthem/stackit-compute-operator/internal/controller/volume_controller.go:299.3,299.79 1 0
github.com/bartvanbenthem/stackit-compute-operator/internal/controller/volume_controller.go:302.2,302.47 1 1
github.com/bartvanbenthem/stackit-compute-operator/internal/controller/volume_controller.go:302.47,303.97 1 1
github.com/bartvanbenthem/stackit-compute-operator/internal/controller/volume_controller.go:303.97,304.31 1 0
github.com/bartvanbenthem/stackit-compute-operator/internal/controller/volume_controller.go:304.31,307.5 2 0
github.com/bartvanbenthem/stackit-compute-operator/internal/controller/volume_controller.go:308.4,308.32 1 0
github.com/bartvanbenthem/stackit-compute-operator/internal/controller/volume_controller.go:308.32,310.5 1 0
github.com/bartvanbenthem/stackit-compute-operator/internal/controller/volume_controller.go:312.3,312.65 1 1
github.com/bartvanbenthem/stackit-compute-operator/internal/controller/volume_controller.go:315.2,315.53 1 1
github.com/bartvanbenthem/stackit-compute-operator/internal/controller/volume_controller.go:318.100,323.2 4 1
github.com/bartvanbenthem/stackit-compute-operator/internal/controller/volume_controller.go:325.133,333.2 1 1
github.com/bartvanbenthem/stackit-compute-operator/internal/controller/volume_controller.go:337.56,338.28 1 1
github.com/bartvanbenthem/stackit-compute-operator/internal/controller/volume_controller.go:338.28,340.3 1 1
github.com/bartvanbenthem/stackit-compute-operator/internal/controller/volume_controller.go:341.2,341.20 1 1
github.com/bartvanbenthem/stackit-compute-operator/internal/controller/volume_controller.go:345.69,350.2 1 0
