mode: set
github.com/bartvanbenthem/stackit-compute-operator/api/v1alpha1/cluster_types.go:212.13,214.2 1 0
github.com/bartvanbenthem/stackit-compute-operator/api/v1alpha1/image_types.go:212.13,214.2 1 0
github.com/bartvanbenthem/stackit-compute-operator/api/v1alpha1/network_types.go:157.13,159.2 1 0
github.com/bartvanbenthem/stackit-compute-operator/api/v1alpha1/server_types.go:202.13,204.2 1 0
github.com/bartvanbenthem/stackit-compute-operator/api/v1alpha1/volume_types.go:134.13,136.2 1 0
github.com/bartvanbenthem/stackit-compute-operator/api/v1alpha1/zz_generated.deepcopy.go:13.61,15.35 2 0
github.com/bartvanbenthem/stackit-compute-operator/api/v1alpha1/zz_generated.deepcopy.go:15.35,19.3 3 0
github.com/bartvanbenthem/stackit-compute-operator/api/v1alpha1/zz_generated.deepcopy.go:23.54,24.15 1 0
github.com/bartvanbenthem/stackit-compute-operator/api/v1alpha1/zz_generated.deepcopy.go:24.15,26.3 1 0
github.com/bartvanbenthem/stackit-compute-operator/api/v1alpha1/zz_generated.deepcopy.go:27.2,29.12 3 0
github.com/bartvanbenthem/stackit-compute-operator/api/v1alpha1/zz_generated.deepcopy.go:33.47,39.2 5 0
github.com/bartvanbenthem/stackit-compute-operator/api/v1alpha1/zz_generated.deepcopy.go:42.40,43.15 1 0
github.com/bartvanbenthem/stackit-compute-operator/api/v1alpha1/zz_generated.deepcopy.go:43.15,45.3 1 0
github.com/bartvanbenthem/stackit-compute-operator/api/v1alpha1/zz_generated.deepcopy.go:46.2,48.12 3 0
github.com/bartvanbenthem/stackit-compute-operator/api/v1alpha1/zz_generated.deepcopy.go:52.52,53.34 1 0
github.com/bartvanbenthem/stackit-compute-operator/api/v1alpha1/zz_generated.deepcopy.go:53.34,55.3 1 0
github.com/bartvanbenthem/stackit-compute-operator/api/v1alpha1/zz_generated.deepcopy.go:56.2,56.12 1 0
github.com/bartvanbenthem/stackit-compute-operator/api/v1alpha1/zz_generated.deepcopy.go:60.55,64.21 4 0
github.com/bartvanbenthem/stackit-compute-operator/api/v1alpha1/zz_generated.deepcopy.go:64.21,67.22 3 0
github.com/bartvanbenthem/stackit-compute-operator/api/v1alpha1/zz_generated.deepcopy.go:67.22,69.4 1 0
github.com/bartvanbenthem/stackit-compute-operator/api/v1alpha1/zz_generated.deepcopy.go:74.48,75.15 1 0
github.com/bartvanbenthem/stackit-compute-operator/api/v1alpha1/zz_generated.deepcopy.go:75.15,77.3 1 0
github.com/bartvanbenthem/stackit-compute-operator/api/v1alpha1/zz_generated.deepcopy.go:78.2,80.12 3 0
github.com/bartvanbenthem/stackit-compute-operator/api/v1alpha1/zz_generated.deepcopy.go:84.56,85.34 1 0
github.com/bartvanbenthem/stackit-compute-operator/api/v1alpha1/zz_generated.deepcopy.go:85.34,87.3 1 0
github.com/bartvanbenthem/stackit-compute-operator/api/v1alpha1/zz_generated.deepcopy.go:88.2,88.12 1 0
github.com/bartvanbenthem/stackit-compute-operator/api/v1alpha1/zz_generated.deepcopy.go:92.77,94.43 2 0
github.com/bartvanbenthem/stackit-compute-operator/api/v1alpha1/zz_generated.deepcopy.go:94.43,98.3 3 0
github.com/bartvanbenthem/stackit-compute-operator/api/v1alpha1/zz_generated.deepcopy.go:99.2,99.45 1 0
github.com/bartvanbenthem/stackit-compute-operator/api/v1alpha1/zz_generated.deepcopy.go:99.45,103.3 3 0
github.com/bartvanbenthem/stackit-compute-operator/api/v1alpha1/zz_generated.deepcopy.go:104.2,105.31 2 0
github.com/bartvanbenthem/stackit-compute-operator/api/v1alpha1/zz_generated.deepcopy.go:109.70,110.15 1 0
github.com/bartvanbenthem/stackit-compute-operator/api/v1alpha1/zz_generated.deepcopy.go:110.15,112.3 1 0
github.com/bartvanbenthem/stackit-compute-operator/api/v1alpha1/zz_generated.deepcopy.go:113.2,115.12 3 0
github.com/bartvanbenthem/stackit-compute-operator/api/v1alpha1/zz_generated.deepcopy.go:119.55,121.25 2 0
github.com/bartvanbenthem/stackit-compute-operator/api/v1alpha1/zz_generated.deepcopy.go:121.25,124.22 3 0
github.com/bartvanbenthem/stackit-compute-operator/api/v1alpha1/zz_generated.deepcopy.go:124.22,126.4 1 0
github.com/bartvanbenthem/stackit-compute-operator/api/v1alpha1/zz_generated.deepcopy.go:128.2,128.27 1 0
github.com/bartvanbenthem/stackit-compute-operator/api/v1alpha1/zz_generated.deepcopy.go:128.27,132.3 3 0
github.com/bartvanbenthem/stackit-compute-operator/api/v1alpha1/zz_generated.deepcopy.go:133.2,133.35 1 0
github.com/bartvanbenthem/stackit-compute-operator/api/v1alpha1/zz_generated.deepcopy.go:133.35,137.3 3 0
github.com/bartvanbenthem/stackit-compute-operator/api/v1alpha1/zz_generated.deepcopy.go:141.48,142.15 1 0
github.com/bartvanbenthem/stackit-compute-operator/api/v1alpha1/zz_generated.deepcopy.go:142.15,144.3 1 0
github.com/bartvanbenthem/stackit-compute-operator/api/v1alpha1/zz_generated.deepcopy.go:145.2,147.12 3 0
github.com/bartvanbenthem/stackit-compute-operator/api/v1alpha1/zz_generated.deepcopy.go:151.59,153.32 2 0
github.com/bartvanbenthem/stackit-compute-operator/api/v1alpha1/zz_generated.deepcopy.go:153.32,157.3 3 0
github.com/bartvanbenthem/stackit-compute-operator/api/v1alpha1/zz_generated.deepcopy.go:158.2,158.35 1 0
github.com/bartvanbenthem/stackit-compute-operator/api/v1alpha1/zz_generated.deepcopy.go:158.35,162.3 3 0
github.com/bartvanbenthem/stackit-compute-operator/api/v1alpha1/zz_generated.deepcopy.go:163.2,163.22 1 0
github.com/bartvanbenthem/stackit-compute-operator/api/v1alpha1/zz_generated.deepcopy.go:163.22,167.3 3 0
github.com/bartvanbenthem/stackit-compute-operator/api/v1alpha1/zz_generated.deepcopy.go:168.2,168.26 1 0
github.com/bartvanbenthem/stackit-compute-operator/api/v1alpha1/zz_generated.deepcopy.go:168.26,171.22 3 0
github.com/bartvanbenthem/stackit-compute-operator/api/v1alpha1/zz_generated.deepcopy.go:171.22,173.4 1 0
github.com/bartvanbenthem/stackit-compute-operator/api/v1alpha1/zz_generated.deepcopy.go:178.52,179.15 1 0
github.com/bartvanbenthem/stackit-compute-operator/api/v1alpha1/zz_generated.deepcopy.go:179.15,181.3 1 0
github.com/bartvanbenthem/stackit-compute-operator/api/v1alpha1/zz_generated.deepcopy.go:182.2,184.12 3 0
github.com/bartvanbenthem/stackit-compute-operator/api/v1alpha1/zz_generated.deepcopy.go:188.43,194.2 5 0
github.com/bartvanbenthem/stackit-compute-operator/api/v1alpha1/zz_generated.deepcopy.go:197.36,198.15 1 0
github.com/bartvanbenthem/stackit-compute-operator/api/v1alpha1/zz_generated.deepcopy.go:198.15,200.3 1 0
github.com/bartvanbenthem/stackit-compute-operator/api/v1alpha1/zz_generated.deepcopy.go:201.2,203.12 3 0
github.com/bartvanbenthem/stackit-compute-operator/api/v1alpha1/zz_generated.deepcopy.go:207.50,208.34 1 0
github.com/bartvanbenthem/stackit-compute-operator/api/v1alpha1/zz_generated.deepcopy.go:208.34,210.3 1 0
github.com/bartvanbenthem/stackit-compute-operator/api/v1alpha1/zz_generated.deepcopy.go:211.2,211.12 1 0
github.com/bartvanbenthem/stackit-compute-operator/api/v1alpha1/zz_generated.deepcopy.go:215.67,217.2 1 0
github.com/bartvanbenthem/stackit-compute-operator/api/v1alpha1/zz_generated.deepcopy.go:220.60,221.15 1 0
github.com/bartvanbenthem/stackit-compute-operator/api/v1alpha1/zz_generated.deepcopy.go:221.15,223.3 1 0
github.com/bartvanbenthem/stackit-compute-operator/api/v1alpha1/zz_generated.deepcopy.go:224.2,226.12 3 0
github.com/bartvanbenthem/stackit-compute-operator/api/v1alpha1/zz_generated.deepcopy.go:230.63,232.24 2 0
github.com/bartvanbenthem/stackit-compute-operator/api/v1alpha1/zz_generated.deepcopy.go:232.24,236.3 3 0
github.com/bartvanbenthem/stackit-compute-operator/api/v1alpha1/zz_generated.deepcopy.go:237.2,237.26 1 0
github.com/bartvanbenthem/stackit-compute-operator/api/v1alpha1/zz_generated.deepcopy.go:237.26,241.3 3 0
github.com/bartvanbenthem/stackit-compute-operator/api/v1alpha1/zz_generated.deepcopy.go:242.2,242.20 1 0
github.com/bartvanbenthem/stackit-compute-operator/api/v1alpha1/zz_generated.deepcopy.go:242.20,246.3 3 0
github.com/bartvanbenthem/stackit-compute-operator/api/v1alpha1/zz_generated.deepcopy.go:247.2,247.26 1 0
github.com/bartvanbenthem/stackit-compute-operator/api/v1alpha1/zz_generated.deepcopy.go:247.26,251.3 3 0
github.com/bartvanbenthem/stackit-compute-operator/api/v1alpha1/zz_generated.deepcopy.go:255.56,256.15 1 0
github.com/bartvanbenthem/stackit-compute-operator/api/v1alpha1/zz_generated.deepcopy.go:256.15,258.3 1 0
github.com/bartvanbenthem/stackit-compute-operator/api/v1alpha1/zz_generated.deepcopy.go:259.2,261.12 3 0
github.com/bartvanbenthem/stackit-compute-operator/api/v1alpha1/zz_generated.deepcopy.go:265.51,269.21 4 0
github.com/bartvanbenthem/stackit-compute-operator/api/v1alpha1/zz_generated.deepcopy.go:269.21,272.22 3 0
github.com/bartvanbenthem/stackit-compute-operator/api/v1alpha1/zz_generated.deepcopy.go:272.22,274.4 1 0
github.com/bartvanbenthem/stackit-compute-operator/api/v1alpha1/zz_generated.deepcopy.go:279.44,280.15 1 0
github.com/bartvanbenthem/stackit-compute-operator/api/v1alpha1/zz_generated.deepcopy.go:280.15,282.3 1 0
github.com/bartvanbenthem/stackit-compute-operator/api/v1alpha1/zz_generated.deepcopy.go:283.2,285.12 3 0
github.com/bartvanbenthem/stackit-compute-operator/api/v1alpha1/zz_generated.deepcopy.go:289.54,290.34 1 0
github.com/bartvanbenthem/stackit-compute-operator/api/v1alpha1/zz_generated.deepcopy.go:290.34,292.3 1 0
github.com/bartvanbenthem/stackit-compute-operator/api/v1alpha1/zz_generated.deepcopy.go:293.2,293.12 1 0
github.com/bartvanbenthem/stackit-compute-operator/api/v1alpha1/zz_generated.deepcopy.go:297.51,299.25 2 0
github.com/bartvanbenthem/stackit-compute-operator/api/v1alpha1/zz_generated.deepcopy.go:299.25,303.3 3 0
github.com/bartvanbenthem/stackit-compute-operator/api/v1alpha1/zz_generated.deepcopy.go:304.2,304.22 1 0
github.com/bartvanbenthem/stackit-compute-operator/api/v1alpha1/zz_generated.deepcopy.go:304.22,307.29 3 0
github.com/bartvanbenthem/stackit-compute-operator/api/v1alpha1/zz_generated.deepcopy.go:307.29,309.4 1 0
github.com/bartvanbenthem/stackit-compute-operator/api/v1alpha1/zz_generated.deepcopy.go:311.2,311.24 1 0
github.com/bartvanbenthem/stackit-compute-operator/api/v1alpha1/zz_generated.deepcopy.go:311.24,315.3 3 0
github.com/bartvanbenthem/stackit-compute-operator/api/v1alpha1/zz_generated.deepcopy.go:316.2,316.22 1 0
github.com/bartvanbenthem/stackit-compute-operator/api/v1alpha1/zz_generated.deepcopy.go:316.22,320.3 3 0
github.com/bartvanbenthem/stackit-compute-operator/api/v1alpha1/zz_generated.deepcopy.go:321.2,321.26 1 0
github.com/bartvanbenthem/stackit-compute-operator/api/v1alpha1/zz_generated.deepcopy.go:321.26,325.3 3 0
github.com/bartvanbenthem/stackit-compute-operator/api/v1alpha1/zz_generated.deepcopy.go:329.44,330.15 1 0
github.com/bartvanbenthem/stackit-compute-operator/api/v1alpha1/zz_generated.deepcopy.go:330.15,332.3 1 0
github.com/bartvanbenthem/stackit-compute-operator/api/v1alpha1/zz_generated.deepcopy.go:333.2,335.12 3 0
github.com/bartvanbenthem/stackit-compute-operator/api/v1alpha1/zz_generated.deepcopy.go:339.55,341.26 2 0
github.com/bartvanbenthem/stackit-compute-operator/api/v1alpha1/zz_generated.deepcopy.go:341.26,344.22 3 0
github.com/bartvanbenthem/stackit-compute-operator/api/v1alpha1/zz_generated.deepcopy.go:344.22,346.4 1 0
github.com/bartvanbenthem/stackit-compute-operator/api/v1alpha1/zz_generated.deepcopy.go:351.48,352.15 1 0
github.com/bartvanbenthem/stackit-compute-operator/api/v1alpha1/zz_generated.deepcopy.go:352.15,354.3 1 0
github.com/bartvanbenthem/stackit-compute-operator/api/v1alpha1/zz_generated.deepcopy.go:355.2,357.12 3 0
github.com/bartvanbenthem/stackit-compute-operator/api/v1alpha1/zz_generated.deepcopy.go:361.73,363.2 1 0
github.com/bartvanbenthem/stackit-compute-operator/api/v1alpha1/zz_generated.deepcopy.go:366.66,367.15 1 0
github.com/bartvanbenthem/stackit-compute-operator/api/v1alpha1/zz_generated.deepcopy.go:367.15,369.3 1 0
github.com/bartvanbenthem/stackit-compute-operator/api/v1alpha1/zz_generated.deepcopy.go:370.2,372.12 3 0
github.com/bartvanbenthem/stackit-compute-operator/api/v1alpha1/zz_generated.deepcopy.go:376.47,382.2 5 0
github.com/bartvanbenthem/stackit-compute-operator/api/v1alpha1/zz_generated.deepcopy.go:385.40,386.15 1 0
github.com/bartvanbenthem/stackit-compute-operator/api/v1alpha1/zz_generated.deepcopy.go:386.15,388.3 1 0
github.com/bartvanbenthem/stackit-compute-operator/api/v1alpha1/zz_generated.deepcopy.go:389.2,391.12 3 0
github.com/bartvanbenthem/stackit-compute-operator/api/v1alpha1/zz_generated.deepcopy.go:395.52,396.34 1 0
github.com/bartvanbenthem/stackit-compute-operator/api/v1alpha1/zz_generated.deepcopy.go:396.34,398.3 1 0
github.com/bartvanbenthem/stackit-compute-operator/api/v1alpha1/zz_generated.deepcopy.go:399.2,399.12 1 0
github.com/bartvanbenthem/stackit-compute-operator/api/v1alpha1/zz_generated.deepcopy.go:403.63,405.27 2 0
github.com/bartvanbenthem/stackit-compute-operator/api/v1alpha1/zz_generated.deepcopy.go:405.27,409.3 3 0
github.com/bartvanbenthem/stackit-compute-operator/api/v1alpha1/zz_generated.deepcopy.go:413.56,414.15 1 0
github.com/bartvanbenthem/stackit-compute-operator/api/v1alpha1/zz_generated.deepcopy.go:414.15,416.3 1 0
github.com/bartvanbenthem/stackit-compute-operator/api/v1alpha1/zz_generated.deepcopy.go:417.2,419.12 3 0
github.com/bartvanbenthem/stackit-compute-operator/api/v1alpha1/zz_generated.deepcopy.go:423.63,425.27 2 0
github.com/bartvanbenthem/stackit-compute-operator/api/v1alpha1/zz_generated.deepcopy.go:425.27,429.3 3 0
github.com/bartvanbenthem/stackit-compute-operator/api/v1alpha1/zz_generated.deepcopy.go:433.56,434.15 1 0
github.com/bartvanbenthem/stackit-compute-operator/api/v1alpha1/zz_generated.deepcopy.go:434.15,436.3 1 0
github.com/bartvanbenthem/stackit-compute-operator/api/v1alpha1/zz_generated.deepcopy.go:437.2,439.12 3 0
github.com/bartvanbenthem/stackit-compute-operator/api/v1alpha1/zz_generated.deepcopy.go:443.55,447.21 4 0
github.com/bartvanbenthem/stackit-compute-operator/api/v1alpha1/zz_generated.deepcopy.go:447.21,450.22 3 0
github.com/bartvanbenthem/stackit-compute-operator/api/v1alpha1/zz_generated.deepcopy.go:450.22,452.4 1 0
github.com/bartvanbenthem/stackit-compute-operator/api/v1alpha1/zz_generated.deepcopy.go:457.48,458.15 1 0
github.com/bartvanbenthem/stackit-compute-operator/api/v1alpha1/zz_generated.deepcopy.go:458.15,460.3 1 0
github.com/bartvanbenthem/stackit-compute-operator/api/v1alpha1/zz_generated.deepcopy.go:461.2,463.12 3 0
github.com/bartvanbenthem/stackit-compute-operator/api/v1alpha1/zz_generated.deepcopy.go:467.56,468.34 1 0
github.com/bartvanbenthem/stackit-compute-operator/api/v1alpha1/zz_generated.deepcopy.go:468.34,470.3 1 0
github.com/bartvanbenthem/stackit-compute-operator/api/v1alpha1/zz_generated.deepcopy.go:471.2,471.12 1 0
github.com/bartvanbenthem/stackit-compute-operator/api/v1alpha1/zz_generated.deepcopy.go:475.55,477.20 2 0
github.com/bartvanbenthem/stackit-compute-operator/api/v1alpha1/zz_generated.deepcopy.go:477.20,481.3 3 0
github.com/bartvanbenthem/stackit-compute-operator/api/v1alpha1/zz_generated.deepcopy.go:482.2,482.22 1 0
github.com/bartvanbenthem/stackit-compute-operator/api/v1alpha1/zz_generated.deepcopy.go:482.22,486.3 3 0
github.com/bartvanbenthem/stackit-compute-operator/api/v1alpha1/zz_generated.deepcopy.go:487.2,487.20 1 0
github.com/bartvanbenthem/stackit-compute-operator/api/v1alpha1/zz_generated.deepcopy.go:487.20,491.3 3 0
github.com/bartvanbenthem/stackit-compute-operator/api/v1alpha1/zz_generated.deepcopy.go:492.2,492.20 1 0
github.com/bartvanbenthem/stackit-compute-operator/api/v1alpha1/zz_generated.deepcopy.go:492.20,496.3 3 0
github.com/bartvanbenthem/stackit-compute-operator/api/v1alpha1/zz_generated.deepcopy.go:497.2,497.22 1 0
github.com/bartvanbenthem/stackit-compute-operator/api/v1alpha1/zz_generated.deepcopy.go:497.22,500.29 3 0
github.com/bartvanbenthem/stackit-compute-operator/api/v1alpha1/zz_generated.deepcopy.go:500.29,502.4 1 0
github.com/bartvanbenthem/stackit-compute-operator/api/v1alpha1/zz_generated.deepcopy.go:504.2,504.26 1 0
github.com/bartvanbenthem/stackit-compute-operator/api/v1alpha1/zz_generated.deepcopy.go:504.26,508.3 3 0
github.com/bartvanbenthem/stackit-compute-operator/api/v1alpha1/zz_generated.deepcopy.go:512.48,513.15 1 0
github.com/bartvanbenthem/stackit-compute-operator/api/v1alpha1/zz_generated.deepcopy.go:513.15,515.3 1 0
github.com/bartvanbenthem/stackit-compute-operator/api/v1alpha1/zz_generated.deepcopy.go:516.2,518.12 3 0
github.com/bartvanbenthem/stackit-compute-operator/api/v1alpha1/zz_generated.deepcopy.go:522.59,524.28 2 0
github.com/bartvanbenthem/stackit-compute-operator/api/v1alpha1/zz_generated.deepcopy.go:524.28,528.3 3 0
github.com/bartvanbenthem/stackit-compute-operator/api/v1alpha1/zz_generated.deepcopy.go:529.2,529.26 1 0
github.com/bartvanbenthem/stackit-compute-operator/api/v1alpha1/zz_generated.deepcopy.go:529.26,532.22 3 0
github.com/bartvanbenthem/stackit-compute-operator/api/v1alpha1/zz_generated.deepcopy.go:532.22,534.4 1 0
github.com/bartvanbenthem/stackit-compute-operator/api/v1alpha1/zz_generated.deepcopy.go:539.52,540.15 1 0
github.com/bartvanbenthem/stackit-compute-operator/api/v1alpha1/zz_generated.deepcopy.go:540.15,542.3 1 0
github.com/bartvanbenthem/stackit-compute-operator/api/v1alpha1/zz_generated.deepcopy.go:543.2,545.12 3 0
github.com/bartvanbenthem/stackit-compute-operator/api/v1alpha1/zz_generated.deepcopy.go:549.51,551.2 1 0
github.com/bartvanbenthem/stackit-compute-operator/api/v1alpha1/zz_generated.deepcopy.go:554.44,555.15 1 0
github.com/bartvanbenthem/stackit-compute-operator/api/v1alpha1/zz_generated.deepcopy.go:555.15,557.3 1 0
github.com/bartvanbenthem/stackit-compute-operator/api/v1alpha1/zz_generated.deepcopy.go:558.2,560.12 3 0
github.com/bartvanbenthem/stackit-compute-operator/api/v1alpha1/zz_generated.deepcopy.go:564.57,566.33 2 0
github.com/bartvanbenthem/stackit-compute-operator/api/v1alpha1/zz_generated.deepcopy.go:566.33,570.3 3 0
github.com/bartvanbenthem/stackit-compute-operator/api/v1alpha1/zz_generated.deepcopy.go:571.2,572.37 2 0
github.com/bartvanbenthem/stackit-compute-operator/api/v1alpha1/zz_generated.deepcopy.go:572.37,576.3 3 0
github.com/bartvanbenthem/stackit-compute-operator/api/v1alpha1/zz_generated.deepcopy.go:577.2,577.22 1 0
github.com/bartvanbenthem/stackit-compute-operator/api/v1alpha1/zz_generated.deepcopy.go:577.22,580.29 3 0
github.com/bartvanbenthem/stackit-compute-operator/api/v1alpha1/zz_generated.deepcopy.go:580.29,582.4 1 0
github.com/bartvanbenthem/stackit-compute-operator/api/v1alpha1/zz_generated.deepcopy.go:587.50,588.15 1 0
github.com/bartvanbenthem/stackit-compute-operator/api/v1alpha1/zz_generated.deepcopy.go:588.15,590.3 1 0
github.com/bartvanbenthem/stackit-compute-operator/api/v1alpha1/zz_generated.deepcopy.go:591.2,593.12 3 0
github.com/bartvanbenthem/stackit-compute-operator/api/v1alpha1/zz_generated.deepcopy.go:597.69,599.2 1 0
github.com/bartvanbenthem/stackit-compute-operator/api/v1alpha1/zz_generated.deepcopy.go:602.62,603.15 1 0
github.com/bartvanbenthem/stackit-compute-operator/api/v1alpha1/zz_generated.deepcopy.go:603.15,605.3 1 0
github.com/bartvanbenthem/stackit-compute-operator/api/v1alpha1/zz_generated.deepcopy.go:606.2,608.12 3 0
github.com/bartvanbenthem/stackit-compute-operator/api/v1alpha1/zz_generated.deepcopy.go:612.45,618.2 5 0
github.com/bartvanbenthem/stackit-compute-operator/api/v1alpha1/zz_generated.deepcopy.go:621.38,622.15 1 0
github.com/bartvanbenthem/stackit-compute-operator/api/v1alpha1/zz_generated.deepcopy.go:622.15,624.3 1 0
github.com/bartvanbenthem/stackit-compute-operator/api/v1alpha1/zz_generated.deepcopy.go:625.2,627.12 3 0
github.com/bartvanbenthem/stackit-compute-operator/api/v1alpha1/zz_generated.deepcopy.go:631.51,632.34 1 0
github.com/bartvanbenthem/stackit-compute-operator/api/v1alpha1/zz_generated.deepcopy.go:632.34,634.3 1 0
github.com/bartvanbenthem/stackit-compute-operator/api/v1alpha1/zz_generated.deepcopy.go:635.2,635.12 1 0
github.com/bartvanbenthem/stackit-compute-operator/api/v1alpha1/zz_generated.deepcopy.go:639.53,643.21 4 0
github.com/bartvanbenthem/stackit-compute-operator/api/v1alpha1/zz_generated.deepcopy.go:643.21,646.22 3 0
github.com/bartvanbenthem/stackit-compute-operator/api/v1alpha1/zz_generated.deepcopy.go:646.22,648.4 1 0
github.com/bartvanbenthem/stackit-compute-operator/api/v1alpha1/zz_generated.deepcopy.go:653.46,654.15 1 0
github.com/bartvanbenthem/stackit-compute-operator/api/v1alpha1/zz_generated.deepcopy.go:654.15,656.3 1 0
github.com/bartvanbenthem/stackit-compute-operator/api/v1alpha1/zz_generated.deepcopy.go:657.2,659.12 3 0
github.com/bartvanbenthem/stackit-compute-operator/api/v1alpha1/zz_generated.deepcopy.go:663.55,664.34 1 0
github.com/bartvanbenthem/stackit-compute-operator/api/v1alpha1/zz_generated.deepcopy.go:664.34,666.3 1 0
github.com/bartvanbenthem/stackit-compute-operator/api/v1alpha1/zz_generated.deepcopy.go:667.2,667.12 1 0
github.com/bartvanbenthem/stackit-compute-operator/api/v1alpha1/zz_generated.deepcopy.go:671.53,673.24 2 0
github.com/bartvanbenthem/stackit-compute-operator/api/v1alpha1/zz_generated.deepcopy.go:673.24,677.3 3 0
github.com/bartvanbenthem/stackit-compute-operator/api/v1alpha1/zz_generated.deepcopy.go:678.2,679.29 2 0
github.com/bartvanbenthem/stackit-compute-operator/api/v1alpha1/zz_generated.deepcopy.go:679.29,683.3 3 0
github.com/bartvanbenthem/stackit-compute-operator/api/v1alpha1/zz_generated.deepcopy.go:684.2,684.26 1 0
github.com/bartvanbenthem/stackit-compute-operator/api/v1alpha1/zz_generated.deepcopy.go:684.26,688.3 3 0
github.com/bartvanbenthem/stackit-compute-operator/api/v1alpha1/zz_generated.deepcopy.go:689.2,689.30 1 0
github.com/bartvanbenthem/stackit-compute-operator/api/v1alpha1/zz_generated.deepcopy.go:689.30,693.3 3 0
github.com/bartvanbenthem/stackit-compute-operator/api/v1alpha1/zz_generated.deepcopy.go:694.2,694.35 1 0
github.com/bartvanbenthem/stackit-compute-operator/api/v1alpha1/zz_generated.deepcopy.go:694.35,698.3 3 0
github.com/bartvanbenthem/stackit-compute-operator/api/v1alpha1/zz_generated.deepcopy.go:699.2,699.22 1 0
github.com/bartvanbenthem/stackit-compute-operator/api/v1alpha1/zz_generated.deepcopy.go:699.22,702.29 3 0
github.com/bartvanbenthem/stackit-compute-operator/api/v1alpha1/zz_generated.deepcopy.go:702.29,704.4 1 0
github.com/bartvanbenthem/stackit-compute-operator/api/v1alpha1/zz_generated.deepcopy.go:709.46,710.15 1 0
github.com/bartvanbenthem/stackit-compute-operator/api/v1alpha1/zz_generated.deepcopy.go:710.15,712.3 1 0
github.com/bartvanbenthem/stackit-compute-operator/api/v1alpha1/zz_generated.deepcopy.go:713.2,715.12 3 0
github.com/bartvanbenthem/stackit-compute-operator/api/v1alpha1/zz_generated.deepcopy.go:719.57,721.20 2 0
github.com/bartvanbenthem/stackit-compute-operator/api/v1alpha1/zz_generated.deepcopy.go:721.20,725.3 3 0
github.com/bartvanbenthem/stackit-compute-operator/api/v1alpha1/zz_generated.deepcopy.go:726.2,726.26 1 0
github.com/bartvanbenthem/stackit-compute-operator/api/v1alpha1/zz_generated.deepcopy.go:726.26,729.22 3 0
github.com/bartvanbenthem/stackit-compute-operator/api/v1alpha1/zz_generated.deepcopy.go:729.22,731.4 1 0
github.com/bartvanbenthem/stackit-compute-operator/api/v1alpha1/zz_generated.deepcopy.go:736.50,737.15 1 0
github.com/bartvanbenthem/stackit-compute-operator/api/v1alpha1/zz_generated.deepcopy.go:737.15,739.3 1 0
github.com/bartvanbenthem/stackit-compute-operator/api/v1alpha1/zz_generated.deepcopy.go:740.2,742.12 3 0
github.com/bartvanbenthem/stackit-compute-operator/api/v1alpha1/zz_generated.deepcopy.go:746.45,752.2 5 0
github.com/bartvanbenthem/stackit-compute-operator/api/v1alpha1/zz_generated.deepcopy.go:755.38,756.15 1 0
github.com/bartvanbenthem/stackit-compute-operator/api/v1alpha1/zz_generated.deepcopy.go:756.15,758.3 1 0
github.com/bartvanbenthem/stackit-compute-operator/api/v1alpha1/zz_generated.deepcopy.go:759.2,761.12 3 0
github.com/bartvanbenthem/stackit-compute-operator/api/v1alpha1/zz_generated.deepcopy.go:765.51,766.34 1 0
github.com/bartvanbenthem/stackit-compute-operator/api/v1alpha1/zz_generated.deepcopy.go:766.34,768.3 1 0
github.com/bartvanbenthem/stackit-compute-operator/api/v1alpha1/zz_generated.deepcopy.go:769.2,769.12 1 0
github.com/bartvanbenthem/stackit-compute-operator/api/v1alpha1/zz_generated.deepcopy.go:773.53,777.21 4 0
github.com/bartvanbenthem/stackit-compute-operator/api/v1alpha1/zz_generated.deepcopy.go:777.21,780.22 3 0
github.com/bartvanbenthem/stackit-compute-operator/api/v1alpha1/zz_generated.deepcopy.go:780.22,782.4 1 0
github.com/bartvanbenthem/stackit-compute-operator/api/v1alpha1/zz_generated.deepcopy.go:787.46,788.15 1 0
github.com/bartvanbenthem/stackit-compute-operator/api/v1alpha1/zz_generated.deepcopy.go:788.15,790.3 1 0
github.com/bartvanbenthem/stackit-compute-operator/api/v1alpha1/zz_generated.deepcopy.go:791.2,793.12 3 0
github.com/bartvanbenthem/stackit-compute-operator/api/v1alpha1/zz_generated.deepcopy.go:797.55,798.34 1 0
github.com/bartvanbenthem/stackit-compute-operator/api/v1alpha1/zz_generated.deepcopy.go:798.34,800.3 1 0
github.com/bartvanbenthem/stackit-compute-operator/api/v1alpha1/zz_generated.deepcopy.go:801.2,801.12 1 0
github.com/bartvanbenthem/stackit-compute-operator/api/v1alpha1/zz_generated.deepcopy.go:805.65,807.2 1 0
github.com/bartvanbenthem/stackit-compute-operator/api/v1alpha1/zz_generated.deepcopy.go:810.58,811.15 1 0
github.com/bartvanbenthem/stackit-compute-operator/api/v1alpha1/zz_generated.deepcopy.go:811.15,813.3 1 0
github.com/bartvanbenthem/stackit-compute-operator/api/v1alpha1/zz_generated.deepcopy.go:814.2,816.12 3 0
github.com/bartvanbenthem/stackit-compute-operator/api/v1alpha1/zz_generated.deepcopy.go:820.53,822.24 2 0
github.com/bartvanbenthem/stackit-compute-operator/api/v1alpha1/zz_generated.deepcopy.go:822.24,826.3 3 0
github.com/bartvanbenthem/stackit-compute-operator/api/v1alpha1/zz_generated.deepcopy.go:827.2,827.22 1 0
github.com/bartvanbenthem/stackit-compute-operator/api/v1alpha1/zz_generated.deepcopy.go:827.22,831.3 3 0
github.com/bartvanbenthem/stackit-compute-operator/api/v1alpha1/zz_generated.deepcopy.go:832.2,832.22 1 0
github.com/bartvanbenthem/stackit-compute-operator/api/v1alpha1/zz_generated.deepcopy.go:832.22,835.29 3 0
github.com/bartvanbenthem/stackit-compute-operator/api/v1alpha1/zz_generated.deepcopy.go:835.29,837.4 1 0
github.com/bartvanbenthem/stackit-compute-operator/api/v1alpha1/zz_generated.deepcopy.go:839.2,839.26 1 0
github.com/bartvanbenthem/stackit-compute-operator/api/v1alpha1/zz_generated.deepcopy.go:839.26,843.3 3 0
github.com/bartvanbenthem/stackit-compute-operator/api/v1alpha1/zz_generated.deepcopy.go:847.46,848.15 1 0
github.com/bartvanbenthem/stackit-compute-operator/api/v1alpha1/zz_generated.deepcopy.go:848.15,850.3 1 0
github.com/bartvanbenthem/stackit-compute-operator/api/v1alpha1/zz_generated.deepcopy.go:851.2,853.12 3 0
github.com/bartvanbenthem/stackit-compute-operator/api/v1alpha1/zz_generated.deepcopy.go:857.57,859.26 2 0
github.com/bartvanbenthem/stackit-compute-operator/api/v1alpha1/zz_generated.deepcopy.go:859.26,862.22 3 0
github.com/bartvanbenthem/stackit-compute-operator/api/v1alpha1/zz_generated.deepcopy.go:862.22,864.4 1 0
github.com/bartvanbenthem/stackit-compute-operator/api/v1alpha1/zz_generated.deepcopy.go:869.50,870.15 1 0
github.com/bartvanbenthem/stackit-compute-operator/api/v1alpha1/zz_generated.deepcopy.go:870.15,872.3 1 0
github.com/bartvanbenthem/stackit-compute-operator/api/v1alpha1/zz_generated.deepcopy.go:873.2,875.12 3 0
github.com/bartvanbenthem/stackit-compute-operator/cmd/main.go:33.13,36.2 2 0
github.com/bartvanbenthem/stackit-compute-operator/cmd/main.go:38.13,60.16 12 0
github.com/bartvanbenthem/stackit-compute-operator/cmd/main.go:60.16,63.3 2 0
github.com/bartvanbenthem/stackit-compute-operator/cmd/main.go:65.2,66.16 2 0
github.com/bartvanbenthem/stackit-compute-operator/cmd/main.go:66.16,69.3 2 0
github.com/bartvanbenthem/stackit-compute-operator/cmd/main.go:71.2,72.16 2 0
github.com/bartvanbenthem/stackit-compute-operator/cmd/main.go:72.16,75.3 2 0
github.com/bartvanbenthem/stackit-compute-operator/cmd/main.go:77.2,81.39 1 0
github.com/bartvanbenthem/stackit-compute-operator/cmd/main.go:81.39,84.3 2 0
github.com/bartvanbenthem/stackit-compute-operator/cmd/main.go:86.2,90.39 1 0
github.com/bartvanbenthem/stackit-compute-operator/cmd/main.go:90.39,93.3 2 0
github.com/bartvanbenthem/stackit-compute-operator/cmd/main.go:95.2,99.39 1 0
github.com/bartvanbenthem/stackit-compute-operator/cmd/main.go:99.39,102.3 2 0
github.com/bartvanbenthem/stackit-compute-operator/cmd/main.go:104.2,108.39 1 0
github.com/bartvanbenthem/stackit-compute-operator/cmd/main.go:108.39,111.3 2 0
github.com/bartvanbenthem/stackit-compute-operator/cmd/main.go:113.2,117.39 1 0
github.com/bartvanbenthem/stackit-compute-operator/cmd/main.go:117.39,120.3 2 0
github.com/bartvanbenthem/stackit-compute-operator/cmd/main.go:122.2,122.69 1 0
github.com/bartvanbenthem/stackit-compute-operator/cmd/main.go:122.69,125.3 2 0
github.com/bartvanbenthem/stackit-compute-operator/cmd/main.go:126.2,126.67 1 0
github.com/bartvanbenthem/stackit-compute-operator/cmd/main.go:126.67,129.3 2 0
github.com/bartvanbenthem/stackit-compute-operator/cmd/main.go:131.2,132.61 2 0
github.com/bartvanbenthem/stackit-compute-operator/cmd/main.go:132.61,135.3 2 0
github.com/bartvanbenthem/stackit-compute-operator/internal/stackit/client.go:19.43,21.2 1 0
github.com/bartvanbenthem/stackit-compute-operator/internal/stackit/client.go:25.45,27.2 1 0
github.com/bartvanbenthem/stackit-compute-operator/internal/stackit/clusters.go:15.93,21.29 2 1
github.com/bartvanbenthem/stackit-compute-operator/internal/stackit/clusters.go:21.29,32.3 1 1
github.com/bartvanbenthem/stackit-compute-operator/internal/stackit/clusters.go:34.2,34.16 1 1
github.com/bartvanbenthem/stackit-compute-operator/internal/stackit/clusters.go:37.74,39.27 2 1
github.com/bartvanbenthem/stackit-compute-operator/internal/stackit/clusters.go:39.27,56.27 2 1
github.com/bartvanbenthem/stackit-compute-operator/internal/stackit/clusters.go:56.27,58.4 1 1
github.com/bartvanbenthem/stackit-compute-operator/internal/stackit/clusters.go:59.3,59.38 1 1
github.com/bartvanbenthem/stackit-compute-operator/internal/stackit/clusters.go:59.38,61.4 1 1
github.com/bartvanbenthem/stackit-compute-operator/internal/stackit/clusters.go:62.3,62.25 1 1
github.com/bartvanbenthem/stackit-compute-operator/internal/stackit/clusters.go:62.25,65.4 2 1
github.com/bartvanbenthem/stackit-compute-operator/internal/stackit/clusters.go:66.3,66.38 1 1
github.com/bartvanbenthem/stackit-compute-operator/internal/stackit/clusters.go:68.2,68.18 1 1
github.com/bartvanbenthem/stackit-compute-operator/internal/stackit/clusters.go:75.175,77.2 1 1
github.com/bartvanbenthem/stackit-compute-operator/internal/stackit/clusters.go:80.122,82.2 1 1
github.com/bartvanbenthem/stackit-compute-operator/internal/stackit/clusters.go:85.109,88.2 2 1
github.com/bartvanbenthem/stackit-compute-operator/internal/stackit/errors.go:13.33,15.30 2 1
github.com/bartvanbenthem/stackit-compute-operator/internal/stackit/errors.go:15.30,17.3 1 1
github.com/bartvanbenthem/stackit-compute-operator/internal/stackit/errors.go:18.2,18.14 1 1
github.com/bartvanbenthem/stackit-compute-operator/internal/stackit/errors.go:25.33,27.30 2 0
github.com/bartvanbenthem/stackit-compute-operator/internal/stackit/errors.go:27.30,29.3 1 0
github.com/bartvanbenthem/stackit-compute-operator/internal/stackit/errors.go:30.2,30.14 1 0
github.com/bartvanbenthem/stackit-compute-operator/internal/stackit/errors.go:40.43,42.30 2 1
github.com/bartvanbenthem/stackit-compute-operator/internal/stackit/errors.go:42.30,44.3 1 1
github.com/bartvanbenthem/stackit-compute-operator/internal/stackit/errors.go:45.2,45.14 1 1
github.com/bartvanbenthem/stackit-compute-operator/internal/stackit/images.go:14.99,20.26 2 1
github.com/bartvanbenthem/stackit-compute-operator/internal/stackit/images.go:20.26,22.3 1 1
github.com/bartvanbenthem/stackit-compute-operator/internal/stackit/images.go:23.2,23.21 1 1
github.com/bartvanbenthem/stackit-compute-operator/internal/stackit/images.go:23.21,25.3 1 1
github.com/bartvanbenthem/stackit-compute-operator/internal/stackit/images.go:26.2,26.27 1 1
github.com/bartvanbenthem/stackit-compute-operator/internal/stackit/images.go:26.27,28.3 1 1
github.com/bartvanbenthem/stackit-compute-operator/internal/stackit/images.go:29.2,29.26 1 1
github.com/bartvanbenthem/stackit-compute-operator/internal/stackit/images.go:29.26,31.3 1 1
github.com/bartvanbenthem/stackit-compute-operator/internal/stackit/images.go:32.2,32.26 1 1
github.com/bartvanbenthem/stackit-compute-operator/internal/stackit/images.go:32.26,37.3 1 1
github.com/bartvanbenthem/stackit-compute-operator/internal/stackit/images.go:38.2,38.24 1 1
github.com/bartvanbenthem/stackit-compute-operator/internal/stackit/images.go:38.24,40.3 1 1
github.com/bartvanbenthem/stackit-compute-operator/internal/stackit/images.go:42.2,42.16 1 1
github.com/bartvanbenthem/stackit-compute-operator/internal/stackit/images.go:48.86,50.21 2 1
github.com/bartvanbenthem/stackit-compute-operator/internal/stackit/images.go:50.21,52.3 1 1
github.com/bartvanbenthem/stackit-compute-operator/internal/stackit/images.go:53.2,53.27 1 1
github.com/bartvanbenthem/stackit-compute-operator/internal/stackit/images.go:53.27,55.3 1 1
github.com/bartvanbenthem/stackit-compute-operator/internal/stackit/images.go:56.2,56.26 1 1
github.com/bartvanbenthem/stackit-compute-operator/internal/stackit/images.go:56.26,58.3 1 0
github.com/bartvanbenthem/stackit-compute-operator/internal/stackit/images.go:59.2,59.21 1 1
github.com/bartvanbenthem/stackit-compute-operator/internal/stackit/images.go:59.21,61.3 1 0
github.com/bartvanbenthem/stackit-compute-operator/internal/stackit/images.go:62.2,62.27 1 1
github.com/bartvanbenthem/stackit-compute-operator/internal/stackit/images.go:62.27,64.3 1 0
github.com/bartvanbenthem/stackit-compute-operator/internal/stackit/images.go:65.2,65.26 1 1
github.com/bartvanbenthem/stackit-compute-operator/internal/stackit/images.go:65.26,67.3 1 0
github.com/bartvanbenthem/stackit-compute-operator/internal/stackit/images.go:68.2,68.24 1 1
github.com/bartvanbenthem/stackit-compute-operator/internal/stackit/images.go:68.24,70.3 1 0
github.com/bartvanbenthem/stackit-compute-operator/internal/stackit/images.go:71.2,71.16 1 1
github.com/bartvanbenthem/stackit-compute-operator/internal/stackit/images.go:76.77,83.29 2 1
github.com/bartvanbenthem/stackit-compute-operator/internal/stackit/images.go:83.29,85.3 1 1
github.com/bartvanbenthem/stackit-compute-operator/internal/stackit/images.go:86.2,86.32 1 1
github.com/bartvanbenthem/stackit-compute-operator/internal/stackit/images.go:86.32,88.3 1 1
github.com/bartvanbenthem/stackit-compute-operator/internal/stackit/images.go:89.2,89.25 1 1
github.com/bartvanbenthem/stackit-compute-operator/internal/stackit/images.go:89.25,91.3 1 0
github.com/bartvanbenthem/stackit-compute-operator/internal/stackit/images.go:92.2,92.24 1 1
github.com/bartvanbenthem/stackit-compute-operator/internal/stackit/images.go:92.24,94.3 1 1
github.com/bartvanbenthem/stackit-compute-operator/internal/stackit/images.go:95.2,95.25 1 1
github.com/bartvanbenthem/stackit-compute-operator/internal/stackit/images.go:95.25,97.3 1 0
github.com/bartvanbenthem/stackit-compute-operator/internal/stackit/images.go:98.2,98.38 1 1
github.com/bartvanbenthem/stackit-compute-operator/internal/stackit/images.go:98.38,100.3 1 0
github.com/bartvanbenthem/stackit-compute-operator/internal/stackit/images.go:101.2,101.39 1 1
github.com/bartvanbenthem/stackit-compute-operator/internal/stackit/images.go:101.39,103.3 1 0
github.com/bartvanbenthem/stackit-compute-operator/internal/stackit/images.go:104.2,104.26 1 1
github.com/bartvanbenthem/stackit-compute-operator/internal/stackit/images.go:104.26,106.3 1 0
github.com/bartvanbenthem/stackit-compute-operator/internal/stackit/images.go:107.2,107.29 1 1
github.com/bartvanbenthem/stackit-compute-operator/internal/stackit/images.go:107.29,109.3 1 0
github.com/bartvanbenthem/stackit-compute-operator/internal/stackit/images.go:110.2,110.27 1 1
github.com/bartvanbenthem/stackit-compute-operator/internal/stackit/images.go:110.27,112.3 1 0
github.com/bartvanbenthem/stackit-compute-operator/internal/stackit/images.go:113.2,113.12 1 1
github.com/bartvanbenthem/stackit-compute-operator/internal/stackit/images.go:118.157,120.2 1 1
github.com/bartvanbenthem/stackit-compute-operator/internal/stackit/images.go:123.116,125.2 1 1
github.com/bartvanbenthem/stackit-compute-operator/internal/stackit/images.go:128.152,130.2 1 1
github.com/bartvanbenthem/stackit-compute-operator/internal/stackit/images.go:133.104,135.2 1 1
github.com/bartvanbenthem/stackit-compute-operator/internal/stackit/networks.go:14.105,19.22 2 1
github.com/bartvanbenthem/stackit-compute-operator/internal/stackit/networks.go:19.22,21.3 1 1
github.com/bartvanbenthem/stackit-compute-operator/internal/stackit/networks.go:22.2,22.24 1 1
github.com/bartvanbenthem/stackit-compute-operator/internal/stackit/networks.go:22.24,24.3 1 1
github.com/bartvanbenthem/stackit-compute-operator/internal/stackit/networks.go:25.2,25.31 1 1
github.com/bartvanbenthem/stackit-compute-operator/internal/stackit/networks.go:25.31,27.3 1 1
github.com/bartvanbenthem/stackit-compute-operator/internal/stackit/networks.go:28.2,28.22 1 1
github.com/bartvanbenthem/stackit-compute-operator/internal/stackit/networks.go:28.22,30.3 1 1
github.com/bartvanbenthem/stackit-compute-operator/internal/stackit/networks.go:31.2,31.22 1 1
github.com/bartvanbenthem/stackit-compute-operator/internal/stackit/networks.go:31.22,36.40 2 1
github.com/bartvanbenthem/stackit-compute-operator/internal/stackit/networks.go:36.40,38.4 1 0
github.com/bartvanbenthem/stackit-compute-operator/internal/stackit/networks.go:39.3,39.23 1 1
github.com/bartvanbenthem/stackit-compute-operator/internal/stackit/networks.go:41.2,41.22 1 1
github.com/bartvanbenthem/stackit-compute-operator/internal/stackit/networks.go:41.22,46.40 2 1
github.com/bartvanbenthem/stackit-compute-operator/internal/stackit/networks.go:46.40,48.4 1 0
github.com/bartvanbenthem/stackit-compute-operator/internal/stackit/networks.go:49.3,49.23 1 1
github.com/bartvanbenthem/stackit-compute-operator/internal/stackit/networks.go:51.2,51.26 1 1
github.com/bartvanbenthem/stackit-compute-operator/internal/stackit/networks.go:51.26,53.3 1 1
github.com/bartvanbenthem/stackit-compute-operator/internal/stackit/networks.go:55.2,55.16 1 1
github.com/bartvanbenthem/stackit-compute-operator/internal/stackit/networks.go:60.147,62.16 2 1
github.com/bartvanbenthem/stackit-compute-operator/internal/stackit/networks.go:62.16,64.3 1 1
github.com/bartvanbenthem/stackit-compute-operator/internal/stackit/networks.go:65.2,65.17 1 1
github.com/bartvanbenthem/stackit-compute-operator/internal/stackit/networks.go:65.17,67.3 1 1
github.com/bartvanbenthem/stackit-compute-operator/internal/stackit/networks.go:68.2,68.19 1 1
github.com/bartvanbenthem/stackit-compute-operator/internal/stackit/networks.go:68.19,70.3 1 1
github.com/bartvanbenthem/stackit-compute-operator/internal/stackit/networks.go:71.2,71.26 1 1
github.com/bartvanbenthem/stackit-compute-operator/internal/stackit/networks.go:71.26,73.3 1 1
github.com/bartvanbenthem/stackit-compute-operator/internal/stackit/networks.go:74.2,74.19 1 1
github.com/bartvanbenthem/stackit-compute-operator/internal/stackit/networks.go:74.19,76.3 1 1
github.com/bartvanbenthem/stackit-compute-operator/internal/stackit/networks.go:77.2,77.16 1 1
github.com/bartvanbenthem/stackit-compute-operator/internal/stackit/networks.go:82.149,84.2 1 1
github.com/bartvanbenthem/stackit-compute-operator/internal/stackit/networks.go:87.122,89.2 1 1
github.com/bartvanbenthem/stackit-compute-operator/internal/stackit/networks.go:95.150,97.2 1 1
github.com/bartvanbenthem/stackit-compute-operator/internal/stackit/networks.go:100.108,102.2 1 1
github.com/bartvanbenthem/stackit-compute-operator/internal/stackit/servers.go:22.161,32.27 2 1
github.com/bartvanbenthem/stackit-compute-operator/internal/stackit/servers.go:32.27,34.3 1 1
github.com/bartvanbenthem/stackit-compute-operator/internal/stackit/servers.go:36.2,36.33 1 1
github.com/bartvanbenthem/stackit-compute-operator/internal/stackit/servers.go:36.33,38.3 1 1
github.com/bartvanbenthem/stackit-compute-operator/internal/stackit/servers.go:39.2,39.28 1 1
github.com/bartvanbenthem/stackit-compute-operator/internal/stackit/servers.go:39.28,41.3 1 1
github.com/bartvanbenthem/stackit-compute-operator/internal/stackit/servers.go:42.2,42.25 1 1
github.com/bartvanbenthem/stackit-compute-operator/internal/stackit/servers.go:42.25,45.3 1 1
github.com/bartvanbenthem/stackit-compute-operator/internal/stackit/servers.go:46.2,46.34 1 1
github.com/bartvanbenthem/stackit-compute-operator/internal/stackit/servers.go:46.34,48.3 1 1
github.com/bartvanbenthem/stackit-compute-operator/internal/stackit/servers.go:49.2,49.39 1 1
github.com/bartvanbenthem/stackit-compute-operator/internal/stackit/servers.go:49.39,51.3 1 1
github.com/bartvanbenthem/stackit-compute-operator/internal/stackit/servers.go:52.2,52.26 1 1
github.com/bartvanbenthem/stackit-compute-operator/internal/stackit/servers.go:52.26,54.3 1 1
github.com/bartvanbenthem/stackit-compute-operator/internal/stackit/servers.go:56.2,56.9 1 1
github.com/bartvanbenthem/stackit-compute-operator/internal/stackit/servers.go:57.34,64.4 1 1
github.com/bartvanbenthem/stackit-compute-operator/internal/stackit/servers.go:65.120,73.31 2 1
github.com/bartvanbenthem/stackit-compute-operator/internal/stackit/servers.go:73.31,75.4 1 1
github.com/bartvanbenthem/stackit-compute-operator/internal/stackit/servers.go:76.3,76.45 1 1
github.com/bartvanbenthem/stackit-compute-operator/internal/stackit/servers.go:76.45,78.4 1 1
github.com/bartvanbenthem/stackit-compute-operator/internal/stackit/servers.go:79.3,79.34 1 1
github.com/bartvanbenthem/stackit-compute-operator/internal/stackit/servers.go:82.2,82.16 1 1
github.com/bartvanbenthem/stackit-compute-operator/internal/stackit/servers.go:88.89,90.16 2 1
github.com/bartvanbenthem/stackit-compute-operator/internal/stackit/servers.go:90.16,92.3 1 1
github.com/bartvanbenthem/stackit-compute-operator/internal/stackit/servers.go:93.2,93.19 1 1
github.com/bartvanbenthem/stackit-compute-operator/internal/stackit/servers.go:93.19,95.3 1 1
github.com/bartvanbenthem/stackit-compute-operator/internal/stackit/servers.go:96.2,96.16 1 1
github.com/bartvanbenthem/stackit-compute-operator/internal/stackit/servers.go:99.66,101.23 2 1
github.com/bartvanbenthem/stackit-compute-operator/internal/stackit/servers.go:101.23,103.3 1 1
github.com/bartvanbenthem/stackit-compute-operator/internal/stackit/servers.go:104.2,104.12 1 1
github.com/bartvanbenthem/stackit-compute-operator/internal/stackit/servers.go:109.146,111.2 1 1
github.com/bartvanbenthem/stackit-compute-operator/internal/stackit/servers.go:114.119,116.2 1 1
github.com/bartvanbenthem/stackit-compute-operator/internal/stackit/servers.go:119.156,121.2 1 1
github.com/bartvanbenthem/stackit-compute-operator/internal/stackit/servers.go:124.119,127.2 2 1
github.com/bartvanbenthem/stackit-compute-operator/internal/stackit/servers.go:130.105,132.2 1 1
github.com/bartvanbenthem/stackit-compute-operator/internal/stackit/servers.go:135.104,137.2 1 1
github.com/bartvanbenthem/stackit-compute-operator/internal/stackit/servers.go:140.106,142.2 1 1
github.com/bartvanbenthem/stackit-compute-operator/internal/stackit/volumes.go:14.102,20.19 2 1
github.com/bartvanbenthem/stackit-compute-operator/internal/stackit/volumes.go:20.19,22.3 1 1
github.com/bartvanbenthem/stackit-compute-operator/internal/stackit/volumes.go:23.2,23.33 1 1
github.com/bartvanbenthem/stackit-compute-operator/internal/stackit/volumes.go:23.33,25.3 1 1
github.com/bartvanbenthem/stackit-compute-operator/internal/stackit/volumes.go:26.2,26.26 1 1
github.com/bartvanbenthem/stackit-compute-operator/internal/stackit/volumes.go:26.26,28.3 1 1
github.com/bartvanbenthem/stackit-compute-operator/internal/stackit/volumes.go:29.2,29.28 1 1
github.com/bartvanbenthem/stackit-compute-operator/internal/stackit/volumes.go:29.28,31.3 1 1
github.com/bartvanbenthem/stackit-compute-operator/internal/stackit/volumes.go:32.2,32.24 1 1
github.com/bartvanbenthem/stackit-compute-operator/internal/stackit/volumes.go:32.24,37.3 1 1
github.com/bartvanbenthem/stackit-compute-operator/internal/stackit/volumes.go:38.2,38.26 1 1
github.com/bartvanbenthem/stackit-compute-operator/internal/stackit/volumes.go:38.26,40.3 1 1
github.com/bartvanbenthem/stackit-compute-operator/internal/stackit/volumes.go:42.2,42.16 1 1
github.com/bartvanbenthem/stackit-compute-operator/internal/stackit/volumes.go:48.131,50.16 2 1
github.com/bartvanbenthem/stackit-compute-operator/internal/stackit/volumes.go:50.16,52.3 1 1
github.com/bartvanbenthem/stackit-compute-operator/internal/stackit/volumes.go:53.2,53.23 1 1
github.com/bartvanbenthem/stackit-compute-operator/internal/stackit/volumes.go:53.23,55.3 1 1
github.com/bartvanbenthem/stackit-compute-operator/internal/stackit/volumes.go:56.2,56.21 1 1
github.com/bartvanbenthem/stackit-compute-operator/internal/stackit/volumes.go:56.21,58.3 1 1
github.com/bartvanbenthem/stackit-compute-operator/internal/stackit/volumes.go:59.2,59.19 1 1
github.com/bartvanbenthem/stackit-compute-operator/internal/stackit/volumes.go:59.19,61.3 1 1
github.com/bartvanbenthem/stackit-compute-operator/internal/stackit/volumes.go:62.2,62.16 1 1
github.com/bartvanbenthem/stackit-compute-operator/internal/stackit/volumes.go:67.146,69.2 1 1
github.com/bartvanbenthem/stackit-compute-operator/internal/stackit/volumes.go:72.119,74.2 1 1
github.com/bartvanbenthem/stackit-compute-operator/internal/stackit/volumes.go:77.156,79.2 1 1
github.com/bartvanbenthem/stackit-compute-operator/internal/stackit/volumes.go:82.118,85.2 2 1
github.com/bartvanbenthem/stackit-compute-operator/internal/stackit/volumes.go:88.106,90.2 1 1
github.com/bartvanbenthem/stackit-compute-operator/internal/controller/cluster_controller.go:49.99,51.64 2 1
github.com/bartvanbenthem/stackit-compute-operator/internal/controller/cluster_controller.go:51.64,53.3 1 0
github.com/bartvanbenthem/stackit-compute-operator/internal/controller/cluster_controller.go:55.2,56.51 2 1
github.com/bartvanbenthem/stackit-compute-operator/internal/controller/cluster_controller.go:59.115,60.41 1 1
github.com/bartvanbenthem/stackit-compute-operator/internal/controller/cluster_controller.go:60.41,62.3 1 1
github.com/bartvanbenthem/stackit-compute-operator/internal/controller/cluster_controller.go:64.2,66.14 2 1
github.com/bartvanbenthem/stackit-compute-operator/internal/controller/cluster_controller.go:66.14,68.17 2 1
github.com/bartvanbenthem/stackit-compute-operator/internal/controller/cluster_controller.go:68.17,70.4 1 0
github.com/bartvanbenthem/stackit-compute-operator/internal/controller/cluster_controller.go:71.3,71.12 1 1
github.com/bartvanbenthem/stackit-compute-operator/internal/controller/cluster_controller.go:71.12,73.4 1 0
github.com/bartvanbenthem/stackit-compute-operator/internal/controller/cluster_controller.go:76.2,76.38 1 1
github.com/bartvanbenthem/stackit-compute-operator/internal/controller/cluster_controller.go:76.38,78.3 1 1
github.com/bartvanbenthem/stackit-compute-operator/internal/controller/cluster_controller.go:80.2,80.51 1 1
github.com/bartvanbenthem/stackit-compute-operator/internal/controller/cluster_controller.go:83.135,88.13 4 1
github.com/bartvanbenthem/stackit-compute-operator/internal/controller/cluster_controller.go:88.13,91.17 3 1
github.com/bartvanbenthem/stackit-compute-operator/internal/controller/cluster_controller.go:91.17,92.31 1 1
github.com/bartvanbenthem/stackit-compute-operator/internal/controller/cluster_controller.go:92.31,94.49 2 1
github.com/bartvanbenthem/stackit-compute-operator/internal/controller/cluster_controller.go:94.49,95.72 1 1
github.com/bartvanbenthem/stackit-compute-operator/internal/controller/cluster_controller.go:95.72,97.7 1 0
github.com/bartvanbenthem/stackit-compute-operator/internal/controller/cluster_controller.go:99.5,99.57 1 1
github.com/bartvanbenthem/stackit-compute-operator/internal/controller/cluster_controller.go:101.4,101.74 1 0
github.com/bartvanbenthem/stackit-compute-operator/internal/controller/cluster_controller.go:103.3,105.47 3 1
github.com/bartvanbenthem/stackit-compute-operator/internal/controller/cluster_controller.go:105.47,106.58 1 1
github.com/bartvanbenthem/stackit-compute-operator/internal/controller/cluster_controller.go:106.58,108.5 1 0
github.com/bartvanbenthem/stackit-compute-operator/internal/controller/cluster_controller.go:110.3,111.41 2 1
github.com/bartvanbenthem/stackit-compute-operator/internal/controller/cluster_controller.go:114.2,118.16 4 1
github.com/bartvanbenthem/stackit-compute-operator/internal/controller/cluster_controller.go:118.16,120.47 2 0
github.com/bartvanbenthem/stackit-compute-operator/internal/controller/cluster_controller.go:120.47,121.70 1 0
github.com/bartvanbenthem/stackit-compute-operator/internal/controller/cluster_controller.go:121.70,123.5 1 0
github.com/bartvanbenthem/stackit-compute-operator/internal/controller/cluster_controller.go:125.3,125.64 1 0
github.com/bartvanbenthem/stackit-compute-operator/internal/controller/cluster_controller.go:128.2,131.46 4 1
github.com/bartvanbenthem/stackit-compute-operator/internal/controller/cluster_controller.go:131.46,132.57 1 1
github.com/bartvanbenthem/stackit-compute-operator/internal/controller/cluster_controller.go:132.57,134.4 1 0
github.com/bartvanbenthem/stackit-compute-operator/internal/controller/cluster_controller.go:137.2,138.53 2 1
github.com/bartvanbenthem/stackit-compute-operator/internal/controller/cluster_controller.go:141.137,147.16 5 1
github.com/bartvanbenthem/stackit-compute-operator/internal/controller/cluster_controller.go:147.16,148.30 1 0
github.com/bartvanbenthem/stackit-compute-operator/internal/controller/cluster_controller.go:148.30,149.15 1 0
github.com/bartvanbenthem/stackit-compute-operator/internal/controller/cluster_controller.go:149.15,152.49 3 0
github.com/bartvanbenthem/stackit-compute-operator/internal/controller/cluster_controller.go:152.49,153.72 1 0
github.com/bartvanbenthem/stackit-compute-operator/internal/controller/cluster_controller.go:153.72,155.7 1 0
github.com/bartvanbenthem/stackit-compute-operator/internal/controller/cluster_controller.go:157.5,157.57 1 0
github.com/bartvanbenthem/stackit-compute-operator/internal/controller/cluster_controller.go:159.4,162.48 4 0
github.com/bartvanbenthem/stackit-compute-operator/internal/controller/cluster_controller.go:162.48,163.71 1 0
github.com/bartvanbenthem/stackit-compute-operator/internal/controller/cluster_controller.go:163.71,165.6 1 0
github.com/bartvanbenthem/stackit-compute-operator/internal/controller/cluster_controller.go:167.4,167.42 1 0
github.com/bartvanbenthem/stackit-compute-operator/internal/controller/cluster_controller.go:169.3,169.64 1 0
github.com/bartvanbenthem/stackit-compute-operator/internal/controller/cluster_controller.go:172.2,175.9 3 1
github.com/bartvanbenthem/stackit-compute-operator/internal/controller/cluster_controller.go:176.40,178.47 2 1
github.com/bartvanbenthem/stackit-compute-operator/internal/controller/cluster_controller.go:178.47,179.58 1 1
github.com/bartvanbenthem/stackit-compute-operator/internal/controller/cluster_controller.go:179.58,181.5 1 0
github.com/bartvanbenthem/stackit-compute-operator/internal/controller/cluster_controller.go:183.3,183.54 1 1
github.com/bartvanbenthem/stackit-compute-operator/internal/controller/cluster_controller.go:185.34,187.47 2 1
github.com/bartvanbenthem/stackit-compute-operator/internal/controller/cluster_controller.go:187.47,188.58 1 1
github.com/bartvanbenthem/stackit-compute-operator/internal/controller/cluster_controller.go:188.58,190.5 1 0
github.com/bartvanbenthem/stackit-compute-operator/internal/controller/cluster_controller.go:192.3,192.55 1 1
github.com/bartvanbenthem/stackit-compute-operator/internal/controller/cluster_controller.go:195.2,195.14 1 1
github.com/bartvanbenthem/stackit-compute-operator/internal/controller/cluster_controller.go:195.14,196.76 1 1
github.com/bartvanbenthem/stackit-compute-operator/internal/controller/cluster_controller.go:196.76,198.4 1 0
github.com/bartvanbenthem/stackit-compute-operator/internal/controller/cluster_controller.go:198.9,198.23 1 1
github.com/bartvanbenthem/stackit-compute-operator/internal/controller/cluster_controller.go:198.23,200.4 1 1
github.com/bartvanbenthem/stackit-compute-operator/internal/controller/cluster_controller.go:203.2,204.15 2 1
github.com/bartvanbenthem/stackit-compute-operator/internal/controller/cluster_controller.go:205.23,206.55 1 1
github.com/bartvanbenthem/stackit-compute-operator/internal/controller/cluster_controller.go:207.26,208.58 1 0
github.com/bartvanbenthem/stackit-compute-operator/internal/controller/cluster_controller.go:210.2,211.46 2 1
github.com/bartvanbenthem/stackit-compute-operator/internal/controller/cluster_controller.go:211.46,212.57 1 1
github.com/bartvanbenthem/stackit-compute-operator/internal/controller/cluster_controller.go:212.57,214.4 1 0
github.com/bartvanbenthem/stackit-compute-operator/internal/controller/cluster_controller.go:217.2,217.53 1 1
github.com/bartvanbenthem/stackit-compute-operator/internal/controller/cluster_controller.go:226.135,234.62 6 1
github.com/bartvanbenthem/stackit-compute-operator/internal/controller/cluster_controller.go:234.62,239.114 3 1
github.com/bartvanbenthem/stackit-compute-operator/internal/controller/cluster_controller.go:239.114,241.4 1 0
github.com/bartvanbenthem/stackit-compute-operator/internal/controller/cluster_controller.go:242.3,242.19 1 1
github.com/bartvanbenthem/stackit-compute-operator/internal/controller/cluster_controller.go:245.2,245.19 1 1
github.com/bartvanbenthem/stackit-compute-operator/internal/controller/cluster_controller.go:248.121,251.66 2 1
github.com/bartvanbenthem/stackit-compute-operator/internal/controller/cluster_controller.go:251.66,253.3 1 1
github.com/bartvanbenthem/stackit-compute-operator/internal/controller/cluster_controller.go:255.2,255.38 1 1
github.com/bartvanbenthem/stackit-compute-operator/internal/controller/cluster_controller.go:255.38,256.92 1 0
github.com/bartvanbenthem/stackit-compute-operator/internal/controller/cluster_controller.go:256.92,258.4 1 0
github.com/bartvanbenthem/stackit-compute-operator/internal/controller/cluster_controller.go:259.3,259.28 1 0
github.com/bartvanbenthem/stackit-compute-operator/internal/controller/cluster_controller.go:262.2,265.16 3 1
github.com/bartvanbenthem/stackit-compute-operator/internal/controller/cluster_controller.go:265.16,266.30 1 0
github.com/bartvanbenthem/stackit-compute-operator/internal/controller/cluster_controller.go:266.30,268.93 2 0
github.com/bartvanbenthem/stackit-compute-operator/internal/controller/cluster_controller.go:268.93,270.5 1 0
github.com/bartvanbenthem/stackit-compute-operator/internal/controller/cluster_controller.go:271.4,271.29 1 0
github.com/bartvanbenthem/stackit-compute-operator/internal/controller/cluster_controller.go:273.3,273.80 1 0
github.com/bartvanbenthem/stackit-compute-operator/internal/controller/cluster_controller.go:276.2,276.57 1 1
github.com/bartvanbenthem/stackit-compute-operator/internal/controller/cluster_controller.go:276.57,277.94 1 1
github.com/bartvanbenthem/stackit-compute-operator/internal/controller/cluster_controller.go:277.94,278.31 1 0
github.com/bartvanbenthem/stackit-compute-operator/internal/controller/cluster_controller.go:278.31,281.5 2 0
github.com/bartvanbenthem/stackit-compute-operator/internal/controller/cluster_controller.go:282.4,282.32 1 0
github.com/bartvanbenthem/stackit-compute-operator/internal/controller/cluster_controller.go:282.32,284.5 1 0
github.com/bartvanbenthem/stackit-compute-operator/internal/controller/cluster_controller.go:286.3,286.65 1 1
github.com/bartvanbenthem/stackit-compute-operator/internal/controller/cluster_controller.go:289.2,289.53 1 1
github.com/bartvanbenthem/stackit-compute-operator/internal/controller/cluster_controller.go:292.104,296.27 3 1
github.com/bartvanbenthem/stackit-compute-operator/internal/controller/cluster_controller.go:296.27,302.43 5 1
github.com/bartvanbenthem/stackit-compute-operator/internal/controller/cluster_controller.go:302.43,304.4 1 0
github.com/bartvanbenthem/stackit-compute-operator/internal/controller/cluster_controller.go:305.3,305.31 1 1
github.com/bartvanbenthem/stackit-compute-operator/internal/controller/cluster_controller.go:308.2,308.56 1 1
github.com/bartvanbenthem/stackit-compute-operator/internal/controller/cluster_controller.go:311.136,319.2 1 1
github.com/bartvanbenthem/stackit-compute-operator/internal/controller/cluster_controller.go:323.58,324.63 1 1
github.com/bartvanbenthem/stackit-compute-operator/internal/controller/cluster_controller.go:324.63,326.3 1 0
github.com/bartvanbenthem/stackit-compute-operator/internal/controller/cluster_controller.go:327.2,327.43 1 1
github.com/bartvanbenthem/stackit-compute-operator/internal/controller/cluster_controller.go:332.59,333.29 1 1
github.com/bartvanbenthem/stackit-compute-operator/internal/controller/cluster_controller.go:333.29,335.3 1 1
github.com/bartvanbenthem/stackit-compute-operator/internal/controller/cluster_controller.go:336.2,336.21 1 1
github.com/bartvanbenthem/stackit-compute-operator/internal/controller/cluster_controller.go:343.90,344.34 1 1
github.com/bartvanbenthem/stackit-compute-operator/internal/controller/cluster_controller.go:344.34,346.3 1 0
github.com/bartvanbenthem/stackit-compute-operator/internal/controller/cluster_controller.go:347.2,348.29 2 1
github.com/bartvanbenthem/stackit-compute-operator/internal/controller/cluster_controller.go:348.29,350.3 1 1
github.com/bartvanbenthem/stackit-compute-operator/internal/controller/cluster_controller.go:351.2,351.31 1 1
github.com/bartvanbenthem/stackit-compute-operator/internal/controller/cluster_controller.go:351.31,353.10 2 1
github.com/bartvanbenthem/stackit-compute-operator/internal/controller/cluster_controller.go:353.10,355.4 1 0
github.com/bartvanbenthem/stackit-compute-operator/internal/controller/cluster_controller.go:356.3,356.43 1 1
github.com/bartvanbenthem/stackit-compute-operator/internal/controller/cluster_controller.go:356.43,358.4 1 0
github.com/bartvanbenthem/stackit-compute-operator/internal/controller/cluster_controller.go:359.3,359.111 1 1
github.com/bartvanbenthem/stackit-compute-operator/internal/controller/cluster_controller.go:359.111,361.4 1 0
github.com/bartvanbenthem/stackit-compute-operator/internal/controller/cluster_controller.go:362.3,362.79 1 1
github.com/bartvanbenthem/stackit-compute-operator/internal/controller/cluster_controller.go:362.79,364.4 1 0
github.com/bartvanbenthem/stackit-compute-operator/internal/controller/cluster_controller.go:365.3,365.49 1 1
github.com/bartvanbenthem/stackit-compute-operator/internal/controller/cluster_controller.go:365.49,367.4 1 0
github.com/bartvanbenthem/stackit-compute-operator/internal/controller/cluster_controller.go:368.3,368.81 1 1
github.com/bartvanbenthem/stackit-compute-operator/internal/controller/cluster_controller.go:368.81,370.4 1 0
github.com/bartvanbenthem/stackit-compute-operator/internal/controller/cluster_controller.go:371.3,371.81 1 1
github.com/bartvanbenthem/stackit-compute-operator/internal/controller/cluster_controller.go:371.81,373.4 1 0
github.com/bartvanbenthem/stackit-compute-operator/internal/controller/cluster_controller.go:375.2,375.13 1 1
github.com/bartvanbenthem/stackit-compute-operator/internal/controller/cluster_controller.go:384.103,385.20 1 1
github.com/bartvanbenthem/stackit-compute-operator/internal/controller/cluster_controller.go:385.20,387.3 1 1
github.com/bartvanbenthem/stackit-compute-operator/internal/controller/cluster_controller.go:388.2,388.20 1 0
github.com/bartvanbenthem/stackit-compute-operator/internal/controller/cluster_controller.go:388.20,390.3 1 0
github.com/bartvanbenthem/stackit-compute-operator/internal/controller/cluster_controller.go:391.2,391.103 1 0
github.com/bartvanbenthem/stackit-compute-operator/internal/controller/cluster_controller.go:391.103,393.3 1 0
github.com/bartvanbenthem/stackit-compute-operator/internal/controller/cluster_controller.go:394.2,394.107 1 0
github.com/bartvanbenthem/stackit-compute-operator/internal/controller/cluster_controller.go:394.107,396.3 1 0
github.com/bartvanbenthem/stackit-compute-operator/internal/controller/cluster_controller.go:397.2,397.108 1 0
github.com/bartvanbenthem/stackit-compute-operator/internal/controller/cluster_controller.go:397.108,399.3 1 0
github.com/bartvanbenthem/stackit-compute-operator/internal/controller/cluster_controller.go:400.2,400.13 1 0
github.com/bartvanbenthem/stackit-compute-operator/internal/controller/cluster_controller.go:403.53,404.22 1 1
github.com/bartvanbenthem/stackit-compute-operator/internal/controller/cluster_controller.go:404.22,406.3 1 0
github.com/bartvanbenthem/stackit-compute-operator/internal/controller/cluster_controller.go:407.2,408.22 2 1
github.com/bartvanbenthem/stackit-compute-operator/internal/controller/cluster_controller.go:408.22,410.3 1 1
github.com/bartvanbenthem/stackit-compute-operator/internal/controller/cluster_controller.go:411.2,411.22 1 1
github.com/bartvanbenthem/stackit-compute-operator/internal/controller/cluster_controller.go:411.22,413.3 1 1
github.com/bartvanbenthem/stackit-compute-operator/internal/controller/cluster_controller.go:414.2,414.27 1 1
github.com/bartvanbenthem/stackit-compute-operator/internal/controller/cluster_controller.go:414.27,415.13 1 1
github.com/bartvanbenthem/stackit-compute-operator/internal/controller/cluster_controller.go:415.13,417.4 1 0
github.com/bartvanbenthem/stackit-compute-operator/internal/controller/cluster_controller.go:419.2,419.13 1 1
github.com/bartvanbenthem/stackit-compute-operator/internal/controller/cluster_controller.go:423.70,428.2 1 0
github.com/bartvanbenthem/stackit-compute-operator/internal/controller/image_controller.go:45.97,47.62 2 1
github.com/bartvanbenthem/stackit-compute-operator/internal/controller/image_controller.go:47.62,49.3 1 0
github.com/bartvanbenthem/stackit-compute-operator/internal/controller/image_controller.go:51.2,52.51 2 1
github.com/bartvanbenthem/stackit-compute-operator/internal/controller/image_controller.go:55.109,56.39 1 1
github.com/bartvanbenthem/stackit-compute-operator/internal/controller/image_controller.go:56.39,58.3 1 1
github.com/bartvanbenthem/stackit-compute-operator/internal/controller/image_controller.go:60.2,62.14 2 1
github.com/bartvanbenthem/stackit-compute-operator/internal/controller/image_controller.go:62.14,64.17 2 1
github.com/bartvanbenthem/stackit-compute-operator/internal/controller/image_controller.go:64.17,66.4 1 0
github.com/bartvanbenthem/stackit-compute-operator/internal/controller/image_controller.go:67.3,67.12 1 1
github.com/bartvanbenthem/stackit-compute-operator/internal/controller/image_controller.go:67.12,69.4 1 0
github.com/bartvanbenthem/stackit-compute-operator/internal/controller/image_controller.go:72.2,72.32 1 1
github.com/bartvanbenthem/stackit-compute-operator/internal/controller/image_controller.go:72.32,74.3 1 1
github.com/bartvanbenthem/stackit-compute-operator/internal/controller/image_controller.go:76.2,76.49 1 1
github.com/bartvanbenthem/stackit-compute-operator/internal/controller/image_controller.go:79.129,84.13 4 1
github.com/bartvanbenthem/stackit-compute-operator/internal/controller/image_controller.go:84.13,87.17 3 1
github.com/bartvanbenthem/stackit-compute-operator/internal/controller/image_controller.go:87.17,88.31 1 1
github.com/bartvanbenthem/stackit-compute-operator/internal/controller/image_controller.go:88.31,90.47 2 1
github.com/bartvanbenthem/stackit-compute-operator/internal/controller/image_controller.go:90.47,91.70 1 1
github.com/bartvanbenthem/stackit-compute-operator/internal/controller/image_controller.go:91.70,93.7 1 0
github.com/bartvanbenthem/stackit-compute-operator/internal/controller/image_controller.go:95.5,95.57 1 1
github.com/bartvanbenthem/stackit-compute-operator/internal/controller/image_controller.go:97.4,97.72 1 0
github.com/bartvanbenthem/stackit-compute-operator/internal/controller/image_controller.go:99.3,101.45 3 1
github.com/bartvanbenthem/stackit-compute-operator/internal/controller/image_controller.go:101.45,102.56 1 1
github.com/bartvanbenthem/stackit-compute-operator/internal/controller/image_controller.go:102.56,104.5 1 0
github.com/bartvanbenthem/stackit-compute-operator/internal/controller/image_controller.go:106.3,107.41 2 1
github.com/bartvanbenthem/stackit-compute-operator/internal/controller/image_controller.go:110.2,114.16 4 1
github.com/bartvanbenthem/stackit-compute-operator/internal/controller/image_controller.go:114.16,116.45 2 0
github.com/bartvanbenthem/stackit-compute-operator/internal/controller/image_controller.go:116.45,117.68 1 0
github.com/bartvanbenthem/stackit-compute-operator/internal/controller/image_controller.go:117.68,119.5 1 0
github.com/bartvanbenthem/stackit-compute-operator/internal/controller/image_controller.go:121.3,121.62 1 0
github.com/bartvanbenthem/stackit-compute-operator/internal/controller/image_controller.go:124.2,128.44 5 1
github.com/bartvanbenthem/stackit-compute-operator/internal/controller/image_controller.go:128.44,129.55 1 1
github.com/bartvanbenthem/stackit-compute-operator/internal/controller/image_controller.go:129.55,131.4 1 0
github.com/bartvanbenthem/stackit-compute-operator/internal/controller/image_controller.go:134.2,135.54 2 1
github.com/bartvanbenthem/stackit-compute-operator/internal/controller/image_controller.go:138.131,144.16 5 1
github.com/bartvanbenthem/stackit-compute-operator/internal/controller/image_controller.go:144.16,145.30 1 0
github.com/bartvanbenthem/stackit-compute-operator/internal/controller/image_controller.go:145.30,146.15 1 0
github.com/bartvanbenthem/stackit-compute-operator/internal/controller/image_controller.go:146.15,149.47 3 0
github.com/bartvanbenthem/stackit-compute-operator/internal/controller/image_controller.go:149.47,150.70 1 0
github.com/bartvanbenthem/stackit-compute-operator/internal/controller/image_controller.go:150.70,152.7 1 0
github.com/bartvanbenthem/stackit-compute-operator/internal/controller/image_controller.go:154.5,154.57 1 0
github.com/bartvanbenthem/stackit-compute-operator/internal/controller/image_controller.go:156.4,159.46 4 0
github.com/bartvanbenthem/stackit-compute-operator/internal/controller/image_controller.go:159.46,160.69 1 0
github.com/bartvanbenthem/stackit-compute-operator/internal/controller/image_controller.go:160.69,162.6 1 0
github.com/bartvanbenthem/stackit-compute-operator/internal/controller/image_controller.go:164.4,164.42 1 0
github.com/bartvanbenthem/stackit-compute-operator/internal/controller/image_controller.go:166.3,166.62 1 0
github.com/bartvanbenthem/stackit-compute-operator/internal/controller/image_controller.go:169.2,172.15 3 1
github.com/bartvanbenthem/stackit-compute-operator/internal/controller/image_controller.go:173.18,178.45 2 1
github.com/bartvanbenthem/stackit-compute-operator/internal/controller/image_controller.go:178.45,179.56 1 1
github.com/bartvanbenthem/stackit-compute-operator/internal/controller/image_controller.go:179.56,181.5 1 0
github.com/bartvanbenthem/stackit-compute-operator/internal/controller/image_controller.go:183.3,183.55 1 1
github.com/bartvanbenthem/stackit-compute-operator/internal/controller/image_controller.go:185.18,187.45 2 0
github.com/bartvanbenthem/stackit-compute-operator/internal/controller/image_controller.go:187.45,188.56 1 0
github.com/bartvanbenthem/stackit-compute-operator/internal/controller/image_controller.go:188.56,190.5 1 0
github.com/bartvanbenthem/stackit-compute-operator/internal/controller/image_controller.go:192.3,192.54 1 0
github.com/bartvanbenthem/stackit-compute-operator/internal/controller/image_controller.go:194.15,196.45 2 0
github.com/bartvanbenthem/stackit-compute-operator/internal/controller/image_controller.go:196.45,197.56 1 0
github.com/bartvanbenthem/stackit-compute-operator/internal/controller/image_controller.go:197.56,199.5 1 0
github.com/bartvanbenthem/stackit-compute-operator/internal/controller/image_controller.go:201.3,201.55 1 0
github.com/bartvanbenthem/stackit-compute-operator/internal/controller/image_controller.go:204.2,204.14 1 1
github.com/bartvanbenthem/stackit-compute-operator/internal/controller/image_controller.go:204.14,205.74 1 1
github.com/bartvanbenthem/stackit-compute-operator/internal/controller/image_controller.go:205.74,207.4 1 0
github.com/bartvanbenthem/stackit-compute-operator/internal/controller/image_controller.go:207.9,207.23 1 1
github.com/bartvanbenthem/stackit-compute-operator/internal/controller/image_controller.go:207.23,209.4 1 1
github.com/bartvanbenthem/stackit-compute-operator/internal/controller/image_controller.go:212.2,213.15 2 1
github.com/bartvanbenthem/stackit-compute-operator/internal/controller/image_controller.go:214.19,215.57 1 1
github.com/bartvanbenthem/stackit-compute-operator/internal/controller/image_controller.go:216.21,217.25 1 0
github.com/bartvanbenthem/stackit-compute-operator/internal/controller/image_controller.go:219.2,220.44 2 1
github.com/bartvanbenthem/stackit-compute-operator/internal/controller/image_controller.go:220.44,221.55 1 1
github.com/bartvanbenthem/stackit-compute-operator/internal/controller/image_controller.go:221.55,223.4 1 0
github.com/bartvanbenthem/stackit-compute-operator/internal/controller/image_controller.go:226.2,226.53 1 1
github.com/bartvanbenthem/stackit-compute-operator/internal/controller/image_controller.go:235.128,247.114 10 1
github.com/bartvanbenthem/stackit-compute-operator/internal/controller/image_controller.go:247.114,255.107 5 1
github.com/bartvanbenthem/stackit-compute-operator/internal/controller/image_controller.go:255.107,257.4 1 0
github.com/bartvanbenthem/stackit-compute-operator/internal/controller/image_controller.go:258.3,258.19 1 1
github.com/bartvanbenthem/stackit-compute-operator/internal/controller/image_controller.go:261.2,261.19 1 1
github.com/bartvanbenthem/stackit-compute-operator/internal/controller/image_controller.go:264.115,267.62 2 1
github.com/bartvanbenthem/stackit-compute-operator/internal/controller/image_controller.go:267.62,269.3 1 1
github.com/bartvanbenthem/stackit-compute-operator/internal/controller/image_controller.go:271.2,271.32 1 1
github.com/bartvanbenthem/stackit-compute-operator/internal/controller/image_controller.go:271.32,272.88 1 0
github.com/bartvanbenthem/stackit-compute-operator/internal/controller/image_controller.go:272.88,274.4 1 0
github.com/bartvanbenthem/stackit-compute-operator/internal/controller/image_controller.go:275.3,275.28 1 0
github.com/bartvanbenthem/stackit-compute-operator/internal/controller/image_controller.go:278.2,281.16 3 1
github.com/bartvanbenthem/stackit-compute-operator/internal/controller/image_controller.go:281.16,282.30 1 0
github.com/bartvanbenthem/stackit-compute-operator/internal/controller/image_controller.go:282.30,284.89 2 0
github.com/bartvanbenthem/stackit-compute-operator/internal/controller/image_controller.go:284.89,286.5 1 0
github.com/bartvanbenthem/stackit-compute-operator/internal/controller/image_controller.go:287.4,287.29 1 0
github.com/bartvanbenthem/stackit-compute-operator/internal/controller/image_controller.go:289.3,289.78 1 0
github.com/bartvanbenthem/stackit-compute-operator/internal/controller/image_controller.go:292.2,292.47 1 1
github.com/bartvanbenthem/stackit-compute-operator/internal/controller/image_controller.go:292.47,293.123 1 1
github.com/bartvanbenthem/stackit-compute-operator/internal/controller/image_controller.go:293.123,295.4 1 0
github.com/bartvanbenthem/stackit-compute-operator/internal/controller/image_controller.go:296.3,296.62 1 1
github.com/bartvanbenthem/stackit-compute-operator/internal/controller/image_controller.go:299.2,299.53 1 1
github.com/bartvanbenthem/stackit-compute-operator/internal/controller/image_controller.go:305.95,310.2 4 1
github.com/bartvanbenthem/stackit-compute-operator/internal/controller/image_controller.go:312.130,320.2 1 1
github.com/bartvanbenthem/stackit-compute-operator/internal/controller/image_controller.go:324.53,325.27 1 1
github.com/bartvanbenthem/stackit-compute-operator/internal/controller/image_controller.go:325.27,327.3 1 1
github.com/bartvanbenthem/stackit-compute-operator/internal/controller/image_controller.go:328.2,328.19 1 1
github.com/bartvanbenthem/stackit-compute-operator/internal/controller/image_controller.go:332.68,337.2 1 0
github.com/bartvanbenthem/stackit-compute-operator/internal/controller/lifecycle.go:18.41,20.2 1 1
github.com/bartvanbenthem/stackit-compute-operator/internal/controller/lifecycle.go:22.33,23.14 1 1
github.com/bartvanbenthem/stackit-compute-operator/internal/controller/lifecycle.go:23.14,25.3 1 1
github.com/bartvanbenthem/stackit-compute-operator/internal/controller/lifecycle.go:26.2,26.11 1 1
github.com/bartvanbenthem/stackit-compute-operator/internal/controller/lifecycle.go:29.30,30.14 1 1
github.com/bartvanbenthem/stackit-compute-operator/internal/controller/lifecycle.go:30.14,32.3 1 1
github.com/bartvanbenthem/stackit-compute-operator/internal/controller/lifecycle.go:33.2,33.11 1 1
github.com/bartvanbenthem/stackit-compute-operator/internal/controller/lifecycle.go:38.111,39.54 1 1
github.com/bartvanbenthem/stackit-compute-operator/internal/controller/lifecycle.go:39.54,41.3 1 1
github.com/bartvanbenthem/stackit-compute-operator/internal/controller/lifecycle.go:42.2,43.43 2 1
github.com/bartvanbenthem/stackit-compute-operator/internal/controller/lifecycle.go:43.43,45.3 1 0
github.com/bartvanbenthem/stackit-compute-operator/internal/controller/lifecycle.go:46.2,46.18 1 1
github.com/bartvanbenthem/stackit-compute-operator/internal/controller/lifecycle.go:51.112,52.55 1 0
github.com/bartvanbenthem/stackit-compute-operator/internal/controller/lifecycle.go:52.55,54.3 1 0
github.com/bartvanbenthem/stackit-compute-operator/internal/controller/lifecycle.go:55.2,56.27 2 0
github.com/bartvanbenthem/stackit-compute-operator/internal/controller/lifecycle.go:65.104,66.54 1 1
github.com/bartvanbenthem/stackit-compute-operator/internal/controller/lifecycle.go:66.54,68.3 1 1
github.com/bartvanbenthem/stackit-compute-operator/internal/controller/lifecycle.go:69.2,70.53 2 0
github.com/bartvanbenthem/stackit-compute-operator/internal/controller/lifecycle.go:78.54,80.2 1 1
github.com/bartvanbenthem/stackit-compute-operator/internal/controller/network_controller.go:46.99,48.64 2 1
github.com/bartvanbenthem/stackit-compute-operator/internal/controller/network_controller.go:48.64,50.3 1 0
github.com/bartvanbenthem/stackit-compute-operator/internal/controller/network_controller.go:52.2,53.51 2 1
github.com/bartvanbenthem/stackit-compute-operator/internal/controller/network_controller.go:56.115,57.41 1 1
github.com/bartvanbenthem/stackit-compute-operator/internal/controller/network_controller.go:57.41,59.3 1 1
github.com/bartvanbenthem/stackit-compute-operator/internal/controller/network_controller.go:61.2,63.14 2 1
github.com/bartvanbenthem/stackit-compute-operator/internal/controller/network_controller.go:63.14,65.17 2 1
github.com/bartvanbenthem/stackit-compute-operator/internal/controller/network_controller.go:65.17,67.4 1 0
github.com/bartvanbenthem/stackit-compute-operator/internal/controller/network_controller.go:68.3,68.12 1 1
github.com/bartvanbenthem/stackit-compute-operator/internal/controller/network_controller.go:68.12,70.4 1 0
github.com/bartvanbenthem/stackit-compute-operator/internal/controller/network_controller.go:73.2,73.36 1 1
github.com/bartvanbenthem/stackit-compute-operator/internal/controller/network_controller.go:73.36,75.3 1 1
github.com/bartvanbenthem/stackit-compute-operator/internal/controller/network_controller.go:77.2,77.51 1 1
github.com/bartvanbenthem/stackit-compute-operator/internal/controller/network_controller.go:80.135,85.13 4 1
github.com/bartvanbenthem/stackit-compute-operator/internal/controller/network_controller.go:85.13,88.17 3 1
github.com/bartvanbenthem/stackit-compute-operator/internal/controller/network_controller.go:88.17,89.31 1 1
github.com/bartvanbenthem/stackit-compute-operator/internal/controller/network_controller.go:89.31,91.49 2 1
github.com/bartvanbenthem/stackit-compute-operator/internal/controller/network_controller.go:91.49,92.72 1 1
github.com/bartvanbenthem/stackit-compute-operator/internal/controller/network_controller.go:92.72,94.7 1 0
github.com/bartvanbenthem/stackit-compute-operator/internal/controller/network_controller.go:96.5,96.57 1 1
github.com/bartvanbenthem/stackit-compute-operator/internal/controller/network_controller.go:98.4,98.74 1 0
github.com/bartvanbenthem/stackit-compute-operator/internal/controller/network_controller.go:100.3,102.47 3 1
github.com/bartvanbenthem/stackit-compute-operator/internal/controller/network_controller.go:102.47,103.58 1 1
github.com/bartvanbenthem/stackit-compute-operator/internal/controller/network_controller.go:103.58,105.5 1 0
github.com/bartvanbenthem/stackit-compute-operator/internal/controller/network_controller.go:107.3,108.41 2 1
github.com/bartvanbenthem/stackit-compute-operator/internal/controller/network_controller.go:111.2,115.16 4 1
github.com/bartvanbenthem/stackit-compute-operator/internal/controller/network_controller.go:115.16,117.47 2 0
github.com/bartvanbenthem/stackit-compute-operator/internal/controller/network_controller.go:117.47,118.70 1 0
github.com/bartvanbenthem/stackit-compute-operator/internal/controller/network_controller.go:118.70,120.5 1 0
github.com/bartvanbenthem/stackit-compute-operator/internal/controller/network_controller.go:122.3,122.64 1 0
github.com/bartvanbenthem/stackit-compute-operator/internal/controller/network_controller.go:125.2,128.46 4 1
github.com/bartvanbenthem/stackit-compute-operator/internal/controller/network_controller.go:128.46,129.57 1 1
github.com/bartvanbenthem/stackit-compute-operator/internal/controller/network_controller.go:129.57,131.4 1 0
github.com/bartvanbenthem/stackit-compute-operator/internal/controller/network_controller.go:134.2,135.53 2 1
github.com/bartvanbenthem/stackit-compute-operator/internal/controller/network_controller.go:138.137,144.16 5 1
github.com/bartvanbenthem/stackit-compute-operator/internal/controller/network_controller.go:144.16,145.30 1 0
github.com/bartvanbenthem/stackit-compute-operator/internal/controller/network_controller.go:145.30,146.15 1 0
github.com/bartvanbenthem/stackit-compute-operator/internal/controller/network_controller.go:146.15,149.49 3 0
github.com/bartvanbenthem/stackit-compute-operator/internal/controller/network_controller.go:149.49,150.72 1 0
github.com/bartvanbenthem/stackit-compute-operator/internal/controller/network_controller.go:150.72,152.7 1 0
github.com/bartvanbenthem/stackit-compute-operator/internal/controller/network_controller.go:154.5,154.57 1 0
github.com/bartvanbenthem/stackit-compute-operator/internal/controller/network_controller.go:156.4,159.48 4 0
github.com/bartvanbenthem/stackit-compute-operator/internal/controller/network_controller.go:159.48,160.71 1 0
github.com/bartvanbenthem/stackit-compute-operator/internal/controller/network_controller.go:160.71,162.6 1 0
github.com/bartvanbenthem/stackit-compute-operator/internal/controller/network_controller.go:164.4,164.42 1 0
github.com/bartvanbenthem/stackit-compute-operator/internal/controller/network_controller.go:166.3,166.64 1 0
github.com/bartvanbenthem/stackit-compute-operator/internal/controller/network_controller.go:169.2,172.9 3 1
github.com/bartvanbenthem/stackit-compute-operator/internal/controller/network_controller.go:173.40,175.47 2 1
github.com/bartvanbenthem/stackit-compute-operator/internal/controller/network_controller.go:175.47,176.58 1 1
github.com/bartvanbenthem/stackit-compute-operator/internal/controller/network_controller.go:176.58,178.5 1 0
[...]
github.com/bartvanbenthem/stackit-compute-operator/internal/controller/server_controller.go:266.24,268.46 2 1
github.com/bartvanbenthem/stackit-compute-operator/internal/controller/server_controller.go:268.46,269.57 1 1
github.com/bartvanbenthem/stackit-compute-operator/internal/controller/server_controller.go:269.57,271.5 1 0
github.com/bartvanbenthem/stackit-compute-operator/internal/controller/server_controller.go:273.3,273.55 1 1
github.com/bartvanbenthem/stackit-compute-operator/internal/controller/server_controller.go:276.2,276.74 1 1
github.com/bartvanbenthem/stackit-compute-operator/internal/controller/server_controller.go:276.74,278.3 1 0
github.com/bartvanbenthem/stackit-compute-operator/internal/controller/server_controller.go:278.8,278.22 1 1
github.com/bartvanbenthem/stackit-compute-operator/internal/controller/server_controller.go:278.22,280.3 1 1
github.com/bartvanbenthem/stackit-compute-operator/internal/controller/server_controller.go:282.2,283.15 2 1
github.com/bartvanbenthem/stackit-compute-operator/internal/controller/server_controller.go:284.16,285.54 1 1
github.com/bartvanbenthem/stackit-compute-operator/internal/controller/server_controller.go:286.18,287.56 1 0
github.com/bartvanbenthem/stackit-compute-operator/internal/controller/server_controller.go:289.2,290.45 2 1
github.com/bartvanbenthem/stackit-compute-operator/internal/controller/server_controller.go:290.45,291.56 1 1
github.com/bartvanbenthem/stackit-compute-operator/internal/controller/server_controller.go:291.56,293.4 1 0
github.com/bartvanbenthem/stackit-compute-operator/internal/controller/server_controller.go:296.2,296.53 1 1
github.com/bartvanbenthem/stackit-compute-operator/internal/controller/server_controller.go:303.132,307.85 3 1
github.com/bartvanbenthem/stackit-compute-operator/internal/controller/server_controller.go:307.85,309.122 2 1
github.com/bartvanbenthem/stackit-compute-operator/internal/controller/server_controller.go:309.122,311.4 1 0
github.com/bartvanbenthem/stackit-compute-operator/internal/controller/server_controller.go:312.3,312.19 1 1
github.com/bartvanbenthem/stackit-compute-operator/internal/controller/server_controller.go:315.2,316.24 2 1
github.com/bartvanbenthem/stackit-compute-operator/internal/controller/server_controller.go:316.24,318.3 1 1
github.com/bartvanbenthem/stackit-compute-operator/internal/controller/server_controller.go:319.2,320.9 2 1
github.com/bartvanbenthem/stackit-compute-operator/internal/controller/server_controller.go:321.86,323.95 2 1
github.com/bartvanbenthem/stackit-compute-operator/internal/controller/server_controller.go:323.95,325.4 1 0
github.com/bartvanbenthem/stackit-compute-operator/internal/controller/server_controller.go:326.3,326.19 1 1
github.com/bartvanbenthem/stackit-compute-operator/internal/controller/server_controller.go:327.84,329.96 2 1
github.com/bartvanbenthem/stackit-compute-operator/internal/controller/server_controller.go:329.96,331.4 1 0
github.com/bartvanbenthem/stackit-compute-operator/internal/controller/server_controller.go:332.3,332.19 1 1
github.com/bartvanbenthem/stackit-compute-operator/internal/controller/server_controller.go:335.2,338.34 4 1
github.com/bartvanbenthem/stackit-compute-operator/internal/controller/server_controller.go:338.34,340.18 2 1
github.com/bartvanbenthem/stackit-compute-operator/internal/controller/server_controller.go:340.18,342.4 1 1
github.com/bartvanbenthem/stackit-compute-operator/internal/controller/server_controller.go:343.3,344.20 2 1
github.com/bartvanbenthem/stackit-compute-operator/internal/controller/server_controller.go:344.20,346.4 1 1
github.com/bartvanbenthem/stackit-compute-operator/internal/controller/server_controller.go:347.3,349.109 3 1
github.com/bartvanbenthem/stackit-compute-operator/internal/controller/server_controller.go:349.109,351.4 1 0
github.com/bartvanbenthem/stackit-compute-operator/internal/controller/server_controller.go:352.3,352.19 1 1
github.com/bartvanbenthem/stackit-compute-operator/internal/controller/server_controller.go:355.2,355.19 1 1
github.com/bartvanbenthem/stackit-compute-operator/internal/controller/server_controller.go:358.118,361.64 2 1
github.com/bartvanbenthem/stackit-compute-operator/internal/controller/server_controller.go:361.64,363.3 1 1
github.com/bartvanbenthem/stackit-compute-operator/internal/controller/server_controller.go:365.2,365.34 1 1
github.com/bartvanbenthem/stackit-compute-operator/internal/controller/server_controller.go:365.34,367.47 2 1
github.com/bartvanbenthem/stackit-compute-operator/internal/controller/server_controller.go:367.47,369.4 1 0
github.com/bartvanbenthem/stackit-compute-operator/internal/controller/server_controller.go:370.3,370.28 1 1
github.com/bartvanbenthem/stackit-compute-operator/internal/controller/server_controller.go:373.2,376.16 3 1
github.com/bartvanbenthem/stackit-compute-operator/internal/controller/server_controller.go:376.16,377.30 1 1
github.com/bartvanbenthem/stackit-compute-operator/internal/controller/server_controller.go:377.30,380.60 3 1
github.com/bartvanbenthem/stackit-compute-operator/internal/controller/server_controller.go:380.60,382.5 1 0
github.com/bartvanbenthem/stackit-compute-operator/internal/controller/server_controller.go:383.4,383.29 1 1
github.com/bartvanbenthem/stackit-compute-operator/internal/controller/server_controller.go:385.3,385.79 1 1
github.com/bartvanbenthem/stackit-compute-operator/internal/controller/server_controller.go:388.2,388.47 1 1
github.com/bartvanbenthem/stackit-compute-operator/internal/controller/server_controller.go:388.47,389.125 1 1
github.com/bartvanbenthem/stackit-compute-operator/internal/controller/server_controller.go:389.125,391.4 1 1
github.com/bartvanbenthem/stackit-compute-operator/internal/controller/server_controller.go:392.3,392.65 1 1
github.com/bartvanbenthem/stackit-compute-operator/internal/controller/server_controller.go:395.2,395.53 1 1
github.com/bartvanbenthem/stackit-compute-operator/internal/controller/server_controller.go:398.100,405.35 6 1
github.com/bartvanbenthem/stackit-compute-operator/internal/controller/server_controller.go:405.35,412.3 1 1
github.com/bartvanbenthem/stackit-compute-operator/internal/controller/server_controller.go:413.2,413.27 1 1
github.com/bartvanbenthem/stackit-compute-operator/internal/controller/server_controller.go:416.133,424.2 1 1
github.com/bartvanbenthem/stackit-compute-operator/internal/controller/server_controller.go:428.56,429.28 1 1
github.com/bartvanbenthem/stackit-compute-operator/internal/controller/server_controller.go:429.28,431.3 1 1
github.com/bartvanbenthem/stackit-compute-operator/internal/controller/server_controller.go:432.2,432.20 1 1
github.com/bartvanbenthem/stackit-compute-operator/internal/controller/server_controller.go:435.36,436.14 1 1
github.com/bartvanbenthem/stackit-compute-operator/internal/controller/server_controller.go:436.14,438.3 1 1
github.com/bartvanbenthem/stackit-compute-operator/internal/controller/server_controller.go:439.2,439.11 1 1
github.com/bartvanbenthem/stackit-compute-operator/internal/controller/server_controller.go:445.82,446.28 1 1
github.com/bartvanbenthem/stackit-compute-operator/internal/controller/server_controller.go:446.28,448.10 2 1
github.com/bartvanbenthem/stackit-compute-operator/internal/controller/server_controller.go:448.10,450.4 1 1
github.com/bartvanbenthem/stackit-compute-operator/internal/controller/server_controller.go:451.3,451.33 1 1
github.com/bartvanbenthem/stackit-compute-operator/internal/controller/server_controller.go:451.33,453.4 1 1
github.com/bartvanbenthem/stackit-compute-operator/internal/controller/server_controller.go:455.2,455.13 1 1
github.com/bartvanbenthem/stackit-compute-operator/internal/controller/server_controller.go:459.69,464.2 1 0
github.com/bartvanbenthem/stackit-compute-operator/internal/controller/volume_controller.go:49.98,51.63 2 1
github.com/bartvanbenthem/stackit-compute-operator/internal/controller/volume_controller.go:51.63,53.3 1 0
github.com/bartvanbenthem/stackit-compute-operator/internal/controller/volume_controller.go:55.2,56.51 2 1
github.com/bartvanbenthem/stackit-compute-operator/internal/controller/volume_controller.go:59.112,60.40 1 1
github.com/bartvanbenthem/stackit-compute-operator/internal/controller/volume_controller.go:60.40,62.3 1 1
github.com/bartvanbenthem/stackit-compute-operator/internal/controller/volume_controller.go:64.2,66.14 2 1
github.com/bartvanbenthem/stackit-compute-operator/internal/controller/volume_controller.go:66.14,68.17 2 1
github.com/bartvanbenthem/stackit-compute-operator/internal/controller/volume_controller.go:68.17,70.4 1 0
github.com/bartvanbenthem/stackit-compute-operator/internal/controller/volume_controller.go:71.3,71.12 1 1
github.com/bartvanbenthem/stackit-compute-operator/internal/controller/volume_controller.go:71.12,73.4 1 1
github.com/bartvanbenthem/stackit-compute-operator/internal/controller/volume_controller.go:76.2,76.34 1 1
github.com/bartvanbenthem/stackit-compute-operator/internal/controller/volume_controller.go:76.34,78.3 1 1
github.com/bartvanbenthem/stackit-compute-operator/internal/controller/volume_controller.go:80.2,80.50 1 1
github.com/bartvanbenthem/stackit-compute-operator/internal/controller/volume_controller.go:83.132,88.13 4 1
github.com/bartvanbenthem/stackit-compute-operator/internal/controller/volume_controller.go:88.13,91.17 3 1
github.com/bartvanbenthem/stackit-compute-operator/internal/controller/volume_controller.go:91.17,92.31 1 1
github.com/bartvanbenthem/stackit-compute-operator/internal/controller/volume_controller.go:92.31,94.48 2 1
github.com/bartvanbenthem/stackit-compute-operator/internal/controller/volume_controller.go:94.48,95.71 1 1
github.com/bartvanbenthem/stackit-compute-operator/internal/controller/volume_controller.go:95.71,97.7 1 0
github.com/bartvanbenthem/stackit-compute-operator/internal/controller/volume_controller.go:99.5,99.57 1 1
github.com/bartvanbenthem/stackit-compute-operator/internal/controller/volume_controller.go:101.4,101.73 1 0
github.com/bartvanbenthem/stackit-compute-operator/internal/controller/volume_controller.go:103.3,105.46 3 1
github.com/bartvanbenthem/stackit-compute-operator/internal/controller/volume_controller.go:105.46,106.57 1 1
github.com/bartvanbenthem/stackit-compute-operator/internal/controller/volume_controller.go:106.57,108.5 1 0
github.com/bartvanbenthem/stackit-compute-operator/internal/controller/volume_controller.go:110.3,111.41 2 1
github.com/bartvanbenthem/stackit-compute-operator/internal/controller/volume_controller.go:114.2,118.16 4 1
github.com/bartvanbenthem/stackit-compute-operator/internal/controller/volume_controller.go:118.16,120.46 2 0
github.com/bartvanbenthem/stackit-compute-operator/internal/controller/volume_controller.go:120.46,121.69 1 0
github.com/bartvanbenthem/stackit-compute-operator/internal/controller/volume_controller.go:121.69,123.5 1 0
github.com/bartvanbenthem/stackit-compute-operator/internal/controller/volume_controller.go:125.3,125.63 1 0
github.com/bartvanbenthem/stackit-compute-operator/internal/controller/volume_controller.go:127.2,127.23 1 1
github.com/bartvanbenthem/stackit-compute-operator/internal/controller/volume_controller.go:127.23,129.3 1 0
github.com/bartvanbenthem/stackit-compute-operator/internal/controller/volume_controller.go:131.2,134.45 4 1
github.com/bartvanbenthem/stackit-compute-operator/internal/controller/volume_controller.go:134.45,135.56 1 1
github.com/bartvanbenthem/stackit-compute-operator/internal/controller/volume_controller.go:135.56,137.4 1 0
github.com/bartvanbenthem/stackit-compute-operator/internal/controller/volume_controller.go:140.2,141.53 2 1
github.com/bartvanbenthem/stackit-compute-operator/internal/controller/volume_controller.go:144.134,150.16 5 1
github.com/bartvanbenthem/stackit-compute-operator/internal/controller/volume_controller.go:150.16,151.30 1 0
github.com/bartvanbenthem/stackit-compute-operator/internal/controller/volume_controller.go:151.30,152.15 1 0
github.com/bartvanbenthem/stackit-compute-operator/internal/controller/volume_controller.go:152.15,155.48 3 0
github.com/bartvanbenthem/stackit-compute-operator/internal/controller/volume_controller.go:155.48,156.71 1 0
github.com/bartvanbenthem/stackit-compute-operator/internal/controller/volume_controller.go:156.71,158.7 1 0
github.com/bartvanbenthem/stackit-compute-operator/internal/controller/volume_controller.go:160.5,160.57 1 0
github.com/bartvanbenthem/stackit-compute-operator/internal/controller/volume_controller.go:162.4,165.47 4 0
github.com/bartvanbenthem/stackit-compute-operator/internal/controller/volume_controller.go:165.47,166.70 1 0
github.com/bartvanbenthem/stackit-compute-operator/internal/controller/volume_controller.go:166.70,168.6 1 0
github.com/bartvanbenthem/stackit-compute-operator/internal/controller/volume_controller.go:170.4,170.42 1 0
github.com/bartvanbenthem/stackit-compute-operator/internal/controller/volume_controller.go:172.3,172.63 1 0
github.com/bartvanbenthem/stackit-compute-operator/internal/controller/volume_controller.go:175.2,178.9 3 1
github.com/bartvanbenthem/stackit-compute-operator/internal/controller/volume_controller.go:179.39,181.46 2 1
github.com/bartvanbenthem/stackit-compute-operator/internal/controller/volume_controller.go:181.46,182.57 1 1
github.com/bartvanbenthem/stackit-compute-operator/internal/controller/volume_controller.go:182.57,184.5 1 0
github.com/bartvanbenthem/stackit-compute-operator/internal/controller/volume_controller.go:186.3,186.54 1 1
github.com/bartvanbenthem/stackit-compute-operator/internal/controller/volume_controller.go:188.41,190.46 2 1
github.com/bartvanbenthem/stackit-compute-operator/internal/controller/volume_controller.go:190.46,191.57 1 1
github.com/bartvanbenthem/stackit-compute-operator/internal/controller/volume_controller.go:191.57,193.5 1 0
github.com/bartvanbenthem/stackit-compute-operator/internal/controller/volume_controller.go:195.3,195.55 1 1
github.com/bartvanbenthem/stackit-compute-operator/internal/controller/volume_controller.go:198.2,198.14 1 1
github.com/bartvanbenthem/stackit-compute-operator/internal/controller/volume_controller.go:198.14,199.75 1 1
github.com/bartvanbenthem/stackit-compute-operator/internal/controller/volume_controller.go:199.75,201.4 1 0
github.com/bartvanbenthem/stackit-compute-operator/internal/controller/volume_controller.go:201.9,201.23 1 1
github.com/bartvanbenthem/stackit-compute-operator/internal/controller/volume_controller.go:201.23,203.4 1 1
github.com/bartvanbenthem/stackit-compute-operator/internal/controller/volume_controller.go:206.2,207.15 2 1
github.com/bartvanbenthem/stackit-compute-operator/internal/controller/volume_controller.go:208.19,209.57 1 1
github.com/bartvanbenthem/stackit-compute-operator/internal/controller/volume_controller.go:210.18,211.56 1 0
github.com/bartvanbenthem/stackit-compute-operator/internal/controller/volume_controller.go:213.2,214.45 2 1
github.com/bartvanbenthem/stackit-compute-operator/internal/controller/volume_controller.go:214.45,215.56 1 1
github.com/bartvanbenthem/stackit-compute-operator/internal/controller/volume_controller.go:215.56,217.4 1 0
github.com/bartvanbenthem/stackit-compute-operator/internal/controller/volume_controller.go:220.2,220.53 1 1
github.com/bartvanbenthem/stackit-compute-operator/internal/controller/volume_controller.go:227.132,231.74 3 1
github.com/bartvanbenthem/stackit-compute-operator/internal/controller/volume_controller.go:231.74,233.115 2 1
github.com/bartvanbenthem/stackit-compute-operator/internal/controller/volume_controller.go:233.115,235.4 1 0
github.com/bartvanbenthem/stackit-compute-operator/internal/controller/volume_controller.go:236.3,236.19 1 1
github.com/bartvanbenthem/stackit-compute-operator/internal/controller/volume_controller.go:239.2,245.68 6 1
github.com/bartvanbenthem/stackit-compute-operator/internal/controller/volume_controller.go:245.68,247.18 2 0
github.com/bartvanbenthem/stackit-compute-operator/internal/controller/volume_controller.go:247.18,249.4 1 0
github.com/bartvanbenthem/stackit-compute-operator/internal/controller/volume_controller.go:250.3,250.18 1 0
github.com/bartvanbenthem/stackit-compute-operator/internal/controller/volume_controller.go:250.18,252.4 1 0
github.com/bartvanbenthem/stackit-compute-operator/internal/controller/volume_controller.go:253.3,254.22 2 0
github.com/bartvanbenthem/stackit-compute-operator/internal/controller/volume_controller.go:254.22,256.4 1 0
github.com/bartvanbenthem/stackit-compute-operator/internal/controller/volume_controller.go:257.3,258.20 2 0
github.com/bartvanbenthem/stackit-compute-operator/internal/controller/volume_controller.go:258.20,260.4 1 0
github.com/bartvanbenthem/stackit-compute-operator/internal/controller/volume_controller.go:261.3,263.109 3 0
github.com/bartvanbenthem/stackit-compute-operator/internal/controller/volume_controller.go:263.109,265.4 1 0
github.com/bartvanbenthem/stackit-compute-operator/internal/controller/volume_controller.go:266.3,266.19 1 0
github.com/bartvanbenthem/stackit-compute-operator/internal/controller/volume_controller.go:269.2,269.19 1 1
github.com/bartvanbenthem/stackit-compute-operator/internal/controller/volume_controller.go:272.118,275.64 2 1
github.com/bartvanbenthem/stackit-compute-operator/internal/controller/volume_controller.go:275.64,277.3 1 1
github.com/bartvanbenthem/stackit-compute-operator/internal/controller/volume_controller.go:279.2,279.34 1 1
github.com/bartvanbenthem/stackit-compute-operator/internal/controller/volume_controller.go:279.34,280.90 1 0
github.com/bartvanbenthem/stackit-compute-operator/internal/controller/volume_controller.go:280.90,282.4 1 0
github.com/bartvanbenthem/stackit-compute-operator/internal/controller/volume_controller.go:283.3,283.28 1 0
github.com/bartvanbenthem/stackit-compute-operator/internal/controller/volume_controller.go:286.2,289.16 3 1
github.com/bartvanbenthem/stackit-compute-operator/internal/controller/volume_controller.go:289.16,290.30 1 0
github.com/bartvanbenthem/stackit-compute-operator/internal/controller/volume_controller.go:290.30,292.91 2 0
github.com/bartvanbenthem/stackit-compute-operator/internal/controller/volume_controller.go:292.91,294.5 1 0
github.com/bartvanbenthem/stackit-compute-operator/internal/controller/volume_controller.go:295.4,295.29 1 0
github.com/bartvanbenthem/stackit-compute-operator/internal/controller/volume_controller.go:297.3,297.79 1 0
github.com/bartvanbenthem/stackit-compute-operator/internal/controller/volume_controller.go:300.2,300.47 1 1
github.com/bartvanbenthem/stackit-compute-operator/internal/controller/volume_controller.go:300.47,301.97 1 1
github.com/bartvanbenthem/stackit-compute-operator/internal/controller/volume_controller.go:301.97,302.31 1 0
github.com/bartvanbenthem/stackit-compute-operator/internal/controller/volume_controller.go:302.31,305.5 2 0
github.com/bartvanbenthem/stackit-compute-operator/internal/controller/volume_controller.go:306.4,306.32 1 0
github.com/bartvanbenthem/stackit-compute-operator/internal/controller/volume_controller.go:306.32,308.5 1 0
github.com/bartvanbenthem/stackit-compute-operator/internal/controller/volume_controller.go:310.3,310.65 1 1
github.com/bartvanbenthem/stackit-compute-operator/internal/controller/volume_controller.go:313.2,313.53 1 1
github.com/bartvanbenthem/stackit-compute-operator/internal/controller/volume_controller.go:316.100,321.2 4 1
github.com/bartvanbenthem/stackit-compute-operator/internal/controller/volume_controller.go:323.133,331.2 1 1
github.com/bartvanbenthem/stackit-compute-operator/internal/controller/volume_controller.go:335.56,336.28 1 1
github.com/bartvanbenthem/stackit-compute-operator/internal/controller/volume_controller.go:336.28,338.3 1 1
github.com/bartvanbenthem/stackit-compute-operator/internal/controller/volume_controller.go:339.2,339.20 1 1
github.com/bartvanbenthem/stackit-compute-operator/internal/controller/volume_controller.go:343.69,348.2 1 0
