mode: set
github.com/bartvanbenthem/stackit-compute-operator/api/v1alpha1/cluster_types.go:212.13,214.2 1 0
github.com/bartvanbenthem/stackit-compute-operator/api/v1alpha1/image_types.go:212.13,214.2 1 0
github.com/bartvanbenthem/stackit-compute-operator/api/v1alpha1/network_types.go:157.13,159.2 1 0
github.com/bartvanbenthem/stackit-compute-operator/api/v1alpha1/server_types.go:202.13,204.2 1 0
github.com/bartvanbenthem/stackit-compute-operator/api/v1alpha1/volume_types.go:134.13,136.2 1 0
github.com/bartvanbenthem/stackit-compute-operator/api/v1alpha1/zz_generated.deepcopy.go:13.61,15.35 2 0
github.com/bartvanbenthem/stackit-compute-operator/api/v1alpha1/zz_generated.deepcopy.go:15.35,19.3 3 0
github.com/bartvanbenthem/stackit-compute-operator/api/v1alpha1/zz_generated.deepcopy.go:23.54,24.15 1 0
github.com/bartvanbenthem/stackit-compute-operator/api/v1alpha1/zz_generated.deepcopy.go:24.15,26.3 1 0
github.com/bartvanbenthem/stackit-compute-operator/api/v1alpha1/zz_generated.deepcopy.go:27.2,29.12 3 0
github.com/bartvanbenthem/stackit-compute-operator/api/v1alpha1/zz_generated.deepcopy.go:33.47,39.2 5 0
github.com/bartvanbenthem/stackit-compute-operator/api/v1alpha1/zz_generated.deepcopy.go:42.40,43.15 1 0
github.com/bartvanbenthem/stackit-compute-operator/api/v1alpha1/zz_generated.deepcopy.go:43.15,45.3 1 0
github.com/bartvanbenthem/stackit-compute-operator/api/v1alpha1/zz_generated.deepcopy.go:46.2,48.12 3 0
github.com/bartvanbenthem/stackit-compute-operator/api/v1alpha1/zz_generated.deepcopy.go:52.52,53.34 1 0
github.com/bartvanbenthem/stackit-compute-operator/api/v1alpha1/zz_generated.deepcopy.go:53.34,55.3 1 0
github.com/bartvanbenthem/stackit-compute-operator/api/v1alpha1/zz_generated.deepcopy.go:56.2,56.12 1 0
github.com/bartvanbenthem/stackit-compute-operator/api/v1alpha1/zz_generated.deepcopy.go:60.55,64.21 4 0
github.com/bartvanbenthem/stackit-compute-operator/api/v1alpha1/zz_generated.deepcopy.go:64.21,67.22 3 0
github.com/bartvanbenthem/stackit-compute-operator/api/v1alpha1/zz_generated.deepcopy.go:67.22,69.4 1 0
github.com/bartvanbenthem/stackit-compute-operator/api/v1alpha1/zz_generated.deepcopy.go:74.48,75.15 1 0
github.com/bartvanbenthem/stackit-compute-operator/api/v1alpha1/zz_generated.deepcopy.go:75.15,77.3 1 0
github.com/bartvanbenthem/stackit-compute-operator/api/v1alpha1/zz_generated.deepcopy.go:78.2,80.12 3 0
github.com/bartvanbenthem/stackit-compute-operator/api/v1alpha1/zz_generated.deepcopy.go:84.56,85.34 1 0
github.com/bartvanbenthem/stackit-compute-operator/api/v1alpha1/zz_generated.deepcopy.go:85.34,87.3 1 0
github.com/bartvanbenthem/stackit-compute-operator/api/v1alpha1/zz_generated.deepcopy.go:88.2,88.12 1 0
github.com/bartvanbenthem/stackit-compute-operator/api/v1alpha1/zz_generated.deepcopy.go:92.77,94.43 2 0
github.com/bartvanbenthem/stackit-compute-operator/api/v1alpha1/zz_generated.deepcopy.go:94.43,98.3 3 0
github.com/bartvanbenthem/stackit-compute-operator/api/v1alpha1/zz_generated.deepcopy.go:99.2,99.45 1 0
github.com/bartvanbenthem/stackit-compute-operator/api/v1alpha1/zz_generated.deepcopy.go:99.45,103.3 3 0
github.com/bartvanbenthem/stackit-compute-operator/api/v1alpha1/zz_generated.deepcopy.go:104.2,105.31 2 0
github.com/bartvanbenthem/stackit-compute-operator/api/v1alpha1/zz_generated.deepcopy.go:109.70,110.15 1 0
github.com/bartvanbenthem/stackit-compute-operator/api/v1alpha1/zz_generated.deepcopy.go:110.15,112.3 1 0
github.com/bartvanbenthem/stackit-compute-operator/api/v1alpha1/zz_generated.deepcopy.go:113.2,115.12 3 0
github.com/bartvanbenthem/stackit-compute-operator/api/v1alpha1/zz_generated.deepcopy.go:119.55,121.25 2 0
github.com/bartvanbenthem/stackit-compute-operator/api/v1alpha1/zz_generated.deepcopy.go:121.25,124.22 3 0
github.com/bartvanbenthem/stackit-compute-operator/api/v1alpha1/zz_generated.deepcopy.go:124.22,126.4 1 0
github.com/bartvanbenthem/stackit-compute-operator/api/v1alpha1/zz_generated.deepcopy.go:128.2,128.27 1 0
github.com/bartvanbenthem/stackit-compute-operator/api/v1alpha1/zz_generated.deepcopy.go:128.27,132.3 3 0
github.com/bartvanbenthem/stackit-compute-operator/api/v1alpha1/zz_generated.deepcopy.go:133.2,133.35 1 0
github.com/bartvanbenthem/stackit-compute-operator/api/v1alpha1/zz_generated.deepcopy.go:133.35,137.3 3 0
github.com/bartvanbenthem/stackit-compute-operator/api/v1alpha1/zz_generated.deepcopy.go:141.48,142.15 1 0
github.com/bartvanbenthem/stackit-compute-operator/api/v1alpha1/zz_generated.deepcopy.go:142.15,144.3 1 0
github.com/bartvanbenthem/stackit-compute-operator/api/v1alpha1/zz_generated.deepcopy.go:145.2,147.12 3 0
github.com/bartvanbenthem/stackit-compute-operator/api/v1alpha1/zz_generated.deepcopy.go:151.59,153.32 2 0
github.com/bartvanbenthem/stackit-compute-operator/api/v1alpha1/zz_generated.deepcopy.go:153.32,157.3 3 0
github.com/bartvanbenthem/stackit-compute-operator/api/v1alpha1/zz_generated.deepcopy.go:158.2,158.35 1 0
github.com/bartvanbenthem/stackit-compute-operator/api/v1alpha1/zz_generated.deepcopy.go:158.35,162.3 3 0
github.com/bartvanbenthem/stackit-compute-operator/api/v1alpha1/zz_generated.deepcopy.go:163.2,163.22 1 0
github.com/bartvanbenthem/stackit-compute-operator/api/v1alpha1/zz_generated.deepcopy.go:163.22,167.3 3 0
github.com/bartvanbenthem/stackit-compute-operator/api/v1alpha1/zz_generated.deepcopy.go:168.2,168.26 1 0
github.com/bartvanbenthem/stackit-compute-operator/api/v1alpha1/zz_generated.deepcopy.go:168.26,171.22 3 0
github.com/bartvanbenthem/stackit-compute-operator/api/v1alpha1/zz_generated.deepcopy.go:171.22,173.4 1 0
github.com/bartvanbenthem/stackit-compute-operator/api/v1alpha1/zz_generated.deepcopy.go:178.52,179.15 1 0
github.com/bartvanbenthem/stackit-compute-operator/api/v1alpha1/zz_generated.deepcopy.go:179.15,181.3 1 0
github.com/bartvanbenthem/stackit-compute-operator/api/v1alpha1/zz_generated.deepcopy.go:182.2,184.12 3 0
github.com/bartvanbenthem/stackit-compute-operator/api/v1alpha1/zz_generated.deepcopy.go:188.43,194.2 5 0
github.com/bartvanbenthem/stackit-compute-operator/api/v1alpha1/zz_generated.deepcopy.go:197.36,198.15 1 0
github.com/bartvanbenthem/stackit-compute-operator/api/v1alpha1/zz_generated.deepcopy.go:198.15,200.3 1 0
github.com/bartvanbenthem/stackit-compute-operator/api/v1alpha1/zz_generated.deepcopy.go:201.2,203.12 3 0
github.com/bartvanbenthem/stackit-compute-operator/api/v1alpha1/zz_generated.deepcopy.go:207.50,208.34 1 0
github.com/bartvanbenthem/stackit-compute-operator/api/v1alpha1/zz_generated.deepcopy.go:208.34,210.3 1 0
github.com/bartvanbenthem/stackit-compute-operator/api/v1alpha1/zz_generated.deepcopy.go:211.2,211.12 1 0
github.com/bartvanbenthem/stackit-compute-operator/api/v1alpha1/zz_generated.deepcopy.go:215.67,217.2 1 0
github.com/bartvanbenthem/stackit-compute-operator/api/v1alpha1/zz_generated.deepcopy.go:220.60,221.15 1 0
github.com/bartvanbenthem/stackit-compute-operator/api/v1alpha1/zz_generated.deepcopy.go:221.15,223.3 1 0
github.com/bartvanbenthem/stackit-compute-operator/api/v1alpha1/zz_generated.deepcopy.go:224.2,226.12 3 0
github.com/bartvanbenthem/stackit-compute-operator/api/v1alpha1/zz_generated.deepcopy.go:230.63,232.24 2 0
github.com/bartvanbenthem/stackit-compute-operator/api/v1alpha1/zz_generated.deepcopy.go:232.24,236.3 3 0
github.com/bartvanbenthem/stackit-compute-operator/api/v1alpha1/zz_generated.deepcopy.go:237.2,237.26 1 0
github.com/bartvanbenthem/stackit-compute-operator/api/v1alpha1/zz_generated.deepcopy.go:237.26,241.3 3 0
github.com/bartvanbenthem/stackit-compute-operator/api/v1alpha1/zz_generated.deepcopy.go:242.2,242.20 1 0
github.com/bartvanbenthem/stackit-compute-operator/api/v1alpha1/zz_generated.deepcopy.go:242.20,246.3 3 0
github.com/bartvanbenthem/stackit-compute-operator/api/v1alpha1/zz_generated.deepcopy.go:247.2,247.26 1 0
github.com/bartvanbenthem/stackit-compute-operator/api/v1alpha1/zz_generated.deepcopy.go:247.26,251.3 3 0
github.com/bartvanbenthem/stackit-compute-operator/api/v1alpha1/zz_generated.deepcopy.go:255.56,256.15 1 0
github.com/bartvanbenthem/stackit-compute-operator/api/v1alpha1/zz_generated.deepcopy.go:256.15,258.3 1 0
github.com/bartvanbenthem/stackit-compute-operator/api/v1alpha1/zz_generated.deepcopy.go:259.2,261.12 3 0
github.com/bartvanbenthem/stackit-compute-operator/api/v1alpha1/zz_generated.deepcopy.go:265.51,269.21 4 0
github.com/bartvanbenthem/stackit-compute-operator/api/v1alpha1/zz_generated.deepcopy.go:269.21,272.22 3 0
github.com/bartvanbenthem/stackit-compute-operator/api/v1alpha1/zz_generated.deepcopy.go:272.22,274.4 1 0
github.com/bartvanbenthem/stackit-compute-operator/api/v1alpha1/zz_generated.deepcopy.go:279.44,280.15 1 0
github.com/bartvanbenthem/stackit-compute-operator/api/v1alpha1/zz_generated.deepcopy.go:280.15,282.3 1 0
github.com/bartvanbenthem/stackit-compute-operator/api/v1alpha1/zz_generated.deepcopy.go:283.2,285.12 3 0
github.com/bartvanbenthem/stackit-compute-operator/api/v1alpha1/zz_generated.deepcopy.go:289.54,290.34 1 0
github.com/bartvanbenthem/stackit-compute-operator/api/v1alpha1/zz_generated.deepcopy.go:290.34,292.3 1 0
github.com/bartvanbenthem/stackit-compute-operator/api/v1alpha1/zz_generated.deepcopy.go:293.2,293.12 1 0
github.com/bartvanbenthem/stackit-compute-operator/api/v1alpha1/zz_generated.deepcopy.go:297.51,299.25 2 0
github.com/bartvanbenthem/stackit-compute-operator/api/v1alpha1/zz_generated.deepcopy.go:299.25,303.3 3 0
github.com/bartvanbenthem/stackit-compute-operator/api/v1alpha1/zz_generated.deepcopy.go:304.2,304.22 1 0
github.com/bartvanbenthem/stackit-compute-operator/api/v1alpha1/zz_generated.deepcopy.go:304.22,307.29 3 0
github.com/bartvanbenthem/stackit-compute-operator/api/v1alpha1/zz_generated.deepcopy.go:307.29,309.4 1 0
github.com/bartvanbenthem/stackit-compute-operator/api/v1alpha1/zz_generated.deepcopy.go:311.2,311.24 1 0
github.com/bartvanbenthem/stackit-compute-operator/api/v1alpha1/zz_generated.deepcopy.go:311.24,315.3 3 0
github.com/bartvanbenthem/stackit-compute-operator/api/v1alpha1/zz_generated.deepcopy.go:316.2,316.22 1 0
github.com/bartvanbenthem/stackit-compute-operator/api/v1alpha1/zz_generated.deepcopy.go:316.22,320.3 3 0
github.com/bartvanbenthem/stackit-compute-operator/api/v1alpha1/zz_generated.deepcopy.go:321.2,321.26 1 0
github.com/bartvanbenthem/stackit-compute-operator/api/v1alpha1/zz_generated.deepcopy.go:321.26,325.3 3 0
github.com/bartvanbenthem/stackit-compute-operator/api/v1alpha1/zz_generated.deepcopy.go:329.44,330.15 1 0
github.com/bartvanbenthem/stackit-compute-operator/api/v1alpha1/zz_generated.deepcopy.go:330.15,332.3 1 0
github.com/bartvanbenthem/stackit-compute-operator/api/v1alpha1/zz_generated.deepcopy.go:333.2,335.12 3 0
github.com/bartvanbenthem/stackit-compute-operator/api/v1alpha1/zz_generated.deepcopy.go:339.55,341.26 2 0
github.com/bartvanbenthem/stackit-compute-operator/api/v1alpha1/zz_generated.deepcopy.go:341.26,344.22 3 0
github.com/bartvanbenthem/stackit-compute-operator/api/v1alpha1/zz_generated.deepcopy.go:344.22,346.4 1 0
github.com/bartvanbenthem/stackit-compute-operator/api/v1alpha1/zz_generated.deepcopy.go:351.48,352.15 1 0
github.com/bartvanbenthem/stackit-compute-operator/api/v1alpha1/zz_generated.deepcopy.go:352.15,354.3 1 0
github.com/bartvanbenthem/stackit-compute-operator/api/v1alpha1/zz_generated.deepcopy.go:355.2,357.12 3 0
github.com/bartvanbenthem/stackit-compute-operator/api/v1alpha1/zz_generated.deepcopy.go:361.73,363.2 1 0
github.com/bartvanbenthem/stackit-compute-operator/api/v1alpha1/zz_generated.deepcopy.go:366.66,367.15 1 0
github.com/bartvanbenthem/stackit-compute-operator/api/v1alpha1/zz_generated.deepcopy.go:367.15,369.3 1 0
github.com/bartvanbenthem/stackit-compute-operator/api/v1alpha1/zz_generated.deepcopy.go:370.2,372.12 3 0
github.com/bartvanbenthem/stackit-compute-operator/api/v1alpha1/zz_generated.deepcopy.go:376.47,382.2 5 0
github.com/bartvanbenthem/stackit-compute-operator/api/v1alpha1/zz_generated.deepcopy.go:385.40,386.15 1 0
github.com/bartvanbenthem/stackit-compute-operator/api/v1alpha1/zz_generated.deepcopy.go:386.15,388.3 1 0
github.com/bartvanbenthem/stackit-compute-operator/api/v1alpha1/zz_generated.deepcopy.go:389.2,391.12 3 0
github.com/bartvanbenthem/stackit-compute-operator/api/v1alpha1/zz_generated.deepcopy.go:395.52,396.34 1 0
github.com/bartvanbenthem/stackit-compute-operator/api/v1alpha1/zz_generated.deepcopy.go:396.34,398.3 1 0
github.com/bartvanbenthem/stackit-compute-operator/api/v1alpha1/zz_generated.deepcopy.go:399.2,399.12 1 0
github.com/bartvanbenthem/stackit-compute-operator/api/v1alpha1/zz_generated.deepcopy.go:403.63,405.27 2 0
github.com/bartvanbenthem/stackit-compute-operator/api/v1alpha1/zz_generated.deepcopy.go:405.27,409.3 3 0
github.com/bartvanbenthem/stackit-compute-operator/api/v1alpha1/zz_generated.deepcopy.go:413.56,414.15 1 0
github.com/bartvanbenthem/stackit-compute-operator/api/v1alpha1/zz_generated.deepcopy.go:414.15,416.3 1 0
github.com/bartvanbenthem/stackit-compute-operator/api/v1alpha1/zz_generated.deepcopy.go:417.2,419.12 3 0
github.com/bartvanbenthem/stackit-compute-operator/api/v1alpha1/zz_generated.deepcopy.go:423.63,425.27 2 0
github.com/bartvanbenthem/stackit-compute-operator/api/v1alpha1/zz_generated.deepcopy.go:425.27,429.3 3 0
github.com/bartvanbenthem/stackit-compute-operator/api/v1alpha1/zz_generated.deepcopy.go:433.56,434.15 1 0
github.com/bartvanbenthem/stackit-compute-operator/api/v1alpha1/zz_generated.deepcopy.go:434.15,436.3 1 0
github.com/bartvanbenthem/stackit-compute-operator/api/v1alpha1/zz_generated.deepcopy.go:437.2,439.12 3 0
github.com/bartvanbenthem/stackit-compute-operator/api/v1alpha1/zz_generated.deepcopy.go:443.55,447.21 4 0
github.com/bartvanbenthem/stackit-compute-operator/api/v1alpha1/zz_generated.deepcopy.go:447.21,450.22 3 0
github.com/bartvanbenthem/stackit-compute-operator/api/v1alpha1/zz_generated.deepcopy.go:450.22,452.4 1 0
github.com/bartvanbenthem/stackit-compute-operator/api/v1alpha1/zz_generated.deepcopy.go:457.48,458.15 1 0
github.com/bartvanbenthem/stackit-compute-operator/api/v1alpha1/zz_generated.deepcopy.go:458.15,460.3 1 0
github.com/bartvanbenthem/stackit-compute-operator/api/v1alpha1/zz_generated.deepcopy.go:461.2,463.12 3 0
github.com/bartvanbenthem/stackit-compute-operator/api/v1alpha1/zz_generated.deepcopy.go:467.56,468.34 1 0
github.com/bartvanbenthem/stackit-compute-operator/api/v1alpha1/zz_generated.deepcopy.go:468.34,470.3 1 0
github.com/bartvanbenthem/stackit-compute-operator/api/v1alpha1/zz_generated.deepcopy.go:471.2,471.12 1 0
github.com/bartvanbenthem/stackit-compute-operator/api/v1alpha1/zz_generated.deepcopy.go:475.55,477.20 2 0
github.com/bartvanbenthem/stackit-compute-operator/api/v1alpha1/zz_generated.deepcopy.go:477.20,481.3 3 0
github.com/bartvanbenthem/stackit-compute-operator/api/v1alpha1/zz_generated.deepcopy.go:482.2,482.22 1 0
github.com/bartvanbenthem/stackit-compute-operator/api/v1alpha1/zz_generated.deepcopy.go:482.22,486.3 3 0
github.com/bartvanbenthem/stackit-compute-operator/api/v1alpha1/zz_generated.deepcopy.go:487.2,487.20 1 0
github.com/bartvanbenthem/stackit-compute-operator/api/v1alpha1/zz_generated.deepcopy.go:487.20,491.3 3 0
github.com/bartvanbenthem/stackit-compute-operator/api/v1alpha1/zz_generated.deepcopy.go:492.2,492.20 1 0
github.com/bartvanbenthem/stackit-compute-operator/api/v1alpha1/zz_generated.deepcopy.go:492.20,496.3 3 0
github.com/bartvanbenthem/stackit-compute-operator/api/v1alpha1/zz_generated.deepcopy.go:497.2,497.22 1 0
github.com/bartvanbenthem/stackit-compute-operator/api/v1alpha1/zz_generated.deepcopy.go:497.22,500.29 3 0
github.com/bartvanbenthem/stackit-compute-operator/api/v1alpha1/zz_generated.deepcopy.go:500.29,502.4 1 0
github.com/bartvanbenthem/stackit-compute-operator/api/v1alpha1/zz_generated.deepcopy.go:504.2,504.26 1 0
github.com/bartvanbenthem/stackit-compute-operator/api/v1alpha1/zz_generated.deepcopy.go:504.26,508.3 3 0
github.com/bartvanbenthem/stackit-compute-operator/api/v1alpha1/zz_generated.deepcopy.go:512.48,513.15 1 0
github.com/bartvanbenthem/stackit-compute-operator/api/v1alpha1/zz_generated.deepcopy.go:513.15,515.3 1 0
github.com/bartvanbenthem/stackit-compute-operator/api/v1alpha1/zz_generated.deepcopy.go:516.2,518.12 3 0
github.com/bartvanbenthem/stackit-compute-operator/api/v1alpha1/zz_generated.deepcopy.go:522.59,524.28 2 0
github.com/bartvanbenthem/stackit-compute-operator/api/v1alpha1/zz_generated.deepcopy.go:524.28,528.3 3 0
github.com/bartvanbenthem/stackit-compute-operator/api/v1alpha1/zz_generated.deepcopy.go:529.2,529.26 1 0
github.com/bartvanbenthem/stackit-compute-operator/api/v1alpha1/zz_generated.deepcopy.go:529.26,532.22 3 0
github.com/bartvanbenthem/stackit-compute-operator/api/v1alpha1/zz_generated.deepcopy.go:532.22,534.4 1 0
github.com/bartvanbenthem/stackit-compute-operator/api/v1alpha1/zz_generated.deepcopy.go:539.52,540.15 1 0
github.com/bartvanbenthem/stackit-compute-operator/api/v1alpha1/zz_generated.deepcopy.go:540.15,542.3 1 0
github.com/bartvanbenthem/stackit-compute-operator/api/v1alpha1/zz_generated.deepcopy.go:543.2,545.12 3 0
github.com/bartvanbenthem/stackit-compute-operator/api/v1alpha1/zz_generated.deepcopy.go:549.51,551.2 1 0
github.com/bartvanbenthem/stackit-compute-operator/api/v1alpha1/zz_generated.deepcopy.go:554.44,555.15 1 0
github.com/bartvanbenthem/stackit-compute-operator/api/v1alpha1/zz_generated.deepcopy.go:555.15,557.3 1 0
github.com/bartvanbenthem/stackit-compute-operator/api/v1alpha1/zz_generated.deepcopy.go:558.2,560.12 3 0
github.com/bartvanbenthem/stackit-compute-operator/api/v1alpha1/zz_generated.deepcopy.go:564.57,566.33 2 0
github.com/bartvanbenthem/stackit-compute-operator/api/v1alpha1/zz_generated.deepcopy.go:566.33,570.3 3 0
github.com/bartvanbenthem/stackit-compute-operator/api/v1alpha1/zz_generated.deepcopy.go:571.2,572.37 2 0
github.com/bartvanbenthem/stackit-compute-operator/api/v1alpha1/zz_generated.deepcopy.go:572.37,576.3 3 0
github.com/bartvanbenthem/stackit-compute-operator/api/v1alpha1/zz_generated.deepcopy.go:577.2,577.22 1 0
github.com/bartvanbenthem/stackit-compute-operator/api/v1alpha1/zz_generated.deepcopy.go:577.22,580.29 3 0
github.com/bartvanbenthem/stackit-compute-operator/api/v1alpha1/zz_generated.deepcopy.go:580.29,582.4 1 0
github.com/bartvanbenthem/stackit-compute-operator/api/v1alpha1/zz_generated.deepcopy.go:587.50,588.15 1 0
github.com/bartvanbenthem/stackit-compute-operator/api/v1alpha1/zz_generated.deepcopy.go:588.15,590.3 1 0
github.com/bartvanbenthem/stackit-compute-operator/api/v1alpha1/zz_generated.deepcopy.go:591.2,593.12 3 0
github.com/bartvanbenthem/stackit-compute-operator/api/v1alpha1/zz_generated.deepcopy.go:597.69,599.2 1 0
github.com/bartvanbenthem/stackit-compute-operator/api/v1alpha1/zz_generated.deepcopy.go:602.62,603.15 1 0
github.com/bartvanbenthem/stackit-compute-operator/api/v1alpha1/zz_generated.deepcopy.go:603.15,605.3 1 0
github.com/bartvanbenthem/stackit-compute-operator/api/v1alpha1/zz_generated.deepcopy.go:606.2,608.12 3 0
github.com/bartvanbenthem/stackit-compute-operator/api/v1alpha1/zz_generated.deepcopy.go:612.45,618.2 5 0
github.com/bartvanbenthem/stackit-compute-operator/api/v1alpha1/zz_generated.deepcopy.go:621.38,622.15 1 0
github.com/bartvanbenthem/stackit-compute-operator/api/v1alpha1/zz_generated.deepcopy.go:622.15,624.3 1 0
github.com/bartvanbenthem/stackit-compute-operator/api/v1alpha1/zz_generated.deepcopy.go:625.2,627.12 3 0
github.com/bartvanbenthem/stackit-compute-operator/api/v1alpha1/zz_generated.deepcopy.go:631.51,632.34 1 0
github.com/bartvanbenthem/stackit-compute-operator/api/v1alpha1/zz_generated.deepcopy.go:632.34,634.3 1 0
github.com/bartvanbenthem/stackit-compute-operator/api/v1alpha1/zz_generated.deepcopy.go:635.2,635.12 1 0
github.com/bartvanbenthem/stackit-compute-operator/api/v1alpha1/zz_generated.deepcopy.go:639.53,643.21 4 0
github.com/bartvanbenthem/stackit-compute-operator/api/v1alpha1/zz_generated.deepcopy.go:643.21,646.22 3 0
github.com/bartvanbenthem/stackit-compute-operator/api/v1alpha1/zz_generated.deepcopy.go:646.22,648.4 1 0
github.com/bartvanbenthem/stackit-compute-operator/api/v1alpha1/zz_generated.deepcopy.go:653.46,654.15 1 0
github.com/bartvanbenthem/stackit-compute-operator/api/v1alpha1/zz_generated.deepcopy.go:654.15,656.3 1 0
github.com/bartvanbenthem/stackit-compute-operator/api/v1alpha1/zz_generated.deepcopy.go:657.2,659.12 3 0
github.com/bartvanbenthem/stackit-compute-operator/api/v1alpha1/zz_generated.deepcopy.go:663.55,664.34 1 0
github.com/bartvanbenthem/stackit-compute-operator/api/v1alpha1/zz_generated.deepcopy.go:664.34,666.3 1 0
github.com/bartvanbenthem/stackit-compute-operator/api/v1alpha1/zz_generated.deepcopy.go:667.2,667.12 1 0
github.com/bartvanbenthem/stackit-compute-operator/api/v1alpha1/zz_generated.deepcopy.go:671.53,673.24 2 0
github.com/bartvanbenthem/stackit-compute-operator/api/v1alpha1/zz_generated.deepcopy.go:673.24,677.3 3 0
github.com/bartvanbenthem/stackit-compute-operator/api/v1alpha1/zz_generated.deepcopy.go:678.2,679.29 2 0
github.com/bartvanbenthem/stackit-compute-operator/api/v1alpha1/zz_generated.deepcopy.go:679.29,683.3 3 0
github.com/bartvanbenthem/stackit-compute-operator/api/v1alpha1/zz_generated.deepcopy.go:684.2,684.26 1 0
github.com/bartvanbenthem/stackit-compute-operator/api/v1alpha1/zz_generated.deepcopy.go:684.26,688.3 3 0
github.com/bartvanbenthem/stackit-compute-operator/api/v1alpha1/zz_generated.deepcopy.go:689.2,689.30 1 0
github.com/bartvanbenthem/stackit-compute-operator/api/v1alpha1/zz_generated.deepcopy.go:689.30,693.3 3 0
github.com/bartvanbenthem/stackit-compute-operator/api/v1alpha1/zz_generated.deepcopy.go:694.2,694.35 1 0
github.com/bartvanbenthem/stackit-compute-operator/api/v1alpha1/zz_generated.deepcopy.go:694.35,698.3 3 0
github.com/bartvanbenthem/stackit-compute-operator/api/v1alpha1/zz_generated.deepcopy.go:699.2,699.22 1 0
github.com/bartvanbenthem/stackit-compute-operator/api/v1alpha1/zz_generated.deepcopy.go:699.22,702.29 3 0
github.com/bartvanbenthem/stackit-compute-operator/api/v1alpha1/zz_generated.deepcopy.go:702.29,704.4 1 0
github.com/bartvanbenthem/stackit-compute-operator/api/v1alpha1/zz_generated.deepcopy.go:709.46,710.15 1 0
github.com/bartvanbenthem/stackit-compute-operator/api/v1alpha1/zz_generated.deepcopy.go:710.15,712.3 1 0
github.com/bartvanbenthem/stackit-compute-operator/api/v1alpha1/zz_generated.deepcopy.go:713.2,715.12 3 0
github.com/bartvanbenthem/stackit-compute-operator/api/v1alpha1/zz_generated.deepcopy.go:719.57,721.20 2 0
github.com/bartvanbenthem/stackit-compute-operator/api/v1alpha1/zz_generated.deepcopy.go:721.20,725.3 3 0
github.com/bartvanbenthem/stackit-compute-operator/api/v1alpha1/zz_generated.deepcopy.go:726.2,726.26 1 0
github.com/bartvanbenthem/stackit-compute-operator/api/v1alpha1/zz_generated.deepcopy.go:726.26,729.22 3 0
github.com/bartvanbenthem/stackit-compute-operator/api/v1alpha1/zz_generated.deepcopy.go:729.22,731.4 1 0
github.com/bartvanbenthem/stackit-compute-operator/api/v1alpha1/zz_generated.deepcopy.go:736.50,737.15 1 0
github.com/bartvanbenthem/stackit-compute-operator/api/v1alpha1/zz_generated.deepcopy.go:737.15,739.3 1 0
github.com/bartvanbenthem/stackit-compute-operator/api/v1alpha1/zz_generated.deepcopy.go:740.2,742.12 3 0
github.com/bartvanbenthem/stackit-compute-operator/api/v1alpha1/zz_generated.deepcopy.go:746.45,752.2 5 0
github.com/bartvanbenthem/stackit-compute-operator/api/v1alpha1/zz_generated.deepcopy.go:755.38,756.15 1 0
github.com/bartvanbenthem/stackit-compute-operator/api/v1alpha1/zz_generated.deepcopy.go:756.15,758.3 1 0
github.com/bartvanbenthem/stackit-compute-operator/api/v1alpha1/zz_generated.deepcopy.go:759.2,761.12 3 0
github.com/bartvanbenthem/stackit-compute-operator/api/v1alpha1/zz_generated.deepcopy.go:765.51,766.34 1 0
github.com/bartvanbenthem/stackit-compute-operator/api/v1alpha1/zz_generated.deepcopy.go:766.34,768.3 1 0
github.com/bartvanbenthem/stackit-compute-operator/api/v1alpha1/zz_generated.deepcopy.go:769.2,769.12 1 0
github.com/bartvanbenthem/stackit-compute-operator/api/v1alpha1/zz_generated.deepcopy.go:773.53,777.21 4 0
github.com/bartvanbenthem/stackit-compute-operator/api/v1alpha1/zz_generated.deepcopy.go:777.21,780.22 3 0
github.com/bartvanbenthem/stackit-compute-operator/api/v1alpha1/zz_generated.deepcopy.go:780.22,782.4 1 0
github.com/bartvanbenthem/stackit-compute-operator/api/v1alpha1/zz_generated.deepcopy.go:787.46,788.15 1 0
github.com/bartvanbenthem/stackit-compute-operator/api/v1alpha1/zz_generated.deepcopy.go:788.15,790.3 1 0
github.com/bartvanbenthem/stackit-compute-operator/api/v1alpha1/zz_generated.deepcopy.go:791.2,793.12 3 0
github.com/bartvanbenthem/stackit-compute-operator/api/v1alpha1/zz_generated.deepcopy.go:797.55,798.34 1 0
github.com/bartvanbenthem/stackit-compute-operator/api/v1alpha1/zz_generated.deepcopy.go:798.34,800.3 1 0
github.com/bartvanbenthem/stackit-compute-operator/api/v1alpha1/zz_generated.deepcopy.go:801.2,801.12 1 0
github.com/bartvanbenthem/stackit-compute-operator/api/v1alpha1/zz_generated.deepcopy.go:805.65,807.2 1 0
github.com/bartvanbenthem/stackit-compute-operator/api/v1alpha1/zz_generated.deepcopy.go:810.58,811.15 1 0
github.com/bartvanbenthem/stackit-compute-operator/api/v1alpha1/zz_generated.deepcopy.go:811.15,813.3 1 0
github.com/bartvanbenthem/stackit-compute-operator/api/v1alpha1/zz_generated.deepcopy.go:814.2,816.12 3 0
github.com/bartvanbenthem/stackit-compute-operator/api/v1alpha1/zz_generated.deepcopy.go:820.53,822.24 2 0
github.com/bartvanbenthem/stackit-compute-operator/api/v1alpha1/zz_generated.deepcopy.go:822.24,826.3 3 0
github.com/bartvanbenthem/stackit-compute-operator/api/v1alpha1/zz_generated.deepcopy.go:827.2,827.22 1 0
github.com/bartvanbenthem/stackit-compute-operator/api/v1alpha1/zz_generated.deepcopy.go:827.22,831.3 3 0
github.com/bartvanbenthem/stackit-compute-operator/api/v1alpha1/zz_generated.deepcopy.go:832.2,832.22 1 0
github.com/bartvanbenthem/stackit-compute-operator/api/v1alpha1/zz_generated.deepcopy.go:832.22,835.29 3 0
github.com/bartvanbenthem/stackit-compute-operator/api/v1alpha1/zz_generated.deepcopy.go:835.29,837.4 1 0
github.com/bartvanbenthem/stackit-compute-operator/api/v1alpha1/zz_generated.deepcopy.go:839.2,839.26 1 0
github.com/bartvanbenthem/stackit-compute-operator/api/v1alpha1/zz_generated.deepcopy.go:839.26,843.3 3 0
github.com/bartvanbenthem/stackit-compute-operator/api/v1alpha1/zz_generated.deepcopy.go:847.46,848.15 1 0
github.com/bartvanbenthem/stackit-compute-operator/api/v1alpha1/zz_generated.deepcopy.go:848.15,850.3 1 0
github.com/bartvanbenthem/stackit-compute-operator/api/v1alpha1/zz_generated.deepcopy.go:851.2,853.12 3 0
github.com/bartvanbenthem/stackit-compute-operator/api/v1alpha1/zz_generated.deepcopy.go:857.57,859.26 2 0
github.com/bartvanbenthem/stackit-compute-operator/api/v1alpha1/zz_generated.deepcopy.go:859.26,862.22 3 0
github.com/bartvanbenthem/stackit-compute-operator/api/v1alpha1/zz_generated.deepcopy.go:862.22,864.4 1 0
github.com/bartvanbenthem/stackit-compute-operator/api/v1alpha1/zz_generated.deepcopy.go:869.50,870.15 1 0
github.com/bartvanbenthem/stackit-compute-operator/api/v1alpha1/zz_generated.deepcopy.go:870.15,872.3 1 0
github.com/bartvanbenthem/stackit-compute-operator/api/v1alpha1/zz_generated.deepcopy.go:873.2,875.12 3 0
github.com/bartvanbenthem/stackit-compute-operator/cmd/main.go:33.13,36.2 2 0
github.com/bartvanbenthem/stackit-compute-operator/cmd/main.go:38.13,60.16 12 0
github.com/bartvanbenthem/stackit-compute-operator/cmd/main.go:60.16,63.3 2 0
github.com/bartvanbenthem/stackit-compute-operator/cmd/main.go:65.2,66.16 2 0
github.com/bartvanbenthem/stackit-compute-operator/cmd/main.go:66.16,69.3 2 0
github.com/bartvanbenthem/stackit-compute-operator/cmd/main.go:71.2,72.16 2 0
github.com/bartvanbenthem/stackit-compute-operator/cmd/main.go:72.16,75.3 2 0
github.com/bartvanbenthem/stackit-compute-operator/cmd/main.go:77.2,81.39 1 0
github.com/bartvanbenthem/stackit-compute-operator/cmd/main.go:81.39,84.3 2 0
github.com/bartvanbenthem/stackit-compute-operator/cmd/main.go:86.2,90.39 1 0
github.com/bartvanbenthem/stackit-compute-operator/cmd/main.go:90.39,93.3 2 0
github.com/bartvanbenthem/stackit-compute-operator/cmd/main.go:95.2,99.39 1 0
github.com/bartvanbenthem/stackit-compute-operator/cmd/main.go:99.39,102.3 2 0
github.com/bartvanbenthem/stackit-compute-operator/cmd/main.go:104.2,108.39 1 0
github.com/bartvanbenthem/stackit-compute-operator/cmd/main.go:108.39,111.3 2 0
github.com/bartvanbenthem/stackit-compute-operator/cmd/main.go:113.2,117.39 1 0
github.com/bartvanbenthem/stackit-compute-operator/cmd/main.go:117.39,120.3 2 0
github.com/bartvanbenthem/stackit-compute-operator/cmd/main.go:122.2,122.69 1 0
github.com/bartvanbenthem/stackit-compute-operator/cmd/main.go:122.69,125.3 2 0
github.com/bartvanbenthem/stackit-compute-operator/cmd/main.go:126.2,126.67 1 0
github.com/bartvanbenthem/stackit-compute-operator/cmd/main.go:126.67,129.3 2 0
github.com/bartvanbenthem/stackit-compute-operator/cmd/main.go:131.2,132.61 2 0
github.com/bartvanbenthem/stackit-compute-operator/cmd/main.go:132.61,135.3 2 0
github.com/bartvanbenthem/stackit-compute-operator/internal/stackit/client.go:19.43,21.2 1 0
github.com/bartvanbenthem/stackit-compute-operator/internal/stackit/client.go:25.45,27.2 1 0
github.com/bartvanbenthem/stackit-compute-operator/internal/stackit/clusters.go:15.93,21.29 2 1
github.com/bartvanbenthem/stackit-compute-operator/internal/stackit/clusters.go:21.29,32.3 1 1
github.com/bartvanbenthem/stackit-compute-operator/internal/stackit/clusters.go:34.2,34.16 1 1
github.com/bartvanbenthem/stackit-compute-operator/internal/stackit/clusters.go:37.74,39.27 2 1
github.com/bartvanbenthem/stackit-compute-operator/internal/stackit/clusters.go:39.27,56.27 2 1
github.com/bartvanbenthem/stackit-compute-operator/internal/stackit/clusters.go:56.27,58.4 1 1
github.com/bartvanbenthem/stackit-compute-operator/internal/stackit/clusters.go:59.3,59.38 1 1
github.com/bartvanbenthem/stackit-compute-operator/internal/stackit/clusters.go:59.38,61.4 1 1
github.com/bartvanbenthem/stackit-compute-operator/internal/stackit/clusters.go:62.3,62.25 1 1
github.com/bartvanbenthem/stackit-compute-operator/internal/stackit/clusters.go:62.25,65.4 2 1
github.com/bartvanbenthem/stackit-compute-operator/internal/stackit/clusters.go:66.3,66.38 1 1
github.com/bartvanbenthem/stackit-compute-operator/internal/stackit/clusters.go:68.2,68.18 1 1
github.com/bartvanbenthem/stackit-compute-operator/internal/stackit/clusters.go:75.175,77.2 1 1
github.com/bartvanbenthem/stackit-compute-operator/internal/stackit/clusters.go:80.122,82.2 1 1
github.com/bartvanbenthem/stackit-compute-operator/internal/stackit/clusters.go:85.109,88.2 2 1
github.com/bartvanbenthem/stackit-compute-operator/internal/stackit/errors.go:12.33,14.30 2 1
github.com/bartvanbenthem/stackit-compute-operator/internal/stackit/errors.go:14.30,16.3 1 1
github.com/bartvanbenthem/stackit-compute-operator/internal/stackit/errors.go:17.2,17.14 1 1
github.com/bartvanbenthem/stackit-compute-operator/internal/stackit/errors.go:24.33,26.30 2 0
github.com/bartvanbenthem/stackit-compute-operator/internal/stackit/errors.go:26.30,28.3 1 0
github.com/bartvanbenthem/stackit-compute-operator/internal/stackit/errors.go:29.2,29.14 1 0
github.com/bartvanbenthem/stackit-compute-operator/internal/stackit/images.go:14.99,20.26 2 1
github.com/bartvanbenthem/stackit-compute-operator/internal/stackit/images.go:20.26,22.3 1 1
github.com/bartvanbenthem/stackit-compute-operator/internal/stackit/images.go:23.2,23.21 1 1
github.com/bartvanbenthem/stackit-compute-operator/internal/stackit/images.go:23.21,25.3 1 1
github.com/bartvanbenthem/stackit-compute-operator/internal/stackit/images.go:26.2,26.27 1 1
github.com/bartvanbenthem/stackit-compute-operator/internal/stackit/images.go:26.27,28.3 1 1
github.com/bartvanbenthem/stackit-compute-operator/internal/stackit/images.go:29.2,29.26 1 1
github.com/bartvanbenthem/stackit-compute-operator/internal/stackit/images.go:29.26,31.3 1 1
github.com/bartvanbenthem/stackit-compute-operator/internal/stackit/images.go:32.2,32.26 1 1
github.com/bartvanbenthem/stackit-compute-operator/internal/stackit/images.go:32.26,37.3 1 1
github.com/bartvanbenthem/stackit-compute-operator/internal/stackit/images.go:38.2,38.24 1 1
github.com/bartvanbenthem/stackit-compute-operator/internal/stackit/images.go:38.24,40.3 1 1
github.com/bartvanbenthem/stackit-compute-operator/internal/stackit/images.go:42.2,42.16 1 1
github.com/bartvanbenthem/stackit-compute-operator/internal/stackit/images.go:48.86,50.21 2 1
github.com/bartvanbenthem/stackit-compute-operator/internal/stackit/images.go:50.21,52.3 1 1
github.com/bartvanbenthem/stackit-compute-operator/internal/stackit/images.go:53.2,53.27 1 1
github.com/bartvanbenthem/stackit-compute-operator/internal/stackit/images.go:53.27,55.3 1 1
github.com/bartvanbenthem/stackit-compute-operator/internal/stackit/images.go:56.2,56.26 1 1
github.com/bartvanbenthem/stackit-compute-operator/internal/stackit/images.go:56.26,58.3 1 0
github.com/bartvanbenthem/stackit-compute-operator/internal/stackit/images.go:59.2,59.21 1 1
github.com/bartvanbenthem/stackit-compute-operator/internal/stackit/images.go:59.21,61.3 1 0
github.com/bartvanbenthem/stackit-compute-operator/internal/stackit/images.go:62.2,62.27 1 1
github.com/bartvanbenthem/stackit-compute-operator/internal/stackit/images.go:62.27,64.3 1 0
github.com/bartvanbenthem/stackit-compute-operator/internal/stackit/images.go:65.2,65.26 1 1
github.com/bartvanbenthem/stackit-compute-operator/internal/stackit/images.go:65.26,67.3 1 0
github.com/bartvanbenthem/stackit-compute-operator/internal/stackit/images.go:68.2,68.24 1 1
github.com/bartvanbenthem/stackit-compute-operator/internal/stackit/images.go:68.24,70.3 1 0
github.com/bartvanbenthem/stackit-compute-operator/internal/stackit/images.go:71.2,71.16 1 1
github.com/bartvanbenthem/stackit-compute-operator/internal/stackit/images.go:76.77,83.29 2 1
github.com/bartvanbenthem/stackit-compute-operator/internal/stackit/images.go:83.29,85.3 1 1
github.com/bartvanbenthem/stackit-compute-operator/internal/stackit/images.go:86.2,86.32 1 1
github.com/bartvanbenthem/stackit-compute-operator/internal/stackit/images.go:86.32,88.3 1 1
github.com/bartvanbenthem/stackit-compute-operator/internal/stackit/images.go:89.2,89.25 1 1
github.com/bartvanbenthem/stackit-compute-operator/internal/stackit/images.go:89.25,91.3 1 0
github.com/bartvanbenthem/stackit-compute-operator/internal/stackit/images.go:92.2,92.24 1 1
github.com/bartvanbenthem/stackit-compute-operator/internal/stackit/images.go:92.24,94.3 1 1
github.com/bartvanbenthem/stackit-compute-operator/internal/stackit/images.go:95.2,95.25 1 1
github.com/bartvanbenthem/stackit-compute-operator/internal/stackit/images.go:95.25,97.3 1 0
github.com/bartvanbenthem/stackit-compute-operator/internal/stackit/images.go:98.2,98.38 1 1
github.com/bartvanbenthem/stackit-compute-operator/internal/stackit/images.go:98.38,100.3 1 0
github.com/bartvanbenthem/stackit-compute-operator/internal/stackit/images.go:101.2,101.39 1 1
github.com/bartvanbenthem/stackit-compute-operator/internal/stackit/images.go:101.39,103.3 1 0
github.com/bartvanbenthem/stackit-compute-operator/internal/stackit/images.go:104.2,104.26 1 1
github.com/bartvanbenthem/stackit-compute-operator/internal/stackit/images.go:104.26,106.3 1 0
github.com/bartvanbenthem/stackit-compute-operator/internal/stackit/images.go:107.2,107.29 1 1
github.com/bartvanbenthem/stackit-compute-operator/internal/stackit/images.go:107.29,109.3 1 0
github.com/bartvanbenthem/stackit-compute-operator/internal/stackit/images.go:110.2,110.27 1 1
github.com/bartvanbenthem/stackit-compute-operator/internal/stackit/images.go:110.27,112.3 1 0
github.com/bartvanbenthem/stackit-compute-operator/internal/stackit/images.go:113.2,113.12 1 1
github.com/bartvanbenthem/stackit-compute-operator/internal/stackit/images.go:118.157,120.2 1 1
github.com/bartvanbenthem/stackit-compute-operator/internal/stackit/images.go:123.116,125.2 1 1
github.com/bartvanbenthem/stackit-compute-operator/internal/stackit/images.go:128.152,130.2 1 1
github.com/bartvanbenthem/stackit-compute-operator/internal/stackit/images.go:133.104,135.2 1 1
github.com/bartvanbenthem/stackit-compute-operator/internal/stackit/networks.go:14.105,19.22 2 1
github.com/bartvanbenthem/stackit-compute-operator/internal/stackit/networks.go:19.22,21.3 1 1
github.com/bartvanbenthem/stackit-compute-operator/internal/stackit/networks.go:22.2,22.24 1 1
github.com/bartvanbenthem/stackit-compute-operator/internal/stackit/networks.go:22.24,24.3 1 1
github.com/bartvanbenthem/stackit-compute-operator/internal/stackit/networks.go:25.2,25.31 1 1
github.com/bartvanbenthem/stackit-compute-operator/internal/stackit/networks.go:25.31,27.3 1 1
github.com/bartvanbenthem/stackit-compute-operator/internal/stackit/networks.go:28.2,28.22 1 1
github.com/bartvanbenthem/stackit-compute-operator/internal/stackit/networks.go:28.22,30.3 1 1
github.com/bartvanbenthem/stackit-compute-operator/internal/stackit/networks.go:31.2,31.22 1 1
github.com/bartvanbenthem/stackit-compute-operator/internal/stackit/networks.go:31.22,36.40 2 1
github.com/bartvanbenthem/stackit-compute-operator/internal/stackit/networks.go:36.40,38.4 1 0
github.com/bartvanbenthem/stackit-compute-operator/internal/stackit/networks.go:39.3,39.23 1 1
github.com/bartvanbenthem/stackit-compute-operator/internal/stackit/networks.go:41.2,41.22 1 1
github.com/bartvanbenthem/stackit-compute-operator/internal/stackit/networks.go:41.22,46.40 2 1
github.com/bartvanbenthem/stackit-compute-operator/internal/stackit/networks.go:46.40,48.4 1 0
github.com/bartvanbenthem/stackit-compute-operator/internal/stackit/networks.go:49.3,49.23 1 1
github.com/bartvanbenthem/stackit-compute-operator/internal/stackit/networks.go:51.2,51.26 1 1
github.com/bartvanbenthem/stackit-compute-operator/internal/stackit/networks.go:51.26,53.3 1 1
github.com/bartvanbenthem/stackit-compute-operator/internal/stackit/networks.go:55.2,55.16 1 1
github.com/bartvanbenthem/stackit-compute-operator/internal/stackit/networks.go:60.147,62.16 2 1
github.com/bartvanbenthem/stackit-compute-operator/internal/stackit/networks.go:62.16,64.3 1 1
github.com/bartvanbenthem/stackit-compute-operator/internal/stackit/networks.go:65.2,65.17 1 1
github.com/bartvanbenthem/stackit-compute-operator/internal/stackit/networks.go:65.17,67.3 1 1
github.com/bartvanbenthem/stackit-compute-operator/internal/stackit/networks.go:68.2,68.19 1 1
github.com/bartvanbenthem/stackit-compute-operator/internal/stackit/networks.go:68.19,70.3 1 1
github.com/bartvanbenthem/stackit-compute-operator/internal/stackit/networks.go:71.2,71.26 1 1
github.com/bartvanbenthem/stackit-compute-operator/internal/stackit/networks.go:71.26,73.3 1 1
github.com/bartvanbenthem/stackit-compute-operator/internal/stackit/networks.go:74.2,74.19 1 1
github.com/bartvanbenthem/stackit-compute-operator/internal/stackit/networks.go:74.19,76.3 1 1
github.com/bartvanbenthem/stackit-compute-operator/internal/stackit/networks.go:77.2,77.16 1 1
github.com/bartvanbenthem/stackit-compute-operator/internal/stackit/networks.go:82.149,84.2 1 1
github.com/bartvanbenthem/stackit-compute-operator/internal/stackit/networks.go:87.122,89.2 1 1
github.com/bartvanbenthem/stackit-compute-operator/internal/stackit/networks.go:95.150,97.2 1 1
github.com/bartvanbenthem/stackit-compute-operator/internal/stackit/networks.go:100.108,102.2 1 1
github.com/bartvanbenthem/stackit-compute-operator/internal/stackit/servers.go:22.161,32.27 2 1
github.com/bartvanbenthem/stackit-compute-operator/internal/stackit/servers.go:32.27,34.3 1 1
github.com/bartvanbenthem/stackit-compute-operator/internal/stackit/servers.go:36.2,36.33 1 1
github.com/bartvanbenthem/stackit-compute-operator/internal/stackit/servers.go:36.33,38.3 1 1
github.com/bartvanbenthem/stackit-compute-operator/internal/stackit/servers.go:39.2,39.28 1 1
github.com/bartvanbenthem/stackit-compute-operator/internal/stackit/servers.go:39.28,41.3 1 1
github.com/bartvanbenthem/stackit-compute-operator/internal/stackit/servers.go:42.2,42.25 1 1
github.com/bartvanbenthem/stackit-compute-operator/internal/stackit/servers.go:42.25,45.3 1 1
github.com/bartvanbenthem/stackit-compute-operator/internal/stackit/servers.go:46.2,46.34 1 1
github.com/bartvanbenthem/stackit-compute-operator/internal/stackit/servers.go:46.34,48.3 1 1
github.com/bartvanbenthem/stackit-compute-operator/internal/stackit/servers.go:49.2,49.39 1 1
github.com/bartvanbenthem/stackit-compute-operator/internal/stackit/servers.go:49.39,51.3 1 1
github.com/bartvanbenthem/stackit-compute-operator/internal/stackit/servers.go:52.2,52.26 1 1
github.com/bartvanbenthem/stackit-compute-operator/internal/stackit/servers.go:52.26,54.3 1 1
github.com/bartvanbenthem/stackit-compute-operator/internal/stackit/servers.go:56.2,56.9 1 1
github.com/bartvanbenthem/stackit-compute-operator/internal/stackit/servers.go:57.34,64.4 1 1
github.com/bartvanbenthem/stackit-compute-operator/internal/stackit/servers.go:65.120,73.31 2 1
github.com/bartvanbenthem/stackit-compute-operator/internal/stackit/servers.go:73.31,75.4 1 1
github.com/bartvanbenthem/stackit-compute-operator/internal/stackit/servers.go:76.3,76.45 1 1
github.com/bartvanbenthem/stackit-compute-operator/internal/stackit/servers.go:76.45,78.4 1 1
github.com/bartvanbenthem/stackit-compute-operator/internal/stackit/servers.go:79.3,79.34 1 1
github.com/bartvanbenthem/stackit-compute-operator/internal/stackit/servers.go:82.2,82.16 1 1
github.com/bartvanbenthem/stackit-compute-operator/internal/stackit/servers.go:88.89,90.16 2 1
github.com/bartvanbenthem/stackit-compute-operator/internal/stackit/servers.go:90.16,92.3 1 1
github.com/bartvanbenthem/stackit-compute-operator/internal/stackit/servers.go:93.2,93.19 1 1
github.com/bartvanbenthem/stackit-compute-operator/internal/stackit/servers.go:93.19,95.3 1 1
github.com/bartvanbenthem/stackit-compute-operator/internal/stackit/servers.go:96.2,96.16 1 1
github.com/bartvanbenthem/stackit-compute-operator/internal/stackit/servers.go:99.66,101.23 2 1
github.com/bartvanbenthem/stackit-compute-operator/internal/stackit/servers.go:101.23,103.3 1 1
github.com/bartvanbenthem/stackit-compute-operator/internal/stackit/servers.go:104.2,104.12 1 1
github.com/bartvanbenthem/stackit-compute-operator/internal/stackit/servers.go:109.146,111.2 1 1
github.com/bartvanbenthem/stackit-compute-operator/internal/stackit/servers.go:114.119,116.2 1 1
github.com/bartvanbenthem/stackit-compute-operator/internal/stackit/servers.go:119.156,121.2 1 1
github.com/bartvanbenthem/stackit-compute-operator/internal/stackit/servers.go:124.119,127.2 2 1
github.com/bartvanbenthem/stackit-compute-operator/internal/stackit/servers.go:130.105,132.2 1 1
github.com/bartvanbenthem/stackit-compute-operator/internal/stackit/servers.go:135.104,137.2 1 1
github.com/bartvanbenthem/stackit-compute-operator/internal/stackit/servers.go:140.106,142.2 1 1
github.com/bartvanbenthem/stackit-compute-operator/internal/stackit/volumes.go:14.102,20.19 2 1
github.com/bartvanbenthem/stackit-compute-operator/internal/stackit/volumes.go:20.19,22.3 1 1
github.com/bartvanbenthem/stackit-compute-operator/internal/stackit/volumes.go:23.2,23.33 1 1
github.com/bartvanbenthem/stackit-compute-operator/internal/stackit/volumes.go:23.33,25.3 1 1
github.com/bartvanbenthem/stackit-compute-operator/internal/stackit/volumes.go:26.2,26.26 1 1
github.com/bartvanbenthem/stackit-compute-operator/internal/stackit/volumes.go:26.26,28.3 1 1
github.com/bartvanbenthem/stackit-compute-operator/internal/stackit/volumes.go:29.2,29.28 1 1
github.com/bartvanbenthem/stackit-compute-operator/internal/stackit/volumes.go:29.28,31.3 1 1
github.com/bartvanbenthem/stackit-compute-operator/internal/stackit/volumes.go:32.2,32.24 1 1
github.com/bartvanbenthem/stackit-compute-operator/internal/stackit/volumes.go:32.24,37.3 1 1
github.com/bartvanbenthem/stackit-compute-operator/internal/stackit/volumes.go:38.2,38.26 1 1
github.com/bartvanbenthem/stackit-compute-operator/internal/stackit/volumes.go:38.26,40.3 1 1
github.com/bartvanbenthem/stackit-compute-operator/internal/stackit/volumes.go:42.2,42.16 1 1
github.com/bartvanbenthem/stackit-compute-operator/internal/stackit/volumes.go:48.131,50.16 2 1
github.com/bartvanbenthem/stackit-compute-operator/internal/stackit/volumes.go:50.16,52.3 1 1
github.com/bartvanbenthem/stackit-compute-operator/internal/stackit/volumes.go:53.2,53.23 1 1
github.com/bartvanbenthem/stackit-compute-operator/internal/stackit/volumes.go:53.23,55.3 1 1
github.com/bartvanbenthem/stackit-compute-operator/internal/stackit/volumes.go:56.2,56.21 1 1
github.com/bartvanbenthem/stackit-compute-operator/internal/stackit/volumes.go:56.21,58.3 1 1
github.com/bartvanbenthem/stackit-compute-operator/internal/stackit/volumes.go:59.2,59.19 1 1
github.com/bartvanbenthem/stackit-compute-operator/internal/stackit/volumes.go:59.19,61.3 1 1
github.com/bartvanbenthem/stackit-compute-operator/internal/stackit/volumes.go:62.2,62.16 1 1
github.com/bartvanbenthem/stackit-compute-operator/internal/stackit/volumes.go:67.146,69.2 1 1
github.com/bartvanbenthem/stackit-compute-operator/internal/stackit/volumes.go:72.119,74.2 1 1
github.com/bartvanbenthem/stackit-compute-operator/internal/stackit/volumes.go:77.156,79.2 1 1
github.com/bartvanbenthem/stackit-compute-operator/internal/stackit/volumes.go:82.118,85.2 2 1
github.com/bartvanbenthem/stackit-compute-operator/internal/stackit/volumes.go:88.106,90.2 1 1
github.com/bartvanbenthem/stackit-compute-operator/internal/controller/cluster_controller.go:49.99,51.64 2 1
github.com/bartvanbenthem/stackit-compute-operator/internal/controller/cluster_controller.go:51.64,53.3 1 0
github.com/bartvanbenthem/stackit-compute-operator/internal/controller/cluster_controller.go:55.2,55.41 1 1
github.com/bartvanbenthem/stackit-compute-operator/internal/controller/cluster_controller.go:55.41,57.3 1 1
github.com/bartvanbenthem/stackit-compute-operator/internal/controller/cluster_controller.go:59.2,61.14 2 1
github.com/bartvanbenthem/stackit-compute-operator/internal/controller/cluster_controller.go:61.14,63.17 2 1
github.com/bartvanbenthem/stackit-compute-operator/internal/controller/cluster_controller.go:63.17,65.4 1 0
github.com/bartvanbenthem/stackit-compute-operator/internal/controller/cluster_controller.go:66.3,66.12 1 1
github.com/bartvanbenthem/stackit-compute-operator/internal/controller/cluster_controller.go:66.12,68.4 1 0
github.com/bartvanbenthem/stackit-compute-operator/internal/controller/cluster_controller.go:71.2,71.38 1 1
github.com/bartvanbenthem/stackit-compute-operator/internal/controller/cluster_controller.go:71.38,73.3 1 1
github.com/bartvanbenthem/stackit-compute-operator/internal/controller/cluster_controller.go:75.2,75.51 1 1
github.com/bartvanbenthem/stackit-compute-operator/internal/controller/cluster_controller.go:78.135,83.13 4 1
github.com/bartvanbenthem/stackit-compute-operator/internal/controller/cluster_controller.go:83.13,86.17 3 1
github.com/bartvanbenthem/stackit-compute-operator/internal/controller/cluster_controller.go:86.17,87.31 1 1
github.com/bartvanbenthem/stackit-compute-operator/internal/controller/cluster_controller.go:87.31,89.49 2 1
github.com/bartvanbenthem/stackit-compute-operator/internal/controller/cluster_controller.go:89.49,90.72 1 1
github.com/bartvanbenthem/stackit-compute-operator/internal/controller/cluster_controller.go:90.72,92.7 1 0
github.com/bartvanbenthem/stackit-compute-operator/internal/controller/cluster_controller.go:94.5,94.57 1 1
github.com/bartvanbenthem/stackit-compute-operator/internal/controller/cluster_controller.go:96.4,96.74 1 0
github.com/bartvanbenthem/stackit-compute-operator/internal/controller/cluster_controller.go:98.3,100.47 3 1
github.com/bartvanbenthem/stackit-compute-operator/internal/controller/cluster_controller.go:100.47,101.58 1 1
github.com/bartvanbenthem/stackit-compute-operator/internal/controller/cluster_controller.go:101.58,103.5 1 0
github.com/bartvanbenthem/stackit-compute-operator/internal/controller/cluster_controller.go:105.3,106.41 2 1
github.com/bartvanbenthem/stackit-compute-operator/internal/controller/cluster_controller.go:109.2,113.16 4 1
github.com/bartvanbenthem/stackit-compute-operator/internal/controller/cluster_controller.go:113.16,115.47 2 0
github.com/bartvanbenthem/stackit-compute-operator/internal/controller/cluster_controller.go:115.47,116.70 1 0
github.com/bartvanbenthem/stackit-compute-operator/internal/controller/cluster_controller.go:116.70,118.5 1 0
github.com/bartvanbenthem/stackit-compute-operator/internal/controller/cluster_controller.go:120.3,120.64 1 0
github.com/bartvanbenthem/stackit-compute-operator/internal/controller/cluster_controller.go:123.2,126.46 4 1
github.com/bartvanbenthem/stackit-compute-operator/internal/controller/cluster_controller.go:126.46,127.57 1 1
github.com/bartvanbenthem/stackit-compute-operator/internal/controller/cluster_controller.go:127.57,129.4 1 0
github.com/bartvanbenthem/stackit-compute-operator/internal/controller/cluster_controller.go:132.2,133.53 2 1
github.com/bartvanbenthem/stackit-compute-operator/internal/controller/cluster_controller.go:136.137,142.16 5 1
github.com/bartvanbenthem/stackit-compute-operator/internal/controller/cluster_controller.go:142.16,143.30 1 0
github.com/bartvanbenthem/stackit-compute-operator/internal/controller/cluster_controller.go:143.30,144.15 1 0
github.com/bartvanbenthem/stackit-compute-operator/internal/controller/cluster_controller.go:144.15,147.49 3 0
github.com/bartvanbenthem/stackit-compute-operator/internal/controller/cluster_controller.go:147.49,148.72 1 0
github.com/bartvanbenthem/stackit-compute-operator/internal/controller/cluster_controller.go:148.72,150.7 1 0
github.com/bartvanbenthem/stackit-compute-operator/internal/controller/cluster_controller.go:152.5,152.57 1 0
github.com/bartvanbenthem/stackit-compute-operator/internal/controller/cluster_controller.go:154.4,157.48 4 0
github.com/bartvanbenthem/stackit-compute-operator/internal/controller/cluster_controller.go:157.48,158.71 1 0
github.com/bartvanbenthem/stackit-compute-operator/internal/controller/cluster_controller.go:158.71,160.6 1 0
github.com/bartvanbenthem/stackit-compute-operator/internal/controller/cluster_controller.go:162.4,162.42 1 0
github.com/bartvanbenthem/stackit-compute-operator/internal/controller/cluster_controller.go:164.3,164.64 1 0
github.com/bartvanbenthem/stackit-compute-operator/internal/controller/cluster_controller.go:167.2,170.9 3 1
github.com/bartvanbenthem/stackit-compute-operator/internal/controller/cluster_controller.go:171.40,173.47 2 1
github.com/bartvanbenthem/stackit-compute-operator/internal/controller/cluster_controller.go:173.47,174.58 1 1
github.com/bartvanbenthem/stackit-compute-operator/internal/controller/cluster_controller.go:174.58,176.5 1 0
github.com/bartvanbenthem/stackit-compute-operator/internal/controller/cluster_controller.go:178.3,178.54 1 1
github.com/bartvanbenthem/stackit-compute-operator/internal/controller/cluster_controller.go:180.34,182.47 2 1
github.com/bartvanbenthem/stackit-compute-operator/internal/controller/cluster_controller.go:182.47,183.58 1 1
github.com/bartvanbenthem/stackit-compute-operator/internal/controller/cluster_controller.go:183.58,185.5 1 0
github.com/bartvanbenthem/stackit-compute-operator/internal/controller/cluster_controller.go:187.3,187.55 1 1
github.com/bartvanbenthem/stackit-compute-operator/internal/controller/cluster_controller.go:190.2,190.14 1 1
github.com/bartvanbenthem/stackit-compute-operator/internal/controller/cluster_controller.go:190.14,191.76 1 1
github.com/bartvanbenthem/stackit-compute-operator/internal/controller/cluster_controller.go:191.76,193.4 1 0
github.com/bartvanbenthem/stackit-compute-operator/internal/controller/cluster_controller.go:193.9,193.23 1 1
github.com/bartvanbenthem/stackit-compute-operator/internal/controller/cluster_controller.go:193.23,195.4 1 1
github.com/bartvanbenthem/stackit-compute-operator/internal/controller/cluster_controller.go:198.2,199.15 2 1
github.com/bartvanbenthem/stackit-compute-operator/internal/controller/cluster_controller.go:200.23,201.55 1 1
github.com/bartvanbenthem/stackit-compute-operator/internal/controller/cluster_controller.go:202.26,203.58 1 0
github.com/bartvanbenthem/stackit-compute-operator/internal/controller/cluster_controller.go:205.2,206.46 2 1
github.com/bartvanbenthem/stackit-compute-operator/internal/controller/cluster_controller.go:206.46,207.57 1 1
github.com/bartvanbenthem/stackit-compute-operator/internal/controller/cluster_controller.go:207.57,209.4 1 0
github.com/bartvanbenthem/stackit-compute-operator/internal/controller/cluster_controller.go:212.2,212.53 1 1
github.com/bartvanbenthem/stackit-compute-operator/internal/controller/cluster_controller.go:221.135,229.62 6 1
github.com/bartvanbenthem/stackit-compute-operator/internal/controller/cluster_controller.go:229.62,234.114 3 1
github.com/bartvanbenthem/stackit-compute-operator/internal/controller/cluster_controller.go:234.114,236.4 1 0
github.com/bartvanbenthem/stackit-compute-operator/internal/controller/cluster_controller.go:237.3,237.19 1 1
github.com/bartvanbenthem/stackit-compute-operator/internal/controller/cluster_controller.go:240.2,240.19 1 1
github.com/bartvanbenthem/stackit-compute-operator/internal/controller/cluster_controller.go:243.121,246.66 2 1
github.com/bartvanbenthem/stackit-compute-operator/internal/controller/cluster_controller.go:246.66,248.3 1 1
github.com/bartvanbenthem/stackit-compute-operator/internal/controller/cluster_controller.go:250.2,250.38 1 1
github.com/bartvanbenthem/stackit-compute-operator/internal/controller/cluster_controller.go:250.38,251.92 1 0
github.com/bartvanbenthem/stackit-compute-operator/internal/controller/cluster_controller.go:251.92,253.4 1 0
github.com/bartvanbenthem/stackit-compute-operator/internal/controller/cluster_controller.go:254.3,254.28 1 0
github.com/bartvanbenthem/stackit-compute-operator/internal/controller/cluster_controller.go:257.2,260.16 3 1
github.com/bartvanbenthem/stackit-compute-operator/internal/controller/cluster_controller.go:260.16,261.30 1 0
github.com/bartvanbenthem/stackit-compute-operator/internal/controller/cluster_controller.go:261.30,263.93 2 0
github.com/bartvanbenthem/stackit-compute-operator/internal/controller/cluster_controller.go:263.93,265.5 1 0
github.com/bartvanbenthem/stackit-compute-operator/internal/controller/cluster_controller.go:266.4,266.29 1 0
github.com/bartvanbenthem/stackit-compute-operator/internal/controller/cluster_controller.go:268.3,268.80 1 0
github.com/bartvanbenthem/stackit-compute-operator/internal/controller/cluster_controller.go:271.2,271.57 1 1
github.com/bartvanbenthem/stackit-compute-operator/internal/controller/cluster_controller.go:271.57,272.94 1 1
github.com/bartvanbenthem/stackit-compute-operator/internal/controller/cluster_controller.go:272.94,273.31 1 0
github.com/bartvanbenthem/stackit-compute-operator/internal/controller/cluster_controller.go:273.31,276.5 2 0
github.com/bartvanbenthem/stackit-compute-operator/internal/controller/cluster_controller.go:277.4,277.32 1 0
github.com/bartvanbenthem/stackit-compute-operator/internal/controller/cluster_controller.go:277.32,279.5 1 0
github.com/bartvanbenthem/stackit-compute-operator/internal/controller/cluster_controller.go:281.3,281.65 1 1
github.com/bartvanbenthem/stackit-compute-operator/internal/controller/cluster_controller.go:284.2,284.53 1 1
github.com/bartvanbenthem/stackit-compute-operator/internal/controller/cluster_controller.go:287.104,291.27 3 1
github.com/bartvanbenthem/stackit-compute-operator/internal/controller/cluster_controller.go:291.27,297.43 5 1
github.com/bartvanbenthem/stackit-compute-operator/internal/controller/cluster_controller.go:297.43,299.4 1 0
github.com/bartvanbenthem/stackit-compute-operator/internal/controller/cluster_controller.go:300.3,300.31 1 1
github.com/bartvanbenthem/stackit-compute-operator/internal/controller/cluster_controller.go:303.2,303.56 1 1
github.com/bartvanbenthem/stackit-compute-operator/internal/controller/cluster_controller.go:306.136,314.2 1 1
github.com/bartvanbenthem/stackit-compute-operator/internal/controller/cluster_controller.go:318.58,319.63 1 1
github.com/bartvanbenthem/stackit-compute-operator/internal/controller/cluster_controller.go:319.63,321.3 1 0
github.com/bartvanbenthem/stackit-compute-operator/internal/controller/cluster_controller.go:322.2,322.43 1 1
github.com/bartvanbenthem/stackit-compute-operator/internal/controller/cluster_controller.go:327.59,328.29 1 1
github.com/bartvanbenthem/stackit-compute-operator/internal/controller/cluster_controller.go:328.29,330.3 1 1
github.com/bartvanbenthem/stackit-compute-operator/internal/controller/cluster_controller.go:331.2,331.21 1 1
github.com/bartvanbenthem/stackit-compute-operator/internal/controller/cluster_controller.go:338.90,339.34 1 1
github.com/bartvanbenthem/stackit-compute-operator/internal/controller/cluster_controller.go:339.34,341.3 1 0
github.com/bartvanbenthem/stackit-compute-operator/internal/controller/cluster_controller.go:342.2,343.29 2 1
github.com/bartvanbenthem/stackit-compute-operator/internal/controller/cluster_controller.go:343.29,345.3 1 1
github.com/bartvanbenthem/stackit-compute-operator/internal/controller/cluster_controller.go:346.2,346.31 1 1
github.com/bartvanbenthem/stackit-compute-operator/internal/controller/cluster_controller.go:346.31,348.10 2 1
github.com/bartvanbenthem/stackit-compute-operator/internal/controller/cluster_controller.go:348.10,350.4 1 0
github.com/bartvanbenthem/stackit-compute-operator/internal/controller/cluster_controller.go:351.3,351.43 1 1
github.com/bartvanbenthem/stackit-compute-operator/internal/controller/cluster_controller.go:351.43,353.4 1 0
github.com/bartvanbenthem/stackit-compute-operator/internal/controller/cluster_controller.go:354.3,354.111 1 1
github.com/bartvanbenthem/stackit-compute-operator/internal/controller/cluster_controller.go:354.111,356.4 1 0
github.com/bartvanbenthem/stackit-compute-operator/internal/controller/cluster_controller.go:357.3,357.79 1 1
github.com/bartvanbenthem/stackit-compute-operator/internal/controller/cluster_controller.go:357.79,359.4 1 0
github.com/bartvanbenthem/stackit-compute-operator/internal/controller/cluster_controller.go:360.3,360.49 1 1
github.com/bartvanbenthem/stackit-compute-operator/internal/controller/cluster_controller.go:360.49,362.4 1 0
github.com/bartvanbenthem/stackit-compute-operator/internal/controller/cluster_controller.go:363.3,363.81 1 1
github.com/bartvanbenthem/stackit-compute-operator/internal/controller/cluster_controller.go:363.81,365.4 1 0
github.com/bartvanbenthem/stackit-compute-operator/internal/controller/cluster_controller.go:366.3,366.81 1 1
github.com/bartvanbenthem/stackit-compute-operator/internal/controller/cluster_controller.go:366.81,368.4 1 0
github.com/bartvanbenthem/stackit-compute-operator/internal/controller/cluster_controller.go:370.2,370.13 1 1
github.com/bartvanbenthem/stackit-compute-operator/internal/controller/cluster_controller.go:379.103,380.20 1 1
github.com/bartvanbenthem/stackit-compute-operator/internal/controller/cluster_controller.go:380.20,382.3 1 1
github.com/bartvanbenthem/stackit-compute-operator/internal/controller/cluster_controller.go:383.2,383.20 1 0
github.com/bartvanbenthem/stackit-compute-operator/internal/controller/cluster_controller.go:383.20,385.3 1 0
github.com/bartvanbenthem/stackit-compute-operator/internal/controller/cluster_controller.go:386.2,386.103 1 0
github.com/bartvanbenthem/stackit-compute-operator/internal/controller/cluster_controller.go:386.103,388.3 1 0
github.com/bartvanbenthem/stackit-compute-operator/internal/controller/cluster_controller.go:389.2,389.107 1 0
github.com/bartvanbenthem/stackit-compute-operator/internal/controller/cluster_controller.go:389.107,391.3 1 0
github.com/bartvanbenthem/stackit-compute-operator/internal/controller/cluster_controller.go:392.2,392.108 1 0
github.com/bartvanbenthem/stackit-compute-operator/internal/controller/cluster_controller.go:392.108,394.3 1 0
github.com/bartvanbenthem/stackit-compute-operator/internal/controller/cluster_controller.go:395.2,395.13 1 0
github.com/bartvanbenthem/stackit-compute-operator/internal/controller/cluster_controller.go:398.53,399.22 1 1
github.com/bartvanbenthem/stackit-compute-operator/internal/controller/cluster_controller.go:399.22,401.3 1 0
github.com/bartvanbenthem/stackit-compute-operator/internal/controller/cluster_controller.go:402.2,403.22 2 1
github.com/bartvanbenthem/stackit-compute-operator/internal/controller/cluster_controller.go:403.22,405.3 1 1
github.com/bartvanbenthem/stackit-compute-operator/internal/controller/cluster_controller.go:406.2,406.22 1 1
github.com/bartvanbenthem/stackit-compute-operator/internal/controller/cluster_controller.go:406.22,408.3 1 1
github.com/bartvanbenthem/stackit-compute-operator/internal/controller/cluster_controller.go:409.2,409.27 1 1
github.com/bartvanbenthem/stackit-compute-operator/internal/controller/cluster_controller.go:409.27,410.13 1 1
github.com/bartvanbenthem/stackit-compute-operator/internal/controller/cluster_controller.go:410.13,412.4 1 0
github.com/bartvanbenthem/stackit-compute-operator/internal/controller/cluster_controller.go:414.2,414.13 1 1
github.com/bartvanbenthem/stackit-compute-operator/internal/controller/cluster_controller.go:418.70,423.2 1 0
github.com/bartvanbenthem/stackit-compute-operator/internal/controller/image_controller.go:45.97,47.62 2 1
github.com/bartvanbenthem/stackit-compute-operator/internal/controller/image_controller.go:47.62,49.3 1 0
github.com/bartvanbenthem/stackit-compute-operator/internal/controller/image_controller.go:51.2,51.39 1 1
github.com/bartvanbenthem/stackit-compute-operator/internal/controller/image_controller.go:51.39,53.3 1 1
github.com/bartvanbenthem/stackit-compute-operator/internal/controller/image_controller.go:55.2,57.14 2 1
github.com/bartvanbenthem/stackit-compute-operator/internal/controller/image_controller.go:57.14,59.17 2 1
github.com/bartvanbenthem/stackit-compute-operator/internal/controller/image_controller.go:59.17,61.4 1 0
github.com/bartvanbenthem/stackit-compute-operator/internal/controller/image_controller.go:62.3,62.12 1 1
github.com/bartvanbenthem/stackit-compute-operator/internal/controller/image_controller.go:62.12,64.4 1 0
github.com/bartvanbenthem/stackit-compute-operator/internal/controller/image_controller.go:67.2,67.32 1 1
github.com/bartvanbenthem/stackit-compute-operator/internal/controller/image_controller.go:67.32,69.3 1 1
github.com/bartvanbenthem/stackit-compute-operator/internal/controller/image_controller.go:71.2,71.49 1 1
github.com/bartvanbenthem/stackit-compute-operator/internal/controller/image_controller.go:74.129,79.13 4 1
github.com/bartvanbenthem/stackit-compute-operator/internal/controller/image_controller.go:79.13,82.17 3 1
github.com/bartvanbenthem/stackit-compute-operator/internal/controller/image_controller.go:82.17,83.31 1 1
github.com/bartvanbenthem/stackit-compute-operator/internal/controller/image_controller.go:83.31,85.47 2 1
github.com/bartvanbenthem/stackit-compute-operator/internal/controller/image_controller.go:85.47,86.70 1 1
github.com/bartvanbenthem/stackit-compute-operator/internal/controller/image_controller.go:86.70,88.7 1 0
github.com/bartvanbenthem/stackit-compute-operator/internal/controller/image_controller.go:90.5,90.57 1 1
github.com/bartvanbenthem/stackit-compute-operator/internal/controller/image_controller.go:92.4,92.72 1 0
github.com/bartvanbenthem/stackit-compute-operator/internal/controller/image_controller.go:94.3,96.45 3 1
github.com/bartvanbenthem/stackit-compute-operator/internal/controller/image_controller.go:96.45,97.56 1 1
github.com/bartvanbenthem/stackit-compute-operator/internal/controller/image_controller.go:97.56,99.5 1 0
github.com/bartvanbenthem/stackit-compute-operator/internal/controller/image_controller.go:101.3,102.41 2 1
github.com/bartvanbenthem/stackit-compute-operator/internal/controller/image_controller.go:105.2,109.16 4 1
github.com/bartvanbenthem/stackit-compute-operator/internal/controller/image_controller.go:109.16,111.45 2 0
github.com/bartvanbenthem/stackit-compute-operator/internal/controller/image_controller.go:111.45,112.68 1 0
github.com/bartvanbenthem/stackit-compute-operator/internal/controller/image_controller.go:112.68,114.5 1 0
github.com/bartvanbenthem/stackit-compute-operator/internal/controller/image_controller.go:116.3,116.62 1 0
github.com/bartvanbenthem/stackit-compute-operator/internal/controller/image_controller.go:119.2,123.44 5 1
github.com/bartvanbenthem/stackit-compute-operator/internal/controller/image_controller.go:123.44,124.55 1 1
github.com/bartvanbenthem/stackit-compute-operator/internal/controller/image_controller.go:124.55,126.4 1 0
github.com/bartvanbenthem/stackit-compute-operator/internal/controller/image_controller.go:129.2,130.54 2 1
github.com/bartvanbenthem/stackit-compute-operator/internal/controller/image_controller.go:133.131,139.16 5 1
github.com/bartvanbenthem/stackit-compute-operator/internal/controller/image_controller.go:139.16,140.30 1 0
github.com/bartvanbenthem/stackit-compute-operator/internal/controller/image_controller.go:140.30,141.15 1 0
github.com/bartvanbenthem/stackit-compute-operator/internal/controller/image_controller.go:141.15,144.47 3 0
github.com/bartvanbenthem/stackit-compute-operator/internal/controller/image_controller.go:144.47,145.70 1 0
github.com/bartvanbenthem/stackit-compute-operator/internal/controller/image_controller.go:145.70,147.7 1 0
github.com/bartvanbenthem/stackit-compute-operator/internal/controller/image_controller.go:149.5,149.57 1 0
github.com/bartvanbenthem/stackit-compute-operator/internal/controller/image_controller.go:151.4,154.46 4 0
github.com/bartvanbenthem/stackit-compute-operator/internal/controller/image_controller.go:154.46,155.69 1 0
github.com/bartvanbenthem/stackit-compute-operator/internal/controller/image_controller.go:155.69,157.6 1 0
github.com/bartvanbenthem/stackit-compute-operator/internal/controller/image_controller.go:159.4,159.42 1 0
github.com/bartvanbenthem/stackit-compute-operator/internal/controller/image_controller.go:161.3,161.62 1 0
github.com/bartvanbenthem/stackit-compute-operator/internal/controller/image_controller.go:164.2,167.15 3 1
github.com/bartvanbenthem/stackit-compute-operator/internal/controller/image_controller.go:168.18,173.45 2 1
github.com/bartvanbenthem/stackit-compute-operator/internal/controller/image_controller.go:173.45,174.56 1 1
github.com/bartvanbenthem/stackit-compute-operator/internal/controller/image_controller.go:174.56,176.5 1 0
github.com/bartvanbenthem/stackit-compute-operator/internal/controller/image_controller.go:178.3,178.55 1 1
github.com/bartvanbenthem/stackit-compute-operator/internal/controller/image_controller.go:180.18,182.45 2 0
github.com/bartvanbenthem/stackit-compute-operator/internal/controller/image_controller.go:182.45,183.56 1 0
github.com/bartvanbenthem/stackit-compute-operator/internal/controller/image_controller.go:183.56,185.5 1 0
github.com/bartvanbenthem/stackit-compute-operator/internal/controller/image_controller.go:187.3,187.54 1 0
github.com/bartvanbenthem/stackit-compute-operator/internal/controller/image_controller.go:189.15,191.45 2 0
github.com/bartvanbenthem/stackit-compute-operator/internal/controller/image_controller.go:191.45,192.56 1 0
github.com/bartvanbenthem/stackit-compute-operator/internal/controller/image_controller.go:192.56,194.5 1 0
github.com/bartvanbenthem/stackit-compute-operator/internal/controller/image_controller.go:196.3,196.55 1 0
github.com/bartvanbenthem/stackit-compute-operator/internal/controller/image_controller.go:199.2,199.14 1 1
github.com/bartvanbenthem/stackit-compute-operator/internal/controller/image_controller.go:199.14,200.74 1 1
github.com/bartvanbenthem/stackit-compute-operator/internal/controller/image_controller.go:200.74,202.4 1 0
github.com/bartvanbenthem/stackit-compute-operator/internal/controller/image_controller.go:202.9,202.23 1 1
github.com/bartvanbenthem/stackit-compute-operator/internal/controller/image_controller.go:202.23,204.4 1 1
github.com/bartvanbenthem/stackit-compute-operator/internal/controller/image_controller.go:207.2,208.15 2 1
github.com/bartvanbenthem/stackit-compute-operator/internal/controller/image_controller.go:209.19,210.57 1 1
github.com/bartvanbenthem/stackit-compute-operator/internal/controller/image_controller.go:211.21,212.25 1 0
github.com/bartvanbenthem/stackit-compute-operator/internal/controller/image_controller.go:214.2,215.44 2 1
github.com/bartvanbenthem/stackit-compute-operator/internal/controller/image_controller.go:215.44,216.55 1 1
github.com/bartvanbenthem/stackit-compute-operator/internal/controller/image_controller.go:216.55,218.4 1 0
github.com/bartvanbenthem/stackit-compute-operator/internal/controller/image_controller.go:221.2,221.53 1 1
github.com/bartvanbenthem/stackit-compute-operator/internal/controller/image_controller.go:230.128,242.114 10 1
github.com/bartvanbenthem/stackit-compute-operator/internal/controller/image_controller.go:242.114,250.107 5 1
github.com/bartvanbenthem/stackit-compute-operator/internal/controller/image_controller.go:250.107,252.4 1 0
github.com/bartvanbenthem/stackit-compute-operator/internal/controller/image_controller.go:253.3,253.19 1 1
github.com/bartvanbenthem/stackit-compute-operator/internal/controller/image_controller.go:256.2,256.19 1 1
github.com/bartvanbenthem/stackit-compute-operator/internal/controller/image_controller.go:259.115,262.62 2 1
github.com/bartvanbenthem/stackit-compute-operator/internal/controller/image_controller.go:262.62,264.3 1 1
github.com/bartvanbenthem/stackit-compute-operator/internal/controller/image_controller.go:266.2,266.32 1 1
github.com/bartvanbenthem/stackit-compute-operator/internal/controller/image_controller.go:266.32,267.88 1 0
github.com/bartvanbenthem/stackit-compute-operator/internal/controller/image_controller.go:267.88,269.4 1 0
github.com/bartvanbenthem/stackit-compute-operator/internal/controller/image_controller.go:270.3,270.28 1 0
github.com/bartvanbenthem/stackit-compute-operator/internal/controller/image_controller.go:273.2,276.16 3 1
github.com/bartvanbenthem/stackit-compute-operator/internal/controller/image_controller.go:276.16,277.30 1 0
github.com/bartvanbenthem/stackit-compute-operator/internal/controller/image_controller.go:277.30,279.89 2 0
github.com/bartvanbenthem/stackit-compute-operator/internal/controller/image_controller.go:279.89,281.5 1 0
github.com/bartvanbenthem/stackit-compute-operator/internal/controller/image_controller.go:282.4,282.29 1 0
github.com/bartvanbenthem/stackit-compute-operator/internal/controller/image_controller.go:284.3,284.78 1 0
github.com/bartvanbenthem/stackit-compute-operator/internal/controller/image_controller.go:287.2,287.47 1 1
github.com/bartvanbenthem/stackit-compute-operator/internal/controller/image_controller.go:287.47,288.123 1 1
github.com/bartvanbenthem/stackit-compute-operator/internal/controller/image_controller.go:288.123,290.4 1 0
github.com/bartvanbenthem/stackit-compute-operator/internal/controller/image_controller.go:291.3,291.62 1 1
github.com/bartvanbenthem/stackit-compute-operator/internal/controller/image_controller.go:294.2,294.53 1 1
github.com/bartvanbenthem/stackit-compute-operator/internal/controller/image_controller.go:300.95,305.2 4 1
github.com/bartvanbenthem/stackit-compute-operator/internal/controller/image_controller.go:307.130,315.2 1 1
github.com/bartvanbenthem/stackit-compute-operator/internal/controller/image_controller.go:319.53,320.27 1 1
github.com/bartvanbenthem/stackit-compute-operator/internal/controller/image_controller.go:320.27,322.3 1 1
github.com/bartvanbenthem/stackit-compute-operator/internal/controller/image_controller.go:323.2,323.19 1 1
github.com/bartvanbenthem/stackit-compute-operator/internal/controller/image_controller.go:327.68,332.2 1 0
github.com/bartvanbenthem/stackit-compute-operator/internal/controller/lifecycle.go:14.41,16.2 1 1
github.com/bartvanbenthem/stackit-compute-operator/internal/controller/lifecycle.go:18.33,19.14 1 1
github.com/bartvanbenthem/stackit-compute-operator/internal/controller/lifecycle.go:19.14,21.3 1 1
github.com/bartvanbenthem/stackit-compute-operator/internal/controller/lifecycle.go:22.2,22.11 1 1
github.com/bartvanbenthem/stackit-compute-operator/internal/controller/lifecycle.go:25.30,26.14 1 1
github.com/bartvanbenthem/stackit-compute-operator/internal/controller/lifecycle.go:26.14,28.3 1 1
github.com/bartvanbenthem/stackit-compute-operator/internal/controller/lifecycle.go:29.2,29.11 1 1
github.com/bartvanbenthem/stackit-compute-operator/internal/controller/lifecycle.go:34.111,35.54 1 1
github.com/bartvanbenthem/stackit-compute-operator/internal/controller/lifecycle.go:35.54,37.3 1 1
github.com/bartvanbenthem/stackit-compute-operator/internal/controller/lifecycle.go:38.2,39.43 2 1
github.com/bartvanbenthem/stackit-compute-operator/internal/controller/lifecycle.go:39.43,41.3 1 0
github.com/bartvanbenthem/stackit-compute-operator/internal/controller/lifecycle.go:42.2,42.18 1 1
github.com/bartvanbenthem/stackit-compute-operator/internal/controller/lifecycle.go:47.112,48.55 1 0
github.com/bartvanbenthem/stackit-compute-operator/internal/controller/lifecycle.go:48.55,50.3 1 0
github.com/bartvanbenthem/stackit-compute-operator/internal/controller/lifecycle.go:51.2,52.27 2 0
github.com/bartvanbenthem/stackit-compute-operator/internal/controller/lifecycle.go:60.54,62.2 1 1
github.com/bartvanbenthem/stackit-compute-operator/internal/controller/network_controller.go:46.99,48.64 2 1
github.com/bartvanbenthem/stackit-compute-operator/internal/controller/network_controller.go:48.64,50.3 1 0
github.com/bartvanbenthem/stackit-compute-operator/internal/controller/network_controller.go:52.2,52.41 1 1
github.com/bartvanbenthem/stackit-compute-operator/internal/controller/network_controller.go:52.41,54.3 1 1
github.com/bartvanbenthem/stackit-compute-operator/internal/controller/network_controller.go:56.2,58.14 2 1
github.com/bartvanbenthem/stackit-compute-operator/internal/controller/network_controller.go:58.14,60.17 2 1
github.com/bartvanbenthem/stackit-compute-operator/internal/controller/network_controller.go:60.17,62.4 1 0
github.com/bartvanbenthem/stackit-compute-operator/internal/controller/network_controller.go:63.3,63.12 1 1
github.com/bartvanbenthem/stackit-compute-operator/internal/controller/network_controller.go:63.12,65.4 1 0
github.com/bartvanbenthem/stackit-compute-operator/internal/controller/network_controller.go:68.2,68.36 1 1
github.com/bartvanbenthem/stackit-compute-operator/internal/controller/network_controller.go:68.36,70.3 1 1
github.com/bartvanbenthem/stackit-compute-operator/internal/controller/network_controller.go:72.2,72.51 1 1
github.com/bartvanbenthem/stackit-compute-operator/internal/controller/network_controller.go:75.135,80.13 4 1
github.com/bartvanbenthem/stackit-compute-operator/internal/controller/network_controller.go:80.13,83.17 3 1
github.com/bartvanbenthem/stackit-compute-operator/internal/controller/network_controller.go:83.17,84.31 1 1
github.com/bartvanbenthem/stackit-compute-operator/internal/controller/network_controller.go:84.31,86.49 2 1
github.com/bartvanbenthem/stackit-compute-operator/internal/controller/network_controller.go:86.49,87.72 1 1
github.com/bartvanbenthem/stackit-compute-operator/internal/controller/network_controller.go:87.72,89.7 1 0
github.com/bartvanbenthem/stackit-compute-operator/internal/controller/network_controller.go:91.5,91.57 1 1
github.com/bartvanbenthem/stackit-compute-operator/internal/controller/network_controller.go:93.4,93.74 1 0
github.com/bartvanbenthem/stackit-compute-operator/internal/controller/network_controller.go:95.3,97.47 3 1
github.com/bartvanbenthem/stackit-compute-operator/internal/controller/network_controller.go:97.47,98.58 1 1
github.com/bartvanbenthem/stackit-compute-operator/internal/controller/network_controller.go:98.58,100.5 1 0
github.com/bartvanbenthem/stackit-compute-operator/internal/controller/network_controller.go:102.3,103.41 2 1
github.com/bartvanbenthem/stackit-compute-operator/internal/controller/network_controller.go:106.2,110.16 4 1
github.com/bartvanbenthem/stackit-compute-operator/internal/controller/network_controller.go:110.16,112.47 2 0
github.com/bartvanbenthem/stackit-compute-operator/internal/controller/network_controller.go:112.47,113.70 1 0
github.com/bartvanbenthem/stackit-compute-operator/internal/controller/network_controller.go:113.70,115.5 1 0
github.com/bartvanbenthem/stackit-compute-operator/internal/controller/network_controller.go:117.3,117.64 1 0
github.com/bartvanbenthem/stackit-compute-operator/internal/controller/network_controller.go:120.2,123.46 4 1
github.com/bartvanbenthem/stackit-compute-operator/internal/controller/network_controller.go:123.46,124.57 1 1
github.com/bartvanbenthem/stackit-compute-operator/internal/controller/network_controller.go:124.57,126.4 1 0
github.com/bartvanbenthem/stackit-compute-operator/internal/controller/network_controller.go:129.2,130.53 2 1
github.com/bartvanbenthem/stackit-compute-operator/internal/controller/network_controller.go:133.137,139.16 5 1
github.com/bartvanbenthem/stackit-compute-operator/internal/controller/network_controller.go:139.16,140.30 1 0
github.com/bartvanbenthem/stackit-compute-operator/internal/controller/network_controller.go:140.30,141.15 1 0
github.com/bartvanbenthem/stackit-compute-operator/internal/controller/network_controller.go:141.15,144.49 3 0
github.com/bartvanbenthem/stackit-compute-operator/internal/controller/network_controller.go:144.49,145.72 1 0
github.com/bartvanbenthem/stackit-compute-operator/internal/controller/network_controller.go:145.72,147.7 1 0
github.com/bartvanbenthem/stackit-compute-operator/internal/controller/network_controller.go:149.5,149.57 1 0
github.com/bartvanbenthem/stackit-compute-operator/internal/controller/network_controller.go:151.4,154.48 4 0
github.com/bartvanbenthem/stackit-compute-operator/internal/controller/network_controller.go:154.48,155.71 1 0
github.com/bartvanbenthem/stackit-compute-operator/internal/controller/network_controller.go:155.71,157.6 1 0
github.com/bartvanbenthem/stackit-compute-operator/internal/controller/network_controller.go:159.4,159.42 1 0
github.com/bartvanbenthem/stackit-compute-operator/internal/controller/network_controller.go:161.3,161.64 1 0
github.com/bartvanbenthem/stackit-compute-operator/internal/controller/network_controller.go:164.2,167.9 3 1
github.com/bartvanbenthem/stackit-compute-operator/internal/controller/network_controller.go:168.40,170.47 2 1
github.com/bartvanbenthem/stackit-compute-operator/internal/controller/network_controller.go:170.47,171.58 1 1
github.com/bartvanbenthem/stackit-compute-operator/internal/controller/network_controller.go:171.58,173.5 1 0
github.com/bartvanbenthem/stackit-compute-operator/internal/controller/network_controller.go:175.3,175.54 1 1
github.com/bartvanbenthem/stackit-compute-operator/internal/controller/network_controller.go:177.25,179.47 2 1
github.com/bartvanbenthem/stackit-compute-operator/internal/controller/network_controller.go:179.47,180.58 1 1
github.com/bartvanbenthem/stackit-compute-operator/internal/controller/network_controller.go:180.58,182.5 1 0
github.com/bartvanbenthem/stackit-compute-operator/internal/controller/network_controller.go:184.3,184.55 1 1
github.com/bartvanbenthem/stackit-compute-operator/internal/controller/network_controller.go:187.2,187.14 1 1
github.com/bartvanbenthem/stackit-compute-operator/internal/controller/network_controller.go:187.14,188.76 1 1
github.com/bartvanbenthem/stackit-compute-operator/internal/controller/network_controller.go:188.76,190.4 1 0
github.com/bartvanbenthem/stackit-compute-operator/internal/controller/network_controller.go:190.9,190.23 1 1
[...]
github.com/bartvanbenthem/stackit-compute-operator/internal/controller/server_controller.go:259.3,259.54 1 1
github.com/bartvanbenthem/stackit-compute-operator/internal/controller/server_controller.go:261.24,263.46 2 1
github.com/bartvanbenthem/stackit-compute-operator/internal/controller/server_controller.go:263.46,264.57 1 1
github.com/bartvanbenthem/stackit-compute-operator/internal/controller/server_controller.go:264.57,266.5 1 0
github.com/bartvanbenthem/stackit-compute-operator/internal/controller/server_controller.go:268.3,268.55 1 1
github.com/bartvanbenthem/stackit-compute-operator/internal/controller/server_controller.go:271.2,271.74 1 1
github.com/bartvanbenthem/stackit-compute-operator/internal/controller/server_controller.go:271.74,273.3 1 0
github.com/bartvanbenthem/stackit-compute-operator/internal/controller/server_controller.go:273.8,273.22 1 1
github.com/bartvanbenthem/stackit-compute-operator/internal/controller/server_controller.go:273.22,275.3 1 1
github.com/bartvanbenthem/stackit-compute-operator/internal/controller/server_controller.go:277.2,278.15 2 1
github.com/bartvanbenthem/stackit-compute-operator/internal/controller/server_controller.go:279.16,280.54 1 1
github.com/bartvanbenthem/stackit-compute-operator/internal/controller/server_controller.go:281.18,282.56 1 0
github.com/bartvanbenthem/stackit-compute-operator/internal/controller/server_controller.go:284.2,285.45 2 1
github.com/bartvanbenthem/stackit-compute-operator/internal/controller/server_controller.go:285.45,286.56 1 1
github.com/bartvanbenthem/stackit-compute-operator/internal/controller/server_controller.go:286.56,288.4 1 0
github.com/bartvanbenthem/stackit-compute-operator/internal/controller/server_controller.go:291.2,291.53 1 1
github.com/bartvanbenthem/stackit-compute-operator/internal/controller/server_controller.go:298.132,302.85 3 1
github.com/bartvanbenthem/stackit-compute-operator/internal/controller/server_controller.go:302.85,304.122 2 1
github.com/bartvanbenthem/stackit-compute-operator/internal/controller/server_controller.go:304.122,306.4 1 0
github.com/bartvanbenthem/stackit-compute-operator/internal/controller/server_controller.go:307.3,307.19 1 1
github.com/bartvanbenthem/stackit-compute-operator/internal/controller/server_controller.go:310.2,311.24 2 1
github.com/bartvanbenthem/stackit-compute-operator/internal/controller/server_controller.go:311.24,313.3 1 1
github.com/bartvanbenthem/stackit-compute-operator/internal/controller/server_controller.go:314.2,315.9 2 1
github.com/bartvanbenthem/stackit-compute-operator/internal/controller/server_controller.go:316.86,318.95 2 1
github.com/bartvanbenthem/stackit-compute-operator/internal/controller/server_controller.go:318.95,320.4 1 0
github.com/bartvanbenthem/stackit-compute-operator/internal/controller/server_controller.go:321.3,321.19 1 1
github.com/bartvanbenthem/stackit-compute-operator/internal/controller/server_controller.go:322.84,324.96 2 1
github.com/bartvanbenthem/stackit-compute-operator/internal/controller/server_controller.go:324.96,326.4 1 0
github.com/bartvanbenthem/stackit-compute-operator/internal/controller/server_controller.go:327.3,327.19 1 1
github.com/bartvanbenthem/stackit-compute-operator/internal/controller/server_controller.go:330.2,333.34 4 1
github.com/bartvanbenthem/stackit-compute-operator/internal/controller/server_controller.go:333.34,335.18 2 1
github.com/bartvanbenthem/stackit-compute-operator/internal/controller/server_controller.go:335.18,337.4 1 1
github.com/bartvanbenthem/stackit-compute-operator/internal/controller/server_controller.go:338.3,339.20 2 1
github.com/bartvanbenthem/stackit-compute-operator/internal/controller/server_controller.go:339.20,341.4 1 1
github.com/bartvanbenthem/stackit-compute-operator/internal/controller/server_controller.go:342.3,344.109 3 1
github.com/bartvanbenthem/stackit-compute-operator/internal/controller/server_controller.go:344.109,346.4 1 0
github.com/bartvanbenthem/stackit-compute-operator/internal/controller/server_controller.go:347.3,347.19 1 1
github.com/bartvanbenthem/stackit-compute-operator/internal/controller/server_controller.go:350.2,350.19 1 1
github.com/bartvanbenthem/stackit-compute-operator/internal/controller/server_controller.go:353.118,356.64 2 1
github.com/bartvanbenthem/stackit-compute-operator/internal/controller/server_controller.go:356.64,358.3 1 1
github.com/bartvanbenthem/stackit-compute-operator/internal/controller/server_controller.go:360.2,360.34 1 1
github.com/bartvanbenthem/stackit-compute-operator/internal/controller/server_controller.go:360.34,362.47 2 1
github.com/bartvanbenthem/stackit-compute-operator/internal/controller/server_controller.go:362.47,364.4 1 0
github.com/bartvanbenthem/stackit-compute-operator/internal/controller/server_controller.go:365.3,365.28 1 1
github.com/bartvanbenthem/stackit-compute-operator/internal/controller/server_controller.go:368.2,371.16 3 1
github.com/bartvanbenthem/stackit-compute-operator/internal/controller/server_controller.go:371.16,372.30 1 1
github.com/bartvanbenthem/stackit-compute-operator/internal/controller/server_controller.go:372.30,375.60 3 1
github.com/bartvanbenthem/stackit-compute-operator/internal/controller/server_controller.go:375.60,377.5 1 0
github.com/bartvanbenthem/stackit-compute-operator/internal/controller/server_controller.go:378.4,378.29 1 1
github.com/bartvanbenthem/stackit-compute-operator/internal/controller/server_controller.go:380.3,380.79 1 1
github.com/bartvanbenthem/stackit-compute-operator/internal/controller/server_controller.go:383.2,383.47 1 1
github.com/bartvanbenthem/stackit-compute-operator/internal/controller/server_controller.go:383.47,384.125 1 1
github.com/bartvanbenthem/stackit-compute-operator/internal/controller/server_controller.go:384.125,386.4 1 1
github.com/bartvanbenthem/stackit-compute-operator/internal/controller/server_controller.go:387.3,387.65 1 1
github.com/bartvanbenthem/stackit-compute-operator/internal/controller/server_controller.go:390.2,390.53 1 1
github.com/bartvanbenthem/stackit-compute-operator/internal/controller/server_controller.go:393.100,400.35 6 1
github.com/bartvanbenthem/stackit-compute-operator/internal/controller/server_controller.go:400.35,407.3 1 1
github.com/bartvanbenthem/stackit-compute-operator/internal/controller/server_controller.go:408.2,408.27 1 1
github.com/bartvanbenthem/stackit-compute-operator/internal/controller/server_controller.go:411.133,419.2 1 1
github.com/bartvanbenthem/stackit-compute-operator/internal/controller/server_controller.go:423.56,424.28 1 1
github.com/bartvanbenthem/stackit-compute-operator/internal/controller/server_controller.go:424.28,426.3 1 1
github.com/bartvanbenthem/stackit-compute-operator/internal/controller/server_controller.go:427.2,427.20 1 1
github.com/bartvanbenthem/stackit-compute-operator/internal/controller/server_controller.go:430.36,431.14 1 1
github.com/bartvanbenthem/stackit-compute-operator/internal/controller/server_controller.go:431.14,433.3 1 1
github.com/bartvanbenthem/stackit-compute-operator/internal/controller/server_controller.go:434.2,434.11 1 1
github.com/bartvanbenthem/stackit-compute-operator/internal/controller/server_controller.go:440.82,441.28 1 1
github.com/bartvanbenthem/stackit-compute-operator/internal/controller/server_controller.go:441.28,443.10 2 1
github.com/bartvanbenthem/stackit-compute-operator/internal/controller/server_controller.go:443.10,445.4 1 1
github.com/bartvanbenthem/stackit-compute-operator/internal/controller/server_controller.go:446.3,446.33 1 1
github.com/bartvanbenthem/stackit-compute-operator/internal/controller/server_controller.go:446.33,448.4 1 1
github.com/bartvanbenthem/stackit-compute-operator/internal/controller/server_controller.go:450.2,450.13 1 1
github.com/bartvanbenthem/stackit-compute-operator/internal/controller/server_controller.go:454.69,459.2 1 0
github.com/bartvanbenthem/stackit-compute-operator/internal/controller/volume_controller.go:49.98,51.63 2 1
github.com/bartvanbenthem/stackit-compute-operator/internal/controller/volume_controller.go:51.63,53.3 1 0
github.com/bartvanbenthem/stackit-compute-operator/internal/controller/volume_controller.go:55.2,55.40 1 1
github.com/bartvanbenthem/stackit-compute-operator/internal/controller/volume_controller.go:55.40,57.3 1 1
github.com/bartvanbenthem/stackit-compute-operator/internal/controller/volume_controller.go:59.2,61.14 2 1
github.com/bartvanbenthem/stackit-compute-operator/internal/controller/volume_controller.go:61.14,63.17 2 1
github.com/bartvanbenthem/stackit-compute-operator/internal/controller/volume_controller.go:63.17,65.4 1 0
github.com/bartvanbenthem/stackit-compute-operator/internal/controller/volume_controller.go:66.3,66.12 1 1
github.com/bartvanbenthem/stackit-compute-operator/internal/controller/volume_controller.go:66.12,68.4 1 1
github.com/bartvanbenthem/stackit-compute-operator/internal/controller/volume_controller.go:71.2,71.34 1 1
github.com/bartvanbenthem/stackit-compute-operator/internal/controller/volume_controller.go:71.34,73.3 1 1
github.com/bartvanbenthem/stackit-compute-operator/internal/controller/volume_controller.go:75.2,75.50 1 1
github.com/bartvanbenthem/stackit-compute-operator/internal/controller/volume_controller.go:78.132,83.13 4 1
github.com/bartvanbenthem/stackit-compute-operator/internal/controller/volume_controller.go:83.13,86.17 3 1
github.com/bartvanbenthem/stackit-compute-operator/internal/controller/volume_controller.go:86.17,87.31 1 1
github.com/bartvanbenthem/stackit-compute-operator/internal/controller/volume_controller.go:87.31,89.48 2 1
github.com/bartvanbenthem/stackit-compute-operator/internal/controller/volume_controller.go:89.48,90.71 1 1
github.com/bartvanbenthem/stackit-compute-operator/internal/controller/volume_controller.go:90.71,92.7 1 0
github.com/bartvanbenthem/stackit-compute-operator/internal/controller/volume_controller.go:94.5,94.57 1 1
github.com/bartvanbenthem/stackit-compute-operator/internal/controller/volume_controller.go:96.4,96.73 1 0
github.com/bartvanbenthem/stackit-compute-operator/internal/controller/volume_controller.go:98.3,100.46 3 1
github.com/bartvanbenthem/stackit-compute-operator/internal/controller/volume_controller.go:100.46,101.57 1 1
github.com/bartvanbenthem/stackit-compute-operator/internal/controller/volume_controller.go:101.57,103.5 1 0
github.com/bartvanbenthem/stackit-compute-operator/internal/controller/volume_controller.go:105.3,106.41 2 1
github.com/bartvanbenthem/stackit-compute-operator/internal/controller/volume_controller.go:109.2,113.16 4 1
github.com/bartvanbenthem/stackit-compute-operator/internal/controller/volume_controller.go:113.16,115.46 2 0
github.com/bartvanbenthem/stackit-compute-operator/internal/controller/volume_controller.go:115.46,116.69 1 0
github.com/bartvanbenthem/stackit-compute-operator/internal/controller/volume_controller.go:116.69,118.5 1 0
github.com/bartvanbenthem/stackit-compute-operator/internal/controller/volume_controller.go:120.3,120.63 1 0
github.com/bartvanbenthem/stackit-compute-operator/internal/controller/volume_controller.go:122.2,122.23 1 1
github.com/bartvanbenthem/stackit-compute-operator/internal/controller/volume_controller.go:122.23,124.3 1 0
github.com/bartvanbenthem/stackit-compute-operator/internal/controller/volume_controller.go:126.2,129.45 4 1
github.com/bartvanbenthem/stackit-compute-operator/internal/controller/volume_controller.go:129.45,130.56 1 1
github.com/bartvanbenthem/stackit-compute-operator/internal/controller/volume_controller.go:130.56,132.4 1 0
github.com/bartvanbenthem/stackit-compute-operator/internal/controller/volume_controller.go:135.2,136.53 2 1
github.com/bartvanbenthem/stackit-compute-operator/internal/controller/volume_controller.go:139.134,145.16 5 1
github.com/bartvanbenthem/stackit-compute-operator/internal/controller/volume_controller.go:145.16,146.30 1 0
github.com/bartvanbenthem/stackit-compute-operator/internal/controller/volume_controller.go:146.30,147.15 1 0
github.com/bartvanbenthem/stackit-compute-operator/internal/controller/volume_controller.go:147.15,150.48 3 0
github.com/bartvanbenthem/stackit-compute-operator/internal/controller/volume_controller.go:150.48,151.71 1 0
github.com/bartvanbenthem/stackit-compute-operator/internal/controller/volume_controller.go:151.71,153.7 1 0
github.com/bartvanbenthem/stackit-compute-operator/internal/controller/volume_controller.go:155.5,155.57 1 0
github.com/bartvanbenthem/stackit-compute-operator/internal/controller/volume_controller.go:157.4,160.47 4 0
github.com/bartvanbenthem/stackit-compute-operator/internal/controller/volume_controller.go:160.47,161.70 1 0
github.com/bartvanbenthem/stackit-compute-operator/internal/controller/volume_controller.go:161.70,163.6 1 0
github.com/bartvanbenthem/stackit-compute-operator/internal/controller/volume_controller.go:165.4,165.42 1 0
github.com/bartvanbenthem/stackit-compute-operator/internal/controller/volume_controller.go:167.3,167.63 1 0
github.com/bartvanbenthem/stackit-compute-operator/internal/controller/volume_controller.go:170.2,173.9 3 1
github.com/bartvanbenthem/stackit-compute-operator/internal/controller/volume_controller.go:174.39,176.46 2 1
github.com/bartvanbenthem/stackit-compute-operator/internal/controller/volume_controller.go:176.46,177.57 1 1
github.com/bartvanbenthem/stackit-compute-operator/internal/controller/volume_controller.go:177.57,179.5 1 0
github.com/bartvanbenthem/stackit-compute-operator/internal/controller/volume_controller.go:181.3,181.54 1 1
github.com/bartvanbenthem/stackit-compute-operator/internal/controller/volume_controller.go:183.41,185.46 2 1
github.com/bartvanbenthem/stackit-compute-operator/internal/controller/volume_controller.go:185.46,186.57 1 1
github.com/bartvanbenthem/stackit-compute-operator/internal/controller/volume_controller.go:186.57,188.5 1 0
github.com/bartvanbenthem/stackit-compute-operator/internal/controller/volume_controller.go:190.3,190.55 1 1
github.com/bartvanbenthem/stackit-compute-operator/internal/controller/volume_controller.go:193.2,193.14 1 1
github.com/bartvanbenthem/stackit-compute-operator/internal/controller/volume_controller.go:193.14,194.75 1 1
github.com/bartvanbenthem/stackit-compute-operator/internal/controller/volume_controller.go:194.75,196.4 1 0
github.com/bartvanbenthem/stackit-compute-operator/internal/controller/volume_controller.go:196.9,196.23 1 1
github.com/bartvanbenthem/stackit-compute-operator/internal/controller/volume_controller.go:196.23,198.4 1 1
github.com/bartvanbenthem/stackit-compute-operator/internal/controller/volume_controller.go:201.2,202.15 2 1
github.com/bartvanbenthem/stackit-compute-operator/internal/controller/volume_controller.go:203.19,204.57 1 1
github.com/bartvanbenthem/stackit-compute-operator/internal/controller/volume_controller.go:205.18,206.56 1 0
github.com/bartvanbenthem/stackit-compute-operator/internal/controller/volume_controller.go:208.2,209.45 2 1
github.com/bartvanbenthem/stackit-compute-operator/internal/controller/volume_controller.go:209.45,210.56 1 1
github.com/bartvanbenthem/stackit-compute-operator/internal/controller/volume_controller.go:210.56,212.4 1 0
github.com/bartvanbenthem/stackit-compute-operator/internal/controller/volume_controller.go:215.2,215.53 1 1
github.com/bartvanbenthem/stackit-compute-operator/internal/controller/volume_controller.go:222.132,226.74 3 1
github.com/bartvanbenthem/stackit-compute-operator/internal/controller/volume_controller.go:226.74,228.115 2 1
github.com/bartvanbenthem/stackit-compute-operator/internal/controller/volume_controller.go:228.115,230.4 1 0
github.com/bartvanbenthem/stackit-compute-operator/internal/controller/volume_controller.go:231.3,231.19 1 1
github.com/bartvanbenthem/stackit-compute-operator/internal/controller/volume_controller.go:234.2,240.68 6 1
github.com/bartvanbenthem/stackit-compute-operator/internal/controller/volume_controller.go:240.68,242.18 2 0
github.com/bartvanbenthem/stackit-compute-operator/internal/controller/volume_controller.go:242.18,244.4 1 0
github.com/bartvanbenthem/stackit-compute-operator/internal/controller/volume_controller.go:245.3,245.18 1 0
github.com/bartvanbenthem/stackit-compute-operator/internal/controller/volume_controller.go:245.18,247.4 1 0
github.com/bartvanbenthem/stackit-compute-operator/internal/controller/volume_controller.go:248.3,249.22 2 0
github.com/bartvanbenthem/stackit-compute-operator/internal/controller/volume_controller.go:249.22,251.4 1 0
github.com/bartvanbenthem/stackit-compute-operator/internal/controller/volume_controller.go:252.3,253.20 2 0
github.com/bartvanbenthem/stackit-compute-operator/internal/controller/volume_controller.go:253.20,255.4 1 0
github.com/bartvanbenthem/stackit-compute-operator/internal/controller/volume_controller.go:256.3,258.109 3 0
github.com/bartvanbenthem/stackit-compute-operator/internal/controller/volume_controller.go:258.109,260.4 1 0
github.com/bartvanbenthem/stackit-compute-operator/internal/controller/volume_controller.go:261.3,261.19 1 0
github.com/bartvanbenthem/stackit-compute-operator/internal/controller/volume_controller.go:264.2,264.19 1 1
github.com/bartvanbenthem/stackit-compute-operator/internal/controller/volume_controller.go:267.118,270.64 2 1
github.com/bartvanbenthem/stackit-compute-operator/internal/controller/volume_controller.go:270.64,272.3 1 1
github.com/bartvanbenthem/stackit-compute-operator/internal/controller/volume_controller.go:274.2,274.34 1 1
github.com/bartvanbenthem/stackit-compute-operator/internal/controller/volume_controller.go:274.34,275.90 1 0
github.com/bartvanbenthem/stackit-compute-operator/internal/controller/volume_controller.go:275.90,277.4 1 0
github.com/bartvanbenthem/stackit-compute-operator/internal/controller/volume_controller.go:278.3,278.28 1 0
github.com/bartvanbenthem/stackit-compute-operator/internal/controller/volume_controller.go:281.2,284.16 3 1
github.com/bartvanbenthem/stackit-compute-operator/internal/controller/volume_controller.go:284.16,285.30 1 0
github.com/bartvanbenthem/stackit-compute-operator/internal/controller/volume_controller.go:285.30,287.91 2 0
github.com/bartvanbenthem/stackit-compute-operator/internal/controller/volume_controller.go:287.91,289.5 1 0
github.com/bartvanbenthem/stackit-compute-operator/internal/controller/volume_controller.go:290.4,290.29 1 0
github.com/bartvanbenthem/stackit-compute-operator/internal/controller/volume_controller.go:292.3,292.79 1 0
github.com/bartvanbenthem/stackit-compute-operator/internal/controller/volume_controller.go:295.2,295.47 1 1
github.com/bartvanbenthem/stackit-compute-operator/internal/controller/volume_controller.go:295.47,296.97 1 1
github.com/bartvanbenthem/stackit-compute-operator/internal/controller/volume_controller.go:296.97,297.31 1 0
github.com/bartvanbenthem/stackit-compute-operator/internal/controller/volume_controller.go:297.31,300.5 2 0
github.com/bartvanbenthem/stackit-compute-operator/internal/controller/volume_controller.go:301.4,301.32 1 0
github.com/bartvanbenthem/stackit-compute-operator/internal/controller/volume_controller.go:301.32,303.5 1 0
github.com/bartvanbenthem/stackit-compute-operator/internal/controller/volume_controller.go:305.3,305.65 1 1
github.com/bartvanbenthem/stackit-compute-operator/internal/controller/volume_controller.go:308.2,308.53 1 1
github.com/bartvanbenthem/stackit-compute-operator/internal/controller/volume_controller.go:311.100,316.2 4 1
github.com/bartvanbenthem/stackit-compute-operator/internal/controller/volume_controller.go:318.133,326.2 1 1
github.com/bartvanbenthem/stackit-compute-operator/internal/controller/volume_controller.go:330.56,331.28 1 1
github.com/bartvanbenthem/stackit-compute-operator/internal/controller/volume_controller.go:331.28,333.3 1 1
github.com/bartvanbenthem/stackit-compute-operator/internal/controller/volume_controller.go:334.2,334.20 1 1
github.com/bartvanbenthem/stackit-compute-operator/internal/controller/volume_controller.go:338.69,343.2 1 0
