mode: set
github.com/bartvanbenthem/stackit-compute-operator/api/v1alpha1/image_types.go:212.13,214.2 1 0
github.com/bartvanbenthem/stackit-compute-operator/api/v1alpha1/network_types.go:157.13,159.2 1 0
github.com/bartvanbenthem/stackit-compute-operator/api/v1alpha1/server_types.go:202.13,204.2 1 0
github.com/bartvanbenthem/stackit-compute-operator/api/v1alpha1/volume_types.go:134.13,136.2 1 0
github.com/bartvanbenthem/stackit-compute-operator/api/v1alpha1/zz_generated.deepcopy.go:13.61,15.35 2 0
github.com/bartvanbenthem/stackit-compute-operator/api/v1alpha1/zz_generated.deepcopy.go:15.35,19.3 3 0
github.com/bartvanbenthem/stackit-compute-operator/api/v1alpha1/zz_generated.deepcopy.go:23.54,24.15 1 0
github.com/bartvanbenthem/stackit-compute-operator/api/v1alpha1/zz_generated.deepcopy.go:24.15,26.3 1 0
github.com/bartvanbenthem/stackit-compute-operator/api/v1alpha1/zz_generated.deepcopy.go:27.2,29.12 3 0
github.com/bartvanbenthem/stackit-compute-operator/api/v1alpha1/zz_generated.deepcopy.go:33.43,39.2 5 0
github.com/bartvanbenthem/stackit-compute-operator/api/v1alpha1/zz_generated.deepcopy.go:42.36,43.15 1 0
github.com/bartvanbenthem/stackit-compute-operator/api/v1alpha1/zz_generated.deepcopy.go:43.15,45.3 1 0
github.com/bartvanbenthem/stackit-compute-operator/api/v1alpha1/zz_generated.deepcopy.go:46.2,48.12 3 0
github.com/bartvanbenthem/stackit-compute-operator/api/v1alpha1/zz_generated.deepcopy.go:52.50,53.34 1 0
github.com/bartvanbenthem/stackit-compute-operator/api/v1alpha1/zz_generated.deepcopy.go:53.34,55.3 1 0
github.com/bartvanbenthem/stackit-compute-operator/api/v1alpha1/zz_generated.deepcopy.go:56.2,56.12 1 0
github.com/bartvanbenthem/stackit-compute-operator/api/v1alpha1/zz_generated.deepcopy.go:60.67,62.2 1 0
github.com/bartvanbenthem/stackit-compute-operator/api/v1alpha1/zz_generated.deepcopy.go:65.60,66.15 1 0
github.com/bartvanbenthem/stackit-compute-operator/api/v1alpha1/zz_generated.deepcopy.go:66.15,68.3 1 0
github.com/bartvanbenthem/stackit-compute-operator/api/v1alpha1/zz_generated.deepcopy.go:69.2,71.12 3 0
github.com/bartvanbenthem/stackit-compute-operator/api/v1alpha1/zz_generated.deepcopy.go:75.63,77.24 2 0
github.com/bartvanbenthem/stackit-compute-operator/api/v1alpha1/zz_generated.deepcopy.go:77.24,81.3 3 0
github.com/bartvanbenthem/stackit-compute-operator/api/v1alpha1/zz_generated.deepcopy.go:82.2,82.26 1 0
github.com/bartvanbenthem/stackit-compute-operator/api/v1alpha1/zz_generated.deepcopy.go:82.26,86.3 3 0
github.com/bartvanbenthem/stackit-compute-operator/api/v1alpha1/zz_generated.deepcopy.go:87.2,87.20 1 0
github.com/bartvanbenthem/stackit-compute-operator/api/v1alpha1/zz_generated.deepcopy.go:87.20,91.3 3 0
github.com/bartvanbenthem/stackit-compute-operator/api/v1alpha1/zz_generated.deepcopy.go:92.2,92.26 1 0
github.com/bartvanbenthem/stackit-compute-operator/api/v1alpha1/zz_generated.deepcopy.go:92.26,96.3 3 0
github.com/bartvanbenthem/stackit-compute-operator/api/v1alpha1/zz_generated.deepcopy.go:100.56,101.15 1 0
github.com/bartvanbenthem/stackit-compute-operator/api/v1alpha1/zz_generated.deepcopy.go:101.15,103.3 1 0
github.com/bartvanbenthem/stackit-compute-operator/api/v1alpha1/zz_generated.deepcopy.go:104.2,106.12 3 0
github.com/bartvanbenthem/stackit-compute-operator/api/v1alpha1/zz_generated.deepcopy.go:110.51,114.21 4 0
github.com/bartvanbenthem/stackit-compute-operator/api/v1alpha1/zz_generated.deepcopy.go:114.21,117.22 3 0
github.com/bartvanbenthem/stackit-compute-operator/api/v1alpha1/zz_generated.deepcopy.go:117.22,119.4 1 0
github.com/bartvanbenthem/stackit-compute-operator/api/v1alpha1/zz_generated.deepcopy.go:124.44,125.15 1 0
github.com/bartvanbenthem/stackit-compute-operator/api/v1alpha1/zz_generated.deepcopy.go:125.15,127.3 1 0
github.com/bartvanbenthem/stackit-compute-operator/api/v1alpha1/zz_generated.deepcopy.go:128.2,130.12 3 0
github.com/bartvanbenthem/stackit-compute-operator/api/v1alpha1/zz_generated.deepcopy.go:134.54,135.34 1 0
github.com/bartvanbenthem/stackit-compute-operator/api/v1alpha1/zz_generated.deepcopy.go:135.34,137.3 1 0
github.com/bartvanbenthem/stackit-compute-operator/api/v1alpha1/zz_generated.deepcopy.go:138.2,138.12 1 0
github.com/bartvanbenthem/stackit-compute-operator/api/v1alpha1/zz_generated.deepcopy.go:142.51,144.25 2 0
github.com/bartvanbenthem/stackit-compute-operator/api/v1alpha1/zz_generated.deepcopy.go:144.25,148.3 3 0
github.com/bartvanbenthem/stackit-compute-operator/api/v1alpha1/zz_generated.deepcopy.go:149.2,149.22 1 0
github.com/bartvanbenthem/stackit-compute-operator/api/v1alpha1/zz_generated.deepcopy.go:149.22,152.29 3 0
github.com/bartvanbenthem/stackit-compute-operator/api/v1alpha1/zz_generated.deepcopy.go:152.29,154.4 1 0
github.com/bartvanbenthem/stackit-compute-operator/api/v1alpha1/zz_generated.deepcopy.go:156.2,156.24 1 0
github.com/bartvanbenthem/stackit-compute-operator/api/v1alpha1/zz_generated.deepcopy.go:156.24,160.3 3 0
github.com/bartvanbenthem/stackit-compute-operator/api/v1alpha1/zz_generated.deepcopy.go:161.2,161.22 1 0
github.com/bartvanbenthem/stackit-compute-operator/api/v1alpha1/zz_generated.deepcopy.go:161.22,165.3 3 0
github.com/bartvanbenthem/stackit-compute-operator/api/v1alpha1/zz_generated.deepcopy.go:166.2,166.26 1 0
github.com/bartvanbenthem/stackit-compute-operator/api/v1alpha1/zz_generated.deepcopy.go:166.26,170.3 3 0
github.com/bartvanbenthem/stackit-compute-operator/api/v1alpha1/zz_generated.deepcopy.go:174.44,175.15 1 0
github.com/bartvanbenthem/stackit-compute-operator/api/v1alpha1/zz_generated.deepcopy.go:175.15,177.3 1 0
github.com/bartvanbenthem/stackit-compute-operator/api/v1alpha1/zz_generated.deepcopy.go:178.2,180.12 3 0
github.com/bartvanbenthem/stackit-compute-operator/api/v1alpha1/zz_generated.deepcopy.go:184.55,186.26 2 0
github.com/bartvanbenthem/stackit-compute-operator/api/v1alpha1/zz_generated.deepcopy.go:186.26,189.22 3 0
github.com/bartvanbenthem/stackit-compute-operator/api/v1alpha1/zz_generated.deepcopy.go:189.22,191.4 1 0
github.com/bartvanbenthem/stackit-compute-operator/api/v1alpha1/zz_generated.deepcopy.go:196.48,197.15 1 0
github.com/bartvanbenthem/stackit-compute-operator/api/v1alpha1/zz_generated.deepcopy.go:197.15,199.3 1 0
github.com/bartvanbenthem/stackit-compute-operator/api/v1alpha1/zz_generated.deepcopy.go:200.2,202.12 3 0
github.com/bartvanbenthem/stackit-compute-operator/api/v1alpha1/zz_generated.deepcopy.go:206.73,208.2 1 0
github.com/bartvanbenthem/stackit-compute-operator/api/v1alpha1/zz_generated.deepcopy.go:211.66,212.15 1 0
github.com/bartvanbenthem/stackit-compute-operator/api/v1alpha1/zz_generated.deepcopy.go:212.15,214.3 1 0
github.com/bartvanbenthem/stackit-compute-operator/api/v1alpha1/zz_generated.deepcopy.go:215.2,217.12 3 0
github.com/bartvanbenthem/stackit-compute-operator/api/v1alpha1/zz_generated.deepcopy.go:221.47,227.2 5 0
github.com/bartvanbenthem/stackit-compute-operator/api/v1alpha1/zz_generated.deepcopy.go:230.40,231.15 1 0
github.com/bartvanbenthem/stackit-compute-operator/api/v1alpha1/zz_generated.deepcopy.go:231.15,233.3 1 0
github.com/bartvanbenthem/stackit-compute-operator/api/v1alpha1/zz_generated.deepcopy.go:234.2,236.12 3 0
github.com/bartvanbenthem/stackit-compute-operator/api/v1alpha1/zz_generated.deepcopy.go:240.52,241.34 1 0
github.com/bartvanbenthem/stackit-compute-operator/api/v1alpha1/zz_generated.deepcopy.go:241.34,243.3 1 0
github.com/bartvanbenthem/stackit-compute-operator/api/v1alpha1/zz_generated.deepcopy.go:244.2,244.12 1 0
github.com/bartvanbenthem/stackit-compute-operator/api/v1alpha1/zz_generated.deepcopy.go:248.63,250.27 2 0
github.com/bartvanbenthem/stackit-compute-operator/api/v1alpha1/zz_generated.deepcopy.go:250.27,254.3 3 0
github.com/bartvanbenthem/stackit-compute-operator/api/v1alpha1/zz_generated.deepcopy.go:258.56,259.15 1 0
github.com/bartvanbenthem/stackit-compute-operator/api/v1alpha1/zz_generated.deepcopy.go:259.15,261.3 1 0
github.com/bartvanbenthem/stackit-compute-operator/api/v1alpha1/zz_generated.deepcopy.go:262.2,264.12 3 0
github.com/bartvanbenthem/stackit-compute-operator/api/v1alpha1/zz_generated.deepcopy.go:268.63,270.27 2 0
github.com/bartvanbenthem/stackit-compute-operator/api/v1alpha1/zz_generated.deepcopy.go:270.27,274.3 3 0
github.com/bartvanbenthem/stackit-compute-operator/api/v1alpha1/zz_generated.deepcopy.go:278.56,279.15 1 0
github.com/bartvanbenthem/stackit-compute-operator/api/v1alpha1/zz_generated.deepcopy.go:279.15,281.3 1 0
github.com/bartvanbenthem/stackit-compute-operator/api/v1alpha1/zz_generated.deepcopy.go:282.2,284.12 3 0
github.com/bartvanbenthem/stackit-compute-operator/api/v1alpha1/zz_generated.deepcopy.go:288.55,292.21 4 0
github.com/bartvanbenthem/stackit-compute-operator/api/v1alpha1/zz_generated.deepcopy.go:292.21,295.22 3 0
github.com/bartvanbenthem/stackit-compute-operator/api/v1alpha1/zz_generated.deepcopy.go:295.22,297.4 1 0
github.com/bartvanbenthem/stackit-compute-operator/api/v1alpha1/zz_generated.deepcopy.go:302.48,303.15 1 0
github.com/bartvanbenthem/stackit-compute-operator/api/v1alpha1/zz_generated.deepcopy.go:303.15,305.3 1 0
github.com/bartvanbenthem/stackit-compute-operator/api/v1alpha1/zz_generated.deepcopy.go:306.2,308.12 3 0
github.com/bartvanbenthem/stackit-compute-operator/api/v1alpha1/zz_generated.deepcopy.go:312.56,313.34 1 0
github.com/bartvanbenthem/stackit-compute-operator/api/v1alpha1/zz_generated.deepcopy.go:313.34,315.3 1 0
github.com/bartvanbenthem/stackit-compute-operator/api/v1alpha1/zz_generated.deepcopy.go:316.2,316.12 1 0
github.com/bartvanbenthem/stackit-compute-operator/api/v1alpha1/zz_generated.deepcopy.go:320.55,322.20 2 0
github.com/bartvanbenthem/stackit-compute-operator/api/v1alpha1/zz_generated.deepcopy.go:322.20,326.3 3 0
github.com/bartvanbenthem/stackit-compute-operator/api/v1alpha1/zz_generated.deepcopy.go:327.2,327.22 1 0
github.com/bartvanbenthem/stackit-compute-operator/api/v1alpha1/zz_generated.deepcopy.go:327.22,331.3 3 0
github.com/bartvanbenthem/stackit-compute-operator/api/v1alpha1/zz_generated.deepcopy.go:332.2,332.20 1 0
github.com/bartvanbenthem/stackit-compute-operator/api/v1alpha1/zz_generated.deepcopy.go:332.20,336.3 3 0
github.com/bartvanbenthem/stackit-compute-operator/api/v1alpha1/zz_generated.deepcopy.go:337.2,337.20 1 0
github.com/bartvanbenthem/stackit-compute-operator/api/v1alpha1/zz_generated.deepcopy.go:337.20,341.3 3 0
github.com/bartvanbenthem/stackit-compute-operator/api/v1alpha1/zz_generated.deepcopy.go:342.2,342.22 1 0
github.com/bartvanbenthem/stackit-compute-operator/api/v1alpha1/zz_generated.deepcopy.go:342.22,345.29 3 0
github.com/bartvanbenthem/stackit-compute-operator/api/v1alpha1/zz_generated.deepcopy.go:345.29,347.4 1 0
github.com/bartvanbenthem/stackit-compute-operator/api/v1alpha1/zz_generated.deepcopy.go:349.2,349.26 1 0
github.com/bartvanbenthem/stackit-compute-operator/api/v1alpha1/zz_generated.deepcopy.go:349.26,353.3 3 0
github.com/bartvanbenthem/stackit-compute-operator/api/v1alpha1/zz_generated.deepcopy.go:357.48,358.15 1 0
github.com/bartvanbenthem/stackit-compute-operator/api/v1alpha1/zz_generated.deepcopy.go:358.15,360.3 1 0
github.com/bartvanbenthem/stackit-compute-operator/api/v1alpha1/zz_generated.deepcopy.go:361.2,363.12 3 0
github.com/bartvanbenthem/stackit-compute-operator/api/v1alpha1/zz_generated.deepcopy.go:367.59,369.28 2 0
github.com/bartvanbenthem/stackit-compute-operator/api/v1alpha1/zz_generated.deepcopy.go:369.28,373.3 3 0
github.com/bartvanbenthem/stackit-compute-operator/api/v1alpha1/zz_generated.deepcopy.go:374.2,374.26 1 0
github.com/bartvanbenthem/stackit-compute-operator/api/v1alpha1/zz_generated.deepcopy.go:374.26,377.22 3 0
github.com/bartvanbenthem/stackit-compute-operator/api/v1alpha1/zz_generated.deepcopy.go:377.22,379.4 1 0
github.com/bartvanbenthem/stackit-compute-operator/api/v1alpha1/zz_generated.deepcopy.go:384.52,385.15 1 0
github.com/bartvanbenthem/stackit-compute-operator/api/v1alpha1/zz_generated.deepcopy.go:385.15,387.3 1 0
github.com/bartvanbenthem/stackit-compute-operator/api/v1alpha1/zz_generated.deepcopy.go:388.2,390.12 3 0
github.com/bartvanbenthem/stackit-compute-operator/api/v1alpha1/zz_generated.deepcopy.go:394.51,396.2 1 0
github.com/bartvanbenthem/stackit-compute-operator/api/v1alpha1/zz_generated.deepcopy.go:399.44,400.15 1 0
github.com/bartvanbenthem/stackit-compute-operator/api/v1alpha1/zz_generated.deepcopy.go:400.15,402.3 1 0
github.com/bartvanbenthem/stackit-compute-operator/api/v1alpha1/zz_generated.deepcopy.go:403.2,405.12 3 0
github.com/bartvanbenthem/stackit-compute-operator/api/v1alpha1/zz_generated.deepcopy.go:409.45,415.2 5 0
github.com/bartvanbenthem/stackit-compute-operator/api/v1alpha1/zz_generated.deepcopy.go:418.38,419.15 1 0
github.com/bartvanbenthem/stackit-compute-operator/api/v1alpha1/zz_generated.deepcopy.go:419.15,421.3 1 0
github.com/bartvanbenthem/stackit-compute-operator/api/v1alpha1/zz_generated.deepcopy.go:422.2,424.12 3 0
github.com/bartvanbenthem/stackit-compute-operator/api/v1alpha1/zz_generated.deepcopy.go:428.51,429.34 1 0
github.com/bartvanbenthem/stackit-compute-operator/api/v1alpha1/zz_generated.deepcopy.go:429.34,431.3 1 0
github.com/bartvanbenthem/stackit-compute-operator/api/v1alpha1/zz_generated.deepcopy.go:432.2,432.12 1 0
github.com/bartvanbenthem/stackit-compute-operator/api/v1alpha1/zz_generated.deepcopy.go:436.53,440.21 4 0
github.com/bartvanbenthem/stackit-compute-operator/api/v1alpha1/zz_generated.deepcopy.go:440.21,443.22 3 0
github.com/bartvanbenthem/stackit-compute-operator/api/v1alpha1/zz_generated.deepcopy.go:443.22,445.4 1 0
github.com/bartvanbenthem/stackit-compute-operator/api/v1alpha1/zz_generated.deepcopy.go:450.46,451.15 1 0
github.com/bartvanbenthem/stackit-compute-operator/api/v1alpha1/zz_generated.deepcopy.go:451.15,453.3 1 0
github.com/bartvanbenthem/stackit-compute-operator/api/v1alpha1/zz_generated.deepcopy.go:454.2,456.12 3 0
github.com/bartvanbenthem/stackit-compute-operator/api/v1alpha1/zz_generated.deepcopy.go:460.55,461.34 1 0
github.com/bartvanbenthem/stackit-compute-operator/api/v1alpha1/zz_generated.deepcopy.go:461.34,463.3 1 0
github.com/bartvanbenthem/stackit-compute-operator/api/v1alpha1/zz_generated.deepcopy.go:464.2,464.12 1 0
github.com/bartvanbenthem/stackit-compute-operator/api/v1alpha1/zz_generated.deepcopy.go:468.53,470.24 2 0
github.com/bartvanbenthem/stackit-compute-operator/api/v1alpha1/zz_generated.deepcopy.go:470.24,474.3 3 0
github.com/bartvanbenthem/stackit-compute-operator/api/v1alpha1/zz_generated.deepcopy.go:475.2,476.29 2 0
github.com/bartvanbenthem/stackit-compute-operator/api/v1alpha1/zz_generated.deepcopy.go:476.29,480.3 3 0
github.com/bartvanbenthem/stackit-compute-operator/api/v1alpha1/zz_generated.deepcopy.go:481.2,481.26 1 0
github.com/bartvanbenthem/stackit-compute-operator/api/v1alpha1/zz_generated.deepcopy.go:481.26,485.3 3 0
github.com/bartvanbenthem/stackit-compute-operator/api/v1alpha1/zz_generated.deepcopy.go:486.2,486.30 1 0
github.com/bartvanbenthem/stackit-compute-operator/api/v1alpha1/zz_generated.deepcopy.go:486.30,490.3 3 0
github.com/bartvanbenthem/stackit-compute-operator/api/v1alpha1/zz_generated.deepcopy.go:491.2,491.35 1 0
github.com/bartvanbenthem/stackit-compute-operator/api/v1alpha1/zz_generated.deepcopy.go:491.35,495.3 3 0
github.com/bartvanbenthem/stackit-compute-operator/api/v1alpha1/zz_generated.deepcopy.go:496.2,496.22 1 0
github.com/bartvanbenthem/stackit-compute-operator/api/v1alpha1/zz_generated.deepcopy.go:496.22,499.29 3 0
github.com/bartvanbenthem/stackit-compute-operator/api/v1alpha1/zz_generated.deepcopy.go:499.29,501.4 1 0
github.com/bartvanbenthem/stackit-compute-operator/api/v1alpha1/zz_generated.deepcopy.go:506.46,507.15 1 0
github.com/bartvanbenthem/stackit-compute-operator/api/v1alpha1/zz_generated.deepcopy.go:507.15,509.3 1 0
github.com/bartvanbenthem/stackit-compute-operator/api/v1alpha1/zz_generated.deepcopy.go:510.2,512.12 3 0
github.com/bartvanbenthem/stackit-compute-operator/api/v1alpha1/zz_generated.deepcopy.go:516.57,518.20 2 0
github.com/bartvanbenthem/stackit-compute-operator/api/v1alpha1/zz_generated.deepcopy.go:518.20,522.3 3 0
github.com/bartvanbenthem/stackit-compute-operator/api/v1alpha1/zz_generated.deepcopy.go:523.2,523.26 1 0
github.com/bartvanbenthem/stackit-compute-operator/api/v1alpha1/zz_generated.deepcopy.go:523.26,526.22 3 0
github.com/bartvanbenthem/stackit-compute-operator/api/v1alpha1/zz_generated.deepcopy.go:526.22,528.4 1 0
github.com/bartvanbenthem/stackit-compute-operator/api/v1alpha1/zz_generated.deepcopy.go:533.50,534.15 1 0
github.com/bartvanbenthem/stackit-compute-operator/api/v1alpha1/zz_generated.deepcopy.go:534.15,536.3 1 0
github.com/bartvanbenthem/stackit-compute-operator/api/v1alpha1/zz_generated.deepcopy.go:537.2,539.12 3 0
github.com/bartvanbenthem/stackit-compute-operator/api/v1alpha1/zz_generated.deepcopy.go:543.45,549.2 5 0
github.com/bartvanbenthem/stackit-compute-operator/api/v1alpha1/zz_generated.deepcopy.go:552.38,553.15 1 0
github.com/bartvanbenthem/stackit-compute-operator/api/v1alpha1/zz_generated.deepcopy.go:553.15,555.3 1 0
github.com/bartvanbenthem/stackit-compute-operator/api/v1alpha1/zz_generated.deepcopy.go:556.2,558.12 3 0
github.com/bartvanbenthem/stackit-compute-operator/api/v1alpha1/zz_generated.deepcopy.go:562.51,563.34 1 0
github.com/bartvanbenthem/stackit-compute-operator/api/v1alpha1/zz_generated.deepcopy.go:563.34,565.3 1 0
github.com/bartvanbenthem/stackit-compute-operator/api/v1alpha1/zz_generated.deepcopy.go:566.2,566.12 1 0
github.com/bartvanbenthem/stackit-compute-operator/api/v1alpha1/zz_generated.deepcopy.go:570.53,574.21 4 0
github.com/bartvanbenthem/stackit-compute-operator/api/v1alpha1/zz_generated.deepcopy.go:574.21,577.22 3 0
github.com/bartvanbenthem/stackit-compute-operator/api/v1alpha1/zz_generated.deepcopy.go:577.22,579.4 1 0
github.com/bartvanbenthem/stackit-compute-operator/api/v1alpha1/zz_generated.deepcopy.go:584.46,585.15 1 0
github.com/bartvanbenthem/stackit-compute-operator/api/v1alpha1/zz_generated.deepcopy.go:585.15,587.3 1 0
github.com/bartvanbenthem/stackit-compute-operator/api/v1alpha1/zz_generated.deepcopy.go:588.2,590.12 3 0
github.com/bartvanbenthem/stackit-compute-operator/api/v1alpha1/zz_generated.deepcopy.go:594.55,595.34 1 0
github.com/bartvanbenthem/stackit-compute-operator/api/v1alpha1/zz_generated.deepcopy.go:595.34,597.3 1 0
github.com/bartvanbenthem/stackit-compute-operator/api/v1alpha1/zz_generated.deepcopy.go:598.2,598.12 1 0
github.com/bartvanbenthem/stackit-compute-operator/api/v1alpha1/zz_generated.deepcopy.go:602.65,604.2 1 0
github.com/bartvanbenthem/stackit-compute-operator/api/v1alpha1/zz_generated.deepcopy.go:607.58,608.15 1 0
github.com/bartvanbenthem/stackit-compute-operator/api/v1alpha1/zz_generated.deepcopy.go:608.15,610.3 1 0
github.com/bartvanbenthem/stackit-compute-operator/api/v1alpha1/zz_generated.deepcopy.go:611.2,613.12 3 0
github.com/bartvanbenthem/stackit-compute-operator/api/v1alpha1/zz_generated.deepcopy.go:617.53,619.24 2 0
github.com/bartvanbenthem/stackit-compute-operator/api/v1alpha1/zz_generated.deepcopy.go:619.24,623.3 3 0
github.com/bartvanbenthem/stackit-compute-operator/api/v1alpha1/zz_generated.deepcopy.go:624.2,624.22 1 0
github.com/bartvanbenthem/stackit-compute-operator/api/v1alpha1/zz_generated.deepcopy.go:624.22,628.3 3 0
github.com/bartvanbenthem/stackit-compute-operator/api/v1alpha1/zz_generated.deepcopy.go:629.2,629.22 1 0
github.com/bartvanbenthem/stackit-compute-operator/api/v1alpha1/zz_generated.deepcopy.go:629.22,632.29 3 0
github.com/bartvanbenthem/stackit-compute-operator/api/v1alpha1/zz_generated.deepcopy.go:632.29,634.4 1 0
github.com/bartvanbenthem/stackit-compute-operator/api/v1alpha1/zz_generated.deepcopy.go:636.2,636.26 1 0
github.com/bartvanbenthem/stackit-compute-operator/api/v1alpha1/zz_generated.deepcopy.go:636.26,640.3 3 0
github.com/bartvanbenthem/stackit-compute-operator/api/v1alpha1/zz_generated.deepcopy.go:644.46,645.15 1 0
github.com/bartvanbenthem/stackit-compute-operator/api/v1alpha1/zz_generated.deepcopy.go:645.15,647.3 1 0
github.com/bartvanbenthem/stackit-compute-operator/api/v1alpha1/zz_generated.deepcopy.go:648.2,650.12 3 0
github.com/bartvanbenthem/stackit-compute-operator/api/v1alpha1/zz_generated.deepcopy.go:654.57,656.26 2 0
github.com/bartvanbenthem/stackit-compute-operator/api/v1alpha1/zz_generated.deepcopy.go:656.26,659.22 3 0
github.com/bartvanbenthem/stackit-compute-operator/api/v1alpha1/zz_generated.deepcopy.go:659.22,661.4 1 0
github.com/bartvanbenthem/stackit-compute-operator/api/v1alpha1/zz_generated.deepcopy.go:666.50,667.15 1 0
github.com/bartvanbenthem/stackit-compute-operator/api/v1alpha1/zz_generated.deepcopy.go:667.15,669.3 1 0
github.com/bartvanbenthem/stackit-compute-operator/api/v1alpha1/zz_generated.deepcopy.go:670.2,672.12 3 0
github.com/bartvanbenthem/stackit-compute-operator/cmd/main.go:32.13,35.2 2 0
github.com/bartvanbenthem/stackit-compute-operator/cmd/main.go:37.13,59.16 12 0
github.com/bartvanbenthem/stackit-compute-operator/cmd/main.go:59.16,62.3 2 0
github.com/bartvanbenthem/stackit-compute-operator/cmd/main.go:64.2,65.16 2 0
github.com/bartvanbenthem/stackit-compute-operator/cmd/main.go:65.16,68.3 2 0
github.com/bartvanbenthem/stackit-compute-operator/cmd/main.go:70.2,74.39 1 0
github.com/bartvanbenthem/stackit-compute-operator/cmd/main.go:74.39,77.3 2 0
github.com/bartvanbenthem/stackit-compute-operator/cmd/main.go:79.2,83.39 1 0
github.com/bartvanbenthem/stackit-compute-operator/cmd/main.go:83.39,86.3 2 0
github.com/bartvanbenthem/stackit-compute-operator/cmd/main.go:88.2,92.39 1 0
github.com/bartvanbenthem/stackit-compute-operator/cmd/main.go:92.39,95.3 2 0
github.com/bartvanbenthem/stackit-compute-operator/cmd/main.go:97.2,101.39 1 0
github.com/bartvanbenthem/stackit-compute-operator/cmd/main.go:101.39,104.3 2 0
github.com/bartvanbenthem/stackit-compute-operator/cmd/main.go:106.2,106.69 1 0
github.com/bartvanbenthem/stackit-compute-operator/cmd/main.go:106.69,109.3 2 0
github.com/bartvanbenthem/stackit-compute-operator/cmd/main.go:110.2,110.67 1 0
github.com/bartvanbenthem/stackit-compute-operator/cmd/main.go:110.67,113.3 2 0
github.com/bartvanbenthem/stackit-compute-operator/cmd/main.go:115.2,116.61 2 0
github.com/bartvanbenthem/stackit-compute-operator/cmd/main.go:116.61,119.3 2 0
github.com/bartvanbenthem/stackit-compute-operator/internal/stackit/client.go:18.43,20.2 1 0
github.com/bartvanbenthem/stackit-compute-operator/internal/stackit/errors.go:12.33,14.30 2 1
github.com/bartvanbenthem/stackit-compute-operator/internal/stackit/errors.go:14.30,16.3 1 1
github.com/bartvanbenthem/stackit-compute-operator/internal/stackit/errors.go:17.2,17.14 1 1
github.com/bartvanbenthem/stackit-compute-operator/internal/stackit/images.go:14.99,20.26 2 1
github.com/bartvanbenthem/stackit-compute-operator/internal/stackit/images.go:20.26,22.3 1 1
github.com/bartvanbenthem/stackit-compute-operator/internal/stackit/images.go:23.2,23.21 1 1
github.com/bartvanbenthem/stackit-compute-operator/internal/stackit/images.go:23.21,25.3 1 1
github.com/bartvanbenthem/stackit-compute-operator/internal/stackit/images.go:26.2,26.27 1 1
github.com/bartvanbenthem/stackit-compute-operator/internal/stackit/images.go:26.27,28.3 1 1
github.com/bartvanbenthem/stackit-compute-operator/internal/stackit/images.go:29.2,29.26 1 1
github.com/bartvanbenthem/stackit-compute-operator/internal/stackit/images.go:29.26,31.3 1 1
github.com/bartvanbenthem/stackit-compute-operator/internal/stackit/images.go:32.2,32.26 1 1
github.com/bartvanbenthem/stackit-compute-operator/internal/stackit/images.go:32.26,37.3 1 1
github.com/bartvanbenthem/stackit-compute-operator/internal/stackit/images.go:38.2,38.24 1 1
github.com/bartvanbenthem/stackit-compute-operator/internal/stackit/images.go:38.24,40.3 1 1
github.com/bartvanbenthem/stackit-compute-operator/internal/stackit/images.go:42.2,42.16 1 1
github.com/bartvanbenthem/stackit-compute-operator/internal/stackit/images.go:48.86,50.21 2 1
github.com/bartvanbenthem/stackit-compute-operator/internal/stackit/images.go:50.21,52.3 1 1
github.com/bartvanbenthem/stackit-compute-operator/internal/stackit/images.go:53.2,53.27 1 1
github.com/bartvanbenthem/stackit-compute-operator/internal/stackit/images.go:53.27,55.3 1 1
github.com/bartvanbenthem/stackit-compute-operator/internal/stackit/images.go:56.2,56.26 1 1
github.com/bartvanbenthem/stackit-compute-operator/internal/stackit/images.go:56.26,58.3 1 0
github.com/bartvanbenthem/stackit-compute-operator/internal/stackit/images.go:59.2,59.21 1 1
github.com/bartvanbenthem/stackit-compute-operator/internal/stackit/images.go:59.21,61.3 1 0
github.com/bartvanbenthem/stackit-compute-operator/internal/stackit/images.go:62.2,62.27 1 1
github.com/bartvanbenthem/stackit-compute-operator/internal/stackit/images.go:62.27,64.3 1 0
github.com/bartvanbenthem/stackit-compute-operator/internal/stackit/images.go:65.2,65.26 1 1
github.com/bartvanbenthem/stackit-compute-operator/internal/stackit/images.go:65.26,67.3 1 0
github.com/bartvanbenthem/stackit-compute-operator/internal/stackit/images.go:68.2,68.24 1 1
github.com/bartvanbenthem/stackit-compute-operator/internal/stackit/images.go:68.24,70.3 1 0
github.com/bartvanbenthem/stackit-compute-operator/internal/stackit/images.go:71.2,71.16 1 1
github.com/bartvanbenthem/stackit-compute-operator/internal/stackit/images.go:76.77,83.29 2 1
github.com/bartvanbenthem/stackit-compute-operator/internal/stackit/images.go:83.29,85.3 1 1
github.com/bartvanbenthem/stackit-compute-operator/internal/stackit/images.go:86.2,86.32 1 1
github.com/bartvanbenthem/stackit-compute-operator/internal/stackit/images.go:86.32,88.3 1 1
github.com/bartvanbenthem/stackit-compute-operator/internal/stackit/images.go:89.2,89.25 1 1
github.com/bartvanbenthem/stackit-compute-operator/internal/stackit/images.go:89.25,91.3 1 0
github.com/bartvanbenthem/stackit-compute-operator/internal/stackit/images.go:92.2,92.24 1 1
github.com/bartvanbenthem/stackit-compute-operator/internal/stackit/images.go:92.24,94.3 1 1
github.com/bartvanbenthem/stackit-compute-operator/internal/stackit/images.go:95.2,95.25 1 1
github.com/bartvanbenthem/stackit-compute-operator/internal/stackit/images.go:95.25,97.3 1 0
github.com/bartvanbenthem/stackit-compute-operator/internal/stackit/images.go:98.2,98.38 1 1
github.com/bartvanbenthem/stackit-compute-operator/internal/stackit/images.go:98.38,100.3 1 0
github.com/bartvanbenthem/stackit-compute-operator/internal/stackit/images.go:101.2,101.39 1 1
github.com/bartvanbenthem/stackit-compute-operator/internal/stackit/images.go:101.39,103.3 1 0
github.com/bartvanbenthem/stackit-compute-operator/internal/stackit/images.go:104.2,104.26 1 1
github.com/bartvanbenthem/stackit-compute-operator/internal/stackit/images.go:104.26,106.3 1 0
github.com/bartvanbenthem/stackit-compute-operator/internal/stackit/images.go:107.2,107.29 1 1
github.com/bartvanbenthem/stackit-compute-operator/internal/stackit/images.go:107.29,109.3 1 0
github.com/bartvanbenthem/stackit-compute-operator/internal/stackit/images.go:110.2,110.27 1 1
github.com/bartvanbenthem/stackit-compute-operator/internal/stackit/images.go:110.27,112.3 1 0
github.com/bartvanbenthem/stackit-compute-operator/internal/stackit/images.go:113.2,113.12 1 1
github.com/bartvanbenthem/stackit-compute-operator/internal/stackit/images.go:118.157,120.2 1 1
github.com/bartvanbenthem/stackit-compute-operator/internal/stackit/images.go:123.116,125.2 1 1
github.com/bartvanbenthem/stackit-compute-operator/internal/stackit/images.go:128.152,130.2 1 1
github.com/bartvanbenthem/stackit-compute-operator/internal/stackit/images.go:133.104,135.2 1 1
github.com/bartvanbenthem/stackit-compute-operator/internal/stackit/networks.go:14.105,19.22 2 1
github.com/bartvanbenthem/stackit-compute-operator/internal/stackit/networks.go:19.22,21.3 1 1
github.com/bartvanbenthem/stackit-compute-operator/internal/stackit/networks.go:22.2,22.24 1 1
github.com/bartvanbenthem/stackit-compute-operator/internal/stackit/networks.go:22.24,24.3 1 1
github.com/bartvanbenthem/stackit-compute-operator/internal/stackit/networks.go:25.2,25.31 1 1
github.com/bartvanbenthem/stackit-compute-operator/internal/stackit/networks.go:25.31,27.3 1 1
github.com/bartvanbenthem/stackit-compute-operator/internal/stackit/networks.go:28.2,28.22 1 1
github.com/bartvanbenthem/stackit-compute-operator/internal/stackit/networks.go:28.22,30.3 1 1
github.com/bartvanbenthem/stackit-compute-operator/internal/stackit/networks.go:31.2,31.22 1 1
github.com/bartvanbenthem/stackit-compute-operator/internal/stackit/networks.go:31.22,36.40 2 1
github.com/bartvanbenthem/stackit-compute-operator/internal/stackit/networks.go:36.40,38.4 1 0
github.com/bartvanbenthem/stackit-compute-operator/internal/stackit/networks.go:39.3,39.23 1 1
github.com/bartvanbenthem/stackit-compute-operator/internal/stackit/networks.go:41.2,41.22 1 1
github.com/bartvanbenthem/stackit-compute-operator/internal/stackit/networks.go:41.22,46.40 2 1
github.com/bartvanbenthem/stackit-compute-operator/internal/stackit/networks.go:46.40,48.4 1 0
github.com/bartvanbenthem/stackit-compute-operator/internal/stackit/networks.go:49.3,49.23 1 1
github.com/bartvanbenthem/stackit-compute-operator/internal/stackit/networks.go:51.2,51.26 1 1
github.com/bartvanbenthem/stackit-compute-operator/internal/stackit/networks.go:51.26,53.3 1 1
github.com/bartvanbenthem/stackit-compute-operator/internal/stackit/networks.go:55.2,55.16 1 1
github.com/bartvanbenthem/stackit-compute-operator/internal/stackit/networks.go:60.147,62.16 2 1
github.com/bartvanbenthem/stackit-compute-operator/internal/stackit/networks.go:62.16,64.3 1 1
github.com/bartvanbenthem/stackit-compute-operator/internal/stackit/networks.go:65.2,65.17 1 1
github.com/bartvanbenthem/stackit-compute-operator/internal/stackit/networks.go:65.17,67.3 1 1
github.com/bartvanbenthem/stackit-compute-operator/internal/stackit/networks.go:68.2,68.19 1 1
github.com/bartvanbenthem/stackit-compute-operator/internal/stackit/networks.go:68.19,70.3 1 1
github.com/bartvanbenthem/stackit-compute-operator/internal/stackit/networks.go:71.2,71.26 1 1
github.com/bartvanbenthem/stackit-compute-operator/internal/stackit/networks.go:71.26,73.3 1 1
github.com/bartvanbenthem/stackit-compute-operator/internal/stackit/networks.go:74.2,74.19 1 1
github.com/bartvanbenthem/stackit-compute-operator/internal/stackit/networks.go:74.19,76.3 1 1
github.com/bartvanbenthem/stackit-compute-operator/internal/stackit/networks.go:77.2,77.16 1 1
github.com/bartvanbenthem/stackit-compute-operator/internal/stackit/networks.go:82.149,84.2 1 1
github.com/bartvanbenthem/stackit-compute-operator/internal/stackit/networks.go:87.122,89.2 1 1
github.com/bartvanbenthem/stackit-compute-operator/internal/stackit/networks.go:95.150,97.2 1 1
github.com/bartvanbenthem/stackit-compute-operator/internal/stackit/networks.go:100.108,102.2 1 1
github.com/bartvanbenthem/stackit-compute-operator/internal/stackit/servers.go:22.161,32.27 2 1
github.com/bartvanbenthem/stackit-compute-operator/internal/stackit/servers.go:32.27,34.3 1 1
github.com/bartvanbenthem/stackit-compute-operator/internal/stackit/servers.go:36.2,36.33 1 1
github.com/bartvanbenthem/stackit-compute-operator/internal/stackit/servers.go:36.33,38.3 1 1
github.com/bartvanbenthem/stackit-compute-operator/internal/stackit/servers.go:39.2,39.28 1 1
github.com/bartvanbenthem/stackit-compute-operator/internal/stackit/servers.go:39.28,41.3 1 1
github.com/bartvanbenthem/stackit-compute-operator/internal/stackit/servers.go:42.2,42.25 1 1
github.com/bartvanbenthem/stackit-compute-operator/internal/stackit/servers.go:42.25,45.3 1 1
github.com/bartvanbenthem/stackit-compute-operator/internal/stackit/servers.go:46.2,46.34 1 1
github.com/bartvanbenthem/stackit-compute-operator/internal/stackit/servers.go:46.34,48.3 1 1
github.com/bartvanbenthem/stackit-compute-operator/internal/stackit/servers.go:49.2,49.39 1 1
github.com/bartvanbenthem/stackit-compute-operator/internal/stackit/servers.go:49.39,51.3 1 1
github.com/bartvanbenthem/stackit-compute-operator/internal/stackit/servers.go:52.2,52.26 1 1
github.com/bartvanbenthem/stackit-compute-operator/internal/stackit/servers.go:52.26,54.3 1 1
github.com/bartvanbenthem/stackit-compute-operator/internal/stackit/servers.go:56.2,56.9 1 1
github.com/bartvanbenthem/stackit-compute-operator/internal/stackit/servers.go:57.34,64.4 1 1
github.com/bartvanbenthem/stackit-compute-operator/internal/stackit/servers.go:65.120,73.31 2 1
github.com/bartvanbenthem/stackit-compute-operator/internal/stackit/servers.go:73.31,75.4 1 1
github.com/bartvanbenthem/stackit-compute-operator/internal/stackit/servers.go:76.3,76.45 1 1
github.com/bartvanbenthem/stackit-compute-operator/internal/stackit/servers.go:76.45,78.4 1 1
github.com/bartvanbenthem/stackit-compute-operator/internal/stackit/servers.go:79.3,79.34 1 1
github.com/bartvanbenthem/stackit-compute-operator/internal/stackit/servers.go:82.2,82.16 1 1
github.com/bartvanbenthem/stackit-compute-operator/internal/stackit/servers.go:88.89,90.16 2 1
github.com/bartvanbenthem/stackit-compute-operator/internal/stackit/servers.go:90.16,92.3 1 1
github.com/bartvanbenthem/stackit-compute-operator/internal/stackit/servers.go:93.2,93.19 1 1
github.com/bartvanbenthem/stackit-compute-operator/internal/stackit/servers.go:93.19,95.3 1 1
github.com/bartvanbenthem/stackit-compute-operator/internal/stackit/servers.go:96.2,96.16 1 1
github.com/bartvanbenthem/stackit-compute-operator/internal/stackit/servers.go:99.66,101.23 2 1
github.com/bartvanbenthem/stackit-compute-operator/internal/stackit/servers.go:101.23,103.3 1 1
github.com/bartvanbenthem/stackit-compute-operator/internal/stackit/servers.go:104.2,104.12 1 1
github.com/bartvanbenthem/stackit-compute-operator/internal/stackit/servers.go:109.146,111.2 1 1
github.com/bartvanbenthem/stackit-compute-operator/internal/stackit/servers.go:114.119,116.2 1 1
github.com/bartvanbenthem/stackit-compute-operator/internal/stackit/servers.go:119.156,121.2 1 1
github.com/bartvanbenthem/stackit-compute-operator/internal/stackit/servers.go:124.119,127.2 2 1
github.com/bartvanbenthem/stackit-compute-operator/internal/stackit/servers.go:130.105,132.2 1 1
github.com/bartvanbenthem/stackit-compute-operator/internal/stackit/servers.go:135.104,137.2 1 1
github.com/bartvanbenthem/stackit-compute-operator/internal/stackit/servers.go:140.106,142.2 1 1
github.com/bartvanbenthem/stackit-compute-operator/internal/stackit/volumes.go:14.102,20.19 2 1
github.com/bartvanbenthem/stackit-compute-operator/internal/stackit/volumes.go:20.19,22.3 1 1
github.com/bartvanbenthem/stackit-compute-operator/internal/stackit/volumes.go:23.2,23.33 1 1
github.com/bartvanbenthem/stackit-compute-operator/internal/stackit/volumes.go:23.33,25.3 1 1
github.com/bartvanbenthem/stackit-compute-operator/internal/stackit/volumes.go:26.2,26.26 1 1
github.com/bartvanbenthem/stackit-compute-operator/internal/stackit/volumes.go:26.26,28.3 1 1
github.com/bartvanbenthem/stackit-compute-operator/internal/stackit/volumes.go:29.2,29.28 1 1
github.com/bartvanbenthem/stackit-compute-operator/internal/stackit/volumes.go:29.28,31.3 1 1
github.com/bartvanbenthem/stackit-compute-operator/internal/stackit/volumes.go:32.2,32.24 1 1
github.com/bartvanbenthem/stackit-compute-operator/internal/stackit/volumes.go:32.24,37.3 1 1
github.com/bartvanbenthem/stackit-compute-operator/internal/stackit/volumes.go:38.2,38.26 1 1
github.com/bartvanbenthem/stackit-compute-operator/internal/stackit/volumes.go:38.26,40.3 1 1
github.com/bartvanbenthem/stackit-compute-operator/internal/stackit/volumes.go:42.2,42.16 1 1
github.com/bartvanbenthem/stackit-compute-operator/internal/stackit/volumes.go:48.131,50.16 2 1
github.com/bartvanbenthem/stackit-compute-operator/internal/stackit/volumes.go:50.16,52.3 1 1
github.com/bartvanbenthem/stackit-compute-operator/internal/stackit/volumes.go:53.2,53.23 1 1
github.com/bartvanbenthem/stackit-compute-operator/internal/stackit/volumes.go:53.23,55.3 1 1
github.com/bartvanbenthem/stackit-compute-operator/internal/stackit/volumes.go:56.2,56.21 1 1
github.com/bartvanbenthem/stackit-compute-operator/internal/stackit/volumes.go:56.21,58.3 1 1
github.com/bartvanbenthem/stackit-compute-operator/internal/stackit/volumes.go:59.2,59.19 1 1
github.com/bartvanbenthem/stackit-compute-operator/internal/stackit/volumes.go:59.19,61.3 1 1
github.com/bartvanbenthem/stackit-compute-operator/internal/stackit/volumes.go:62.2,62.16 1 1
github.com/bartvanbenthem/stackit-compute-operator/internal/stackit/volumes.go:67.146,69.2 1 1
github.com/bartvanbenthem/stackit-compute-operator/internal/stackit/volumes.go:72.119,74.2 1 1
github.com/bartvanbenthem/stackit-compute-operator/internal/stackit/volumes.go:77.156,79.2 1 1
github.com/bartvanbenthem/stackit-compute-operator/internal/stackit/volumes.go:82.118,85.2 2 1
github.com/bartvanbenthem/stackit-compute-operator/internal/stackit/volumes.go:88.106,90.2 1 1
github.com/bartvanbenthem/stackit-compute-operator/internal/controller/image_controller.go:45.97,47.62 2 1
github.com/bartvanbenthem/stackit-compute-operator/internal/controller/image_controller.go:47.62,49.3 1 0
github.com/bartvanbenthem/stackit-compute-operator/internal/controller/image_controller.go:51.2,51.39 1 1
github.com/bartvanbenthem/stackit-compute-operator/internal/controller/image_controller.go:51.39,53.3 1 1
github.com/bartvanbenthem/stackit-compute-operator/internal/controller/image_controller.go:55.2,57.14 2 1
github.com/bartvanbenthem/stackit-compute-operator/internal/controller/image_controller.go:57.14,59.17 2 1
github.com/bartvanbenthem/stackit-compute-operator/internal/controller/image_controller.go:59.17,61.4 1 0
github.com/bartvanbenthem/stackit-compute-operator/internal/controller/image_controller.go:62.3,62.12 1 1
github.com/bartvanbenthem/stackit-compute-operator/internal/controller/image_controller.go:62.12,64.4 1 0
github.com/bartvanbenthem/stackit-compute-operator/internal/controller/image_controller.go:67.2,67.32 1 1
github.com/bartvanbenthem/stackit-compute-operator/internal/controller/image_controller.go:67.32,69.3 1 1
github.com/bartvanbenthem/stackit-compute-operator/internal/controller/image_controller.go:71.2,71.49 1 1
github.com/bartvanbenthem/stackit-compute-operator/internal/controller/image_controller.go:74.129,78.13 3 1
github.com/bartvanbenthem/stackit-compute-operator/internal/controller/image_controller.go:78.13,81.17 3 1
github.com/bartvanbenthem/stackit-compute-operator/internal/controller/image_controller.go:81.17,82.31 1 1
github.com/bartvanbenthem/stackit-compute-operator/internal/controller/image_controller.go:82.31,84.69 2 1
github.com/bartvanbenthem/stackit-compute-operator/internal/controller/image_controller.go:84.69,86.6 1 0
github.com/bartvanbenthem/stackit-compute-operator/internal/controller/image_controller.go:87.5,87.57 1 1
github.com/bartvanbenthem/stackit-compute-operator/internal/controller/image_controller.go:89.4,89.72 1 0
github.com/bartvanbenthem/stackit-compute-operator/internal/controller/image_controller.go:91.3,93.55 3 1
github.com/bartvanbenthem/stackit-compute-operator/internal/controller/image_controller.go:93.55,95.4 1 0
github.com/bartvanbenthem/stackit-compute-operator/internal/controller/image_controller.go:96.3,97.41 2 1
github.com/bartvanbenthem/stackit-compute-operator/internal/controller/image_controller.go:100.2,104.16 4 1
github.com/bartvanbenthem/stackit-compute-operator/internal/controller/image_controller.go:104.16,106.67 2 0
github.com/bartvanbenthem/stackit-compute-operator/internal/controller/image_controller.go:106.67,108.4 1 0
github.com/bartvanbenthem/stackit-compute-operator/internal/controller/image_controller.go:109.3,109.62 1 0
github.com/bartvanbenthem/stackit-compute-operator/internal/controller/image_controller.go:112.2,116.54 5 1
github.com/bartvanbenthem/stackit-compute-operator/internal/controller/image_controller.go:116.54,118.3 1 0
github.com/bartvanbenthem/stackit-compute-operator/internal/controller/image_controller.go:120.2,121.54 2 1
github.com/bartvanbenthem/stackit-compute-operator/internal/controller/image_controller.go:124.131,129.16 4 1
github.com/bartvanbenthem/stackit-compute-operator/internal/controller/image_controller.go:129.16,130.30 1 0
github.com/bartvanbenthem/stackit-compute-operator/internal/controller/image_controller.go:130.30,131.15 1 0
github.com/bartvanbenthem/stackit-compute-operator/internal/controller/image_controller.go:131.15,134.69 3 0
github.com/bartvanbenthem/stackit-compute-operator/internal/controller/image_controller.go:134.69,136.6 1 0
github.com/bartvanbenthem/stackit-compute-operator/internal/controller/image_controller.go:137.5,137.57 1 0
github.com/bartvanbenthem/stackit-compute-operator/internal/controller/image_controller.go:139.4,142.68 4 0
github.com/bartvanbenthem/stackit-compute-operator/internal/controller/image_controller.go:142.68,144.5 1 0
github.com/bartvanbenthem/stackit-compute-operator/internal/controller/image_controller.go:145.4,145.42 1 0
github.com/bartvanbenthem/stackit-compute-operator/internal/controller/image_controller.go:147.3,147.62 1 0
github.com/bartvanbenthem/stackit-compute-operator/internal/controller/image_controller.go:150.2,153.15 3 1
github.com/bartvanbenthem/stackit-compute-operator/internal/controller/image_controller.go:154.18,159.55 2 1
github.com/bartvanbenthem/stackit-compute-operator/internal/controller/image_controller.go:159.55,161.4 1 0
github.com/bartvanbenthem/stackit-compute-operator/internal/controller/image_controller.go:162.3,162.55 1 1
github.com/bartvanbenthem/stackit-compute-operator/internal/controller/image_controller.go:164.18,166.55 2 0
github.com/bartvanbenthem/stackit-compute-operator/internal/controller/image_controller.go:166.55,168.4 1 0
github.com/bartvanbenthem/stackit-compute-operator/internal/controller/image_controller.go:169.3,169.54 1 0
github.com/bartvanbenthem/stackit-compute-operator/internal/controller/image_controller.go:171.15,173.55 2 0
github.com/bartvanbenthem/stackit-compute-operator/internal/controller/image_controller.go:173.55,175.4 1 0
github.com/bartvanbenthem/stackit-compute-operator/internal/controller/image_controller.go:176.3,176.55 1 0
github.com/bartvanbenthem/stackit-compute-operator/internal/controller/image_controller.go:179.2,179.14 1 1
github.com/bartvanbenthem/stackit-compute-operator/internal/controller/image_controller.go:179.14,180.74 1 1
github.com/bartvanbenthem/stackit-compute-operator/internal/controller/image_controller.go:180.74,182.4 1 0
github.com/bartvanbenthem/stackit-compute-operator/internal/controller/image_controller.go:182.9,182.23 1 1
github.com/bartvanbenthem/stackit-compute-operator/internal/controller/image_controller.go:182.23,184.4 1 1
github.com/bartvanbenthem/stackit-compute-operator/internal/controller/image_controller.go:187.2,188.15 2 1
github.com/bartvanbenthem/stackit-compute-operator/internal/controller/image_controller.go:189.19,190.57 1 1
github.com/bartvanbenthem/stackit-compute-operator/internal/controller/image_controller.go:191.21,192.25 1 0
github.com/bartvanbenthem/stackit-compute-operator/internal/controller/image_controller.go:194.2,195.54 2 1
github.com/bartvanbenthem/stackit-compute-operator/internal/controller/image_controller.go:195.54,197.3 1 0
github.com/bartvanbenthem/stackit-compute-operator/internal/controller/image_controller.go:199.2,199.53 1 1
github.com/bartvanbenthem/stackit-compute-operator/internal/controller/image_controller.go:208.128,220.114 10 1
github.com/bartvanbenthem/stackit-compute-operator/internal/controller/image_controller.go:220.114,228.107 5 1
github.com/bartvanbenthem/stackit-compute-operator/internal/controller/image_controller.go:228.107,230.4 1 0
github.com/bartvanbenthem/stackit-compute-operator/internal/controller/image_controller.go:231.3,231.19 1 1
github.com/bartvanbenthem/stackit-compute-operator/internal/controller/image_controller.go:234.2,234.19 1 1
github.com/bartvanbenthem/stackit-compute-operator/internal/controller/image_controller.go:237.115,240.62 2 1
github.com/bartvanbenthem/stackit-compute-operator/internal/controller/image_controller.go:240.62,242.3 1 1
github.com/bartvanbenthem/stackit-compute-operator/internal/controller/image_controller.go:244.2,244.32 1 1
github.com/bartvanbenthem/stackit-compute-operator/internal/controller/image_controller.go:244.32,245.88 1 0
github.com/bartvanbenthem/stackit-compute-operator/internal/controller/image_controller.go:245.88,247.4 1 0
github.com/bartvanbenthem/stackit-compute-operator/internal/controller/image_controller.go:248.3,248.28 1 0
github.com/bartvanbenthem/stackit-compute-operator/internal/controller/image_controller.go:251.2,254.16 3 1
github.com/bartvanbenthem/stackit-compute-operator/internal/controller/image_controller.go:254.16,255.30 1 0
github.com/bartvanbenthem/stackit-compute-operator/internal/controller/image_controller.go:255.30,257.89 2 0
github.com/bartvanbenthem/stackit-compute-operator/internal/controller/image_controller.go:257.89,259.5 1 0
github.com/bartvanbenthem/stackit-compute-operator/internal/controller/image_controller.go:260.4,260.29 1 0
github.com/bartvanbenthem/stackit-compute-operator/internal/controller/image_controller.go:262.3,262.78 1 0
github.com/bartvanbenthem/stackit-compute-operator/internal/controller/image_controller.go:265.2,265.47 1 1
github.com/bartvanbenthem/stackit-compute-operator/internal/controller/image_controller.go:265.47,266.123 1 1
github.com/bartvanbenthem/stackit-compute-operator/internal/controller/image_controller.go:266.123,268.4 1 0
github.com/bartvanbenthem/stackit-compute-operator/internal/controller/image_controller.go:269.3,269.62 1 1
github.com/bartvanbenthem/stackit-compute-operator/internal/controller/image_controller.go:272.2,272.53 1 1
github.com/bartvanbenthem/stackit-compute-operator/internal/controller/image_controller.go:278.95,283.2 4 1
github.com/bartvanbenthem/stackit-compute-operator/internal/controller/image_controller.go:285.130,293.2 1 1
github.com/bartvanbenthem/stackit-compute-operator/internal/controller/image_controller.go:297.53,298.27 1 1
github.com/bartvanbenthem/stackit-compute-operator/internal/controller/image_controller.go:298.27,300.3 1 1
github.com/bartvanbenthem/stackit-compute-operator/internal/controller/image_controller.go:301.2,301.19 1 1
github.com/bartvanbenthem/stackit-compute-operator/internal/controller/image_controller.go:305.68,310.2 1 0
github.com/bartvanbenthem/stackit-compute-operator/internal/controller/lifecycle.go:13.41,15.2 1 1
github.com/bartvanbenthem/stackit-compute-operator/internal/controller/lifecycle.go:17.33,18.14 1 1
github.com/bartvanbenthem/stackit-compute-operator/internal/controller/lifecycle.go:18.14,20.3 1 1
github.com/bartvanbenthem/stackit-compute-operator/internal/controller/lifecycle.go:21.2,21.11 1 1
github.com/bartvanbenthem/stackit-compute-operator/internal/controller/lifecycle.go:24.30,25.14 1 1
github.com/bartvanbenthem/stackit-compute-operator/internal/controller/lifecycle.go:25.14,27.3 1 0
github.com/bartvanbenthem/stackit-compute-operator/internal/controller/lifecycle.go:28.2,28.11 1 1
github.com/bartvanbenthem/stackit-compute-operator/internal/controller/lifecycle.go:33.111,34.54 1 1
github.com/bartvanbenthem/stackit-compute-operator/internal/controller/lifecycle.go:34.54,36.3 1 1
github.com/bartvanbenthem/stackit-compute-operator/internal/controller/lifecycle.go:37.2,38.43 2 1
github.com/bartvanbenthem/stackit-compute-operator/internal/controller/lifecycle.go:38.43,40.3 1 0
github.com/bartvanbenthem/stackit-compute-operator/internal/controller/lifecycle.go:41.2,41.18 1 1
github.com/bartvanbenthem/stackit-compute-operator/internal/controller/lifecycle.go:46.112,47.55 1 0
github.com/bartvanbenthem/stackit-compute-operator/internal/controller/lifecycle.go:47.55,49.3 1 0
github.com/bartvanbenthem/stackit-compute-operator/internal/controller/lifecycle.go:50.2,51.27 2 0
github.com/bartvanbenthem/stackit-compute-operator/internal/controller/network_controller.go:46.99,48.64 2 1
github.com/bartvanbenthem/stackit-compute-operator/internal/controller/network_controller.go:48.64,50.3 1 0
github.com/bartvanbenthem/stackit-compute-operator/internal/controller/network_controller.go:52.2,52.41 1 1
github.com/bartvanbenthem/stackit-compute-operator/internal/controller/network_controller.go:52.41,54.3 1 1
github.com/bartvanbenthem/stackit-compute-operator/internal/controller/network_controller.go:56.2,58.14 2 1
github.com/bartvanbenthem/stackit-compute-operator/internal/controller/network_controller.go:58.14,60.17 2 1
github.com/bartvanbenthem/stackit-compute-operator/internal/controller/network_controller.go:60.17,62.4 1 0
github.com/bartvanbenthem/stackit-compute-operator/internal/controller/network_controller.go:63.3,63.12 1 1
github.com/bartvanbenthem/stackit-compute-operator/internal/controller/network_controller.go:63.12,65.4 1 0
github.com/bartvanbenthem/stackit-compute-operator/internal/controller/network_controller.go:68.2,68.36 1 1
github.com/bartvanbenthem/stackit-compute-operator/internal/controller/network_controller.go:68.36,70.3 1 1
github.com/bartvanbenthem/stackit-compute-operator/internal/controller/network_controller.go:72.2,72.51 1 1
github.com/bartvanbenthem/stackit-compute-operator/internal/controller/network_controller.go:75.135,79.13 3 1
github.com/bartvanbenthem/stackit-compute-operator/internal/controller/network_controller.go:79.13,82.17 3 1
github.com/bartvanbenthem/stackit-compute-operator/internal/controller/network_controller.go:82.17,83.31 1 1
github.com/bartvanbenthem/stackit-compute-operator/internal/controller/network_controller.go:83.31,85.71 2 1
github.com/bartvanbenthem/stackit-compute-operator/internal/controller/network_controller.go:85.71,87.6 1 0
github.com/bartvanbenthem/stackit-compute-operator/internal/controller/network_controller.go:88.5,88.57 1 1
github.com/bartvanbenthem/stackit-compute-operator/internal/controller/network_controller.go:90.4,90.74 1 0
github.com/bartvanbenthem/stackit-compute-operator/internal/controller/network_controller.go:92.3,94.57 3 1
github.com/bartvanbenthem/stackit-compute-operator/internal/controller/network_controller.go:94.57,96.4 1 0
github.com/bartvanbenthem/stackit-compute-operator/internal/controller/network_controller.go:97.3,98.41 2 1
github.com/bartvanbenthem/stackit-compute-operator/internal/controller/network_controller.go:101.2,105.16 4 1
github.com/bartvanbenthem/stackit-compute-operator/internal/controller/network_controller.go:105.16,107.69 2 0
github.com/bartvanbenthem/stackit-compute-operator/internal/controller/network_controller.go:107.69,109.4 1 0
github.com/bartvanbenthem/stackit-compute-operator/internal/controller/network_controller.go:110.3,110.64 1 0
github.com/bartvanbenthem/stackit-compute-operator/internal/controller/network_controller.go:113.2,116.56 4 1
github.com/bartvanbenthem/stackit-compute-operator/internal/controller/network_controller.go:116.56,118.3 1 0
github.com/bartvanbenthem/stackit-compute-operator/internal/controller/network_controller.go:120.2,121.53 2 1
github.com/bartvanbenthem/stackit-compute-operator/internal/controller/network_controller.go:124.137,129.16 4 1
github.com/bartvanbenthem/stackit-compute-operator/internal/controller/network_controller.go:129.16,130.30 1 0
github.com/bartvanbenthem/stackit-compute-operator/internal/controller/network_controller.go:130.30,131.15 1 0
github.com/bartvanbenthem/stackit-compute-operator/internal/controller/network_controller.go:131.15,134.71 3 0
github.com/bartvanbenthem/stackit-compute-operator/internal/controller/network_controller.go:134.71,136.6 1 0
github.com/bartvanbenthem/stackit-compute-operator/internal/controller/network_controller.go:137.5,137.57 1 0
github.com/bartvanbenthem/stackit-compute-operator/internal/controller/network_controller.go:139.4,142.70 4 0
github.com/bartvanbenthem/stackit-compute-operator/internal/controller/network_controller.go:142.70,144.5 1 0
github.com/bartvanbenthem/stackit-compute-operator/internal/controller/network_controller.go:145.4,145.42 1 0
github.com/bartvanbenthem/stackit-compute-operator/internal/controller/network_controller.go:147.3,147.64 1 0
github.com/bartvanbenthem/stackit-compute-operator/internal/controller/network_controller.go:150.2,153.9 3 1
github.com/bartvanbenthem/stackit-compute-operator/internal/controller/network_controller.go:154.40,156.57 2 1
github.com/bartvanbenthem/stackit-compute-operator/internal/controller/network_controller.go:156.57,158.4 1 0
github.com/bartvanbenthem/stackit-compute-operator/internal/controller/network_controller.go:159.3,159.54 1 1
github.com/bartvanbenthem/stackit-compute-operator/internal/controller/network_controller.go:161.25,163.57 2 1
github.com/bartvanbenthem/stackit-compute-operator/internal/controller/network_controller.go:163.57,165.4 1 0
github.com/bartvanbenthem/stackit-compute-operator/internal/controller/network_controller.go:166.3,166.55 1 1
github.com/bartvanbenthem/stackit-compute-operator/internal/controller/network_controller.go:169.2,169.14 1 1
github.com/bartvanbenthem/stackit-compute-operator/internal/controller/network_controller.go:169.14,170.76 1 1
github.com/bartvanbenthem/stackit-compute-operator/internal/controller/network_controller.go:170.76,172.4 1 0
github.com/bartvanbenthem/stackit-compute-operator/internal/controller/network_controller.go:172.9,172.23 1 1
github.com/bartvanbenthem/stackit-compute-operator/internal/controller/network_controller.go:172.23,174.4 1 1
github.com/bartvanbenthem/stackit-compute-operator/internal/controller/network_controller.go:177.2,178.15 2 1
github.com/bartvanbenthem/stackit-compute-operator/internal/controller/network_controller.go:179.17,180.55 1 1
github.com/bartvanbenthem/stackit-compute-operator/internal/controller/network_controller.go:181.17,182.55 1 0
github.com/bartvanbenthem/stackit-compute-operator/internal/controller/network_controller.go:184.2,185.56 2 1
github.com/bartvanbenthem/stackit-compute-operator/internal/controller/network_controller.go:185.56,187.3 1 0
github.com/bartvanbenthem/stackit-compute-operator/internal/controller/network_controller.go:189.2,189.53 1 1
github.com/bartvanbenthem/stackit-compute-operator/internal/controller/network_controller.go:198.136,209.89 9 1
github.com/bartvanbenthem/stackit-compute-operator/internal/controller/network_controller.go:209.89,211.18 2 1
github.com/bartvanbenthem/stackit-compute-operator/internal/controller/network_controller.go:211.18,213.4 1 1
github.com/bartvanbenthem/stackit-compute-operator/internal/controller/network_controller.go:214.3,215.18 2 1
github.com/bartvanbenthem/stackit-compute-operator/internal/controller/network_controller.go:215.18,217.4 1 0
github.com/bartvanbenthem/stackit-compute-operator/internal/controller/network_controller.go:218.3,218.20 1 1
github.com/bartvanbenthem/stackit-compute-operator/internal/controller/network_controller.go:218.20,220.4 1 0
github.com/bartvanbenthem/stackit-compute-operator/internal/controller/network_controller.go:221.3,222.26 2 1
github.com/bartvanbenthem/stackit-compute-operator/internal/controller/network_controller.go:222.26,224.4 1 0
github.com/bartvanbenthem/stackit-compute-operator/internal/controller/network_controller.go:225.3,226.20 2 1
github.com/bartvanbenthem/stackit-compute-operator/internal/controller/network_controller.go:226.20,228.4 1 0
github.com/bartvanbenthem/stackit-compute-operator/internal/controller/network_controller.go:229.3,234.108 3 1
github.com/bartvanbenthem/stackit-compute-operator/internal/controller/network_controller.go:234.108,236.4 1 0
github.com/bartvanbenthem/stackit-compute-operator/internal/controller/network_controller.go:237.3,237.19 1 1
github.com/bartvanbenthem/stackit-compute-operator/internal/controller/network_controller.go:240.2,240.19 1 1
github.com/bartvanbenthem/stackit-compute-operator/internal/controller/network_controller.go:243.121,246.66 2 1
github.com/bartvanbenthem/stackit-compute-operator/internal/controller/network_controller.go:246.66,248.3 1 1
github.com/bartvanbenthem/stackit-compute-operator/internal/controller/network_controller.go:250.2,250.36 1 1
github.com/bartvanbenthem/stackit-compute-operator/internal/controller/network_controller.go:250.36,251.92 1 0
github.com/bartvanbenthem/stackit-compute-operator/internal/controller/network_controller.go:251.92,253.4 1 0
github.com/bartvanbenthem/stackit-compute-operator/internal/controller/network_controller.go:254.3,254.28 1 0
github.com/bartvanbenthem/stackit-compute-operator/internal/controller/network_controller.go:257.2,260.16 3 1
github.com/bartvanbenthem/stackit-compute-operator/internal/controller/network_controller.go:260.16,261.30 1 0
github.com/bartvanbenthem/stackit-compute-operator/internal/controller/network_controller.go:261.30,263.93 2 0
github.com/bartvanbenthem/stackit-compute-operator/internal/controller/network_controller.go:263.93,265.5 1 0
github.com/bartvanbenthem/stackit-compute-operator/internal/controller/network_controller.go:266.4,266.29 1 0
github.com/bartvanbenthem/stackit-compute-operator/internal/controller/network_controller.go:268.3,268.80 1 0
github.com/bartvanbenthem/stackit-compute-operator/internal/controller/network_controller.go:271.2,271.34 1 1
github.com/bartvanbenthem/stackit-compute-operator/internal/controller/network_controller.go:271.34,272.127 1 1
github.com/bartvanbenthem/stackit-compute-operator/internal/controller/network_controller.go:272.127,274.4 1 0
github.com/bartvanbenthem/stackit-compute-operator/internal/controller/network_controller.go:275.3,275.68 1 1
github.com/bartvanbenthem/stackit-compute-operator/internal/controller/network_controller.go:278.2,278.53 1 1
github.com/bartvanbenthem/stackit-compute-operator/internal/controller/network_controller.go:281.105,283.25 2 1
github.com/bartvanbenthem/stackit-compute-operator/internal/controller/network_controller.go:283.25,286.3 2 0
github.com/bartvanbenthem/stackit-compute-operator/internal/controller/network_controller.go:287.2,287.56 1 1
github.com/bartvanbenthem/stackit-compute-operator/internal/controller/network_controller.go:290.136,298.2 1 1
github.com/bartvanbenthem/stackit-compute-operator/internal/controller/network_controller.go:302.59,303.29 1 1
github.com/bartvanbenthem/stackit-compute-operator/internal/controller/network_controller.go:303.29,305.3 1 1
github.com/bartvanbenthem/stackit-compute-operator/internal/controller/network_controller.go:306.2,306.21 1 1
github.com/bartvanbenthem/stackit-compute-operator/internal/controller/network_controller.go:310.70,315.2 1 0
github.com/bartvanbenthem/stackit-compute-operator/internal/controller/server_controller.go:58.98,60.63 2 1
github.com/bartvanbenthem/stackit-compute-operator/internal/controller/server_controller.go:60.63,62.3 1 1
github.com/bartvanbenthem/stackit-compute-operator/internal/controller/server_controller.go:64.2,64.40 1 1
github.com/bartvanbenthem/stackit-compute-operator/internal/controller/server_controller.go:64.40,66.3 1 0
github.com/bartvanbenthem/stackit-compute-operator/internal/controller/server_controller.go:68.2,68.64 1 1
github.com/bartvanbenthem/stackit-compute-operator/internal/controller/server_controller.go:68.64,70.47 2 1
github.com/bartvanbenthem/stackit-compute-operator/internal/controller/server_controller.go:70.47,72.4 1 0
github.com/bartvanbenthem/stackit-compute-operator/internal/controller/server_controller.go:73.3,73.41 1 1
github.com/bartvanbenthem/stackit-compute-operator/internal/controller/server_controller.go:76.2,76.34 1 1
github.com/bartvanbenthem/stackit-compute-operator/internal/controller/server_controller.go:76.34,78.3 1 1
github.com/bartvanbenthem/stackit-compute-operator/internal/controller/server_controller.go:80.2,80.41 1 1
github.com/bartvanbenthem/stackit-compute-operator/internal/controller/server_controller.go:83.118,87.16 3 1
github.com/bartvanbenthem/stackit-compute-operator/internal/controller/server_controller.go:87.16,89.3 1 1
github.com/bartvanbenthem/stackit-compute-operator/internal/controller/server_controller.go:90.2,91.16 2 1
github.com/bartvanbenthem/stackit-compute-operator/internal/controller/server_controller.go:91.16,93.3 1 0
github.com/bartvanbenthem/stackit-compute-operator/internal/controller/server_controller.go:94.2,95.16 2 1
github.com/bartvanbenthem/stackit-compute-operator/internal/controller/server_controller.go:95.16,97.3 1 0
github.com/bartvanbenthem/stackit-compute-operator/internal/controller/server_controller.go:99.2,99.54 1 1
github.com/bartvanbenthem/stackit-compute-operator/internal/controller/server_controller.go:99.54,101.68 2 1
github.com/bartvanbenthem/stackit-compute-operator/internal/controller/server_controller.go:101.68,103.4 1 0
github.com/bartvanbenthem/stackit-compute-operator/internal/controller/server_controller.go:104.3,104.54 1 1
github.com/bartvanbenthem/stackit-compute-operator/internal/controller/server_controller.go:107.2,111.16 4 1
github.com/bartvanbenthem/stackit-compute-operator/internal/controller/server_controller.go:111.16,113.68 2 1
github.com/bartvanbenthem/stackit-compute-operator/internal/controller/server_controller.go:113.68,115.4 1 0
github.com/bartvanbenthem/stackit-compute-operator/internal/controller/server_controller.go:116.3,116.63 1 1
github.com/bartvanbenthem/stackit-compute-operator/internal/controller/server_controller.go:118.2,118.23 1 1
github.com/bartvanbenthem/stackit-compute-operator/internal/controller/server_controller.go:118.23,120.3 1 0
github.com/bartvanbenthem/stackit-compute-operator/internal/controller/server_controller.go:122.2,125.55 4 1
github.com/bartvanbenthem/stackit-compute-operator/internal/controller/server_controller.go:125.55,127.3 1 0
github.com/bartvanbenthem/stackit-compute-operator/internal/controller/server_controller.go:129.2,130.53 2 1
github.com/bartvanbenthem/stackit-compute-operator/internal/controller/server_controller.go:139.132,140.62 1 1
github.com/bartvanbenthem/stackit-compute-operator/internal/controller/server_controller.go:140.62,142.3 1 1
github.com/bartvanbenthem/stackit-compute-operator/internal/controller/server_controller.go:143.2,143.33 1 1
github.com/bartvanbenthem/stackit-compute-operator/internal/controller/server_controller.go:143.33,146.48 3 1
github.com/bartvanbenthem/stackit-compute-operator/internal/controller/server_controller.go:146.48,147.33 1 0
github.com/bartvanbenthem/stackit-compute-operator/internal/controller/server_controller.go:147.33,149.5 1 0
github.com/bartvanbenthem/stackit-compute-operator/internal/controller/server_controller.go:150.4,150.25 1 0
github.com/bartvanbenthem/stackit-compute-operator/internal/controller/server_controller.go:152.3,152.63 1 1
github.com/bartvanbenthem/stackit-compute-operator/internal/controller/server_controller.go:154.2,154.31 1 1
github.com/bartvanbenthem/stackit-compute-operator/internal/controller/server_controller.go:154.31,156.3 1 1
github.com/bartvanbenthem/stackit-compute-operator/internal/controller/server_controller.go:157.2,157.38 1 1
github.com/bartvanbenthem/stackit-compute-operator/internal/controller/server_controller.go:157.38,159.3 1 1
github.com/bartvanbenthem/stackit-compute-operator/internal/controller/server_controller.go:160.2,160.82 1 0
github.com/bartvanbenthem/stackit-compute-operator/internal/controller/server_controller.go:166.134,167.66 1 1
github.com/bartvanbenthem/stackit-compute-operator/internal/controller/server_controller.go:167.66,169.3 1 0
github.com/bartvanbenthem/stackit-compute-operator/internal/controller/server_controller.go:170.2,170.35 1 1
github.com/bartvanbenthem/stackit-compute-operator/internal/controller/server_controller.go:170.35,173.50 3 1
github.com/bartvanbenthem/stackit-compute-operator/internal/controller/server_controller.go:173.50,174.33 1 0
github.com/bartvanbenthem/stackit-compute-operator/internal/controller/server_controller.go:174.33,176.5 1 0
github.com/bartvanbenthem/stackit-compute-operator/internal/controller/server_controller.go:177.4,177.25 1 0
github.com/bartvanbenthem/stackit-compute-operator/internal/controller/server_controller.go:179.3,179.71 1 1
github.com/bartvanbenthem/stackit-compute-operator/internal/controller/server_controller.go:181.2,181.33 1 1
github.com/bartvanbenthem/stackit-compute-operator/internal/controller/server_controller.go:181.33,183.3 1 1
github.com/bartvanbenthem/stackit-compute-operator/internal/controller/server_controller.go:184.2,184.86 1 0
github.com/bartvanbenthem/stackit-compute-operator/internal/controller/server_controller.go:191.137,192.38 1 1
github.com/bartvanbenthem/stackit-compute-operator/internal/controller/server_controller.go:192.38,194.3 1 1
github.com/bartvanbenthem/stackit-compute-operator/internal/controller/server_controller.go:195.2,197.48 3 1
github.com/bartvanbenthem/stackit-compute-operator/internal/controller/server_controller.go:197.48,198.32 1 0
github.com/bartvanbenthem/stackit-compute-operator/internal/controller/server_controller.go:198.32,200.4 1 0
github.com/bartvanbenthem/stackit-compute-operator/internal/controller/server_controller.go:201.3,201.24 1 0
github.com/bartvanbenthem/stackit-compute-operator/internal/controller/server_controller.go:203.2,203.66 1 1
github.com/bartvanbenthem/stackit-compute-operator/internal/controller/server_controller.go:210.133,212.67 2 1
github.com/bartvanbenthem/stackit-compute-operator/internal/controller/server_controller.go:212.67,214.3 1 0
github.com/bartvanbenthem/stackit-compute-operator/internal/controller/server_controller.go:215.2,215.27 1 1
github.com/bartvanbenthem/stackit-compute-operator/internal/controller/server_controller.go:218.120,223.16 4 1
github.com/bartvanbenthem/stackit-compute-operator/internal/controller/server_controller.go:223.16,224.30 1 1
github.com/bartvanbenthem/stackit-compute-operator/internal/controller/server_controller.go:224.30,228.69 4 1
github.com/bartvanbenthem/stackit-compute-operator/internal/controller/server_controller.go:228.69,230.5 1 0
github.com/bartvanbenthem/stackit-compute-operator/internal/controller/server_controller.go:231.4,231.42 1 1
github.com/bartvanbenthem/stackit-compute-operator/internal/controller/server_controller.go:233.3,233.63 1 0
github.com/bartvanbenthem/stackit-compute-operator/internal/controller/server_controller.go:236.2,239.9 3 1
github.com/bartvanbenthem/stackit-compute-operator/internal/controller/server_controller.go:240.33,242.56 2 1
github.com/bartvanbenthem/stackit-compute-operator/internal/controller/server_controller.go:242.56,244.4 1 0
github.com/bartvanbenthem/stackit-compute-operator/internal/controller/server_controller.go:245.3,245.54 1 1
github.com/bartvanbenthem/stackit-compute-operator/internal/controller/server_controller.go:247.24,249.56 2 1
github.com/bartvanbenthem/stackit-compute-operator/internal/controller/server_controller.go:249.56,251.4 1 0
github.com/bartvanbenthem/stackit-compute-operator/internal/controller/server_controller.go:252.3,252.55 1 1
github.com/bartvanbenthem/stackit-compute-operator/internal/controller/server_controller.go:255.2,255.74 1 1
github.com/bartvanbenthem/stackit-compute-operator/internal/controller/server_controller.go:255.74,257.3 1 0
github.com/bartvanbenthem/stackit-compute-operator/internal/controller/server_controller.go:257.8,257.22 1 1
github.com/bartvanbenthem/stackit-compute-operator/internal/controller/server_controller.go:257.22,259.3 1 1
github.com/bartvanbenthem/stackit-compute-operator/internal/controller/server_controller.go:261.2,262.15 2 1
github.com/bartvanbenthem/stackit-compute-operator/internal/controller/server_controller.go:263.16,264.54 1 1
github.com/bartvanbenthem/stackit-compute-operator/internal/controller/server_controller.go:265.18,266.56 1 0
github.com/bartvanbenthem/stackit-compute-operator/internal/controller/server_controller.go:268.2,269.55 2 1
github.com/bartvanbenthem/stackit-compute-operator/internal/controller/server_controller.go:269.55,271.3 1 0
github.com/bartvanbenthem/stackit-compute-operator/internal/controller/server_controller.go:273.2,273.53 1 1
github.com/bartvanbenthem/stackit-compute-operator/internal/controller/server_controller.go:280.132,284.85 3 1
github.com/bartvanbenthem/stackit-compute-operator/internal/controller/server_controller.go:284.85,286.122 2 1
github.com/bartvanbenthem/stackit-compute-operator/internal/controller/server_controller.go:286.122,288.4 1 0
github.com/bartvanbenthem/stackit-compute-operator/internal/controller/server_controller.go:289.3,289.19 1 1
github.com/bartvanbenthem/stackit-compute-operator/internal/controller/server_controller.go:292.2,293.24 2 1
github.com/bartvanbenthem/stackit-compute-operator/internal/controller/server_controller.go:293.24,295.3 1 1
github.com/bartvanbenthem/stackit-compute-operator/internal/controller/server_controller.go:296.2,297.9 2 1
github.com/bartvanbenthem/stackit-compute-operator/internal/controller/server_controller.go:298.86,300.95 2 1
github.com/bartvanbenthem/stackit-compute-operator/internal/controller/server_controller.go:300.95,302.4 1 0
github.com/bartvanbenthem/stackit-compute-operator/internal/controller/server_controller.go:303.3,303.19 1 1
github.com/bartvanbenthem/stackit-compute-operator/internal/controller/server_controller.go:304.84,306.96 2 1
github.com/bartvanbenthem/stackit-compute-operator/internal/controller/server_controller.go:306.96,308.4 1 0
github.com/bartvanbenthem/stackit-compute-operator/internal/controller/server_controller.go:309.3,309.19 1 1
github.com/bartvanbenthem/stackit-compute-operator/internal/controller/server_controller.go:312.2,315.34 4 1
github.com/bartvanbenthem/stackit-compute-operator/internal/controller/server_controller.go:315.34,317.18 2 1
github.com/bartvanbenthem/stackit-compute-operator/internal/controller/server_controller.go:317.18,319.4 1 1
github.com/bartvanbenthem/stackit-compute-operator/internal/controller/server_controller.go:320.3,321.20 2 1
github.com/bartvanbenthem/stackit-compute-operator/internal/controller/server_controller.go:321.20,323.4 1 1
github.com/bartvanbenthem/stackit-compute-operator/internal/controller/server_controller.go:324.3,326.109 3 1
github.com/bartvanbenthem/stackit-compute-operator/internal/controller/server_controller.go:326.109,328.4 1 0
github.com/bartvanbenthem/stackit-compute-operator/internal/controller/server_controller.go:329.3,329.19 1 1
github.com/bartvanbenthem/stackit-compute-operator/internal/controller/server_controller.go:332.2,332.19 1 1
github.com/bartvanbenthem/stackit-compute-operator/internal/controller/server_controller.go:335.118,338.64 2 1
github.com/bartvanbenthem/stackit-compute-operator/internal/controller/server_controller.go:338.64,340.3 1 1
github.com/bartvanbenthem/stackit-compute-operator/internal/controller/server_controller.go:342.2,342.34 1 1
github.com/bartvanbenthem/stackit-compute-operator/internal/controller/server_controller.go:342.34,344.47 2 1
github.com/bartvanbenthem/stackit-compute-operator/internal/controller/server_controller.go:344.47,346.4 1 0
github.com/bartvanbenthem/stackit-compute-operator/internal/controller/server_controller.go:347.3,347.28 1 1
github.com/bartvanbenthem/stackit-compute-operator/internal/controller/server_controller.go:350.2,353.16 3 1
github.com/bartvanbenthem/stackit-compute-operator/internal/controller/server_controller.go:353.16,354.30 1 1
github.com/bartvanbenthem/stackit-compute-operator/internal/controller/server_controller.go:354.30,357.60 3 1
github.com/bartvanbenthem/stackit-compute-operator/internal/controller/server_controller.go:357.60,359.5 1 0
github.com/bartvanbenthem/stackit-compute-operator/internal/controller/server_controller.go:360.4,360.29 1 1
github.com/bartvanbenthem/stackit-compute-operator/internal/controller/server_controller.go:362.3,362.79 1 1
github.com/bartvanbenthem/stackit-compute-operator/internal/controller/server_controller.go:365.2,365.47 1 1
github.com/bartvanbenthem/stackit-compute-operator/internal/controller/server_controller.go:365.47,366.125 1 1
github.com/bartvanbenthem/stackit-compute-operator/internal/controller/server_controller.go:366.125,368.4 1 1
github.com/bartvanbenthem/stackit-compute-operator/internal/controller/server_controller.go:369.3,369.65 1 1
github.com/bartvanbenthem/stackit-compute-operator/internal/controller/server_controller.go:372.2,372.53 1 1
github.com/bartvanbenthem/stackit-compute-operator/internal/controller/server_controller.go:375.100,382.35 6 1
github.com/bartvanbenthem/stackit-compute-operator/internal/controller/server_controller.go:382.35,389.3 1 1
github.com/bartvanbenthem/stackit-compute-operator/internal/controller/server_controller.go:390.2,390.27 1 1
github.com/bartvanbenthem/stackit-compute-operator/internal/controller/server_controller.go:393.133,401.2 1 1
github.com/bartvanbenthem/stackit-compute-operator/internal/controller/server_controller.go:405.56,406.28 1 1
github.com/bartvanbenthem/stackit-compute-operator/internal/controller/server_controller.go:406.28,408.3 1 1
github.com/bartvanbenthem/stackit-compute-operator/internal/controller/server_controller.go:409.2,409.20 1 1
github.com/bartvanbenthem/stackit-compute-operator/internal/controller/server_controller.go:412.36,413.14 1 1
github.com/bartvanbenthem/stackit-compute-operator/internal/controller/server_controller.go:413.14,415.3 1 1
github.com/bartvanbenthem/stackit-compute-operator/internal/controller/server_controller.go:416.2,416.11 1 1
github.com/bartvanbenthem/stackit-compute-operator/internal/controller/server_controller.go:422.82,423.28 1 1
github.com/bartvanbenthem/stackit-compute-operator/internal/controller/server_controller.go:423.28,425.10 2 1
github.com/bartvanbenthem/stackit-compute-operator/internal/controller/server_controller.go:425.10,427.4 1 1
github.com/bartvanbenthem/stackit-compute-operator/internal/controller/server_controller.go:428.3,428.33 1 1
github.com/bartvanbenthem/stackit-compute-operator/internal/controller/server_controller.go:428.33,430.4 1 1
github.com/bartvanbenthem/stackit-compute-operator/internal/controller/server_controller.go:432.2,432.13 1 1
github.com/bartvanbenthem/stackit-compute-operator/internal/controller/server_controller.go:436.69,441.2 1 0
github.com/bartvanbenthem/stackit-compute-operator/internal/controller/volume_controller.go:49.98,51.63 2 1
github.com/bartvanbenthem/stackit-compute-operator/internal/controller/volume_controller.go:51.63,53.3 1 0
github.com/bartvanbenthem/stackit-compute-operator/internal/controller/volume_controller.go:55.2,55.40 1 1
github.com/bartvanbenthem/stackit-compute-operator/internal/controller/volume_controller.go:55.40,57.3 1 1
github.com/bartvanbenthem/stackit-compute-operator/internal/controller/volume_controller.go:59.2,61.14 2 1
github.com/bartvanbenthem/stackit-compute-operator/internal/controller/volume_controller.go:61.14,63.17 2 1
github.com/bartvanbenthem/stackit-compute-operator/internal/controller/volume_controller.go:63.17,65.4 1 0
github.com/bartvanbenthem/stackit-compute-operator/internal/controller/volume_controller.go:66.3,66.12 1 1
github.com/bartvanbenthem/stackit-compute-operator/internal/controller/volume_controller.go:66.12,68.4 1 1
github.com/bartvanbenthem/stackit-compute-operator/internal/controller/volume_controller.go:71.2,71.34 1 1
github.com/bartvanbenthem/stackit-compute-operator/internal/controller/volume_controller.go:71.34,73.3 1 1
github.com/bartvanbenthem/stackit-compute-operator/internal/controller/volume_controller.go:75.2,75.50 1 1
github.com/bartvanbenthem/stackit-compute-operator/internal/controller/volume_controller.go:78.132,82.13 3 1
github.com/bartvanbenthem/stackit-compute-operator/internal/controller/volume_controller.go:82.13,85.17 3 1
github.com/bartvanbenthem/stackit-compute-operator/internal/controller/volume_controller.go:85.17,86.31 1 1
github.com/bartvanbenthem/stackit-compute-operator/internal/controller/volume_controller.go:86.31,88.70 2 1
github.com/bartvanbenthem/stackit-compute-operator/internal/controller/volume_controller.go:88.70,90.6 1 0
github.com/bartvanbenthem/stackit-compute-operator/internal/controller/volume_controller.go:91.5,91.57 1 1
github.com/bartvanbenthem/stackit-compute-operator/internal/controller/volume_controller.go:93.4,93.73 1 0
github.com/bartvanbenthem/stackit-compute-operator/internal/controller/volume_controller.go:95.3,97.56 3 1
github.com/bartvanbenthem/stackit-compute-operator/internal/controller/volume_controller.go:97.56,99.4 1 0
github.com/bartvanbenthem/stackit-compute-operator/internal/controller/volume_controller.go:100.3,101.41 2 1
github.com/bartvanbenthem/stackit-compute-operator/internal/controller/volume_controller.go:104.2,108.16 4 1
github.com/bartvanbenthem/stackit-compute-operator/internal/controller/volume_controller.go:108.16,110.68 2 0
github.com/bartvanbenthem/stackit-compute-operator/internal/controller/volume_controller.go:110.68,112.4 1 0
github.com/bartvanbenthem/stackit-compute-operator/internal/controller/volume_controller.go:113.3,113.63 1 0
github.com/bartvanbenthem/stackit-compute-operator/internal/controller/volume_controller.go:115.2,115.23 1 1
github.com/bartvanbenthem/stackit-compute-operator/internal/controller/volume_controller.go:115.23,117.3 1 0
github.com/bartvanbenthem/stackit-compute-operator/internal/controller/volume_controller.go:119.2,122.55 4 1
github.com/bartvanbenthem/stackit-compute-operator/internal/controller/volume_controller.go:122.55,124.3 1 0
github.com/bartvanbenthem/stackit-compute-operator/internal/controller/volume_controller.go:126.2,127.53 2 1
github.com/bartvanbenthem/stackit-compute-operator/internal/controller/volume_controller.go:130.134,135.16 4 1
github.com/bartvanbenthem/stackit-compute-operator/internal/controller/volume_controller.go:135.16,136.30 1 0
github.com/bartvanbenthem/stackit-compute-operator/internal/controller/volume_controller.go:136.30,137.15 1 0
github.com/bartvanbenthem/stackit-compute-operator/internal/controller/volume_controller.go:137.15,140.70 3 0
github.com/bartvanbenthem/stackit-compute-operator/internal/controller/volume_controller.go:140.70,142.6 1 0
github.com/bartvanbenthem/stackit-compute-operator/internal/controller/volume_controller.go:143.5,143.57 1 0
github.com/bartvanbenthem/stackit-compute-operator/internal/controller/volume_controller.go:145.4,148.69 4 0
github.com/bartvanbenthem/stackit-compute-operator/internal/controller/volume_controller.go:148.69,150.5 1 0
github.com/bartvanbenthem/stackit-compute-operator/internal/controller/volume_controller.go:151.4,151.42 1 0
github.com/bartvanbenthem/stackit-compute-operator/internal/controller/volume_controller.go:153.3,153.63 1 0
github.com/bartvanbenthem/stackit-compute-operator/internal/controller/volume_controller.go:156.2,159.9 3 1
github.com/bartvanbenthem/stackit-compute-operator/internal/controller/volume_controller.go:160.39,162.56 2 1
github.com/bartvanbenthem/stackit-compute-operator/internal/controller/volume_controller.go:162.56,164.4 1 0
github.com/bartvanbenthem/stackit-compute-operator/internal/controller/volume_controller.go:165.3,165.54 1 1
github.com/bartvanbenthem/stackit-compute-operator/internal/controller/volume_controller.go:167.41,169.56 2 1
github.com/bartvanbenthem/stackit-compute-operator/internal/controller/volume_controller.go:169.56,171.4 1 0
github.com/bartvanbenthem/stackit-compute-operator/internal/controller/volume_controller.go:172.3,172.55 1 1
github.com/bartvanbenthem/stackit-compute-operator/internal/controller/volume_controller.go:175.2,175.14 1 1
github.com/bartvanbenthem/stackit-compute-operator/internal/controller/volume_controller.go:175.14,176.75 1 1
github.com/bartvanbenthem/stackit-compute-operator/internal/controller/volume_controller.go:176.75,178.4 1 0
github.com/bartvanbenthem/stackit-compute-operator/internal/controller/volume_controller.go:178.9,178.23 1 1
github.com/bartvanbenthem/stackit-compute-operator/internal/controller/volume_controller.go:178.23,180.4 1 1
github.com/bartvanbenthem/stackit-compute-operator/internal/controller/volume_controller.go:183.2,184.15 2 1
github.com/bartvanbenthem/stackit-compute-operator/internal/controller/volume_controller.go:185.19,186.57 1 1
github.com/bartvanbenthem/stackit-compute-operator/internal/controller/volume_controller.go:187.18,188.56 1 0
github.com/bartvanbenthem/stackit-compute-operator/internal/controller/volume_controller.go:190.2,191.55 2 1
github.com/bartvanbenthem/stackit-compute-operator/internal/controller/volume_controller.go:191.55,193.3 1 0
github.com/bartvanbenthem/stackit-compute-operator/internal/controller/volume_controller.go:195.2,195.53 1 1
github.com/bartvanbenthem/stackit-compute-operator/internal/controller/volume_controller.go:202.132,206.74 3 1
github.com/bartvanbenthem/stackit-compute-operator/internal/controller/volume_controller.go:206.74,208.115 2 1
github.com/bartvanbenthem/stackit-compute-operator/internal/controller/volume_controller.go:208.115,210.4 1 0
github.com/bartvanbenthem/stackit-compute-operator/internal/controller/volume_controller.go:211.3,211.19 1 1
github.com/bartvanbenthem/stackit-compute-operator/internal/controller/volume_controller.go:214.2,220.68 6 1
github.com/bartvanbenthem/stackit-compute-operator/internal/controller/volume_controller.go:220.68,222.18 2 0
github.com/bartvanbenthem/stackit-compute-operator/internal/controller/volume_controller.go:222.18,224.4 1 0
github.com/bartvanbenthem/stackit-compute-operator/internal/controller/volume_controller.go:225.3,225.18 1 0
github.com/bartvanbenthem/stackit-compute-operator/internal/controller/volume_controller.go:225.18,227.4 1 0
github.com/bartvanbenthem/stackit-compute-operator/internal/controller/volume_controller.go:228.3,229.22 2 0
github.com/bartvanbenthem/stackit-compute-operator/internal/controller/volume_controller.go:229.22,231.4 1 0
github.com/bartvanbenthem/stackit-compute-operator/internal/controller/volume_controller.go:232.3,233.20 2 0
github.com/bartvanbenthem/stackit-compute-operator/internal/controller/volume_controller.go:233.20,235.4 1 0
github.com/bartvanbenthem/stackit-compute-operator/internal/controller/volume_controller.go:236.3,238.109 3 0
github.com/bartvanbenthem/stackit-compute-operator/internal/controller/volume_controller.go:238.109,240.4 1 0
github.com/bartvanbenthem/stackit-compute-operator/internal/controller/volume_controller.go:241.3,241.19 1 0
github.com/bartvanbenthem/stackit-compute-operator/internal/controller/volume_controller.go:244.2,244.19 1 1
github.com/bartvanbenthem/stackit-compute-operator/internal/controller/volume_controller.go:247.118,250.64 2 1
github.com/bartvanbenthem/stackit-compute-operator/internal/controller/volume_controller.go:250.64,252.3 1 1
github.com/bartvanbenthem/stackit-compute-operator/internal/controller/volume_controller.go:254.2,254.34 1 1
github.com/bartvanbenthem/stackit-compute-operator/internal/controller/volume_controller.go:254.34,255.90 1 0
github.com/bartvanbenthem/stackit-compute-operator/internal/controller/volume_controller.go:255.90,257.4 1 0
github.com/bartvanbenthem/stackit-compute-operator/internal/controller/volume_controller.go:258.3,258.28 1 0
github.com/bartvanbenthem/stackit-compute-operator/internal/controller/volume_controller.go:261.2,264.16 3 1
github.com/bartvanbenthem/stackit-compute-operator/internal/controller/volume_controller.go:264.16,265.30 1 0
github.com/bartvanbenthem/stackit-compute-operator/internal/controller/volume_controller.go:265.30,267.91 2 0
github.com/bartvanbenthem/stackit-compute-operator/internal/controller/volume_controller.go:267.91,269.5 1 0
github.com/bartvanbenthem/stackit-compute-operator/internal/controller/volume_controller.go:270.4,270.29 1 0
github.com/bartvanbenthem/stackit-compute-operator/internal/controller/volume_controller.go:272.3,272.79 1 0
github.com/bartvanbenthem/stackit-compute-operator/internal/controller/volume_controller.go:275.2,275.47 1 1
github.com/bartvanbenthem/stackit-compute-operator/internal/controller/volume_controller.go:275.47,276.125 1 1
github.com/bartvanbenthem/stackit-compute-operator/internal/controller/volume_controller.go:276.125,278.4 1 0
github.com/bartvanbenthem/stackit-compute-operator/internal/controller/volume_controller.go:279.3,279.65 1 1
github.com/bartvanbenthem/stackit-compute-operator/internal/controller/volume_controller.go:282.2,282.53 1 1
github.com/bartvanbenthem/stackit-compute-operator/internal/controller/volume_controller.go:285.100,290.2 4 1
github.com/bartvanbenthem/stackit-compute-operator/internal/controller/volume_controller.go:292.133,300.2 1 1
github.com/bartvanbenthem/stackit-compute-operator/internal/controller/volume_controller.go:304.56,305.28 1 1
github.com/bartvanbenthem/stackit-compute-operator/internal/controller/volume_controller.go:305.28,307.3 1 1
github.com/bartvanbenthem/stackit-compute-operator/internal/controller/volume_controller.go:308.2,308.20 1 1
github.com/bartvanbenthem/stackit-compute-operator/internal/controller/volume_controller.go:312.69,317.2 1 0
